[2024-07-21T21:37:48.057+0000] {local_task_job_runner.py:120} INFO - ::group::Pre task execution logs
[2024-07-21T21:37:48.072+0000] {taskinstance.py:2076} INFO - Dependencies all met for dep_context=non-requeueable deps ti=<TaskInstance: execute_databricks_workflow.fetch_and_upload_brewery_data manual__2024-07-21T21:37:46.596317+00:00 [queued]>
[2024-07-21T21:37:48.076+0000] {taskinstance.py:2076} INFO - Dependencies all met for dep_context=requeueable deps ti=<TaskInstance: execute_databricks_workflow.fetch_and_upload_brewery_data manual__2024-07-21T21:37:46.596317+00:00 [queued]>
[2024-07-21T21:37:48.077+0000] {taskinstance.py:2306} INFO - Starting attempt 1 of 2
[2024-07-21T21:37:48.088+0000] {taskinstance.py:2330} INFO - Executing <Task(PythonOperator): fetch_and_upload_brewery_data> on 2024-07-21 21:37:46.596317+00:00
[2024-07-21T21:37:48.092+0000] {warnings.py:112} WARNING - /home/***/.local/lib/python3.12/site-packages/***/task/task_runner/standard_task_runner.py:62: DeprecationWarning: This process (pid=288) is multi-threaded, use of fork() may lead to deadlocks in the child.
  pid = os.fork()

[2024-07-21T21:37:48.093+0000] {standard_task_runner.py:64} INFO - Started process 290 to run task
[2024-07-21T21:37:48.093+0000] {standard_task_runner.py:90} INFO - Running: ['***', 'tasks', 'run', 'execute_databricks_workflow', 'fetch_and_upload_brewery_data', 'manual__2024-07-21T21:37:46.596317+00:00', '--job-id', '18', '--raw', '--subdir', 'DAGS_FOLDER/rotina_principal.py', '--cfg-path', '/tmp/tmp88qpdjon']
[2024-07-21T21:37:48.094+0000] {standard_task_runner.py:91} INFO - Job 18: Subtask fetch_and_upload_brewery_data
[2024-07-21T21:37:48.125+0000] {task_command.py:426} INFO - Running <TaskInstance: execute_databricks_workflow.fetch_and_upload_brewery_data manual__2024-07-21T21:37:46.596317+00:00 [running]> on host 383843094d1c
[2024-07-21T21:37:48.177+0000] {taskinstance.py:2648} INFO - Exporting env vars: AIRFLOW_CTX_DAG_OWNER='***' AIRFLOW_CTX_DAG_ID='execute_databricks_workflow' AIRFLOW_CTX_TASK_ID='fetch_and_upload_brewery_data' AIRFLOW_CTX_EXECUTION_DATE='2024-07-21T21:37:46.596317+00:00' AIRFLOW_CTX_TRY_NUMBER='1' AIRFLOW_CTX_DAG_RUN_ID='manual__2024-07-21T21:37:46.596317+00:00'
[2024-07-21T21:37:48.177+0000] {taskinstance.py:430} INFO - ::endgroup::
[2024-07-21T21:37:55.231+0000] {logging_mixin.py:188} INFO - Dados salvos localmente em: C:\Users\Murillo Correa\***_Case_Beers\landing_zone/brewery_data.json
[2024-07-21T21:37:55.234+0000] {_universal.py:510} INFO - Request URL: 'https://datelakemedallionlayer.blob.core.windows.net/row/brewery_data.json'
Request method: 'PUT'
Request headers:
    'Content-Length': '3514404'
    'x-ms-blob-type': 'REDACTED'
    'x-ms-version': 'REDACTED'
    'Content-Type': 'application/octet-stream'
    'Accept': 'application/xml'
    'User-Agent': 'azsdk-python-storage-blob/12.20.0 Python/3.12.4 (Linux-5.15.153.1-microsoft-standard-WSL2-x86_64-with-glibc2.36)'
    'x-ms-date': 'REDACTED'
    'x-ms-client-request-id': '7d7faf80-47a9-11ef-857e-0242ac120004'
    'Authorization': 'REDACTED'
A body is sent with the request
[2024-07-21T21:37:57.410+0000] {_universal.py:549} INFO - Response status: 201
Response headers:
    'Content-Length': '0'
    'Content-MD5': 'REDACTED'
    'Last-Modified': 'Sun, 21 Jul 2024 21:37:57 GMT'
    'ETag': '"0x8DCA9CD62FE116F"'
    'Server': 'Windows-Azure-Blob/1.0 Microsoft-HTTPAPI/2.0'
    'x-ms-request-id': '2c27422f-301e-0052-4db6-db2bea000000'
    'x-ms-client-request-id': '7d7faf80-47a9-11ef-857e-0242ac120004'
    'x-ms-version': 'REDACTED'
    'x-ms-content-crc64': 'REDACTED'
    'x-ms-request-server-encrypted': 'REDACTED'
    'Date': 'Sun, 21 Jul 2024 21:37:57 GMT'
[2024-07-21T21:37:57.411+0000] {logging_mixin.py:188} INFO - Dados da API foram salvos no Blob Storage com sucesso!
[2024-07-21T21:37:57.417+0000] {python.py:237} INFO - Done. Returned value was: None
[2024-07-21T21:37:57.418+0000] {taskinstance.py:441} INFO - ::group::Post task execution logs
[2024-07-21T21:37:57.425+0000] {taskinstance.py:1206} INFO - Marking task as SUCCESS. dag_id=execute_databricks_workflow, task_id=fetch_and_upload_brewery_data, run_id=manual__2024-07-21T21:37:46.596317+00:00, execution_date=20240721T213746, start_date=20240721T213748, end_date=20240721T213757
[2024-07-21T21:37:57.478+0000] {local_task_job_runner.py:243} INFO - Task exited with return code 0
[2024-07-21T21:37:57.490+0000] {taskinstance.py:3503} INFO - 1 downstream tasks scheduled from follow-on schedule check
[2024-07-21T21:37:57.494+0000] {local_task_job_runner.py:222} INFO - ::endgroup::
