[2024-07-19T14:45:04.027+0000] {processor.py:161} INFO - Started process (PID=90) to work on /home/airflow/.local/lib/python3.12/site-packages/airflow/example_dags/example_bash_operator.py
[2024-07-19T14:45:04.027+0000] {processor.py:830} INFO - Processing file /home/airflow/.local/lib/python3.12/site-packages/airflow/example_dags/example_bash_operator.py for tasks to queue
[2024-07-19T14:45:04.029+0000] {logging_mixin.py:188} INFO - [2024-07-19T14:45:04.028+0000] {dagbag.py:545} INFO - Filling up the DagBag from /home/airflow/.local/lib/python3.12/site-packages/airflow/example_dags/example_bash_operator.py
[2024-07-19T14:45:04.038+0000] {processor.py:840} INFO - DAG(s) 'example_bash_operator' retrieved from /home/airflow/.local/lib/python3.12/site-packages/airflow/example_dags/example_bash_operator.py
[2024-07-19T14:45:04.047+0000] {logging_mixin.py:188} INFO - [2024-07-19T14:45:04.046+0000] {dag.py:3089} INFO - Sync 1 DAGs
[2024-07-19T14:45:04.066+0000] {logging_mixin.py:188} INFO - [2024-07-19T14:45:04.066+0000] {dag.py:3947} INFO - Setting next_dagrun for example_bash_operator to 2024-07-18 00:00:00+00:00, run_after=2024-07-19 00:00:00+00:00
[2024-07-19T14:45:04.080+0000] {processor.py:183} INFO - Processing /home/airflow/.local/lib/python3.12/site-packages/airflow/example_dags/example_bash_operator.py took 0.057 seconds
[2024-07-19T14:45:35.407+0000] {processor.py:161} INFO - Started process (PID=148) to work on /home/airflow/.local/lib/python3.12/site-packages/airflow/example_dags/example_bash_operator.py
[2024-07-19T14:45:35.408+0000] {processor.py:830} INFO - Processing file /home/airflow/.local/lib/python3.12/site-packages/airflow/example_dags/example_bash_operator.py for tasks to queue
[2024-07-19T14:45:35.409+0000] {logging_mixin.py:188} INFO - [2024-07-19T14:45:35.409+0000] {dagbag.py:545} INFO - Filling up the DagBag from /home/airflow/.local/lib/python3.12/site-packages/airflow/example_dags/example_bash_operator.py
[2024-07-19T14:45:35.416+0000] {processor.py:840} INFO - DAG(s) 'example_bash_operator' retrieved from /home/airflow/.local/lib/python3.12/site-packages/airflow/example_dags/example_bash_operator.py
[2024-07-19T14:45:35.494+0000] {logging_mixin.py:188} INFO - [2024-07-19T14:45:35.493+0000] {dag.py:3089} INFO - Sync 1 DAGs
[2024-07-19T14:45:35.508+0000] {logging_mixin.py:188} INFO - [2024-07-19T14:45:35.508+0000] {dag.py:3947} INFO - Setting next_dagrun for example_bash_operator to 2024-07-18 00:00:00+00:00, run_after=2024-07-19 00:00:00+00:00
[2024-07-19T14:45:35.521+0000] {processor.py:183} INFO - Processing /home/airflow/.local/lib/python3.12/site-packages/airflow/example_dags/example_bash_operator.py took 0.118 seconds
[2024-07-19T14:46:05.830+0000] {processor.py:161} INFO - Started process (PID=206) to work on /home/airflow/.local/lib/python3.12/site-packages/airflow/example_dags/example_bash_operator.py
[2024-07-19T14:46:05.831+0000] {processor.py:830} INFO - Processing file /home/airflow/.local/lib/python3.12/site-packages/airflow/example_dags/example_bash_operator.py for tasks to queue
[2024-07-19T14:46:05.832+0000] {logging_mixin.py:188} INFO - [2024-07-19T14:46:05.832+0000] {dagbag.py:545} INFO - Filling up the DagBag from /home/airflow/.local/lib/python3.12/site-packages/airflow/example_dags/example_bash_operator.py
[2024-07-19T14:46:05.839+0000] {processor.py:840} INFO - DAG(s) 'example_bash_operator' retrieved from /home/airflow/.local/lib/python3.12/site-packages/airflow/example_dags/example_bash_operator.py
[2024-07-19T14:46:05.861+0000] {logging_mixin.py:188} INFO - [2024-07-19T14:46:05.861+0000] {dag.py:3089} INFO - Sync 1 DAGs
[2024-07-19T14:46:05.878+0000] {logging_mixin.py:188} INFO - [2024-07-19T14:46:05.878+0000] {dag.py:3947} INFO - Setting next_dagrun for example_bash_operator to 2024-07-18 00:00:00+00:00, run_after=2024-07-19 00:00:00+00:00
[2024-07-19T14:46:05.890+0000] {processor.py:183} INFO - Processing /home/airflow/.local/lib/python3.12/site-packages/airflow/example_dags/example_bash_operator.py took 0.064 seconds
[2024-07-19T14:46:35.976+0000] {processor.py:161} INFO - Started process (PID=264) to work on /home/airflow/.local/lib/python3.12/site-packages/airflow/example_dags/example_bash_operator.py
[2024-07-19T14:46:35.977+0000] {processor.py:830} INFO - Processing file /home/airflow/.local/lib/python3.12/site-packages/airflow/example_dags/example_bash_operator.py for tasks to queue
[2024-07-19T14:46:35.978+0000] {logging_mixin.py:188} INFO - [2024-07-19T14:46:35.978+0000] {dagbag.py:545} INFO - Filling up the DagBag from /home/airflow/.local/lib/python3.12/site-packages/airflow/example_dags/example_bash_operator.py
[2024-07-19T14:46:35.985+0000] {processor.py:840} INFO - DAG(s) 'example_bash_operator' retrieved from /home/airflow/.local/lib/python3.12/site-packages/airflow/example_dags/example_bash_operator.py
[2024-07-19T14:46:36.005+0000] {logging_mixin.py:188} INFO - [2024-07-19T14:46:36.005+0000] {dag.py:3089} INFO - Sync 1 DAGs
[2024-07-19T14:46:36.021+0000] {logging_mixin.py:188} INFO - [2024-07-19T14:46:36.021+0000] {dag.py:3947} INFO - Setting next_dagrun for example_bash_operator to 2024-07-18 00:00:00+00:00, run_after=2024-07-19 00:00:00+00:00
[2024-07-19T14:46:36.033+0000] {processor.py:183} INFO - Processing /home/airflow/.local/lib/python3.12/site-packages/airflow/example_dags/example_bash_operator.py took 0.061 seconds
[2024-07-19T14:47:06.181+0000] {processor.py:161} INFO - Started process (PID=322) to work on /home/airflow/.local/lib/python3.12/site-packages/airflow/example_dags/example_bash_operator.py
[2024-07-19T14:47:06.182+0000] {processor.py:830} INFO - Processing file /home/airflow/.local/lib/python3.12/site-packages/airflow/example_dags/example_bash_operator.py for tasks to queue
[2024-07-19T14:47:06.183+0000] {logging_mixin.py:188} INFO - [2024-07-19T14:47:06.183+0000] {dagbag.py:545} INFO - Filling up the DagBag from /home/airflow/.local/lib/python3.12/site-packages/airflow/example_dags/example_bash_operator.py
[2024-07-19T14:47:06.190+0000] {processor.py:840} INFO - DAG(s) 'example_bash_operator' retrieved from /home/airflow/.local/lib/python3.12/site-packages/airflow/example_dags/example_bash_operator.py
[2024-07-19T14:47:06.208+0000] {logging_mixin.py:188} INFO - [2024-07-19T14:47:06.208+0000] {dag.py:3089} INFO - Sync 1 DAGs
[2024-07-19T14:47:06.224+0000] {logging_mixin.py:188} INFO - [2024-07-19T14:47:06.224+0000] {dag.py:3947} INFO - Setting next_dagrun for example_bash_operator to 2024-07-18 00:00:00+00:00, run_after=2024-07-19 00:00:00+00:00
[2024-07-19T14:47:06.238+0000] {processor.py:183} INFO - Processing /home/airflow/.local/lib/python3.12/site-packages/airflow/example_dags/example_bash_operator.py took 0.060 seconds
[2024-07-19T14:47:36.401+0000] {processor.py:161} INFO - Started process (PID=380) to work on /home/airflow/.local/lib/python3.12/site-packages/airflow/example_dags/example_bash_operator.py
[2024-07-19T14:47:36.401+0000] {processor.py:830} INFO - Processing file /home/airflow/.local/lib/python3.12/site-packages/airflow/example_dags/example_bash_operator.py for tasks to queue
[2024-07-19T14:47:36.402+0000] {logging_mixin.py:188} INFO - [2024-07-19T14:47:36.402+0000] {dagbag.py:545} INFO - Filling up the DagBag from /home/airflow/.local/lib/python3.12/site-packages/airflow/example_dags/example_bash_operator.py
[2024-07-19T14:47:36.410+0000] {processor.py:840} INFO - DAG(s) 'example_bash_operator' retrieved from /home/airflow/.local/lib/python3.12/site-packages/airflow/example_dags/example_bash_operator.py
[2024-07-19T14:47:36.428+0000] {logging_mixin.py:188} INFO - [2024-07-19T14:47:36.428+0000] {dag.py:3089} INFO - Sync 1 DAGs
[2024-07-19T14:47:36.444+0000] {logging_mixin.py:188} INFO - [2024-07-19T14:47:36.444+0000] {dag.py:3947} INFO - Setting next_dagrun for example_bash_operator to 2024-07-18 00:00:00+00:00, run_after=2024-07-19 00:00:00+00:00
[2024-07-19T14:47:36.457+0000] {processor.py:183} INFO - Processing /home/airflow/.local/lib/python3.12/site-packages/airflow/example_dags/example_bash_operator.py took 0.060 seconds
[2024-07-19T14:48:06.614+0000] {processor.py:161} INFO - Started process (PID=438) to work on /home/airflow/.local/lib/python3.12/site-packages/airflow/example_dags/example_bash_operator.py
[2024-07-19T14:48:06.615+0000] {processor.py:830} INFO - Processing file /home/airflow/.local/lib/python3.12/site-packages/airflow/example_dags/example_bash_operator.py for tasks to queue
[2024-07-19T14:48:06.616+0000] {logging_mixin.py:188} INFO - [2024-07-19T14:48:06.616+0000] {dagbag.py:545} INFO - Filling up the DagBag from /home/airflow/.local/lib/python3.12/site-packages/airflow/example_dags/example_bash_operator.py
[2024-07-19T14:48:06.623+0000] {processor.py:840} INFO - DAG(s) 'example_bash_operator' retrieved from /home/airflow/.local/lib/python3.12/site-packages/airflow/example_dags/example_bash_operator.py
[2024-07-19T14:48:06.641+0000] {logging_mixin.py:188} INFO - [2024-07-19T14:48:06.641+0000] {dag.py:3089} INFO - Sync 1 DAGs
[2024-07-19T14:48:06.657+0000] {logging_mixin.py:188} INFO - [2024-07-19T14:48:06.657+0000] {dag.py:3947} INFO - Setting next_dagrun for example_bash_operator to 2024-07-18 00:00:00+00:00, run_after=2024-07-19 00:00:00+00:00
[2024-07-19T14:48:06.669+0000] {processor.py:183} INFO - Processing /home/airflow/.local/lib/python3.12/site-packages/airflow/example_dags/example_bash_operator.py took 0.058 seconds
[2024-07-19T14:48:36.751+0000] {processor.py:161} INFO - Started process (PID=496) to work on /home/airflow/.local/lib/python3.12/site-packages/airflow/example_dags/example_bash_operator.py
[2024-07-19T14:48:36.751+0000] {processor.py:830} INFO - Processing file /home/airflow/.local/lib/python3.12/site-packages/airflow/example_dags/example_bash_operator.py for tasks to queue
[2024-07-19T14:48:36.753+0000] {logging_mixin.py:188} INFO - [2024-07-19T14:48:36.752+0000] {dagbag.py:545} INFO - Filling up the DagBag from /home/airflow/.local/lib/python3.12/site-packages/airflow/example_dags/example_bash_operator.py
[2024-07-19T14:48:36.760+0000] {processor.py:840} INFO - DAG(s) 'example_bash_operator' retrieved from /home/airflow/.local/lib/python3.12/site-packages/airflow/example_dags/example_bash_operator.py
[2024-07-19T14:48:36.779+0000] {logging_mixin.py:188} INFO - [2024-07-19T14:48:36.779+0000] {dag.py:3089} INFO - Sync 1 DAGs
[2024-07-19T14:48:36.794+0000] {logging_mixin.py:188} INFO - [2024-07-19T14:48:36.794+0000] {dag.py:3947} INFO - Setting next_dagrun for example_bash_operator to 2024-07-18 00:00:00+00:00, run_after=2024-07-19 00:00:00+00:00
[2024-07-19T14:48:36.807+0000] {processor.py:183} INFO - Processing /home/airflow/.local/lib/python3.12/site-packages/airflow/example_dags/example_bash_operator.py took 0.060 seconds
[2024-07-19T14:49:06.876+0000] {processor.py:161} INFO - Started process (PID=554) to work on /home/airflow/.local/lib/python3.12/site-packages/airflow/example_dags/example_bash_operator.py
[2024-07-19T14:49:06.876+0000] {processor.py:830} INFO - Processing file /home/airflow/.local/lib/python3.12/site-packages/airflow/example_dags/example_bash_operator.py for tasks to queue
[2024-07-19T14:49:06.877+0000] {logging_mixin.py:188} INFO - [2024-07-19T14:49:06.877+0000] {dagbag.py:545} INFO - Filling up the DagBag from /home/airflow/.local/lib/python3.12/site-packages/airflow/example_dags/example_bash_operator.py
[2024-07-19T14:49:06.884+0000] {processor.py:840} INFO - DAG(s) 'example_bash_operator' retrieved from /home/airflow/.local/lib/python3.12/site-packages/airflow/example_dags/example_bash_operator.py
[2024-07-19T14:49:06.903+0000] {logging_mixin.py:188} INFO - [2024-07-19T14:49:06.903+0000] {dag.py:3089} INFO - Sync 1 DAGs
[2024-07-19T14:49:06.918+0000] {logging_mixin.py:188} INFO - [2024-07-19T14:49:06.918+0000] {dag.py:3947} INFO - Setting next_dagrun for example_bash_operator to 2024-07-18 00:00:00+00:00, run_after=2024-07-19 00:00:00+00:00
[2024-07-19T14:49:06.931+0000] {processor.py:183} INFO - Processing /home/airflow/.local/lib/python3.12/site-packages/airflow/example_dags/example_bash_operator.py took 0.059 seconds
