[2024-07-19T14:45:03.067+0000] {processor.py:161} INFO - Started process (PID=69) to work on /home/airflow/.local/lib/python3.12/site-packages/airflow/example_dags/example_python_operator.py
[2024-07-19T14:45:03.068+0000] {processor.py:830} INFO - Processing file /home/airflow/.local/lib/python3.12/site-packages/airflow/example_dags/example_python_operator.py for tasks to queue
[2024-07-19T14:45:03.069+0000] {logging_mixin.py:188} INFO - [2024-07-19T14:45:03.069+0000] {dagbag.py:545} INFO - Filling up the DagBag from /home/airflow/.local/lib/python3.12/site-packages/airflow/example_dags/example_python_operator.py
[2024-07-19T14:45:03.079+0000] {processor.py:840} INFO - DAG(s) 'example_python_operator' retrieved from /home/airflow/.local/lib/python3.12/site-packages/airflow/example_dags/example_python_operator.py
[2024-07-19T14:45:03.087+0000] {logging_mixin.py:188} INFO - [2024-07-19T14:45:03.087+0000] {dag.py:3089} INFO - Sync 1 DAGs
[2024-07-19T14:45:03.097+0000] {logging_mixin.py:188} INFO - [2024-07-19T14:45:03.097+0000] {dag.py:3947} INFO - Setting next_dagrun for example_python_operator to None, run_after=None
[2024-07-19T14:45:03.110+0000] {processor.py:183} INFO - Processing /home/airflow/.local/lib/python3.12/site-packages/airflow/example_dags/example_python_operator.py took 0.046 seconds
[2024-07-19T14:45:33.987+0000] {processor.py:161} INFO - Started process (PID=127) to work on /home/airflow/.local/lib/python3.12/site-packages/airflow/example_dags/example_python_operator.py
[2024-07-19T14:45:33.988+0000] {processor.py:830} INFO - Processing file /home/airflow/.local/lib/python3.12/site-packages/airflow/example_dags/example_python_operator.py for tasks to queue
[2024-07-19T14:45:33.989+0000] {logging_mixin.py:188} INFO - [2024-07-19T14:45:33.989+0000] {dagbag.py:545} INFO - Filling up the DagBag from /home/airflow/.local/lib/python3.12/site-packages/airflow/example_dags/example_python_operator.py
[2024-07-19T14:45:33.996+0000] {processor.py:840} INFO - DAG(s) 'example_python_operator' retrieved from /home/airflow/.local/lib/python3.12/site-packages/airflow/example_dags/example_python_operator.py
[2024-07-19T14:45:34.081+0000] {logging_mixin.py:188} INFO - [2024-07-19T14:45:34.081+0000] {dag.py:3089} INFO - Sync 1 DAGs
[2024-07-19T14:45:34.088+0000] {logging_mixin.py:188} INFO - [2024-07-19T14:45:34.088+0000] {dag.py:3947} INFO - Setting next_dagrun for example_python_operator to None, run_after=None
[2024-07-19T14:45:34.107+0000] {processor.py:183} INFO - Processing /home/airflow/.local/lib/python3.12/site-packages/airflow/example_dags/example_python_operator.py took 0.124 seconds
[2024-07-19T14:46:04.908+0000] {processor.py:161} INFO - Started process (PID=185) to work on /home/airflow/.local/lib/python3.12/site-packages/airflow/example_dags/example_python_operator.py
[2024-07-19T14:46:04.908+0000] {processor.py:830} INFO - Processing file /home/airflow/.local/lib/python3.12/site-packages/airflow/example_dags/example_python_operator.py for tasks to queue
[2024-07-19T14:46:04.910+0000] {logging_mixin.py:188} INFO - [2024-07-19T14:46:04.909+0000] {dagbag.py:545} INFO - Filling up the DagBag from /home/airflow/.local/lib/python3.12/site-packages/airflow/example_dags/example_python_operator.py
[2024-07-19T14:46:04.916+0000] {processor.py:840} INFO - DAG(s) 'example_python_operator' retrieved from /home/airflow/.local/lib/python3.12/site-packages/airflow/example_dags/example_python_operator.py
[2024-07-19T14:46:04.931+0000] {logging_mixin.py:188} INFO - [2024-07-19T14:46:04.931+0000] {dag.py:3089} INFO - Sync 1 DAGs
[2024-07-19T14:46:04.939+0000] {logging_mixin.py:188} INFO - [2024-07-19T14:46:04.939+0000] {dag.py:3947} INFO - Setting next_dagrun for example_python_operator to None, run_after=None
[2024-07-19T14:46:04.952+0000] {processor.py:183} INFO - Processing /home/airflow/.local/lib/python3.12/site-packages/airflow/example_dags/example_python_operator.py took 0.048 seconds
[2024-07-19T14:46:35.070+0000] {processor.py:161} INFO - Started process (PID=243) to work on /home/airflow/.local/lib/python3.12/site-packages/airflow/example_dags/example_python_operator.py
[2024-07-19T14:46:35.071+0000] {processor.py:830} INFO - Processing file /home/airflow/.local/lib/python3.12/site-packages/airflow/example_dags/example_python_operator.py for tasks to queue
[2024-07-19T14:46:35.072+0000] {logging_mixin.py:188} INFO - [2024-07-19T14:46:35.072+0000] {dagbag.py:545} INFO - Filling up the DagBag from /home/airflow/.local/lib/python3.12/site-packages/airflow/example_dags/example_python_operator.py
[2024-07-19T14:46:35.079+0000] {processor.py:840} INFO - DAG(s) 'example_python_operator' retrieved from /home/airflow/.local/lib/python3.12/site-packages/airflow/example_dags/example_python_operator.py
[2024-07-19T14:46:35.093+0000] {logging_mixin.py:188} INFO - [2024-07-19T14:46:35.093+0000] {dag.py:3089} INFO - Sync 1 DAGs
[2024-07-19T14:46:35.101+0000] {logging_mixin.py:188} INFO - [2024-07-19T14:46:35.101+0000] {dag.py:3947} INFO - Setting next_dagrun for example_python_operator to None, run_after=None
[2024-07-19T14:46:35.113+0000] {processor.py:183} INFO - Processing /home/airflow/.local/lib/python3.12/site-packages/airflow/example_dags/example_python_operator.py took 0.046 seconds
[2024-07-19T14:47:05.261+0000] {processor.py:161} INFO - Started process (PID=301) to work on /home/airflow/.local/lib/python3.12/site-packages/airflow/example_dags/example_python_operator.py
[2024-07-19T14:47:05.261+0000] {processor.py:830} INFO - Processing file /home/airflow/.local/lib/python3.12/site-packages/airflow/example_dags/example_python_operator.py for tasks to queue
[2024-07-19T14:47:05.263+0000] {logging_mixin.py:188} INFO - [2024-07-19T14:47:05.262+0000] {dagbag.py:545} INFO - Filling up the DagBag from /home/airflow/.local/lib/python3.12/site-packages/airflow/example_dags/example_python_operator.py
[2024-07-19T14:47:05.269+0000] {processor.py:840} INFO - DAG(s) 'example_python_operator' retrieved from /home/airflow/.local/lib/python3.12/site-packages/airflow/example_dags/example_python_operator.py
[2024-07-19T14:47:05.284+0000] {logging_mixin.py:188} INFO - [2024-07-19T14:47:05.284+0000] {dag.py:3089} INFO - Sync 1 DAGs
[2024-07-19T14:47:05.292+0000] {logging_mixin.py:188} INFO - [2024-07-19T14:47:05.292+0000] {dag.py:3947} INFO - Setting next_dagrun for example_python_operator to None, run_after=None
[2024-07-19T14:47:05.305+0000] {processor.py:183} INFO - Processing /home/airflow/.local/lib/python3.12/site-packages/airflow/example_dags/example_python_operator.py took 0.048 seconds
[2024-07-19T14:47:35.486+0000] {processor.py:161} INFO - Started process (PID=359) to work on /home/airflow/.local/lib/python3.12/site-packages/airflow/example_dags/example_python_operator.py
[2024-07-19T14:47:35.487+0000] {processor.py:830} INFO - Processing file /home/airflow/.local/lib/python3.12/site-packages/airflow/example_dags/example_python_operator.py for tasks to queue
[2024-07-19T14:47:35.488+0000] {logging_mixin.py:188} INFO - [2024-07-19T14:47:35.488+0000] {dagbag.py:545} INFO - Filling up the DagBag from /home/airflow/.local/lib/python3.12/site-packages/airflow/example_dags/example_python_operator.py
[2024-07-19T14:47:35.495+0000] {processor.py:840} INFO - DAG(s) 'example_python_operator' retrieved from /home/airflow/.local/lib/python3.12/site-packages/airflow/example_dags/example_python_operator.py
[2024-07-19T14:47:35.511+0000] {logging_mixin.py:188} INFO - [2024-07-19T14:47:35.510+0000] {dag.py:3089} INFO - Sync 1 DAGs
[2024-07-19T14:47:35.519+0000] {logging_mixin.py:188} INFO - [2024-07-19T14:47:35.519+0000] {dag.py:3947} INFO - Setting next_dagrun for example_python_operator to None, run_after=None
[2024-07-19T14:47:35.534+0000] {processor.py:183} INFO - Processing /home/airflow/.local/lib/python3.12/site-packages/airflow/example_dags/example_python_operator.py took 0.051 seconds
[2024-07-19T14:48:05.594+0000] {processor.py:161} INFO - Started process (PID=417) to work on /home/airflow/.local/lib/python3.12/site-packages/airflow/example_dags/example_python_operator.py
[2024-07-19T14:48:05.595+0000] {processor.py:830} INFO - Processing file /home/airflow/.local/lib/python3.12/site-packages/airflow/example_dags/example_python_operator.py for tasks to queue
[2024-07-19T14:48:05.596+0000] {logging_mixin.py:188} INFO - [2024-07-19T14:48:05.596+0000] {dagbag.py:545} INFO - Filling up the DagBag from /home/airflow/.local/lib/python3.12/site-packages/airflow/example_dags/example_python_operator.py
[2024-07-19T14:48:05.602+0000] {processor.py:840} INFO - DAG(s) 'example_python_operator' retrieved from /home/airflow/.local/lib/python3.12/site-packages/airflow/example_dags/example_python_operator.py
[2024-07-19T14:48:05.618+0000] {logging_mixin.py:188} INFO - [2024-07-19T14:48:05.617+0000] {dag.py:3089} INFO - Sync 1 DAGs
[2024-07-19T14:48:05.627+0000] {logging_mixin.py:188} INFO - [2024-07-19T14:48:05.626+0000] {dag.py:3947} INFO - Setting next_dagrun for example_python_operator to None, run_after=None
[2024-07-19T14:48:05.639+0000] {processor.py:183} INFO - Processing /home/airflow/.local/lib/python3.12/site-packages/airflow/example_dags/example_python_operator.py took 0.049 seconds
[2024-07-19T14:48:35.828+0000] {processor.py:161} INFO - Started process (PID=475) to work on /home/airflow/.local/lib/python3.12/site-packages/airflow/example_dags/example_python_operator.py
[2024-07-19T14:48:35.828+0000] {processor.py:830} INFO - Processing file /home/airflow/.local/lib/python3.12/site-packages/airflow/example_dags/example_python_operator.py for tasks to queue
[2024-07-19T14:48:35.829+0000] {logging_mixin.py:188} INFO - [2024-07-19T14:48:35.829+0000] {dagbag.py:545} INFO - Filling up the DagBag from /home/airflow/.local/lib/python3.12/site-packages/airflow/example_dags/example_python_operator.py
[2024-07-19T14:48:35.836+0000] {processor.py:840} INFO - DAG(s) 'example_python_operator' retrieved from /home/airflow/.local/lib/python3.12/site-packages/airflow/example_dags/example_python_operator.py
[2024-07-19T14:48:35.850+0000] {logging_mixin.py:188} INFO - [2024-07-19T14:48:35.850+0000] {dag.py:3089} INFO - Sync 1 DAGs
[2024-07-19T14:48:35.859+0000] {logging_mixin.py:188} INFO - [2024-07-19T14:48:35.858+0000] {dag.py:3947} INFO - Setting next_dagrun for example_python_operator to None, run_after=None
[2024-07-19T14:48:35.871+0000] {processor.py:183} INFO - Processing /home/airflow/.local/lib/python3.12/site-packages/airflow/example_dags/example_python_operator.py took 0.047 seconds
[2024-07-19T14:49:05.940+0000] {processor.py:161} INFO - Started process (PID=533) to work on /home/airflow/.local/lib/python3.12/site-packages/airflow/example_dags/example_python_operator.py
[2024-07-19T14:49:05.940+0000] {processor.py:830} INFO - Processing file /home/airflow/.local/lib/python3.12/site-packages/airflow/example_dags/example_python_operator.py for tasks to queue
[2024-07-19T14:49:05.941+0000] {logging_mixin.py:188} INFO - [2024-07-19T14:49:05.941+0000] {dagbag.py:545} INFO - Filling up the DagBag from /home/airflow/.local/lib/python3.12/site-packages/airflow/example_dags/example_python_operator.py
[2024-07-19T14:49:05.948+0000] {processor.py:840} INFO - DAG(s) 'example_python_operator' retrieved from /home/airflow/.local/lib/python3.12/site-packages/airflow/example_dags/example_python_operator.py
[2024-07-19T14:49:05.963+0000] {logging_mixin.py:188} INFO - [2024-07-19T14:49:05.962+0000] {dag.py:3089} INFO - Sync 1 DAGs
[2024-07-19T14:49:05.971+0000] {logging_mixin.py:188} INFO - [2024-07-19T14:49:05.971+0000] {dag.py:3947} INFO - Setting next_dagrun for example_python_operator to None, run_after=None
[2024-07-19T14:49:05.983+0000] {processor.py:183} INFO - Processing /home/airflow/.local/lib/python3.12/site-packages/airflow/example_dags/example_python_operator.py took 0.047 seconds
[2024-07-19T16:43:38.430+0000] {processor.py:161} INFO - Started process (PID=62) to work on /home/airflow/.local/lib/python3.12/site-packages/airflow/example_dags/example_python_operator.py
[2024-07-19T16:43:38.431+0000] {processor.py:830} INFO - Processing file /home/airflow/.local/lib/python3.12/site-packages/airflow/example_dags/example_python_operator.py for tasks to queue
[2024-07-19T16:43:38.432+0000] {logging_mixin.py:188} INFO - [2024-07-19T16:43:38.432+0000] {dagbag.py:545} INFO - Filling up the DagBag from /home/airflow/.local/lib/python3.12/site-packages/airflow/example_dags/example_python_operator.py
[2024-07-19T16:43:38.443+0000] {processor.py:840} INFO - DAG(s) 'example_python_operator' retrieved from /home/airflow/.local/lib/python3.12/site-packages/airflow/example_dags/example_python_operator.py
[2024-07-19T16:43:38.451+0000] {logging_mixin.py:188} INFO - [2024-07-19T16:43:38.451+0000] {dag.py:3089} INFO - Sync 1 DAGs
[2024-07-19T16:43:38.461+0000] {logging_mixin.py:188} INFO - [2024-07-19T16:43:38.461+0000] {dag.py:3947} INFO - Setting next_dagrun for example_python_operator to None, run_after=None
[2024-07-19T16:43:38.473+0000] {processor.py:183} INFO - Processing /home/airflow/.local/lib/python3.12/site-packages/airflow/example_dags/example_python_operator.py took 0.047 seconds
[2024-07-19T16:44:09.180+0000] {processor.py:161} INFO - Started process (PID=126) to work on /home/airflow/.local/lib/python3.12/site-packages/airflow/example_dags/example_python_operator.py
[2024-07-19T16:44:09.181+0000] {processor.py:830} INFO - Processing file /home/airflow/.local/lib/python3.12/site-packages/airflow/example_dags/example_python_operator.py for tasks to queue
[2024-07-19T16:44:09.182+0000] {logging_mixin.py:188} INFO - [2024-07-19T16:44:09.182+0000] {dagbag.py:545} INFO - Filling up the DagBag from /home/airflow/.local/lib/python3.12/site-packages/airflow/example_dags/example_python_operator.py
[2024-07-19T16:44:09.189+0000] {processor.py:840} INFO - DAG(s) 'example_python_operator' retrieved from /home/airflow/.local/lib/python3.12/site-packages/airflow/example_dags/example_python_operator.py
[2024-07-19T16:44:09.276+0000] {logging_mixin.py:188} INFO - [2024-07-19T16:44:09.276+0000] {dag.py:3089} INFO - Sync 1 DAGs
[2024-07-19T16:44:09.284+0000] {logging_mixin.py:188} INFO - [2024-07-19T16:44:09.284+0000] {dag.py:3947} INFO - Setting next_dagrun for example_python_operator to None, run_after=None
[2024-07-19T16:44:09.298+0000] {processor.py:183} INFO - Processing /home/airflow/.local/lib/python3.12/site-packages/airflow/example_dags/example_python_operator.py took 0.121 seconds
[2024-07-19T16:44:39.359+0000] {processor.py:161} INFO - Started process (PID=184) to work on /home/airflow/.local/lib/python3.12/site-packages/airflow/example_dags/example_python_operator.py
[2024-07-19T16:44:39.359+0000] {processor.py:830} INFO - Processing file /home/airflow/.local/lib/python3.12/site-packages/airflow/example_dags/example_python_operator.py for tasks to queue
[2024-07-19T16:44:39.360+0000] {logging_mixin.py:188} INFO - [2024-07-19T16:44:39.360+0000] {dagbag.py:545} INFO - Filling up the DagBag from /home/airflow/.local/lib/python3.12/site-packages/airflow/example_dags/example_python_operator.py
[2024-07-19T16:44:39.367+0000] {processor.py:840} INFO - DAG(s) 'example_python_operator' retrieved from /home/airflow/.local/lib/python3.12/site-packages/airflow/example_dags/example_python_operator.py
[2024-07-19T16:44:39.381+0000] {logging_mixin.py:188} INFO - [2024-07-19T16:44:39.381+0000] {dag.py:3089} INFO - Sync 1 DAGs
[2024-07-19T16:44:39.390+0000] {logging_mixin.py:188} INFO - [2024-07-19T16:44:39.390+0000] {dag.py:3947} INFO - Setting next_dagrun for example_python_operator to None, run_after=None
[2024-07-19T16:44:39.403+0000] {processor.py:183} INFO - Processing /home/airflow/.local/lib/python3.12/site-packages/airflow/example_dags/example_python_operator.py took 0.047 seconds
[2024-07-19T16:45:09.826+0000] {processor.py:161} INFO - Started process (PID=242) to work on /home/airflow/.local/lib/python3.12/site-packages/airflow/example_dags/example_python_operator.py
[2024-07-19T16:45:09.826+0000] {processor.py:830} INFO - Processing file /home/airflow/.local/lib/python3.12/site-packages/airflow/example_dags/example_python_operator.py for tasks to queue
[2024-07-19T16:45:09.828+0000] {logging_mixin.py:188} INFO - [2024-07-19T16:45:09.827+0000] {dagbag.py:545} INFO - Filling up the DagBag from /home/airflow/.local/lib/python3.12/site-packages/airflow/example_dags/example_python_operator.py
[2024-07-19T16:45:09.834+0000] {processor.py:840} INFO - DAG(s) 'example_python_operator' retrieved from /home/airflow/.local/lib/python3.12/site-packages/airflow/example_dags/example_python_operator.py
[2024-07-19T16:45:09.848+0000] {logging_mixin.py:188} INFO - [2024-07-19T16:45:09.848+0000] {dag.py:3089} INFO - Sync 1 DAGs
[2024-07-19T16:45:09.857+0000] {logging_mixin.py:188} INFO - [2024-07-19T16:45:09.857+0000] {dag.py:3947} INFO - Setting next_dagrun for example_python_operator to None, run_after=None
[2024-07-19T16:45:09.870+0000] {processor.py:183} INFO - Processing /home/airflow/.local/lib/python3.12/site-packages/airflow/example_dags/example_python_operator.py took 0.048 seconds
[2024-07-19T16:45:39.957+0000] {processor.py:161} INFO - Started process (PID=300) to work on /home/airflow/.local/lib/python3.12/site-packages/airflow/example_dags/example_python_operator.py
[2024-07-19T16:45:39.958+0000] {processor.py:830} INFO - Processing file /home/airflow/.local/lib/python3.12/site-packages/airflow/example_dags/example_python_operator.py for tasks to queue
[2024-07-19T16:45:39.959+0000] {logging_mixin.py:188} INFO - [2024-07-19T16:45:39.959+0000] {dagbag.py:545} INFO - Filling up the DagBag from /home/airflow/.local/lib/python3.12/site-packages/airflow/example_dags/example_python_operator.py
[2024-07-19T16:45:39.965+0000] {processor.py:840} INFO - DAG(s) 'example_python_operator' retrieved from /home/airflow/.local/lib/python3.12/site-packages/airflow/example_dags/example_python_operator.py
[2024-07-19T16:45:39.980+0000] {logging_mixin.py:188} INFO - [2024-07-19T16:45:39.979+0000] {dag.py:3089} INFO - Sync 1 DAGs
[2024-07-19T16:45:39.988+0000] {logging_mixin.py:188} INFO - [2024-07-19T16:45:39.988+0000] {dag.py:3947} INFO - Setting next_dagrun for example_python_operator to None, run_after=None
[2024-07-19T16:45:39.999+0000] {processor.py:183} INFO - Processing /home/airflow/.local/lib/python3.12/site-packages/airflow/example_dags/example_python_operator.py took 0.046 seconds
[2024-07-19T16:46:10.269+0000] {processor.py:161} INFO - Started process (PID=358) to work on /home/airflow/.local/lib/python3.12/site-packages/airflow/example_dags/example_python_operator.py
[2024-07-19T16:46:10.270+0000] {processor.py:830} INFO - Processing file /home/airflow/.local/lib/python3.12/site-packages/airflow/example_dags/example_python_operator.py for tasks to queue
[2024-07-19T16:46:10.271+0000] {logging_mixin.py:188} INFO - [2024-07-19T16:46:10.271+0000] {dagbag.py:545} INFO - Filling up the DagBag from /home/airflow/.local/lib/python3.12/site-packages/airflow/example_dags/example_python_operator.py
[2024-07-19T16:46:10.278+0000] {processor.py:840} INFO - DAG(s) 'example_python_operator' retrieved from /home/airflow/.local/lib/python3.12/site-packages/airflow/example_dags/example_python_operator.py
[2024-07-19T16:46:10.292+0000] {logging_mixin.py:188} INFO - [2024-07-19T16:46:10.292+0000] {dag.py:3089} INFO - Sync 1 DAGs
[2024-07-19T16:46:10.300+0000] {logging_mixin.py:188} INFO - [2024-07-19T16:46:10.300+0000] {dag.py:3947} INFO - Setting next_dagrun for example_python_operator to None, run_after=None
[2024-07-19T16:46:10.313+0000] {processor.py:183} INFO - Processing /home/airflow/.local/lib/python3.12/site-packages/airflow/example_dags/example_python_operator.py took 0.047 seconds
[2024-07-19T16:46:40.374+0000] {processor.py:161} INFO - Started process (PID=416) to work on /home/airflow/.local/lib/python3.12/site-packages/airflow/example_dags/example_python_operator.py
[2024-07-19T16:46:40.375+0000] {processor.py:830} INFO - Processing file /home/airflow/.local/lib/python3.12/site-packages/airflow/example_dags/example_python_operator.py for tasks to queue
[2024-07-19T16:46:40.377+0000] {logging_mixin.py:188} INFO - [2024-07-19T16:46:40.376+0000] {dagbag.py:545} INFO - Filling up the DagBag from /home/airflow/.local/lib/python3.12/site-packages/airflow/example_dags/example_python_operator.py
[2024-07-19T16:46:40.385+0000] {processor.py:840} INFO - DAG(s) 'example_python_operator' retrieved from /home/airflow/.local/lib/python3.12/site-packages/airflow/example_dags/example_python_operator.py
[2024-07-19T16:46:40.399+0000] {logging_mixin.py:188} INFO - [2024-07-19T16:46:40.399+0000] {dag.py:3089} INFO - Sync 1 DAGs
[2024-07-19T16:46:40.408+0000] {logging_mixin.py:188} INFO - [2024-07-19T16:46:40.408+0000] {dag.py:3947} INFO - Setting next_dagrun for example_python_operator to None, run_after=None
[2024-07-19T16:46:40.420+0000] {processor.py:183} INFO - Processing /home/airflow/.local/lib/python3.12/site-packages/airflow/example_dags/example_python_operator.py took 0.049 seconds
[2024-07-19T16:47:10.476+0000] {processor.py:161} INFO - Started process (PID=474) to work on /home/airflow/.local/lib/python3.12/site-packages/airflow/example_dags/example_python_operator.py
[2024-07-19T16:47:10.476+0000] {processor.py:830} INFO - Processing file /home/airflow/.local/lib/python3.12/site-packages/airflow/example_dags/example_python_operator.py for tasks to queue
[2024-07-19T16:47:10.477+0000] {logging_mixin.py:188} INFO - [2024-07-19T16:47:10.477+0000] {dagbag.py:545} INFO - Filling up the DagBag from /home/airflow/.local/lib/python3.12/site-packages/airflow/example_dags/example_python_operator.py
[2024-07-19T16:47:10.484+0000] {processor.py:840} INFO - DAG(s) 'example_python_operator' retrieved from /home/airflow/.local/lib/python3.12/site-packages/airflow/example_dags/example_python_operator.py
[2024-07-19T16:47:10.497+0000] {logging_mixin.py:188} INFO - [2024-07-19T16:47:10.497+0000] {dag.py:3089} INFO - Sync 1 DAGs
[2024-07-19T16:47:10.505+0000] {logging_mixin.py:188} INFO - [2024-07-19T16:47:10.505+0000] {dag.py:3947} INFO - Setting next_dagrun for example_python_operator to None, run_after=None
[2024-07-19T16:47:10.518+0000] {processor.py:183} INFO - Processing /home/airflow/.local/lib/python3.12/site-packages/airflow/example_dags/example_python_operator.py took 0.046 seconds
[2024-07-19T16:47:40.812+0000] {processor.py:161} INFO - Started process (PID=532) to work on /home/airflow/.local/lib/python3.12/site-packages/airflow/example_dags/example_python_operator.py
[2024-07-19T16:47:40.813+0000] {processor.py:830} INFO - Processing file /home/airflow/.local/lib/python3.12/site-packages/airflow/example_dags/example_python_operator.py for tasks to queue
[2024-07-19T16:47:40.814+0000] {logging_mixin.py:188} INFO - [2024-07-19T16:47:40.814+0000] {dagbag.py:545} INFO - Filling up the DagBag from /home/airflow/.local/lib/python3.12/site-packages/airflow/example_dags/example_python_operator.py
[2024-07-19T16:47:40.820+0000] {processor.py:840} INFO - DAG(s) 'example_python_operator' retrieved from /home/airflow/.local/lib/python3.12/site-packages/airflow/example_dags/example_python_operator.py
[2024-07-19T16:47:40.835+0000] {logging_mixin.py:188} INFO - [2024-07-19T16:47:40.835+0000] {dag.py:3089} INFO - Sync 1 DAGs
[2024-07-19T16:47:40.843+0000] {logging_mixin.py:188} INFO - [2024-07-19T16:47:40.843+0000] {dag.py:3947} INFO - Setting next_dagrun for example_python_operator to None, run_after=None
[2024-07-19T16:47:40.856+0000] {processor.py:183} INFO - Processing /home/airflow/.local/lib/python3.12/site-packages/airflow/example_dags/example_python_operator.py took 0.048 seconds
[2024-07-19T16:48:11.005+0000] {processor.py:161} INFO - Started process (PID=590) to work on /home/airflow/.local/lib/python3.12/site-packages/airflow/example_dags/example_python_operator.py
[2024-07-19T16:48:11.006+0000] {processor.py:830} INFO - Processing file /home/airflow/.local/lib/python3.12/site-packages/airflow/example_dags/example_python_operator.py for tasks to queue
[2024-07-19T16:48:11.007+0000] {logging_mixin.py:188} INFO - [2024-07-19T16:48:11.007+0000] {dagbag.py:545} INFO - Filling up the DagBag from /home/airflow/.local/lib/python3.12/site-packages/airflow/example_dags/example_python_operator.py
[2024-07-19T16:48:11.014+0000] {processor.py:840} INFO - DAG(s) 'example_python_operator' retrieved from /home/airflow/.local/lib/python3.12/site-packages/airflow/example_dags/example_python_operator.py
[2024-07-19T16:48:11.029+0000] {logging_mixin.py:188} INFO - [2024-07-19T16:48:11.028+0000] {dag.py:3089} INFO - Sync 1 DAGs
[2024-07-19T16:48:11.038+0000] {logging_mixin.py:188} INFO - [2024-07-19T16:48:11.038+0000] {dag.py:3947} INFO - Setting next_dagrun for example_python_operator to None, run_after=None
[2024-07-19T16:48:11.058+0000] {processor.py:183} INFO - Processing /home/airflow/.local/lib/python3.12/site-packages/airflow/example_dags/example_python_operator.py took 0.056 seconds
