[2024-07-19T14:45:02.563+0000] {processor.py:161} INFO - Started process (PID=56) to work on /home/airflow/.local/lib/python3.12/site-packages/airflow/example_dags/example_branch_python_dop_operator_3.py
[2024-07-19T14:45:02.564+0000] {processor.py:830} INFO - Processing file /home/airflow/.local/lib/python3.12/site-packages/airflow/example_dags/example_branch_python_dop_operator_3.py for tasks to queue
[2024-07-19T14:45:02.566+0000] {logging_mixin.py:188} INFO - [2024-07-19T14:45:02.565+0000] {dagbag.py:545} INFO - Filling up the DagBag from /home/airflow/.local/lib/python3.12/site-packages/airflow/example_dags/example_branch_python_dop_operator_3.py
[2024-07-19T14:45:02.574+0000] {processor.py:840} INFO - DAG(s) 'example_branch_dop_operator_v3' retrieved from /home/airflow/.local/lib/python3.12/site-packages/airflow/example_dags/example_branch_python_dop_operator_3.py
[2024-07-19T14:45:02.583+0000] {logging_mixin.py:188} INFO - [2024-07-19T14:45:02.583+0000] {dag.py:3089} INFO - Sync 1 DAGs
[2024-07-19T14:45:02.607+0000] {logging_mixin.py:188} INFO - [2024-07-19T14:45:02.607+0000] {dag.py:3947} INFO - Setting next_dagrun for example_branch_dop_operator_v3 to 2024-07-19 14:44:00+00:00, run_after=2024-07-19 14:45:00+00:00
[2024-07-19T14:45:02.622+0000] {processor.py:183} INFO - Processing /home/airflow/.local/lib/python3.12/site-packages/airflow/example_dags/example_branch_python_dop_operator_3.py took 0.063 seconds
[2024-07-19T14:45:32.908+0000] {processor.py:161} INFO - Started process (PID=114) to work on /home/airflow/.local/lib/python3.12/site-packages/airflow/example_dags/example_branch_python_dop_operator_3.py
[2024-07-19T14:45:32.909+0000] {processor.py:830} INFO - Processing file /home/airflow/.local/lib/python3.12/site-packages/airflow/example_dags/example_branch_python_dop_operator_3.py for tasks to queue
[2024-07-19T14:45:32.910+0000] {logging_mixin.py:188} INFO - [2024-07-19T14:45:32.910+0000] {dagbag.py:545} INFO - Filling up the DagBag from /home/airflow/.local/lib/python3.12/site-packages/airflow/example_dags/example_branch_python_dop_operator_3.py
[2024-07-19T14:45:32.916+0000] {processor.py:840} INFO - DAG(s) 'example_branch_dop_operator_v3' retrieved from /home/airflow/.local/lib/python3.12/site-packages/airflow/example_dags/example_branch_python_dop_operator_3.py
[2024-07-19T14:45:32.988+0000] {logging_mixin.py:188} INFO - [2024-07-19T14:45:32.988+0000] {dag.py:3089} INFO - Sync 1 DAGs
[2024-07-19T14:45:33.004+0000] {logging_mixin.py:188} INFO - [2024-07-19T14:45:33.004+0000] {dag.py:3947} INFO - Setting next_dagrun for example_branch_dop_operator_v3 to 2024-07-19 14:44:00+00:00, run_after=2024-07-19 14:45:00+00:00
[2024-07-19T14:45:33.017+0000] {processor.py:183} INFO - Processing /home/airflow/.local/lib/python3.12/site-packages/airflow/example_dags/example_branch_python_dop_operator_3.py took 0.112 seconds
[2024-07-19T14:46:03.325+0000] {processor.py:161} INFO - Started process (PID=172) to work on /home/airflow/.local/lib/python3.12/site-packages/airflow/example_dags/example_branch_python_dop_operator_3.py
[2024-07-19T14:46:03.325+0000] {processor.py:830} INFO - Processing file /home/airflow/.local/lib/python3.12/site-packages/airflow/example_dags/example_branch_python_dop_operator_3.py for tasks to queue
[2024-07-19T14:46:03.327+0000] {logging_mixin.py:188} INFO - [2024-07-19T14:46:03.326+0000] {dagbag.py:545} INFO - Filling up the DagBag from /home/airflow/.local/lib/python3.12/site-packages/airflow/example_dags/example_branch_python_dop_operator_3.py
[2024-07-19T14:46:03.332+0000] {processor.py:840} INFO - DAG(s) 'example_branch_dop_operator_v3' retrieved from /home/airflow/.local/lib/python3.12/site-packages/airflow/example_dags/example_branch_python_dop_operator_3.py
[2024-07-19T14:46:03.344+0000] {logging_mixin.py:188} INFO - [2024-07-19T14:46:03.344+0000] {dag.py:3089} INFO - Sync 1 DAGs
[2024-07-19T14:46:03.361+0000] {logging_mixin.py:188} INFO - [2024-07-19T14:46:03.361+0000] {dag.py:3947} INFO - Setting next_dagrun for example_branch_dop_operator_v3 to 2024-07-19 14:45:00+00:00, run_after=2024-07-19 14:46:00+00:00
[2024-07-19T14:46:03.373+0000] {processor.py:183} INFO - Processing /home/airflow/.local/lib/python3.12/site-packages/airflow/example_dags/example_branch_python_dop_operator_3.py took 0.052 seconds
[2024-07-19T14:46:33.507+0000] {processor.py:161} INFO - Started process (PID=230) to work on /home/airflow/.local/lib/python3.12/site-packages/airflow/example_dags/example_branch_python_dop_operator_3.py
[2024-07-19T14:46:33.508+0000] {processor.py:830} INFO - Processing file /home/airflow/.local/lib/python3.12/site-packages/airflow/example_dags/example_branch_python_dop_operator_3.py for tasks to queue
[2024-07-19T14:46:33.509+0000] {logging_mixin.py:188} INFO - [2024-07-19T14:46:33.509+0000] {dagbag.py:545} INFO - Filling up the DagBag from /home/airflow/.local/lib/python3.12/site-packages/airflow/example_dags/example_branch_python_dop_operator_3.py
[2024-07-19T14:46:33.515+0000] {processor.py:840} INFO - DAG(s) 'example_branch_dop_operator_v3' retrieved from /home/airflow/.local/lib/python3.12/site-packages/airflow/example_dags/example_branch_python_dop_operator_3.py
[2024-07-19T14:46:33.527+0000] {logging_mixin.py:188} INFO - [2024-07-19T14:46:33.527+0000] {dag.py:3089} INFO - Sync 1 DAGs
[2024-07-19T14:46:33.543+0000] {logging_mixin.py:188} INFO - [2024-07-19T14:46:33.543+0000] {dag.py:3947} INFO - Setting next_dagrun for example_branch_dop_operator_v3 to 2024-07-19 14:45:00+00:00, run_after=2024-07-19 14:46:00+00:00
[2024-07-19T14:46:33.555+0000] {processor.py:183} INFO - Processing /home/airflow/.local/lib/python3.12/site-packages/airflow/example_dags/example_branch_python_dop_operator_3.py took 0.051 seconds
[2024-07-19T14:47:03.665+0000] {processor.py:161} INFO - Started process (PID=288) to work on /home/airflow/.local/lib/python3.12/site-packages/airflow/example_dags/example_branch_python_dop_operator_3.py
[2024-07-19T14:47:03.665+0000] {processor.py:830} INFO - Processing file /home/airflow/.local/lib/python3.12/site-packages/airflow/example_dags/example_branch_python_dop_operator_3.py for tasks to queue
[2024-07-19T14:47:03.667+0000] {logging_mixin.py:188} INFO - [2024-07-19T14:47:03.666+0000] {dagbag.py:545} INFO - Filling up the DagBag from /home/airflow/.local/lib/python3.12/site-packages/airflow/example_dags/example_branch_python_dop_operator_3.py
[2024-07-19T14:47:03.672+0000] {processor.py:840} INFO - DAG(s) 'example_branch_dop_operator_v3' retrieved from /home/airflow/.local/lib/python3.12/site-packages/airflow/example_dags/example_branch_python_dop_operator_3.py
[2024-07-19T14:47:03.684+0000] {logging_mixin.py:188} INFO - [2024-07-19T14:47:03.684+0000] {dag.py:3089} INFO - Sync 1 DAGs
[2024-07-19T14:47:03.700+0000] {logging_mixin.py:188} INFO - [2024-07-19T14:47:03.700+0000] {dag.py:3947} INFO - Setting next_dagrun for example_branch_dop_operator_v3 to 2024-07-19 14:46:00+00:00, run_after=2024-07-19 14:47:00+00:00
[2024-07-19T14:47:03.718+0000] {processor.py:183} INFO - Processing /home/airflow/.local/lib/python3.12/site-packages/airflow/example_dags/example_branch_python_dop_operator_3.py took 0.057 seconds
[2024-07-19T14:47:33.884+0000] {processor.py:161} INFO - Started process (PID=346) to work on /home/airflow/.local/lib/python3.12/site-packages/airflow/example_dags/example_branch_python_dop_operator_3.py
[2024-07-19T14:47:33.884+0000] {processor.py:830} INFO - Processing file /home/airflow/.local/lib/python3.12/site-packages/airflow/example_dags/example_branch_python_dop_operator_3.py for tasks to queue
[2024-07-19T14:47:33.885+0000] {logging_mixin.py:188} INFO - [2024-07-19T14:47:33.885+0000] {dagbag.py:545} INFO - Filling up the DagBag from /home/airflow/.local/lib/python3.12/site-packages/airflow/example_dags/example_branch_python_dop_operator_3.py
[2024-07-19T14:47:33.891+0000] {processor.py:840} INFO - DAG(s) 'example_branch_dop_operator_v3' retrieved from /home/airflow/.local/lib/python3.12/site-packages/airflow/example_dags/example_branch_python_dop_operator_3.py
[2024-07-19T14:47:33.905+0000] {logging_mixin.py:188} INFO - [2024-07-19T14:47:33.905+0000] {dag.py:3089} INFO - Sync 1 DAGs
[2024-07-19T14:47:33.924+0000] {logging_mixin.py:188} INFO - [2024-07-19T14:47:33.924+0000] {dag.py:3947} INFO - Setting next_dagrun for example_branch_dop_operator_v3 to 2024-07-19 14:46:00+00:00, run_after=2024-07-19 14:47:00+00:00
[2024-07-19T14:47:33.939+0000] {processor.py:183} INFO - Processing /home/airflow/.local/lib/python3.12/site-packages/airflow/example_dags/example_branch_python_dop_operator_3.py took 0.059 seconds
[2024-07-19T14:48:04.016+0000] {processor.py:161} INFO - Started process (PID=404) to work on /home/airflow/.local/lib/python3.12/site-packages/airflow/example_dags/example_branch_python_dop_operator_3.py
[2024-07-19T14:48:04.017+0000] {processor.py:830} INFO - Processing file /home/airflow/.local/lib/python3.12/site-packages/airflow/example_dags/example_branch_python_dop_operator_3.py for tasks to queue
[2024-07-19T14:48:04.018+0000] {logging_mixin.py:188} INFO - [2024-07-19T14:48:04.017+0000] {dagbag.py:545} INFO - Filling up the DagBag from /home/airflow/.local/lib/python3.12/site-packages/airflow/example_dags/example_branch_python_dop_operator_3.py
[2024-07-19T14:48:04.023+0000] {processor.py:840} INFO - DAG(s) 'example_branch_dop_operator_v3' retrieved from /home/airflow/.local/lib/python3.12/site-packages/airflow/example_dags/example_branch_python_dop_operator_3.py
[2024-07-19T14:48:04.035+0000] {logging_mixin.py:188} INFO - [2024-07-19T14:48:04.034+0000] {dag.py:3089} INFO - Sync 1 DAGs
[2024-07-19T14:48:04.051+0000] {logging_mixin.py:188} INFO - [2024-07-19T14:48:04.051+0000] {dag.py:3947} INFO - Setting next_dagrun for example_branch_dop_operator_v3 to 2024-07-19 14:47:00+00:00, run_after=2024-07-19 14:48:00+00:00
[2024-07-19T14:48:04.063+0000] {processor.py:183} INFO - Processing /home/airflow/.local/lib/python3.12/site-packages/airflow/example_dags/example_branch_python_dop_operator_3.py took 0.051 seconds
[2024-07-19T14:48:34.244+0000] {processor.py:161} INFO - Started process (PID=462) to work on /home/airflow/.local/lib/python3.12/site-packages/airflow/example_dags/example_branch_python_dop_operator_3.py
[2024-07-19T14:48:34.245+0000] {processor.py:830} INFO - Processing file /home/airflow/.local/lib/python3.12/site-packages/airflow/example_dags/example_branch_python_dop_operator_3.py for tasks to queue
[2024-07-19T14:48:34.246+0000] {logging_mixin.py:188} INFO - [2024-07-19T14:48:34.246+0000] {dagbag.py:545} INFO - Filling up the DagBag from /home/airflow/.local/lib/python3.12/site-packages/airflow/example_dags/example_branch_python_dop_operator_3.py
[2024-07-19T14:48:34.251+0000] {processor.py:840} INFO - DAG(s) 'example_branch_dop_operator_v3' retrieved from /home/airflow/.local/lib/python3.12/site-packages/airflow/example_dags/example_branch_python_dop_operator_3.py
[2024-07-19T14:48:34.263+0000] {logging_mixin.py:188} INFO - [2024-07-19T14:48:34.263+0000] {dag.py:3089} INFO - Sync 1 DAGs
[2024-07-19T14:48:34.280+0000] {logging_mixin.py:188} INFO - [2024-07-19T14:48:34.279+0000] {dag.py:3947} INFO - Setting next_dagrun for example_branch_dop_operator_v3 to 2024-07-19 14:47:00+00:00, run_after=2024-07-19 14:48:00+00:00
[2024-07-19T14:48:34.291+0000] {processor.py:183} INFO - Processing /home/airflow/.local/lib/python3.12/site-packages/airflow/example_dags/example_branch_python_dop_operator_3.py took 0.051 seconds
[2024-07-19T14:49:04.378+0000] {processor.py:161} INFO - Started process (PID=521) to work on /home/airflow/.local/lib/python3.12/site-packages/airflow/example_dags/example_branch_python_dop_operator_3.py
[2024-07-19T14:49:04.379+0000] {processor.py:830} INFO - Processing file /home/airflow/.local/lib/python3.12/site-packages/airflow/example_dags/example_branch_python_dop_operator_3.py for tasks to queue
[2024-07-19T14:49:04.380+0000] {logging_mixin.py:188} INFO - [2024-07-19T14:49:04.380+0000] {dagbag.py:545} INFO - Filling up the DagBag from /home/airflow/.local/lib/python3.12/site-packages/airflow/example_dags/example_branch_python_dop_operator_3.py
[2024-07-19T14:49:04.385+0000] {processor.py:840} INFO - DAG(s) 'example_branch_dop_operator_v3' retrieved from /home/airflow/.local/lib/python3.12/site-packages/airflow/example_dags/example_branch_python_dop_operator_3.py
[2024-07-19T14:49:04.398+0000] {logging_mixin.py:188} INFO - [2024-07-19T14:49:04.398+0000] {dag.py:3089} INFO - Sync 1 DAGs
[2024-07-19T14:49:04.415+0000] {logging_mixin.py:188} INFO - [2024-07-19T14:49:04.415+0000] {dag.py:3947} INFO - Setting next_dagrun for example_branch_dop_operator_v3 to 2024-07-19 14:48:00+00:00, run_after=2024-07-19 14:49:00+00:00
[2024-07-19T14:49:04.427+0000] {processor.py:183} INFO - Processing /home/airflow/.local/lib/python3.12/site-packages/airflow/example_dags/example_branch_python_dop_operator_3.py took 0.052 seconds
