[2024-07-19T14:45:02.410+0000] {processor.py:161} INFO - Started process (PID=47) to work on /home/airflow/.local/lib/python3.12/site-packages/airflow/example_dags/example_setup_teardown.py
[2024-07-19T14:45:02.411+0000] {processor.py:830} INFO - Processing file /home/airflow/.local/lib/python3.12/site-packages/airflow/example_dags/example_setup_teardown.py for tasks to queue
[2024-07-19T14:45:02.413+0000] {logging_mixin.py:188} INFO - [2024-07-19T14:45:02.412+0000] {dagbag.py:545} INFO - Filling up the DagBag from /home/airflow/.local/lib/python3.12/site-packages/airflow/example_dags/example_setup_teardown.py
[2024-07-19T14:45:02.434+0000] {processor.py:840} INFO - DAG(s) 'example_setup_teardown' retrieved from /home/airflow/.local/lib/python3.12/site-packages/airflow/example_dags/example_setup_teardown.py
[2024-07-19T14:45:02.469+0000] {logging_mixin.py:188} INFO - [2024-07-19T14:45:02.469+0000] {dag.py:3089} INFO - Sync 1 DAGs
[2024-07-19T14:45:02.489+0000] {logging_mixin.py:188} INFO - [2024-07-19T14:45:02.489+0000] {dag.py:3947} INFO - Setting next_dagrun for example_setup_teardown to 2024-07-18 00:00:00+00:00, run_after=2024-07-19 00:00:00+00:00
[2024-07-19T14:45:02.504+0000] {processor.py:183} INFO - Processing /home/airflow/.local/lib/python3.12/site-packages/airflow/example_dags/example_setup_teardown.py took 0.101 seconds
[2024-07-19T14:45:32.588+0000] {processor.py:161} INFO - Started process (PID=111) to work on /home/airflow/.local/lib/python3.12/site-packages/airflow/example_dags/example_setup_teardown.py
[2024-07-19T14:45:32.589+0000] {processor.py:830} INFO - Processing file /home/airflow/.local/lib/python3.12/site-packages/airflow/example_dags/example_setup_teardown.py for tasks to queue
[2024-07-19T14:45:32.590+0000] {logging_mixin.py:188} INFO - [2024-07-19T14:45:32.590+0000] {dagbag.py:545} INFO - Filling up the DagBag from /home/airflow/.local/lib/python3.12/site-packages/airflow/example_dags/example_setup_teardown.py
[2024-07-19T14:45:32.595+0000] {processor.py:840} INFO - DAG(s) 'example_setup_teardown' retrieved from /home/airflow/.local/lib/python3.12/site-packages/airflow/example_dags/example_setup_teardown.py
[2024-07-19T14:45:32.739+0000] {logging_mixin.py:188} INFO - [2024-07-19T14:45:32.739+0000] {dag.py:3089} INFO - Sync 1 DAGs
[2024-07-19T14:45:32.751+0000] {logging_mixin.py:188} INFO - [2024-07-19T14:45:32.751+0000] {dag.py:3947} INFO - Setting next_dagrun for example_setup_teardown to 2024-07-18 00:00:00+00:00, run_after=2024-07-19 00:00:00+00:00
[2024-07-19T14:45:32.764+0000] {processor.py:183} INFO - Processing /home/airflow/.local/lib/python3.12/site-packages/airflow/example_dags/example_setup_teardown.py took 0.179 seconds
[2024-07-19T14:46:03.184+0000] {processor.py:161} INFO - Started process (PID=169) to work on /home/airflow/.local/lib/python3.12/site-packages/airflow/example_dags/example_setup_teardown.py
[2024-07-19T14:46:03.185+0000] {processor.py:830} INFO - Processing file /home/airflow/.local/lib/python3.12/site-packages/airflow/example_dags/example_setup_teardown.py for tasks to queue
[2024-07-19T14:46:03.186+0000] {logging_mixin.py:188} INFO - [2024-07-19T14:46:03.186+0000] {dagbag.py:545} INFO - Filling up the DagBag from /home/airflow/.local/lib/python3.12/site-packages/airflow/example_dags/example_setup_teardown.py
[2024-07-19T14:46:03.190+0000] {processor.py:840} INFO - DAG(s) 'example_setup_teardown' retrieved from /home/airflow/.local/lib/python3.12/site-packages/airflow/example_dags/example_setup_teardown.py
[2024-07-19T14:46:03.203+0000] {logging_mixin.py:188} INFO - [2024-07-19T14:46:03.203+0000] {dag.py:3089} INFO - Sync 1 DAGs
[2024-07-19T14:46:03.217+0000] {logging_mixin.py:188} INFO - [2024-07-19T14:46:03.217+0000] {dag.py:3947} INFO - Setting next_dagrun for example_setup_teardown to 2024-07-18 00:00:00+00:00, run_after=2024-07-19 00:00:00+00:00
[2024-07-19T14:46:03.230+0000] {processor.py:183} INFO - Processing /home/airflow/.local/lib/python3.12/site-packages/airflow/example_dags/example_setup_teardown.py took 0.049 seconds
[2024-07-19T14:46:33.371+0000] {processor.py:161} INFO - Started process (PID=227) to work on /home/airflow/.local/lib/python3.12/site-packages/airflow/example_dags/example_setup_teardown.py
[2024-07-19T14:46:33.372+0000] {processor.py:830} INFO - Processing file /home/airflow/.local/lib/python3.12/site-packages/airflow/example_dags/example_setup_teardown.py for tasks to queue
[2024-07-19T14:46:33.373+0000] {logging_mixin.py:188} INFO - [2024-07-19T14:46:33.373+0000] {dagbag.py:545} INFO - Filling up the DagBag from /home/airflow/.local/lib/python3.12/site-packages/airflow/example_dags/example_setup_teardown.py
[2024-07-19T14:46:33.377+0000] {processor.py:840} INFO - DAG(s) 'example_setup_teardown' retrieved from /home/airflow/.local/lib/python3.12/site-packages/airflow/example_dags/example_setup_teardown.py
[2024-07-19T14:46:33.390+0000] {logging_mixin.py:188} INFO - [2024-07-19T14:46:33.390+0000] {dag.py:3089} INFO - Sync 1 DAGs
[2024-07-19T14:46:33.404+0000] {logging_mixin.py:188} INFO - [2024-07-19T14:46:33.404+0000] {dag.py:3947} INFO - Setting next_dagrun for example_setup_teardown to 2024-07-18 00:00:00+00:00, run_after=2024-07-19 00:00:00+00:00
[2024-07-19T14:46:33.417+0000] {processor.py:183} INFO - Processing /home/airflow/.local/lib/python3.12/site-packages/airflow/example_dags/example_setup_teardown.py took 0.049 seconds
[2024-07-19T14:47:03.510+0000] {processor.py:161} INFO - Started process (PID=285) to work on /home/airflow/.local/lib/python3.12/site-packages/airflow/example_dags/example_setup_teardown.py
[2024-07-19T14:47:03.511+0000] {processor.py:830} INFO - Processing file /home/airflow/.local/lib/python3.12/site-packages/airflow/example_dags/example_setup_teardown.py for tasks to queue
[2024-07-19T14:47:03.512+0000] {logging_mixin.py:188} INFO - [2024-07-19T14:47:03.512+0000] {dagbag.py:545} INFO - Filling up the DagBag from /home/airflow/.local/lib/python3.12/site-packages/airflow/example_dags/example_setup_teardown.py
[2024-07-19T14:47:03.516+0000] {processor.py:840} INFO - DAG(s) 'example_setup_teardown' retrieved from /home/airflow/.local/lib/python3.12/site-packages/airflow/example_dags/example_setup_teardown.py
[2024-07-19T14:47:03.529+0000] {logging_mixin.py:188} INFO - [2024-07-19T14:47:03.529+0000] {dag.py:3089} INFO - Sync 1 DAGs
[2024-07-19T14:47:03.544+0000] {logging_mixin.py:188} INFO - [2024-07-19T14:47:03.543+0000] {dag.py:3947} INFO - Setting next_dagrun for example_setup_teardown to 2024-07-18 00:00:00+00:00, run_after=2024-07-19 00:00:00+00:00
[2024-07-19T14:47:03.569+0000] {processor.py:183} INFO - Processing /home/airflow/.local/lib/python3.12/site-packages/airflow/example_dags/example_setup_teardown.py took 0.062 seconds
[2024-07-19T14:47:33.725+0000] {processor.py:161} INFO - Started process (PID=343) to work on /home/airflow/.local/lib/python3.12/site-packages/airflow/example_dags/example_setup_teardown.py
[2024-07-19T14:47:33.725+0000] {processor.py:830} INFO - Processing file /home/airflow/.local/lib/python3.12/site-packages/airflow/example_dags/example_setup_teardown.py for tasks to queue
[2024-07-19T14:47:33.726+0000] {logging_mixin.py:188} INFO - [2024-07-19T14:47:33.726+0000] {dagbag.py:545} INFO - Filling up the DagBag from /home/airflow/.local/lib/python3.12/site-packages/airflow/example_dags/example_setup_teardown.py
[2024-07-19T14:47:33.731+0000] {processor.py:840} INFO - DAG(s) 'example_setup_teardown' retrieved from /home/airflow/.local/lib/python3.12/site-packages/airflow/example_dags/example_setup_teardown.py
[2024-07-19T14:47:33.744+0000] {logging_mixin.py:188} INFO - [2024-07-19T14:47:33.744+0000] {dag.py:3089} INFO - Sync 1 DAGs
[2024-07-19T14:47:33.759+0000] {logging_mixin.py:188} INFO - [2024-07-19T14:47:33.759+0000] {dag.py:3947} INFO - Setting next_dagrun for example_setup_teardown to 2024-07-18 00:00:00+00:00, run_after=2024-07-19 00:00:00+00:00
[2024-07-19T14:47:33.787+0000] {processor.py:183} INFO - Processing /home/airflow/.local/lib/python3.12/site-packages/airflow/example_dags/example_setup_teardown.py took 0.066 seconds
[2024-07-19T14:48:03.873+0000] {processor.py:161} INFO - Started process (PID=401) to work on /home/airflow/.local/lib/python3.12/site-packages/airflow/example_dags/example_setup_teardown.py
[2024-07-19T14:48:03.874+0000] {processor.py:830} INFO - Processing file /home/airflow/.local/lib/python3.12/site-packages/airflow/example_dags/example_setup_teardown.py for tasks to queue
[2024-07-19T14:48:03.875+0000] {logging_mixin.py:188} INFO - [2024-07-19T14:48:03.874+0000] {dagbag.py:545} INFO - Filling up the DagBag from /home/airflow/.local/lib/python3.12/site-packages/airflow/example_dags/example_setup_teardown.py
[2024-07-19T14:48:03.879+0000] {processor.py:840} INFO - DAG(s) 'example_setup_teardown' retrieved from /home/airflow/.local/lib/python3.12/site-packages/airflow/example_dags/example_setup_teardown.py
[2024-07-19T14:48:03.893+0000] {logging_mixin.py:188} INFO - [2024-07-19T14:48:03.892+0000] {dag.py:3089} INFO - Sync 1 DAGs
[2024-07-19T14:48:03.907+0000] {logging_mixin.py:188} INFO - [2024-07-19T14:48:03.907+0000] {dag.py:3947} INFO - Setting next_dagrun for example_setup_teardown to 2024-07-18 00:00:00+00:00, run_after=2024-07-19 00:00:00+00:00
[2024-07-19T14:48:03.919+0000] {processor.py:183} INFO - Processing /home/airflow/.local/lib/python3.12/site-packages/airflow/example_dags/example_setup_teardown.py took 0.050 seconds
[2024-07-19T14:48:34.106+0000] {processor.py:161} INFO - Started process (PID=459) to work on /home/airflow/.local/lib/python3.12/site-packages/airflow/example_dags/example_setup_teardown.py
[2024-07-19T14:48:34.106+0000] {processor.py:830} INFO - Processing file /home/airflow/.local/lib/python3.12/site-packages/airflow/example_dags/example_setup_teardown.py for tasks to queue
[2024-07-19T14:48:34.108+0000] {logging_mixin.py:188} INFO - [2024-07-19T14:48:34.107+0000] {dagbag.py:545} INFO - Filling up the DagBag from /home/airflow/.local/lib/python3.12/site-packages/airflow/example_dags/example_setup_teardown.py
[2024-07-19T14:48:34.112+0000] {processor.py:840} INFO - DAG(s) 'example_setup_teardown' retrieved from /home/airflow/.local/lib/python3.12/site-packages/airflow/example_dags/example_setup_teardown.py
[2024-07-19T14:48:34.125+0000] {logging_mixin.py:188} INFO - [2024-07-19T14:48:34.124+0000] {dag.py:3089} INFO - Sync 1 DAGs
[2024-07-19T14:48:34.139+0000] {logging_mixin.py:188} INFO - [2024-07-19T14:48:34.139+0000] {dag.py:3947} INFO - Setting next_dagrun for example_setup_teardown to 2024-07-18 00:00:00+00:00, run_after=2024-07-19 00:00:00+00:00
[2024-07-19T14:48:34.151+0000] {processor.py:183} INFO - Processing /home/airflow/.local/lib/python3.12/site-packages/airflow/example_dags/example_setup_teardown.py took 0.049 seconds
[2024-07-19T14:49:04.243+0000] {processor.py:161} INFO - Started process (PID=517) to work on /home/airflow/.local/lib/python3.12/site-packages/airflow/example_dags/example_setup_teardown.py
[2024-07-19T14:49:04.244+0000] {processor.py:830} INFO - Processing file /home/airflow/.local/lib/python3.12/site-packages/airflow/example_dags/example_setup_teardown.py for tasks to queue
[2024-07-19T14:49:04.245+0000] {logging_mixin.py:188} INFO - [2024-07-19T14:49:04.245+0000] {dagbag.py:545} INFO - Filling up the DagBag from /home/airflow/.local/lib/python3.12/site-packages/airflow/example_dags/example_setup_teardown.py
[2024-07-19T14:49:04.249+0000] {processor.py:840} INFO - DAG(s) 'example_setup_teardown' retrieved from /home/airflow/.local/lib/python3.12/site-packages/airflow/example_dags/example_setup_teardown.py
[2024-07-19T14:49:04.262+0000] {logging_mixin.py:188} INFO - [2024-07-19T14:49:04.262+0000] {dag.py:3089} INFO - Sync 1 DAGs
[2024-07-19T14:49:04.276+0000] {logging_mixin.py:188} INFO - [2024-07-19T14:49:04.276+0000] {dag.py:3947} INFO - Setting next_dagrun for example_setup_teardown to 2024-07-18 00:00:00+00:00, run_after=2024-07-19 00:00:00+00:00
[2024-07-19T14:49:04.288+0000] {processor.py:183} INFO - Processing /home/airflow/.local/lib/python3.12/site-packages/airflow/example_dags/example_setup_teardown.py took 0.050 seconds
