[2024-07-19T14:45:02.466+0000] {processor.py:161} INFO - Started process (PID=54) to work on /home/airflow/.local/lib/python3.12/site-packages/airflow/example_dags/example_python_decorator.py
[2024-07-19T14:45:02.467+0000] {processor.py:830} INFO - Processing file /home/airflow/.local/lib/python3.12/site-packages/airflow/example_dags/example_python_decorator.py for tasks to queue
[2024-07-19T14:45:02.468+0000] {logging_mixin.py:188} INFO - [2024-07-19T14:45:02.468+0000] {dagbag.py:545} INFO - Filling up the DagBag from /home/airflow/.local/lib/python3.12/site-packages/airflow/example_dags/example_python_decorator.py
[2024-07-19T14:45:02.487+0000] {processor.py:840} INFO - DAG(s) 'example_python_decorator' retrieved from /home/airflow/.local/lib/python3.12/site-packages/airflow/example_dags/example_python_decorator.py
[2024-07-19T14:45:02.511+0000] {logging_mixin.py:188} INFO - [2024-07-19T14:45:02.511+0000] {dag.py:3089} INFO - Sync 1 DAGs
[2024-07-19T14:45:02.523+0000] {logging_mixin.py:188} INFO - [2024-07-19T14:45:02.523+0000] {dag.py:3947} INFO - Setting next_dagrun for example_python_decorator to None, run_after=None
[2024-07-19T14:45:02.539+0000] {processor.py:183} INFO - Processing /home/airflow/.local/lib/python3.12/site-packages/airflow/example_dags/example_python_decorator.py took 0.078 seconds
[2024-07-19T14:45:32.588+0000] {processor.py:161} INFO - Started process (PID=112) to work on /home/airflow/.local/lib/python3.12/site-packages/airflow/example_dags/example_python_decorator.py
[2024-07-19T14:45:32.589+0000] {processor.py:830} INFO - Processing file /home/airflow/.local/lib/python3.12/site-packages/airflow/example_dags/example_python_decorator.py for tasks to queue
[2024-07-19T14:45:32.590+0000] {logging_mixin.py:188} INFO - [2024-07-19T14:45:32.590+0000] {dagbag.py:545} INFO - Filling up the DagBag from /home/airflow/.local/lib/python3.12/site-packages/airflow/example_dags/example_python_decorator.py
[2024-07-19T14:45:32.599+0000] {processor.py:840} INFO - DAG(s) 'example_python_decorator' retrieved from /home/airflow/.local/lib/python3.12/site-packages/airflow/example_dags/example_python_decorator.py
[2024-07-19T14:45:32.738+0000] {logging_mixin.py:188} INFO - [2024-07-19T14:45:32.738+0000] {dag.py:3089} INFO - Sync 1 DAGs
[2024-07-19T14:45:32.746+0000] {logging_mixin.py:188} INFO - [2024-07-19T14:45:32.745+0000] {dag.py:3947} INFO - Setting next_dagrun for example_python_decorator to None, run_after=None
[2024-07-19T14:45:32.759+0000] {processor.py:183} INFO - Processing /home/airflow/.local/lib/python3.12/site-packages/airflow/example_dags/example_python_decorator.py took 0.174 seconds
[2024-07-19T14:46:03.184+0000] {processor.py:161} INFO - Started process (PID=170) to work on /home/airflow/.local/lib/python3.12/site-packages/airflow/example_dags/example_python_decorator.py
[2024-07-19T14:46:03.185+0000] {processor.py:830} INFO - Processing file /home/airflow/.local/lib/python3.12/site-packages/airflow/example_dags/example_python_decorator.py for tasks to queue
[2024-07-19T14:46:03.186+0000] {logging_mixin.py:188} INFO - [2024-07-19T14:46:03.186+0000] {dagbag.py:545} INFO - Filling up the DagBag from /home/airflow/.local/lib/python3.12/site-packages/airflow/example_dags/example_python_decorator.py
[2024-07-19T14:46:03.194+0000] {processor.py:840} INFO - DAG(s) 'example_python_decorator' retrieved from /home/airflow/.local/lib/python3.12/site-packages/airflow/example_dags/example_python_decorator.py
[2024-07-19T14:46:03.209+0000] {logging_mixin.py:188} INFO - [2024-07-19T14:46:03.209+0000] {dag.py:3089} INFO - Sync 1 DAGs
[2024-07-19T14:46:03.217+0000] {logging_mixin.py:188} INFO - [2024-07-19T14:46:03.217+0000] {dag.py:3947} INFO - Setting next_dagrun for example_python_decorator to None, run_after=None
[2024-07-19T14:46:03.229+0000] {processor.py:183} INFO - Processing /home/airflow/.local/lib/python3.12/site-packages/airflow/example_dags/example_python_decorator.py took 0.048 seconds
[2024-07-19T14:46:33.371+0000] {processor.py:161} INFO - Started process (PID=228) to work on /home/airflow/.local/lib/python3.12/site-packages/airflow/example_dags/example_python_decorator.py
[2024-07-19T14:46:33.372+0000] {processor.py:830} INFO - Processing file /home/airflow/.local/lib/python3.12/site-packages/airflow/example_dags/example_python_decorator.py for tasks to queue
[2024-07-19T14:46:33.373+0000] {logging_mixin.py:188} INFO - [2024-07-19T14:46:33.373+0000] {dagbag.py:545} INFO - Filling up the DagBag from /home/airflow/.local/lib/python3.12/site-packages/airflow/example_dags/example_python_decorator.py
[2024-07-19T14:46:33.381+0000] {processor.py:840} INFO - DAG(s) 'example_python_decorator' retrieved from /home/airflow/.local/lib/python3.12/site-packages/airflow/example_dags/example_python_decorator.py
[2024-07-19T14:46:33.395+0000] {logging_mixin.py:188} INFO - [2024-07-19T14:46:33.395+0000] {dag.py:3089} INFO - Sync 1 DAGs
[2024-07-19T14:46:33.404+0000] {logging_mixin.py:188} INFO - [2024-07-19T14:46:33.403+0000] {dag.py:3947} INFO - Setting next_dagrun for example_python_decorator to None, run_after=None
[2024-07-19T14:46:33.416+0000] {processor.py:183} INFO - Processing /home/airflow/.local/lib/python3.12/site-packages/airflow/example_dags/example_python_decorator.py took 0.048 seconds
[2024-07-19T14:47:03.510+0000] {processor.py:161} INFO - Started process (PID=286) to work on /home/airflow/.local/lib/python3.12/site-packages/airflow/example_dags/example_python_decorator.py
[2024-07-19T14:47:03.511+0000] {processor.py:830} INFO - Processing file /home/airflow/.local/lib/python3.12/site-packages/airflow/example_dags/example_python_decorator.py for tasks to queue
[2024-07-19T14:47:03.512+0000] {logging_mixin.py:188} INFO - [2024-07-19T14:47:03.512+0000] {dagbag.py:545} INFO - Filling up the DagBag from /home/airflow/.local/lib/python3.12/site-packages/airflow/example_dags/example_python_decorator.py
[2024-07-19T14:47:03.520+0000] {processor.py:840} INFO - DAG(s) 'example_python_decorator' retrieved from /home/airflow/.local/lib/python3.12/site-packages/airflow/example_dags/example_python_decorator.py
[2024-07-19T14:47:03.535+0000] {logging_mixin.py:188} INFO - [2024-07-19T14:47:03.534+0000] {dag.py:3089} INFO - Sync 1 DAGs
[2024-07-19T14:47:03.543+0000] {logging_mixin.py:188} INFO - [2024-07-19T14:47:03.543+0000] {dag.py:3947} INFO - Setting next_dagrun for example_python_decorator to None, run_after=None
[2024-07-19T14:47:03.566+0000] {processor.py:183} INFO - Processing /home/airflow/.local/lib/python3.12/site-packages/airflow/example_dags/example_python_decorator.py took 0.059 seconds
[2024-07-19T14:47:33.725+0000] {processor.py:161} INFO - Started process (PID=344) to work on /home/airflow/.local/lib/python3.12/site-packages/airflow/example_dags/example_python_decorator.py
[2024-07-19T14:47:33.725+0000] {processor.py:830} INFO - Processing file /home/airflow/.local/lib/python3.12/site-packages/airflow/example_dags/example_python_decorator.py for tasks to queue
[2024-07-19T14:47:33.726+0000] {logging_mixin.py:188} INFO - [2024-07-19T14:47:33.726+0000] {dagbag.py:545} INFO - Filling up the DagBag from /home/airflow/.local/lib/python3.12/site-packages/airflow/example_dags/example_python_decorator.py
[2024-07-19T14:47:33.735+0000] {processor.py:840} INFO - DAG(s) 'example_python_decorator' retrieved from /home/airflow/.local/lib/python3.12/site-packages/airflow/example_dags/example_python_decorator.py
[2024-07-19T14:47:33.749+0000] {logging_mixin.py:188} INFO - [2024-07-19T14:47:33.749+0000] {dag.py:3089} INFO - Sync 1 DAGs
[2024-07-19T14:47:33.758+0000] {logging_mixin.py:188} INFO - [2024-07-19T14:47:33.758+0000] {dag.py:3947} INFO - Setting next_dagrun for example_python_decorator to None, run_after=None
[2024-07-19T14:47:33.783+0000] {processor.py:183} INFO - Processing /home/airflow/.local/lib/python3.12/site-packages/airflow/example_dags/example_python_decorator.py took 0.062 seconds
[2024-07-19T14:48:03.873+0000] {processor.py:161} INFO - Started process (PID=402) to work on /home/airflow/.local/lib/python3.12/site-packages/airflow/example_dags/example_python_decorator.py
[2024-07-19T14:48:03.874+0000] {processor.py:830} INFO - Processing file /home/airflow/.local/lib/python3.12/site-packages/airflow/example_dags/example_python_decorator.py for tasks to queue
[2024-07-19T14:48:03.875+0000] {logging_mixin.py:188} INFO - [2024-07-19T14:48:03.875+0000] {dagbag.py:545} INFO - Filling up the DagBag from /home/airflow/.local/lib/python3.12/site-packages/airflow/example_dags/example_python_decorator.py
[2024-07-19T14:48:03.883+0000] {processor.py:840} INFO - DAG(s) 'example_python_decorator' retrieved from /home/airflow/.local/lib/python3.12/site-packages/airflow/example_dags/example_python_decorator.py
[2024-07-19T14:48:03.898+0000] {logging_mixin.py:188} INFO - [2024-07-19T14:48:03.898+0000] {dag.py:3089} INFO - Sync 1 DAGs
[2024-07-19T14:48:03.906+0000] {logging_mixin.py:188} INFO - [2024-07-19T14:48:03.906+0000] {dag.py:3947} INFO - Setting next_dagrun for example_python_decorator to None, run_after=None
[2024-07-19T14:48:03.918+0000] {processor.py:183} INFO - Processing /home/airflow/.local/lib/python3.12/site-packages/airflow/example_dags/example_python_decorator.py took 0.049 seconds
[2024-07-19T14:48:34.106+0000] {processor.py:161} INFO - Started process (PID=460) to work on /home/airflow/.local/lib/python3.12/site-packages/airflow/example_dags/example_python_decorator.py
[2024-07-19T14:48:34.107+0000] {processor.py:830} INFO - Processing file /home/airflow/.local/lib/python3.12/site-packages/airflow/example_dags/example_python_decorator.py for tasks to queue
[2024-07-19T14:48:34.108+0000] {logging_mixin.py:188} INFO - [2024-07-19T14:48:34.107+0000] {dagbag.py:545} INFO - Filling up the DagBag from /home/airflow/.local/lib/python3.12/site-packages/airflow/example_dags/example_python_decorator.py
[2024-07-19T14:48:34.116+0000] {processor.py:840} INFO - DAG(s) 'example_python_decorator' retrieved from /home/airflow/.local/lib/python3.12/site-packages/airflow/example_dags/example_python_decorator.py
[2024-07-19T14:48:34.130+0000] {logging_mixin.py:188} INFO - [2024-07-19T14:48:34.130+0000] {dag.py:3089} INFO - Sync 1 DAGs
[2024-07-19T14:48:34.138+0000] {logging_mixin.py:188} INFO - [2024-07-19T14:48:34.138+0000] {dag.py:3947} INFO - Setting next_dagrun for example_python_decorator to None, run_after=None
[2024-07-19T14:48:34.151+0000] {processor.py:183} INFO - Processing /home/airflow/.local/lib/python3.12/site-packages/airflow/example_dags/example_python_decorator.py took 0.048 seconds
[2024-07-19T14:49:04.243+0000] {processor.py:161} INFO - Started process (PID=518) to work on /home/airflow/.local/lib/python3.12/site-packages/airflow/example_dags/example_python_decorator.py
[2024-07-19T14:49:04.244+0000] {processor.py:830} INFO - Processing file /home/airflow/.local/lib/python3.12/site-packages/airflow/example_dags/example_python_decorator.py for tasks to queue
[2024-07-19T14:49:04.245+0000] {logging_mixin.py:188} INFO - [2024-07-19T14:49:04.245+0000] {dagbag.py:545} INFO - Filling up the DagBag from /home/airflow/.local/lib/python3.12/site-packages/airflow/example_dags/example_python_decorator.py
[2024-07-19T14:49:04.254+0000] {processor.py:840} INFO - DAG(s) 'example_python_decorator' retrieved from /home/airflow/.local/lib/python3.12/site-packages/airflow/example_dags/example_python_decorator.py
[2024-07-19T14:49:04.267+0000] {logging_mixin.py:188} INFO - [2024-07-19T14:49:04.267+0000] {dag.py:3089} INFO - Sync 1 DAGs
[2024-07-19T14:49:04.275+0000] {logging_mixin.py:188} INFO - [2024-07-19T14:49:04.275+0000] {dag.py:3947} INFO - Setting next_dagrun for example_python_decorator to None, run_after=None
[2024-07-19T14:49:04.288+0000] {processor.py:183} INFO - Processing /home/airflow/.local/lib/python3.12/site-packages/airflow/example_dags/example_python_decorator.py took 0.050 seconds
