[2024-07-19T14:45:04.261+0000] {processor.py:161} INFO - Started process (PID=95) to work on /home/airflow/.local/lib/python3.12/site-packages/airflow/example_dags/example_external_task_marker_dag.py
[2024-07-19T14:45:04.261+0000] {processor.py:830} INFO - Processing file /home/airflow/.local/lib/python3.12/site-packages/airflow/example_dags/example_external_task_marker_dag.py for tasks to queue
[2024-07-19T14:45:04.263+0000] {logging_mixin.py:188} INFO - [2024-07-19T14:45:04.263+0000] {dagbag.py:545} INFO - Filling up the DagBag from /home/airflow/.local/lib/python3.12/site-packages/airflow/example_dags/example_external_task_marker_dag.py
[2024-07-19T14:45:04.268+0000] {processor.py:840} INFO - DAG(s) 'example_external_task_marker_child', 'example_external_task_marker_parent' retrieved from /home/airflow/.local/lib/python3.12/site-packages/airflow/example_dags/example_external_task_marker_dag.py
[2024-07-19T14:45:04.276+0000] {logging_mixin.py:188} INFO - [2024-07-19T14:45:04.276+0000] {dag.py:3089} INFO - Sync 2 DAGs
[2024-07-19T14:45:04.287+0000] {logging_mixin.py:188} INFO - [2024-07-19T14:45:04.287+0000] {dag.py:3947} INFO - Setting next_dagrun for example_external_task_marker_child to None, run_after=None
[2024-07-19T14:45:04.290+0000] {logging_mixin.py:188} INFO - [2024-07-19T14:45:04.290+0000] {dag.py:3947} INFO - Setting next_dagrun for example_external_task_marker_parent to None, run_after=None
[2024-07-19T14:45:04.302+0000] {processor.py:183} INFO - Processing /home/airflow/.local/lib/python3.12/site-packages/airflow/example_dags/example_external_task_marker_dag.py took 0.045 seconds
[2024-07-19T14:45:35.713+0000] {processor.py:161} INFO - Started process (PID=153) to work on /home/airflow/.local/lib/python3.12/site-packages/airflow/example_dags/example_external_task_marker_dag.py
[2024-07-19T14:45:35.714+0000] {processor.py:830} INFO - Processing file /home/airflow/.local/lib/python3.12/site-packages/airflow/example_dags/example_external_task_marker_dag.py for tasks to queue
[2024-07-19T14:45:35.715+0000] {logging_mixin.py:188} INFO - [2024-07-19T14:45:35.715+0000] {dagbag.py:545} INFO - Filling up the DagBag from /home/airflow/.local/lib/python3.12/site-packages/airflow/example_dags/example_external_task_marker_dag.py
[2024-07-19T14:45:35.719+0000] {processor.py:840} INFO - DAG(s) 'example_external_task_marker_child', 'example_external_task_marker_parent' retrieved from /home/airflow/.local/lib/python3.12/site-packages/airflow/example_dags/example_external_task_marker_dag.py
[2024-07-19T14:45:35.796+0000] {logging_mixin.py:188} INFO - [2024-07-19T14:45:35.796+0000] {dag.py:3089} INFO - Sync 2 DAGs
[2024-07-19T14:45:35.804+0000] {logging_mixin.py:188} INFO - [2024-07-19T14:45:35.804+0000] {dag.py:3947} INFO - Setting next_dagrun for example_external_task_marker_child to None, run_after=None
[2024-07-19T14:45:35.807+0000] {logging_mixin.py:188} INFO - [2024-07-19T14:45:35.806+0000] {dag.py:3947} INFO - Setting next_dagrun for example_external_task_marker_parent to None, run_after=None
[2024-07-19T14:45:35.819+0000] {processor.py:183} INFO - Processing /home/airflow/.local/lib/python3.12/site-packages/airflow/example_dags/example_external_task_marker_dag.py took 0.108 seconds
[2024-07-19T14:46:05.988+0000] {processor.py:161} INFO - Started process (PID=211) to work on /home/airflow/.local/lib/python3.12/site-packages/airflow/example_dags/example_external_task_marker_dag.py
[2024-07-19T14:46:05.989+0000] {processor.py:830} INFO - Processing file /home/airflow/.local/lib/python3.12/site-packages/airflow/example_dags/example_external_task_marker_dag.py for tasks to queue
[2024-07-19T14:46:05.990+0000] {logging_mixin.py:188} INFO - [2024-07-19T14:46:05.990+0000] {dagbag.py:545} INFO - Filling up the DagBag from /home/airflow/.local/lib/python3.12/site-packages/airflow/example_dags/example_external_task_marker_dag.py
[2024-07-19T14:46:05.995+0000] {processor.py:840} INFO - DAG(s) 'example_external_task_marker_parent', 'example_external_task_marker_child' retrieved from /home/airflow/.local/lib/python3.12/site-packages/airflow/example_dags/example_external_task_marker_dag.py
[2024-07-19T14:46:06.012+0000] {logging_mixin.py:188} INFO - [2024-07-19T14:46:06.011+0000] {dag.py:3089} INFO - Sync 2 DAGs
[2024-07-19T14:46:06.021+0000] {logging_mixin.py:188} INFO - [2024-07-19T14:46:06.020+0000] {dag.py:3947} INFO - Setting next_dagrun for example_external_task_marker_child to None, run_after=None
[2024-07-19T14:46:06.023+0000] {logging_mixin.py:188} INFO - [2024-07-19T14:46:06.023+0000] {dag.py:3947} INFO - Setting next_dagrun for example_external_task_marker_parent to None, run_after=None
[2024-07-19T14:46:06.035+0000] {processor.py:183} INFO - Processing /home/airflow/.local/lib/python3.12/site-packages/airflow/example_dags/example_external_task_marker_dag.py took 0.050 seconds
[2024-07-19T14:46:36.139+0000] {processor.py:161} INFO - Started process (PID=269) to work on /home/airflow/.local/lib/python3.12/site-packages/airflow/example_dags/example_external_task_marker_dag.py
[2024-07-19T14:46:36.140+0000] {processor.py:830} INFO - Processing file /home/airflow/.local/lib/python3.12/site-packages/airflow/example_dags/example_external_task_marker_dag.py for tasks to queue
[2024-07-19T14:46:36.141+0000] {logging_mixin.py:188} INFO - [2024-07-19T14:46:36.141+0000] {dagbag.py:545} INFO - Filling up the DagBag from /home/airflow/.local/lib/python3.12/site-packages/airflow/example_dags/example_external_task_marker_dag.py
[2024-07-19T14:46:36.146+0000] {processor.py:840} INFO - DAG(s) 'example_external_task_marker_child', 'example_external_task_marker_parent' retrieved from /home/airflow/.local/lib/python3.12/site-packages/airflow/example_dags/example_external_task_marker_dag.py
[2024-07-19T14:46:36.161+0000] {logging_mixin.py:188} INFO - [2024-07-19T14:46:36.161+0000] {dag.py:3089} INFO - Sync 2 DAGs
[2024-07-19T14:46:36.171+0000] {logging_mixin.py:188} INFO - [2024-07-19T14:46:36.170+0000] {dag.py:3947} INFO - Setting next_dagrun for example_external_task_marker_child to None, run_after=None
[2024-07-19T14:46:36.173+0000] {logging_mixin.py:188} INFO - [2024-07-19T14:46:36.173+0000] {dag.py:3947} INFO - Setting next_dagrun for example_external_task_marker_parent to None, run_after=None
[2024-07-19T14:46:36.186+0000] {processor.py:183} INFO - Processing /home/airflow/.local/lib/python3.12/site-packages/airflow/example_dags/example_external_task_marker_dag.py took 0.050 seconds
[2024-07-19T14:47:06.360+0000] {processor.py:161} INFO - Started process (PID=327) to work on /home/airflow/.local/lib/python3.12/site-packages/airflow/example_dags/example_external_task_marker_dag.py
[2024-07-19T14:47:06.361+0000] {processor.py:830} INFO - Processing file /home/airflow/.local/lib/python3.12/site-packages/airflow/example_dags/example_external_task_marker_dag.py for tasks to queue
[2024-07-19T14:47:06.362+0000] {logging_mixin.py:188} INFO - [2024-07-19T14:47:06.362+0000] {dagbag.py:545} INFO - Filling up the DagBag from /home/airflow/.local/lib/python3.12/site-packages/airflow/example_dags/example_external_task_marker_dag.py
[2024-07-19T14:47:06.365+0000] {processor.py:840} INFO - DAG(s) 'example_external_task_marker_child', 'example_external_task_marker_parent' retrieved from /home/airflow/.local/lib/python3.12/site-packages/airflow/example_dags/example_external_task_marker_dag.py
[2024-07-19T14:47:06.382+0000] {logging_mixin.py:188} INFO - [2024-07-19T14:47:06.382+0000] {dag.py:3089} INFO - Sync 2 DAGs
[2024-07-19T14:47:06.391+0000] {logging_mixin.py:188} INFO - [2024-07-19T14:47:06.391+0000] {dag.py:3947} INFO - Setting next_dagrun for example_external_task_marker_child to None, run_after=None
[2024-07-19T14:47:06.394+0000] {logging_mixin.py:188} INFO - [2024-07-19T14:47:06.394+0000] {dag.py:3947} INFO - Setting next_dagrun for example_external_task_marker_parent to None, run_after=None
[2024-07-19T14:47:06.405+0000] {processor.py:183} INFO - Processing /home/airflow/.local/lib/python3.12/site-packages/airflow/example_dags/example_external_task_marker_dag.py took 0.049 seconds
[2024-07-19T14:47:36.557+0000] {processor.py:161} INFO - Started process (PID=385) to work on /home/airflow/.local/lib/python3.12/site-packages/airflow/example_dags/example_external_task_marker_dag.py
[2024-07-19T14:47:36.558+0000] {processor.py:830} INFO - Processing file /home/airflow/.local/lib/python3.12/site-packages/airflow/example_dags/example_external_task_marker_dag.py for tasks to queue
[2024-07-19T14:47:36.559+0000] {logging_mixin.py:188} INFO - [2024-07-19T14:47:36.559+0000] {dagbag.py:545} INFO - Filling up the DagBag from /home/airflow/.local/lib/python3.12/site-packages/airflow/example_dags/example_external_task_marker_dag.py
[2024-07-19T14:47:36.563+0000] {processor.py:840} INFO - DAG(s) 'example_external_task_marker_parent', 'example_external_task_marker_child' retrieved from /home/airflow/.local/lib/python3.12/site-packages/airflow/example_dags/example_external_task_marker_dag.py
[2024-07-19T14:47:36.577+0000] {logging_mixin.py:188} INFO - [2024-07-19T14:47:36.577+0000] {dag.py:3089} INFO - Sync 2 DAGs
[2024-07-19T14:47:36.587+0000] {logging_mixin.py:188} INFO - [2024-07-19T14:47:36.587+0000] {dag.py:3947} INFO - Setting next_dagrun for example_external_task_marker_child to None, run_after=None
[2024-07-19T14:47:36.589+0000] {logging_mixin.py:188} INFO - [2024-07-19T14:47:36.589+0000] {dag.py:3947} INFO - Setting next_dagrun for example_external_task_marker_parent to None, run_after=None
[2024-07-19T14:47:36.602+0000] {processor.py:183} INFO - Processing /home/airflow/.local/lib/python3.12/site-packages/airflow/example_dags/example_external_task_marker_dag.py took 0.049 seconds
[2024-07-19T14:48:06.765+0000] {processor.py:161} INFO - Started process (PID=443) to work on /home/airflow/.local/lib/python3.12/site-packages/airflow/example_dags/example_external_task_marker_dag.py
[2024-07-19T14:48:06.766+0000] {processor.py:830} INFO - Processing file /home/airflow/.local/lib/python3.12/site-packages/airflow/example_dags/example_external_task_marker_dag.py for tasks to queue
[2024-07-19T14:48:06.767+0000] {logging_mixin.py:188} INFO - [2024-07-19T14:48:06.767+0000] {dagbag.py:545} INFO - Filling up the DagBag from /home/airflow/.local/lib/python3.12/site-packages/airflow/example_dags/example_external_task_marker_dag.py
[2024-07-19T14:48:06.771+0000] {processor.py:840} INFO - DAG(s) 'example_external_task_marker_parent', 'example_external_task_marker_child' retrieved from /home/airflow/.local/lib/python3.12/site-packages/airflow/example_dags/example_external_task_marker_dag.py
[2024-07-19T14:48:06.785+0000] {logging_mixin.py:188} INFO - [2024-07-19T14:48:06.785+0000] {dag.py:3089} INFO - Sync 2 DAGs
[2024-07-19T14:48:06.794+0000] {logging_mixin.py:188} INFO - [2024-07-19T14:48:06.794+0000] {dag.py:3947} INFO - Setting next_dagrun for example_external_task_marker_child to None, run_after=None
[2024-07-19T14:48:06.796+0000] {logging_mixin.py:188} INFO - [2024-07-19T14:48:06.796+0000] {dag.py:3947} INFO - Setting next_dagrun for example_external_task_marker_parent to None, run_after=None
[2024-07-19T14:48:06.807+0000] {processor.py:183} INFO - Processing /home/airflow/.local/lib/python3.12/site-packages/airflow/example_dags/example_external_task_marker_dag.py took 0.045 seconds
[2024-07-19T14:48:36.903+0000] {processor.py:161} INFO - Started process (PID=501) to work on /home/airflow/.local/lib/python3.12/site-packages/airflow/example_dags/example_external_task_marker_dag.py
[2024-07-19T14:48:36.903+0000] {processor.py:830} INFO - Processing file /home/airflow/.local/lib/python3.12/site-packages/airflow/example_dags/example_external_task_marker_dag.py for tasks to queue
[2024-07-19T14:48:36.904+0000] {logging_mixin.py:188} INFO - [2024-07-19T14:48:36.904+0000] {dagbag.py:545} INFO - Filling up the DagBag from /home/airflow/.local/lib/python3.12/site-packages/airflow/example_dags/example_external_task_marker_dag.py
[2024-07-19T14:48:36.908+0000] {processor.py:840} INFO - DAG(s) 'example_external_task_marker_parent', 'example_external_task_marker_child' retrieved from /home/airflow/.local/lib/python3.12/site-packages/airflow/example_dags/example_external_task_marker_dag.py
[2024-07-19T14:48:36.922+0000] {logging_mixin.py:188} INFO - [2024-07-19T14:48:36.922+0000] {dag.py:3089} INFO - Sync 2 DAGs
[2024-07-19T14:48:36.931+0000] {logging_mixin.py:188} INFO - [2024-07-19T14:48:36.931+0000] {dag.py:3947} INFO - Setting next_dagrun for example_external_task_marker_child to None, run_after=None
[2024-07-19T14:48:36.933+0000] {logging_mixin.py:188} INFO - [2024-07-19T14:48:36.933+0000] {dag.py:3947} INFO - Setting next_dagrun for example_external_task_marker_parent to None, run_after=None
[2024-07-19T14:48:36.945+0000] {processor.py:183} INFO - Processing /home/airflow/.local/lib/python3.12/site-packages/airflow/example_dags/example_external_task_marker_dag.py took 0.046 seconds
[2024-07-19T14:49:07.040+0000] {processor.py:161} INFO - Started process (PID=559) to work on /home/airflow/.local/lib/python3.12/site-packages/airflow/example_dags/example_external_task_marker_dag.py
[2024-07-19T14:49:07.040+0000] {processor.py:830} INFO - Processing file /home/airflow/.local/lib/python3.12/site-packages/airflow/example_dags/example_external_task_marker_dag.py for tasks to queue
[2024-07-19T14:49:07.041+0000] {logging_mixin.py:188} INFO - [2024-07-19T14:49:07.041+0000] {dagbag.py:545} INFO - Filling up the DagBag from /home/airflow/.local/lib/python3.12/site-packages/airflow/example_dags/example_external_task_marker_dag.py
[2024-07-19T14:49:07.045+0000] {processor.py:840} INFO - DAG(s) 'example_external_task_marker_parent', 'example_external_task_marker_child' retrieved from /home/airflow/.local/lib/python3.12/site-packages/airflow/example_dags/example_external_task_marker_dag.py
[2024-07-19T14:49:07.060+0000] {logging_mixin.py:188} INFO - [2024-07-19T14:49:07.060+0000] {dag.py:3089} INFO - Sync 2 DAGs
[2024-07-19T14:49:07.069+0000] {logging_mixin.py:188} INFO - [2024-07-19T14:49:07.069+0000] {dag.py:3947} INFO - Setting next_dagrun for example_external_task_marker_child to None, run_after=None
[2024-07-19T14:49:07.071+0000] {logging_mixin.py:188} INFO - [2024-07-19T14:49:07.071+0000] {dag.py:3947} INFO - Setting next_dagrun for example_external_task_marker_parent to None, run_after=None
[2024-07-19T14:49:07.082+0000] {processor.py:183} INFO - Processing /home/airflow/.local/lib/python3.12/site-packages/airflow/example_dags/example_external_task_marker_dag.py took 0.046 seconds
