[2024-07-19T14:45:03.338+0000] {processor.py:161} INFO - Started process (PID=76) to work on /home/airflow/.local/lib/python3.12/site-packages/airflow/example_dags/example_latest_only_with_trigger.py
[2024-07-19T14:45:03.339+0000] {processor.py:830} INFO - Processing file /home/airflow/.local/lib/python3.12/site-packages/airflow/example_dags/example_latest_only_with_trigger.py for tasks to queue
[2024-07-19T14:45:03.340+0000] {logging_mixin.py:188} INFO - [2024-07-19T14:45:03.340+0000] {dagbag.py:545} INFO - Filling up the DagBag from /home/airflow/.local/lib/python3.12/site-packages/airflow/example_dags/example_latest_only_with_trigger.py
[2024-07-19T14:45:03.348+0000] {processor.py:840} INFO - DAG(s) 'latest_only_with_trigger' retrieved from /home/airflow/.local/lib/python3.12/site-packages/airflow/example_dags/example_latest_only_with_trigger.py
[2024-07-19T14:45:03.355+0000] {logging_mixin.py:188} INFO - [2024-07-19T14:45:03.355+0000] {dag.py:3089} INFO - Sync 1 DAGs
[2024-07-19T14:45:03.370+0000] {logging_mixin.py:188} INFO - [2024-07-19T14:45:03.370+0000] {dag.py:3947} INFO - Setting next_dagrun for latest_only_with_trigger to 2024-07-19 08:00:00+00:00, run_after=2024-07-19 12:00:00+00:00
[2024-07-19T14:45:03.383+0000] {processor.py:183} INFO - Processing /home/airflow/.local/lib/python3.12/site-packages/airflow/example_dags/example_latest_only_with_trigger.py took 0.048 seconds
[2024-07-19T14:45:34.445+0000] {processor.py:161} INFO - Started process (PID=134) to work on /home/airflow/.local/lib/python3.12/site-packages/airflow/example_dags/example_latest_only_with_trigger.py
[2024-07-19T14:45:34.445+0000] {processor.py:830} INFO - Processing file /home/airflow/.local/lib/python3.12/site-packages/airflow/example_dags/example_latest_only_with_trigger.py for tasks to queue
[2024-07-19T14:45:34.446+0000] {logging_mixin.py:188} INFO - [2024-07-19T14:45:34.446+0000] {dagbag.py:545} INFO - Filling up the DagBag from /home/airflow/.local/lib/python3.12/site-packages/airflow/example_dags/example_latest_only_with_trigger.py
[2024-07-19T14:45:34.450+0000] {processor.py:840} INFO - DAG(s) 'latest_only_with_trigger' retrieved from /home/airflow/.local/lib/python3.12/site-packages/airflow/example_dags/example_latest_only_with_trigger.py
[2024-07-19T14:45:34.534+0000] {logging_mixin.py:188} INFO - [2024-07-19T14:45:34.534+0000] {dag.py:3089} INFO - Sync 1 DAGs
[2024-07-19T14:45:34.548+0000] {logging_mixin.py:188} INFO - [2024-07-19T14:45:34.548+0000] {dag.py:3947} INFO - Setting next_dagrun for latest_only_with_trigger to 2024-07-19 08:00:00+00:00, run_after=2024-07-19 12:00:00+00:00
[2024-07-19T14:45:34.563+0000] {processor.py:183} INFO - Processing /home/airflow/.local/lib/python3.12/site-packages/airflow/example_dags/example_latest_only_with_trigger.py took 0.122 seconds
[2024-07-19T14:46:05.235+0000] {processor.py:161} INFO - Started process (PID=192) to work on /home/airflow/.local/lib/python3.12/site-packages/airflow/example_dags/example_latest_only_with_trigger.py
[2024-07-19T14:46:05.236+0000] {processor.py:830} INFO - Processing file /home/airflow/.local/lib/python3.12/site-packages/airflow/example_dags/example_latest_only_with_trigger.py for tasks to queue
[2024-07-19T14:46:05.238+0000] {logging_mixin.py:188} INFO - [2024-07-19T14:46:05.237+0000] {dagbag.py:545} INFO - Filling up the DagBag from /home/airflow/.local/lib/python3.12/site-packages/airflow/example_dags/example_latest_only_with_trigger.py
[2024-07-19T14:46:05.241+0000] {processor.py:840} INFO - DAG(s) 'latest_only_with_trigger' retrieved from /home/airflow/.local/lib/python3.12/site-packages/airflow/example_dags/example_latest_only_with_trigger.py
[2024-07-19T14:46:05.256+0000] {logging_mixin.py:188} INFO - [2024-07-19T14:46:05.255+0000] {dag.py:3089} INFO - Sync 1 DAGs
[2024-07-19T14:46:05.271+0000] {logging_mixin.py:188} INFO - [2024-07-19T14:46:05.271+0000] {dag.py:3947} INFO - Setting next_dagrun for latest_only_with_trigger to 2024-07-19 08:00:00+00:00, run_after=2024-07-19 12:00:00+00:00
[2024-07-19T14:46:05.284+0000] {processor.py:183} INFO - Processing /home/airflow/.local/lib/python3.12/site-packages/airflow/example_dags/example_latest_only_with_trigger.py took 0.052 seconds
[2024-07-19T14:46:35.330+0000] {processor.py:161} INFO - Started process (PID=250) to work on /home/airflow/.local/lib/python3.12/site-packages/airflow/example_dags/example_latest_only_with_trigger.py
[2024-07-19T14:46:35.331+0000] {processor.py:830} INFO - Processing file /home/airflow/.local/lib/python3.12/site-packages/airflow/example_dags/example_latest_only_with_trigger.py for tasks to queue
[2024-07-19T14:46:35.332+0000] {logging_mixin.py:188} INFO - [2024-07-19T14:46:35.332+0000] {dagbag.py:545} INFO - Filling up the DagBag from /home/airflow/.local/lib/python3.12/site-packages/airflow/example_dags/example_latest_only_with_trigger.py
[2024-07-19T14:46:35.335+0000] {processor.py:840} INFO - DAG(s) 'latest_only_with_trigger' retrieved from /home/airflow/.local/lib/python3.12/site-packages/airflow/example_dags/example_latest_only_with_trigger.py
[2024-07-19T14:46:35.348+0000] {logging_mixin.py:188} INFO - [2024-07-19T14:46:35.348+0000] {dag.py:3089} INFO - Sync 1 DAGs
[2024-07-19T14:46:35.362+0000] {logging_mixin.py:188} INFO - [2024-07-19T14:46:35.362+0000] {dag.py:3947} INFO - Setting next_dagrun for latest_only_with_trigger to 2024-07-19 08:00:00+00:00, run_after=2024-07-19 12:00:00+00:00
[2024-07-19T14:46:35.374+0000] {processor.py:183} INFO - Processing /home/airflow/.local/lib/python3.12/site-packages/airflow/example_dags/example_latest_only_with_trigger.py took 0.048 seconds
[2024-07-19T14:47:05.587+0000] {processor.py:161} INFO - Started process (PID=308) to work on /home/airflow/.local/lib/python3.12/site-packages/airflow/example_dags/example_latest_only_with_trigger.py
[2024-07-19T14:47:05.587+0000] {processor.py:830} INFO - Processing file /home/airflow/.local/lib/python3.12/site-packages/airflow/example_dags/example_latest_only_with_trigger.py for tasks to queue
[2024-07-19T14:47:05.588+0000] {logging_mixin.py:188} INFO - [2024-07-19T14:47:05.588+0000] {dagbag.py:545} INFO - Filling up the DagBag from /home/airflow/.local/lib/python3.12/site-packages/airflow/example_dags/example_latest_only_with_trigger.py
[2024-07-19T14:47:05.592+0000] {processor.py:840} INFO - DAG(s) 'latest_only_with_trigger' retrieved from /home/airflow/.local/lib/python3.12/site-packages/airflow/example_dags/example_latest_only_with_trigger.py
[2024-07-19T14:47:05.605+0000] {logging_mixin.py:188} INFO - [2024-07-19T14:47:05.605+0000] {dag.py:3089} INFO - Sync 1 DAGs
[2024-07-19T14:47:05.619+0000] {logging_mixin.py:188} INFO - [2024-07-19T14:47:05.619+0000] {dag.py:3947} INFO - Setting next_dagrun for latest_only_with_trigger to 2024-07-19 08:00:00+00:00, run_after=2024-07-19 12:00:00+00:00
[2024-07-19T14:47:05.632+0000] {processor.py:183} INFO - Processing /home/airflow/.local/lib/python3.12/site-packages/airflow/example_dags/example_latest_only_with_trigger.py took 0.049 seconds
[2024-07-19T14:47:35.767+0000] {processor.py:161} INFO - Started process (PID=366) to work on /home/airflow/.local/lib/python3.12/site-packages/airflow/example_dags/example_latest_only_with_trigger.py
[2024-07-19T14:47:35.767+0000] {processor.py:830} INFO - Processing file /home/airflow/.local/lib/python3.12/site-packages/airflow/example_dags/example_latest_only_with_trigger.py for tasks to queue
[2024-07-19T14:47:35.768+0000] {logging_mixin.py:188} INFO - [2024-07-19T14:47:35.768+0000] {dagbag.py:545} INFO - Filling up the DagBag from /home/airflow/.local/lib/python3.12/site-packages/airflow/example_dags/example_latest_only_with_trigger.py
[2024-07-19T14:47:35.772+0000] {processor.py:840} INFO - DAG(s) 'latest_only_with_trigger' retrieved from /home/airflow/.local/lib/python3.12/site-packages/airflow/example_dags/example_latest_only_with_trigger.py
[2024-07-19T14:47:35.785+0000] {logging_mixin.py:188} INFO - [2024-07-19T14:47:35.785+0000] {dag.py:3089} INFO - Sync 1 DAGs
[2024-07-19T14:47:35.803+0000] {logging_mixin.py:188} INFO - [2024-07-19T14:47:35.803+0000] {dag.py:3947} INFO - Setting next_dagrun for latest_only_with_trigger to 2024-07-19 08:00:00+00:00, run_after=2024-07-19 12:00:00+00:00
[2024-07-19T14:47:35.816+0000] {processor.py:183} INFO - Processing /home/airflow/.local/lib/python3.12/site-packages/airflow/example_dags/example_latest_only_with_trigger.py took 0.053 seconds
[2024-07-19T14:48:05.859+0000] {processor.py:161} INFO - Started process (PID=423) to work on /home/airflow/.local/lib/python3.12/site-packages/airflow/example_dags/example_latest_only_with_trigger.py
[2024-07-19T14:48:05.859+0000] {processor.py:830} INFO - Processing file /home/airflow/.local/lib/python3.12/site-packages/airflow/example_dags/example_latest_only_with_trigger.py for tasks to queue
[2024-07-19T14:48:05.860+0000] {logging_mixin.py:188} INFO - [2024-07-19T14:48:05.860+0000] {dagbag.py:545} INFO - Filling up the DagBag from /home/airflow/.local/lib/python3.12/site-packages/airflow/example_dags/example_latest_only_with_trigger.py
[2024-07-19T14:48:05.864+0000] {processor.py:840} INFO - DAG(s) 'latest_only_with_trigger' retrieved from /home/airflow/.local/lib/python3.12/site-packages/airflow/example_dags/example_latest_only_with_trigger.py
[2024-07-19T14:48:05.877+0000] {logging_mixin.py:188} INFO - [2024-07-19T14:48:05.877+0000] {dag.py:3089} INFO - Sync 1 DAGs
[2024-07-19T14:48:05.892+0000] {logging_mixin.py:188} INFO - [2024-07-19T14:48:05.892+0000] {dag.py:3947} INFO - Setting next_dagrun for latest_only_with_trigger to 2024-07-19 08:00:00+00:00, run_after=2024-07-19 12:00:00+00:00
[2024-07-19T14:48:05.904+0000] {processor.py:183} INFO - Processing /home/airflow/.local/lib/python3.12/site-packages/airflow/example_dags/example_latest_only_with_trigger.py took 0.049 seconds
[2024-07-19T14:48:36.028+0000] {processor.py:161} INFO - Started process (PID=481) to work on /home/airflow/.local/lib/python3.12/site-packages/airflow/example_dags/example_latest_only_with_trigger.py
[2024-07-19T14:48:36.028+0000] {processor.py:830} INFO - Processing file /home/airflow/.local/lib/python3.12/site-packages/airflow/example_dags/example_latest_only_with_trigger.py for tasks to queue
[2024-07-19T14:48:36.029+0000] {logging_mixin.py:188} INFO - [2024-07-19T14:48:36.029+0000] {dagbag.py:545} INFO - Filling up the DagBag from /home/airflow/.local/lib/python3.12/site-packages/airflow/example_dags/example_latest_only_with_trigger.py
[2024-07-19T14:48:36.033+0000] {processor.py:840} INFO - DAG(s) 'latest_only_with_trigger' retrieved from /home/airflow/.local/lib/python3.12/site-packages/airflow/example_dags/example_latest_only_with_trigger.py
[2024-07-19T14:48:36.045+0000] {logging_mixin.py:188} INFO - [2024-07-19T14:48:36.045+0000] {dag.py:3089} INFO - Sync 1 DAGs
[2024-07-19T14:48:36.059+0000] {logging_mixin.py:188} INFO - [2024-07-19T14:48:36.059+0000] {dag.py:3947} INFO - Setting next_dagrun for latest_only_with_trigger to 2024-07-19 08:00:00+00:00, run_after=2024-07-19 12:00:00+00:00
[2024-07-19T14:48:36.072+0000] {processor.py:183} INFO - Processing /home/airflow/.local/lib/python3.12/site-packages/airflow/example_dags/example_latest_only_with_trigger.py took 0.047 seconds
[2024-07-19T14:49:06.133+0000] {processor.py:161} INFO - Started process (PID=539) to work on /home/airflow/.local/lib/python3.12/site-packages/airflow/example_dags/example_latest_only_with_trigger.py
[2024-07-19T14:49:06.133+0000] {processor.py:830} INFO - Processing file /home/airflow/.local/lib/python3.12/site-packages/airflow/example_dags/example_latest_only_with_trigger.py for tasks to queue
[2024-07-19T14:49:06.135+0000] {logging_mixin.py:188} INFO - [2024-07-19T14:49:06.134+0000] {dagbag.py:545} INFO - Filling up the DagBag from /home/airflow/.local/lib/python3.12/site-packages/airflow/example_dags/example_latest_only_with_trigger.py
[2024-07-19T14:49:06.138+0000] {processor.py:840} INFO - DAG(s) 'latest_only_with_trigger' retrieved from /home/airflow/.local/lib/python3.12/site-packages/airflow/example_dags/example_latest_only_with_trigger.py
[2024-07-19T14:49:06.151+0000] {logging_mixin.py:188} INFO - [2024-07-19T14:49:06.150+0000] {dag.py:3089} INFO - Sync 1 DAGs
[2024-07-19T14:49:06.164+0000] {logging_mixin.py:188} INFO - [2024-07-19T14:49:06.164+0000] {dag.py:3947} INFO - Setting next_dagrun for latest_only_with_trigger to 2024-07-19 08:00:00+00:00, run_after=2024-07-19 12:00:00+00:00
[2024-07-19T14:49:06.176+0000] {processor.py:183} INFO - Processing /home/airflow/.local/lib/python3.12/site-packages/airflow/example_dags/example_latest_only_with_trigger.py took 0.047 seconds
[2024-07-19T16:43:38.753+0000] {processor.py:161} INFO - Started process (PID=69) to work on /home/airflow/.local/lib/python3.12/site-packages/airflow/example_dags/example_latest_only_with_trigger.py
[2024-07-19T16:43:38.754+0000] {processor.py:830} INFO - Processing file /home/airflow/.local/lib/python3.12/site-packages/airflow/example_dags/example_latest_only_with_trigger.py for tasks to queue
[2024-07-19T16:43:38.755+0000] {logging_mixin.py:188} INFO - [2024-07-19T16:43:38.755+0000] {dagbag.py:545} INFO - Filling up the DagBag from /home/airflow/.local/lib/python3.12/site-packages/airflow/example_dags/example_latest_only_with_trigger.py
[2024-07-19T16:43:38.762+0000] {processor.py:840} INFO - DAG(s) 'latest_only_with_trigger' retrieved from /home/airflow/.local/lib/python3.12/site-packages/airflow/example_dags/example_latest_only_with_trigger.py
[2024-07-19T16:43:38.771+0000] {logging_mixin.py:188} INFO - [2024-07-19T16:43:38.771+0000] {dag.py:3089} INFO - Sync 1 DAGs
[2024-07-19T16:43:38.789+0000] {logging_mixin.py:188} INFO - [2024-07-19T16:43:38.789+0000] {dag.py:3947} INFO - Setting next_dagrun for latest_only_with_trigger to 2024-07-19 12:00:00+00:00, run_after=2024-07-19 16:00:00+00:00
[2024-07-19T16:43:38.801+0000] {processor.py:183} INFO - Processing /home/airflow/.local/lib/python3.12/site-packages/airflow/example_dags/example_latest_only_with_trigger.py took 0.052 seconds
[2024-07-19T16:44:09.594+0000] {processor.py:161} INFO - Started process (PID=132) to work on /home/airflow/.local/lib/python3.12/site-packages/airflow/example_dags/example_latest_only_with_trigger.py
[2024-07-19T16:44:09.595+0000] {processor.py:830} INFO - Processing file /home/airflow/.local/lib/python3.12/site-packages/airflow/example_dags/example_latest_only_with_trigger.py for tasks to queue
[2024-07-19T16:44:09.596+0000] {logging_mixin.py:188} INFO - [2024-07-19T16:44:09.596+0000] {dagbag.py:545} INFO - Filling up the DagBag from /home/airflow/.local/lib/python3.12/site-packages/airflow/example_dags/example_latest_only_with_trigger.py
[2024-07-19T16:44:09.600+0000] {processor.py:840} INFO - DAG(s) 'latest_only_with_trigger' retrieved from /home/airflow/.local/lib/python3.12/site-packages/airflow/example_dags/example_latest_only_with_trigger.py
[2024-07-19T16:44:09.672+0000] {logging_mixin.py:188} INFO - [2024-07-19T16:44:09.672+0000] {dag.py:3089} INFO - Sync 1 DAGs
[2024-07-19T16:44:09.686+0000] {logging_mixin.py:188} INFO - [2024-07-19T16:44:09.685+0000] {dag.py:3947} INFO - Setting next_dagrun for latest_only_with_trigger to 2024-07-19 12:00:00+00:00, run_after=2024-07-19 16:00:00+00:00
[2024-07-19T16:44:09.699+0000] {processor.py:183} INFO - Processing /home/airflow/.local/lib/python3.12/site-packages/airflow/example_dags/example_latest_only_with_trigger.py took 0.108 seconds
[2024-07-19T16:44:39.785+0000] {processor.py:161} INFO - Started process (PID=190) to work on /home/airflow/.local/lib/python3.12/site-packages/airflow/example_dags/example_latest_only_with_trigger.py
[2024-07-19T16:44:39.785+0000] {processor.py:830} INFO - Processing file /home/airflow/.local/lib/python3.12/site-packages/airflow/example_dags/example_latest_only_with_trigger.py for tasks to queue
[2024-07-19T16:44:39.787+0000] {logging_mixin.py:188} INFO - [2024-07-19T16:44:39.786+0000] {dagbag.py:545} INFO - Filling up the DagBag from /home/airflow/.local/lib/python3.12/site-packages/airflow/example_dags/example_latest_only_with_trigger.py
[2024-07-19T16:44:39.790+0000] {processor.py:840} INFO - DAG(s) 'latest_only_with_trigger' retrieved from /home/airflow/.local/lib/python3.12/site-packages/airflow/example_dags/example_latest_only_with_trigger.py
[2024-07-19T16:44:39.803+0000] {logging_mixin.py:188} INFO - [2024-07-19T16:44:39.803+0000] {dag.py:3089} INFO - Sync 1 DAGs
[2024-07-19T16:44:39.818+0000] {logging_mixin.py:188} INFO - [2024-07-19T16:44:39.818+0000] {dag.py:3947} INFO - Setting next_dagrun for latest_only_with_trigger to 2024-07-19 12:00:00+00:00, run_after=2024-07-19 16:00:00+00:00
[2024-07-19T16:44:39.831+0000] {processor.py:183} INFO - Processing /home/airflow/.local/lib/python3.12/site-packages/airflow/example_dags/example_latest_only_with_trigger.py took 0.050 seconds
[2024-07-19T16:45:10.012+0000] {processor.py:161} INFO - Started process (PID=248) to work on /home/airflow/.local/lib/python3.12/site-packages/airflow/example_dags/example_latest_only_with_trigger.py
[2024-07-19T16:45:10.013+0000] {processor.py:830} INFO - Processing file /home/airflow/.local/lib/python3.12/site-packages/airflow/example_dags/example_latest_only_with_trigger.py for tasks to queue
[2024-07-19T16:45:10.014+0000] {logging_mixin.py:188} INFO - [2024-07-19T16:45:10.014+0000] {dagbag.py:545} INFO - Filling up the DagBag from /home/airflow/.local/lib/python3.12/site-packages/airflow/example_dags/example_latest_only_with_trigger.py
[2024-07-19T16:45:10.018+0000] {processor.py:840} INFO - DAG(s) 'latest_only_with_trigger' retrieved from /home/airflow/.local/lib/python3.12/site-packages/airflow/example_dags/example_latest_only_with_trigger.py
[2024-07-19T16:45:10.030+0000] {logging_mixin.py:188} INFO - [2024-07-19T16:45:10.030+0000] {dag.py:3089} INFO - Sync 1 DAGs
[2024-07-19T16:45:10.044+0000] {logging_mixin.py:188} INFO - [2024-07-19T16:45:10.044+0000] {dag.py:3947} INFO - Setting next_dagrun for latest_only_with_trigger to 2024-07-19 12:00:00+00:00, run_after=2024-07-19 16:00:00+00:00
[2024-07-19T16:45:10.057+0000] {processor.py:183} INFO - Processing /home/airflow/.local/lib/python3.12/site-packages/airflow/example_dags/example_latest_only_with_trigger.py took 0.048 seconds
[2024-07-19T16:45:40.154+0000] {processor.py:161} INFO - Started process (PID=306) to work on /home/airflow/.local/lib/python3.12/site-packages/airflow/example_dags/example_latest_only_with_trigger.py
[2024-07-19T16:45:40.154+0000] {processor.py:830} INFO - Processing file /home/airflow/.local/lib/python3.12/site-packages/airflow/example_dags/example_latest_only_with_trigger.py for tasks to queue
[2024-07-19T16:45:40.155+0000] {logging_mixin.py:188} INFO - [2024-07-19T16:45:40.155+0000] {dagbag.py:545} INFO - Filling up the DagBag from /home/airflow/.local/lib/python3.12/site-packages/airflow/example_dags/example_latest_only_with_trigger.py
[2024-07-19T16:45:40.159+0000] {processor.py:840} INFO - DAG(s) 'latest_only_with_trigger' retrieved from /home/airflow/.local/lib/python3.12/site-packages/airflow/example_dags/example_latest_only_with_trigger.py
[2024-07-19T16:45:40.172+0000] {logging_mixin.py:188} INFO - [2024-07-19T16:45:40.172+0000] {dag.py:3089} INFO - Sync 1 DAGs
[2024-07-19T16:45:40.186+0000] {logging_mixin.py:188} INFO - [2024-07-19T16:45:40.186+0000] {dag.py:3947} INFO - Setting next_dagrun for latest_only_with_trigger to 2024-07-19 12:00:00+00:00, run_after=2024-07-19 16:00:00+00:00
[2024-07-19T16:45:40.198+0000] {processor.py:183} INFO - Processing /home/airflow/.local/lib/python3.12/site-packages/airflow/example_dags/example_latest_only_with_trigger.py took 0.048 seconds
[2024-07-19T16:46:10.463+0000] {processor.py:161} INFO - Started process (PID=364) to work on /home/airflow/.local/lib/python3.12/site-packages/airflow/example_dags/example_latest_only_with_trigger.py
[2024-07-19T16:46:10.463+0000] {processor.py:830} INFO - Processing file /home/airflow/.local/lib/python3.12/site-packages/airflow/example_dags/example_latest_only_with_trigger.py for tasks to queue
[2024-07-19T16:46:10.465+0000] {logging_mixin.py:188} INFO - [2024-07-19T16:46:10.464+0000] {dagbag.py:545} INFO - Filling up the DagBag from /home/airflow/.local/lib/python3.12/site-packages/airflow/example_dags/example_latest_only_with_trigger.py
[2024-07-19T16:46:10.468+0000] {processor.py:840} INFO - DAG(s) 'latest_only_with_trigger' retrieved from /home/airflow/.local/lib/python3.12/site-packages/airflow/example_dags/example_latest_only_with_trigger.py
[2024-07-19T16:46:10.481+0000] {logging_mixin.py:188} INFO - [2024-07-19T16:46:10.481+0000] {dag.py:3089} INFO - Sync 1 DAGs
[2024-07-19T16:46:10.495+0000] {logging_mixin.py:188} INFO - [2024-07-19T16:46:10.495+0000] {dag.py:3947} INFO - Setting next_dagrun for latest_only_with_trigger to 2024-07-19 12:00:00+00:00, run_after=2024-07-19 16:00:00+00:00
[2024-07-19T16:46:10.507+0000] {processor.py:183} INFO - Processing /home/airflow/.local/lib/python3.12/site-packages/airflow/example_dags/example_latest_only_with_trigger.py took 0.048 seconds
[2024-07-19T16:46:40.578+0000] {processor.py:161} INFO - Started process (PID=422) to work on /home/airflow/.local/lib/python3.12/site-packages/airflow/example_dags/example_latest_only_with_trigger.py
[2024-07-19T16:46:40.578+0000] {processor.py:830} INFO - Processing file /home/airflow/.local/lib/python3.12/site-packages/airflow/example_dags/example_latest_only_with_trigger.py for tasks to queue
[2024-07-19T16:46:40.579+0000] {logging_mixin.py:188} INFO - [2024-07-19T16:46:40.579+0000] {dagbag.py:545} INFO - Filling up the DagBag from /home/airflow/.local/lib/python3.12/site-packages/airflow/example_dags/example_latest_only_with_trigger.py
[2024-07-19T16:46:40.583+0000] {processor.py:840} INFO - DAG(s) 'latest_only_with_trigger' retrieved from /home/airflow/.local/lib/python3.12/site-packages/airflow/example_dags/example_latest_only_with_trigger.py
[2024-07-19T16:46:40.595+0000] {logging_mixin.py:188} INFO - [2024-07-19T16:46:40.595+0000] {dag.py:3089} INFO - Sync 1 DAGs
[2024-07-19T16:46:40.610+0000] {logging_mixin.py:188} INFO - [2024-07-19T16:46:40.609+0000] {dag.py:3947} INFO - Setting next_dagrun for latest_only_with_trigger to 2024-07-19 12:00:00+00:00, run_after=2024-07-19 16:00:00+00:00
[2024-07-19T16:46:40.622+0000] {processor.py:183} INFO - Processing /home/airflow/.local/lib/python3.12/site-packages/airflow/example_dags/example_latest_only_with_trigger.py took 0.048 seconds
[2024-07-19T16:47:10.669+0000] {processor.py:161} INFO - Started process (PID=480) to work on /home/airflow/.local/lib/python3.12/site-packages/airflow/example_dags/example_latest_only_with_trigger.py
[2024-07-19T16:47:10.669+0000] {processor.py:830} INFO - Processing file /home/airflow/.local/lib/python3.12/site-packages/airflow/example_dags/example_latest_only_with_trigger.py for tasks to queue
[2024-07-19T16:47:10.670+0000] {logging_mixin.py:188} INFO - [2024-07-19T16:47:10.670+0000] {dagbag.py:545} INFO - Filling up the DagBag from /home/airflow/.local/lib/python3.12/site-packages/airflow/example_dags/example_latest_only_with_trigger.py
[2024-07-19T16:47:10.673+0000] {processor.py:840} INFO - DAG(s) 'latest_only_with_trigger' retrieved from /home/airflow/.local/lib/python3.12/site-packages/airflow/example_dags/example_latest_only_with_trigger.py
[2024-07-19T16:47:10.686+0000] {logging_mixin.py:188} INFO - [2024-07-19T16:47:10.686+0000] {dag.py:3089} INFO - Sync 1 DAGs
[2024-07-19T16:47:10.700+0000] {logging_mixin.py:188} INFO - [2024-07-19T16:47:10.699+0000] {dag.py:3947} INFO - Setting next_dagrun for latest_only_with_trigger to 2024-07-19 12:00:00+00:00, run_after=2024-07-19 16:00:00+00:00
[2024-07-19T16:47:10.713+0000] {processor.py:183} INFO - Processing /home/airflow/.local/lib/python3.12/site-packages/airflow/example_dags/example_latest_only_with_trigger.py took 0.048 seconds
[2024-07-19T16:47:41.001+0000] {processor.py:161} INFO - Started process (PID=538) to work on /home/airflow/.local/lib/python3.12/site-packages/airflow/example_dags/example_latest_only_with_trigger.py
[2024-07-19T16:47:41.001+0000] {processor.py:830} INFO - Processing file /home/airflow/.local/lib/python3.12/site-packages/airflow/example_dags/example_latest_only_with_trigger.py for tasks to queue
[2024-07-19T16:47:41.002+0000] {logging_mixin.py:188} INFO - [2024-07-19T16:47:41.002+0000] {dagbag.py:545} INFO - Filling up the DagBag from /home/airflow/.local/lib/python3.12/site-packages/airflow/example_dags/example_latest_only_with_trigger.py
[2024-07-19T16:47:41.006+0000] {processor.py:840} INFO - DAG(s) 'latest_only_with_trigger' retrieved from /home/airflow/.local/lib/python3.12/site-packages/airflow/example_dags/example_latest_only_with_trigger.py
[2024-07-19T16:47:41.019+0000] {logging_mixin.py:188} INFO - [2024-07-19T16:47:41.018+0000] {dag.py:3089} INFO - Sync 1 DAGs
[2024-07-19T16:47:41.032+0000] {logging_mixin.py:188} INFO - [2024-07-19T16:47:41.032+0000] {dag.py:3947} INFO - Setting next_dagrun for latest_only_with_trigger to 2024-07-19 12:00:00+00:00, run_after=2024-07-19 16:00:00+00:00
[2024-07-19T16:47:41.046+0000] {processor.py:183} INFO - Processing /home/airflow/.local/lib/python3.12/site-packages/airflow/example_dags/example_latest_only_with_trigger.py took 0.048 seconds
[2024-07-19T16:48:11.210+0000] {processor.py:161} INFO - Started process (PID=596) to work on /home/airflow/.local/lib/python3.12/site-packages/airflow/example_dags/example_latest_only_with_trigger.py
[2024-07-19T16:48:11.211+0000] {processor.py:830} INFO - Processing file /home/airflow/.local/lib/python3.12/site-packages/airflow/example_dags/example_latest_only_with_trigger.py for tasks to queue
[2024-07-19T16:48:11.212+0000] {logging_mixin.py:188} INFO - [2024-07-19T16:48:11.212+0000] {dagbag.py:545} INFO - Filling up the DagBag from /home/airflow/.local/lib/python3.12/site-packages/airflow/example_dags/example_latest_only_with_trigger.py
[2024-07-19T16:48:11.216+0000] {processor.py:840} INFO - DAG(s) 'latest_only_with_trigger' retrieved from /home/airflow/.local/lib/python3.12/site-packages/airflow/example_dags/example_latest_only_with_trigger.py
[2024-07-19T16:48:11.229+0000] {logging_mixin.py:188} INFO - [2024-07-19T16:48:11.228+0000] {dag.py:3089} INFO - Sync 1 DAGs
[2024-07-19T16:48:11.243+0000] {logging_mixin.py:188} INFO - [2024-07-19T16:48:11.243+0000] {dag.py:3947} INFO - Setting next_dagrun for latest_only_with_trigger to 2024-07-19 12:00:00+00:00, run_after=2024-07-19 16:00:00+00:00
[2024-07-19T16:48:11.256+0000] {processor.py:183} INFO - Processing /home/airflow/.local/lib/python3.12/site-packages/airflow/example_dags/example_latest_only_with_trigger.py took 0.049 seconds
