[2024-07-19T14:45:02.527+0000] {processor.py:161} INFO - Started process (PID=55) to work on /home/airflow/.local/lib/python3.12/site-packages/airflow/example_dags/example_sla_dag.py
[2024-07-19T14:45:02.528+0000] {processor.py:830} INFO - Processing file /home/airflow/.local/lib/python3.12/site-packages/airflow/example_dags/example_sla_dag.py for tasks to queue
[2024-07-19T14:45:02.529+0000] {logging_mixin.py:188} INFO - [2024-07-19T14:45:02.529+0000] {dagbag.py:545} INFO - Filling up the DagBag from /home/airflow/.local/lib/python3.12/site-packages/airflow/example_dags/example_sla_dag.py
[2024-07-19T14:45:02.537+0000] {processor.py:840} INFO - DAG(s) 'example_sla_dag' retrieved from /home/airflow/.local/lib/python3.12/site-packages/airflow/example_dags/example_sla_dag.py
[2024-07-19T14:45:02.547+0000] {logging_mixin.py:188} INFO - [2024-07-19T14:45:02.546+0000] {dag.py:3089} INFO - Sync 1 DAGs
[2024-07-19T14:45:02.571+0000] {logging_mixin.py:188} INFO - [2024-07-19T14:45:02.570+0000] {dag.py:3947} INFO - Setting next_dagrun for example_sla_dag to 2024-07-19 14:42:00+00:00, run_after=2024-07-19 14:44:00+00:00
[2024-07-19T14:45:02.586+0000] {processor.py:183} INFO - Processing /home/airflow/.local/lib/python3.12/site-packages/airflow/example_dags/example_sla_dag.py took 0.063 seconds
[2024-07-19T14:45:32.784+0000] {processor.py:161} INFO - Started process (PID=113) to work on /home/airflow/.local/lib/python3.12/site-packages/airflow/example_dags/example_sla_dag.py
[2024-07-19T14:45:32.785+0000] {processor.py:830} INFO - Processing file /home/airflow/.local/lib/python3.12/site-packages/airflow/example_dags/example_sla_dag.py for tasks to queue
[2024-07-19T14:45:32.786+0000] {logging_mixin.py:188} INFO - [2024-07-19T14:45:32.786+0000] {dagbag.py:545} INFO - Filling up the DagBag from /home/airflow/.local/lib/python3.12/site-packages/airflow/example_dags/example_sla_dag.py
[2024-07-19T14:45:32.792+0000] {processor.py:840} INFO - DAG(s) 'example_sla_dag' retrieved from /home/airflow/.local/lib/python3.12/site-packages/airflow/example_dags/example_sla_dag.py
[2024-07-19T14:45:32.860+0000] {logging_mixin.py:188} INFO - [2024-07-19T14:45:32.860+0000] {dag.py:3089} INFO - Sync 1 DAGs
[2024-07-19T14:45:32.874+0000] {logging_mixin.py:188} INFO - [2024-07-19T14:45:32.874+0000] {dag.py:3947} INFO - Setting next_dagrun for example_sla_dag to 2024-07-19 14:42:00+00:00, run_after=2024-07-19 14:44:00+00:00
[2024-07-19T14:45:32.887+0000] {processor.py:183} INFO - Processing /home/airflow/.local/lib/python3.12/site-packages/airflow/example_dags/example_sla_dag.py took 0.107 seconds
[2024-07-19T14:46:03.254+0000] {processor.py:161} INFO - Started process (PID=171) to work on /home/airflow/.local/lib/python3.12/site-packages/airflow/example_dags/example_sla_dag.py
[2024-07-19T14:46:03.255+0000] {processor.py:830} INFO - Processing file /home/airflow/.local/lib/python3.12/site-packages/airflow/example_dags/example_sla_dag.py for tasks to queue
[2024-07-19T14:46:03.256+0000] {logging_mixin.py:188} INFO - [2024-07-19T14:46:03.256+0000] {dagbag.py:545} INFO - Filling up the DagBag from /home/airflow/.local/lib/python3.12/site-packages/airflow/example_dags/example_sla_dag.py
[2024-07-19T14:46:03.261+0000] {processor.py:840} INFO - DAG(s) 'example_sla_dag' retrieved from /home/airflow/.local/lib/python3.12/site-packages/airflow/example_dags/example_sla_dag.py
[2024-07-19T14:46:03.273+0000] {logging_mixin.py:188} INFO - [2024-07-19T14:46:03.273+0000] {dag.py:3089} INFO - Sync 1 DAGs
[2024-07-19T14:46:03.289+0000] {logging_mixin.py:188} INFO - [2024-07-19T14:46:03.289+0000] {dag.py:3947} INFO - Setting next_dagrun for example_sla_dag to 2024-07-19 14:44:00+00:00, run_after=2024-07-19 14:46:00+00:00
[2024-07-19T14:46:03.302+0000] {processor.py:183} INFO - Processing /home/airflow/.local/lib/python3.12/site-packages/airflow/example_dags/example_sla_dag.py took 0.051 seconds
[2024-07-19T14:46:33.439+0000] {processor.py:161} INFO - Started process (PID=229) to work on /home/airflow/.local/lib/python3.12/site-packages/airflow/example_dags/example_sla_dag.py
[2024-07-19T14:46:33.439+0000] {processor.py:830} INFO - Processing file /home/airflow/.local/lib/python3.12/site-packages/airflow/example_dags/example_sla_dag.py for tasks to queue
[2024-07-19T14:46:33.441+0000] {logging_mixin.py:188} INFO - [2024-07-19T14:46:33.440+0000] {dagbag.py:545} INFO - Filling up the DagBag from /home/airflow/.local/lib/python3.12/site-packages/airflow/example_dags/example_sla_dag.py
[2024-07-19T14:46:33.446+0000] {processor.py:840} INFO - DAG(s) 'example_sla_dag' retrieved from /home/airflow/.local/lib/python3.12/site-packages/airflow/example_dags/example_sla_dag.py
[2024-07-19T14:46:33.458+0000] {logging_mixin.py:188} INFO - [2024-07-19T14:46:33.458+0000] {dag.py:3089} INFO - Sync 1 DAGs
[2024-07-19T14:46:33.474+0000] {logging_mixin.py:188} INFO - [2024-07-19T14:46:33.474+0000] {dag.py:3947} INFO - Setting next_dagrun for example_sla_dag to 2024-07-19 14:44:00+00:00, run_after=2024-07-19 14:46:00+00:00
[2024-07-19T14:46:33.485+0000] {processor.py:183} INFO - Processing /home/airflow/.local/lib/python3.12/site-packages/airflow/example_dags/example_sla_dag.py took 0.050 seconds
[2024-07-19T14:47:03.590+0000] {processor.py:161} INFO - Started process (PID=287) to work on /home/airflow/.local/lib/python3.12/site-packages/airflow/example_dags/example_sla_dag.py
[2024-07-19T14:47:03.590+0000] {processor.py:830} INFO - Processing file /home/airflow/.local/lib/python3.12/site-packages/airflow/example_dags/example_sla_dag.py for tasks to queue
[2024-07-19T14:47:03.591+0000] {logging_mixin.py:188} INFO - [2024-07-19T14:47:03.591+0000] {dagbag.py:545} INFO - Filling up the DagBag from /home/airflow/.local/lib/python3.12/site-packages/airflow/example_dags/example_sla_dag.py
[2024-07-19T14:47:03.596+0000] {processor.py:840} INFO - DAG(s) 'example_sla_dag' retrieved from /home/airflow/.local/lib/python3.12/site-packages/airflow/example_dags/example_sla_dag.py
[2024-07-19T14:47:03.609+0000] {logging_mixin.py:188} INFO - [2024-07-19T14:47:03.609+0000] {dag.py:3089} INFO - Sync 1 DAGs
[2024-07-19T14:47:03.625+0000] {logging_mixin.py:188} INFO - [2024-07-19T14:47:03.624+0000] {dag.py:3947} INFO - Setting next_dagrun for example_sla_dag to 2024-07-19 14:44:00+00:00, run_after=2024-07-19 14:46:00+00:00
[2024-07-19T14:47:03.639+0000] {processor.py:183} INFO - Processing /home/airflow/.local/lib/python3.12/site-packages/airflow/example_dags/example_sla_dag.py took 0.053 seconds
[2024-07-19T14:47:33.810+0000] {processor.py:161} INFO - Started process (PID=345) to work on /home/airflow/.local/lib/python3.12/site-packages/airflow/example_dags/example_sla_dag.py
[2024-07-19T14:47:33.810+0000] {processor.py:830} INFO - Processing file /home/airflow/.local/lib/python3.12/site-packages/airflow/example_dags/example_sla_dag.py for tasks to queue
[2024-07-19T14:47:33.811+0000] {logging_mixin.py:188} INFO - [2024-07-19T14:47:33.811+0000] {dagbag.py:545} INFO - Filling up the DagBag from /home/airflow/.local/lib/python3.12/site-packages/airflow/example_dags/example_sla_dag.py
[2024-07-19T14:47:33.817+0000] {processor.py:840} INFO - DAG(s) 'example_sla_dag' retrieved from /home/airflow/.local/lib/python3.12/site-packages/airflow/example_dags/example_sla_dag.py
[2024-07-19T14:47:33.829+0000] {logging_mixin.py:188} INFO - [2024-07-19T14:47:33.829+0000] {dag.py:3089} INFO - Sync 1 DAGs
[2024-07-19T14:47:33.845+0000] {logging_mixin.py:188} INFO - [2024-07-19T14:47:33.845+0000] {dag.py:3947} INFO - Setting next_dagrun for example_sla_dag to 2024-07-19 14:44:00+00:00, run_after=2024-07-19 14:46:00+00:00
[2024-07-19T14:47:33.860+0000] {processor.py:183} INFO - Processing /home/airflow/.local/lib/python3.12/site-packages/airflow/example_dags/example_sla_dag.py took 0.054 seconds
[2024-07-19T14:48:03.946+0000] {processor.py:161} INFO - Started process (PID=403) to work on /home/airflow/.local/lib/python3.12/site-packages/airflow/example_dags/example_sla_dag.py
[2024-07-19T14:48:03.946+0000] {processor.py:830} INFO - Processing file /home/airflow/.local/lib/python3.12/site-packages/airflow/example_dags/example_sla_dag.py for tasks to queue
[2024-07-19T14:48:03.948+0000] {logging_mixin.py:188} INFO - [2024-07-19T14:48:03.948+0000] {dagbag.py:545} INFO - Filling up the DagBag from /home/airflow/.local/lib/python3.12/site-packages/airflow/example_dags/example_sla_dag.py
[2024-07-19T14:48:03.953+0000] {processor.py:840} INFO - DAG(s) 'example_sla_dag' retrieved from /home/airflow/.local/lib/python3.12/site-packages/airflow/example_dags/example_sla_dag.py
[2024-07-19T14:48:03.966+0000] {logging_mixin.py:188} INFO - [2024-07-19T14:48:03.965+0000] {dag.py:3089} INFO - Sync 1 DAGs
[2024-07-19T14:48:03.981+0000] {logging_mixin.py:188} INFO - [2024-07-19T14:48:03.981+0000] {dag.py:3947} INFO - Setting next_dagrun for example_sla_dag to 2024-07-19 14:46:00+00:00, run_after=2024-07-19 14:48:00+00:00
[2024-07-19T14:48:03.994+0000] {processor.py:183} INFO - Processing /home/airflow/.local/lib/python3.12/site-packages/airflow/example_dags/example_sla_dag.py took 0.052 seconds
[2024-07-19T14:48:34.174+0000] {processor.py:161} INFO - Started process (PID=461) to work on /home/airflow/.local/lib/python3.12/site-packages/airflow/example_dags/example_sla_dag.py
[2024-07-19T14:48:34.175+0000] {processor.py:830} INFO - Processing file /home/airflow/.local/lib/python3.12/site-packages/airflow/example_dags/example_sla_dag.py for tasks to queue
[2024-07-19T14:48:34.176+0000] {logging_mixin.py:188} INFO - [2024-07-19T14:48:34.176+0000] {dagbag.py:545} INFO - Filling up the DagBag from /home/airflow/.local/lib/python3.12/site-packages/airflow/example_dags/example_sla_dag.py
[2024-07-19T14:48:34.181+0000] {processor.py:840} INFO - DAG(s) 'example_sla_dag' retrieved from /home/airflow/.local/lib/python3.12/site-packages/airflow/example_dags/example_sla_dag.py
[2024-07-19T14:48:34.194+0000] {logging_mixin.py:188} INFO - [2024-07-19T14:48:34.194+0000] {dag.py:3089} INFO - Sync 1 DAGs
[2024-07-19T14:48:34.210+0000] {logging_mixin.py:188} INFO - [2024-07-19T14:48:34.210+0000] {dag.py:3947} INFO - Setting next_dagrun for example_sla_dag to 2024-07-19 14:46:00+00:00, run_after=2024-07-19 14:48:00+00:00
[2024-07-19T14:48:34.222+0000] {processor.py:183} INFO - Processing /home/airflow/.local/lib/python3.12/site-packages/airflow/example_dags/example_sla_dag.py took 0.051 seconds
[2024-07-19T14:49:04.310+0000] {processor.py:161} INFO - Started process (PID=519) to work on /home/airflow/.local/lib/python3.12/site-packages/airflow/example_dags/example_sla_dag.py
[2024-07-19T14:49:04.310+0000] {processor.py:830} INFO - Processing file /home/airflow/.local/lib/python3.12/site-packages/airflow/example_dags/example_sla_dag.py for tasks to queue
[2024-07-19T14:49:04.312+0000] {logging_mixin.py:188} INFO - [2024-07-19T14:49:04.311+0000] {dagbag.py:545} INFO - Filling up the DagBag from /home/airflow/.local/lib/python3.12/site-packages/airflow/example_dags/example_sla_dag.py
[2024-07-19T14:49:04.316+0000] {processor.py:840} INFO - DAG(s) 'example_sla_dag' retrieved from /home/airflow/.local/lib/python3.12/site-packages/airflow/example_dags/example_sla_dag.py
[2024-07-19T14:49:04.328+0000] {logging_mixin.py:188} INFO - [2024-07-19T14:49:04.328+0000] {dag.py:3089} INFO - Sync 1 DAGs
[2024-07-19T14:49:04.343+0000] {logging_mixin.py:188} INFO - [2024-07-19T14:49:04.343+0000] {dag.py:3947} INFO - Setting next_dagrun for example_sla_dag to 2024-07-19 14:46:00+00:00, run_after=2024-07-19 14:48:00+00:00
[2024-07-19T14:49:04.355+0000] {processor.py:183} INFO - Processing /home/airflow/.local/lib/python3.12/site-packages/airflow/example_dags/example_sla_dag.py took 0.049 seconds
[2024-07-19T16:43:37.902+0000] {processor.py:161} INFO - Started process (PID=48) to work on /home/airflow/.local/lib/python3.12/site-packages/airflow/example_dags/example_sla_dag.py
[2024-07-19T16:43:37.903+0000] {processor.py:830} INFO - Processing file /home/airflow/.local/lib/python3.12/site-packages/airflow/example_dags/example_sla_dag.py for tasks to queue
[2024-07-19T16:43:37.904+0000] {logging_mixin.py:188} INFO - [2024-07-19T16:43:37.904+0000] {dagbag.py:545} INFO - Filling up the DagBag from /home/airflow/.local/lib/python3.12/site-packages/airflow/example_dags/example_sla_dag.py
[2024-07-19T16:43:37.912+0000] {processor.py:840} INFO - DAG(s) 'example_sla_dag' retrieved from /home/airflow/.local/lib/python3.12/site-packages/airflow/example_dags/example_sla_dag.py
[2024-07-19T16:43:37.920+0000] {logging_mixin.py:188} INFO - [2024-07-19T16:43:37.920+0000] {dag.py:3089} INFO - Sync 1 DAGs
[2024-07-19T16:43:37.941+0000] {logging_mixin.py:188} INFO - [2024-07-19T16:43:37.941+0000] {dag.py:3947} INFO - Setting next_dagrun for example_sla_dag to 2024-07-19 16:40:00+00:00, run_after=2024-07-19 16:42:00+00:00
[2024-07-19T16:43:37.953+0000] {processor.py:183} INFO - Processing /home/airflow/.local/lib/python3.12/site-packages/airflow/example_dags/example_sla_dag.py took 0.058 seconds
[2024-07-19T16:44:08.175+0000] {processor.py:161} INFO - Started process (PID=106) to work on /home/airflow/.local/lib/python3.12/site-packages/airflow/example_dags/example_sla_dag.py
[2024-07-19T16:44:08.175+0000] {processor.py:830} INFO - Processing file /home/airflow/.local/lib/python3.12/site-packages/airflow/example_dags/example_sla_dag.py for tasks to queue
[2024-07-19T16:44:08.177+0000] {logging_mixin.py:188} INFO - [2024-07-19T16:44:08.176+0000] {dagbag.py:545} INFO - Filling up the DagBag from /home/airflow/.local/lib/python3.12/site-packages/airflow/example_dags/example_sla_dag.py
[2024-07-19T16:44:08.183+0000] {processor.py:840} INFO - DAG(s) 'example_sla_dag' retrieved from /home/airflow/.local/lib/python3.12/site-packages/airflow/example_dags/example_sla_dag.py
[2024-07-19T16:44:08.252+0000] {logging_mixin.py:188} INFO - [2024-07-19T16:44:08.252+0000] {dag.py:3089} INFO - Sync 1 DAGs
[2024-07-19T16:44:08.267+0000] {logging_mixin.py:188} INFO - [2024-07-19T16:44:08.267+0000] {dag.py:3947} INFO - Setting next_dagrun for example_sla_dag to 2024-07-19 16:42:00+00:00, run_after=2024-07-19 16:44:00+00:00
[2024-07-19T16:44:08.280+0000] {processor.py:183} INFO - Processing /home/airflow/.local/lib/python3.12/site-packages/airflow/example_dags/example_sla_dag.py took 0.109 seconds
[2024-07-19T16:44:38.723+0000] {processor.py:161} INFO - Started process (PID=164) to work on /home/airflow/.local/lib/python3.12/site-packages/airflow/example_dags/example_sla_dag.py
[2024-07-19T16:44:38.724+0000] {processor.py:830} INFO - Processing file /home/airflow/.local/lib/python3.12/site-packages/airflow/example_dags/example_sla_dag.py for tasks to queue
[2024-07-19T16:44:38.725+0000] {logging_mixin.py:188} INFO - [2024-07-19T16:44:38.725+0000] {dagbag.py:545} INFO - Filling up the DagBag from /home/airflow/.local/lib/python3.12/site-packages/airflow/example_dags/example_sla_dag.py
[2024-07-19T16:44:38.730+0000] {processor.py:840} INFO - DAG(s) 'example_sla_dag' retrieved from /home/airflow/.local/lib/python3.12/site-packages/airflow/example_dags/example_sla_dag.py
[2024-07-19T16:44:38.743+0000] {logging_mixin.py:188} INFO - [2024-07-19T16:44:38.743+0000] {dag.py:3089} INFO - Sync 1 DAGs
[2024-07-19T16:44:38.759+0000] {logging_mixin.py:188} INFO - [2024-07-19T16:44:38.759+0000] {dag.py:3947} INFO - Setting next_dagrun for example_sla_dag to 2024-07-19 16:42:00+00:00, run_after=2024-07-19 16:44:00+00:00
[2024-07-19T16:44:38.772+0000] {processor.py:183} INFO - Processing /home/airflow/.local/lib/python3.12/site-packages/airflow/example_dags/example_sla_dag.py took 0.052 seconds
[2024-07-19T16:45:09.260+0000] {processor.py:161} INFO - Started process (PID=228) to work on /home/airflow/.local/lib/python3.12/site-packages/airflow/example_dags/example_sla_dag.py
[2024-07-19T16:45:09.261+0000] {processor.py:830} INFO - Processing file /home/airflow/.local/lib/python3.12/site-packages/airflow/example_dags/example_sla_dag.py for tasks to queue
[2024-07-19T16:45:09.262+0000] {logging_mixin.py:188} INFO - [2024-07-19T16:45:09.261+0000] {dagbag.py:545} INFO - Filling up the DagBag from /home/airflow/.local/lib/python3.12/site-packages/airflow/example_dags/example_sla_dag.py
[2024-07-19T16:45:09.267+0000] {processor.py:840} INFO - DAG(s) 'example_sla_dag' retrieved from /home/airflow/.local/lib/python3.12/site-packages/airflow/example_dags/example_sla_dag.py
[2024-07-19T16:45:09.280+0000] {logging_mixin.py:188} INFO - [2024-07-19T16:45:09.279+0000] {dag.py:3089} INFO - Sync 1 DAGs
[2024-07-19T16:45:09.296+0000] {logging_mixin.py:188} INFO - [2024-07-19T16:45:09.296+0000] {dag.py:3947} INFO - Setting next_dagrun for example_sla_dag to 2024-07-19 16:42:00+00:00, run_after=2024-07-19 16:44:00+00:00
[2024-07-19T16:45:09.310+0000] {processor.py:183} INFO - Processing /home/airflow/.local/lib/python3.12/site-packages/airflow/example_dags/example_sla_dag.py took 0.054 seconds
[2024-07-19T16:45:39.416+0000] {processor.py:161} INFO - Started process (PID=286) to work on /home/airflow/.local/lib/python3.12/site-packages/airflow/example_dags/example_sla_dag.py
[2024-07-19T16:45:39.416+0000] {processor.py:830} INFO - Processing file /home/airflow/.local/lib/python3.12/site-packages/airflow/example_dags/example_sla_dag.py for tasks to queue
[2024-07-19T16:45:39.418+0000] {logging_mixin.py:188} INFO - [2024-07-19T16:45:39.417+0000] {dagbag.py:545} INFO - Filling up the DagBag from /home/airflow/.local/lib/python3.12/site-packages/airflow/example_dags/example_sla_dag.py
[2024-07-19T16:45:39.423+0000] {processor.py:840} INFO - DAG(s) 'example_sla_dag' retrieved from /home/airflow/.local/lib/python3.12/site-packages/airflow/example_dags/example_sla_dag.py
[2024-07-19T16:45:39.435+0000] {logging_mixin.py:188} INFO - [2024-07-19T16:45:39.435+0000] {dag.py:3089} INFO - Sync 1 DAGs
[2024-07-19T16:45:39.451+0000] {logging_mixin.py:188} INFO - [2024-07-19T16:45:39.451+0000] {dag.py:3947} INFO - Setting next_dagrun for example_sla_dag to 2024-07-19 16:42:00+00:00, run_after=2024-07-19 16:44:00+00:00
[2024-07-19T16:45:39.462+0000] {processor.py:183} INFO - Processing /home/airflow/.local/lib/python3.12/site-packages/airflow/example_dags/example_sla_dag.py took 0.050 seconds
[2024-07-19T16:46:09.571+0000] {processor.py:161} INFO - Started process (PID=344) to work on /home/airflow/.local/lib/python3.12/site-packages/airflow/example_dags/example_sla_dag.py
[2024-07-19T16:46:09.572+0000] {processor.py:830} INFO - Processing file /home/airflow/.local/lib/python3.12/site-packages/airflow/example_dags/example_sla_dag.py for tasks to queue
[2024-07-19T16:46:09.573+0000] {logging_mixin.py:188} INFO - [2024-07-19T16:46:09.573+0000] {dagbag.py:545} INFO - Filling up the DagBag from /home/airflow/.local/lib/python3.12/site-packages/airflow/example_dags/example_sla_dag.py
[2024-07-19T16:46:09.578+0000] {processor.py:840} INFO - DAG(s) 'example_sla_dag' retrieved from /home/airflow/.local/lib/python3.12/site-packages/airflow/example_dags/example_sla_dag.py
[2024-07-19T16:46:09.590+0000] {logging_mixin.py:188} INFO - [2024-07-19T16:46:09.590+0000] {dag.py:3089} INFO - Sync 1 DAGs
[2024-07-19T16:46:09.606+0000] {logging_mixin.py:188} INFO - [2024-07-19T16:46:09.606+0000] {dag.py:3947} INFO - Setting next_dagrun for example_sla_dag to 2024-07-19 16:44:00+00:00, run_after=2024-07-19 16:46:00+00:00
[2024-07-19T16:46:09.618+0000] {processor.py:183} INFO - Processing /home/airflow/.local/lib/python3.12/site-packages/airflow/example_dags/example_sla_dag.py took 0.050 seconds
[2024-07-19T16:46:39.678+0000] {processor.py:161} INFO - Started process (PID=402) to work on /home/airflow/.local/lib/python3.12/site-packages/airflow/example_dags/example_sla_dag.py
[2024-07-19T16:46:39.679+0000] {processor.py:830} INFO - Processing file /home/airflow/.local/lib/python3.12/site-packages/airflow/example_dags/example_sla_dag.py for tasks to queue
[2024-07-19T16:46:39.680+0000] {logging_mixin.py:188} INFO - [2024-07-19T16:46:39.680+0000] {dagbag.py:545} INFO - Filling up the DagBag from /home/airflow/.local/lib/python3.12/site-packages/airflow/example_dags/example_sla_dag.py
[2024-07-19T16:46:39.685+0000] {processor.py:840} INFO - DAG(s) 'example_sla_dag' retrieved from /home/airflow/.local/lib/python3.12/site-packages/airflow/example_dags/example_sla_dag.py
[2024-07-19T16:46:39.697+0000] {logging_mixin.py:188} INFO - [2024-07-19T16:46:39.697+0000] {dag.py:3089} INFO - Sync 1 DAGs
[2024-07-19T16:46:39.714+0000] {logging_mixin.py:188} INFO - [2024-07-19T16:46:39.714+0000] {dag.py:3947} INFO - Setting next_dagrun for example_sla_dag to 2024-07-19 16:44:00+00:00, run_after=2024-07-19 16:46:00+00:00
[2024-07-19T16:46:39.726+0000] {processor.py:183} INFO - Processing /home/airflow/.local/lib/python3.12/site-packages/airflow/example_dags/example_sla_dag.py took 0.051 seconds
[2024-07-19T16:47:09.832+0000] {processor.py:161} INFO - Started process (PID=460) to work on /home/airflow/.local/lib/python3.12/site-packages/airflow/example_dags/example_sla_dag.py
[2024-07-19T16:47:09.832+0000] {processor.py:830} INFO - Processing file /home/airflow/.local/lib/python3.12/site-packages/airflow/example_dags/example_sla_dag.py for tasks to queue
[2024-07-19T16:47:09.833+0000] {logging_mixin.py:188} INFO - [2024-07-19T16:47:09.833+0000] {dagbag.py:545} INFO - Filling up the DagBag from /home/airflow/.local/lib/python3.12/site-packages/airflow/example_dags/example_sla_dag.py
[2024-07-19T16:47:09.838+0000] {processor.py:840} INFO - DAG(s) 'example_sla_dag' retrieved from /home/airflow/.local/lib/python3.12/site-packages/airflow/example_dags/example_sla_dag.py
[2024-07-19T16:47:09.851+0000] {logging_mixin.py:188} INFO - [2024-07-19T16:47:09.850+0000] {dag.py:3089} INFO - Sync 1 DAGs
[2024-07-19T16:47:09.867+0000] {logging_mixin.py:188} INFO - [2024-07-19T16:47:09.866+0000] {dag.py:3947} INFO - Setting next_dagrun for example_sla_dag to 2024-07-19 16:44:00+00:00, run_after=2024-07-19 16:46:00+00:00
[2024-07-19T16:47:09.881+0000] {processor.py:183} INFO - Processing /home/airflow/.local/lib/python3.12/site-packages/airflow/example_dags/example_sla_dag.py took 0.053 seconds
[2024-07-19T16:47:40.242+0000] {processor.py:161} INFO - Started process (PID=518) to work on /home/airflow/.local/lib/python3.12/site-packages/airflow/example_dags/example_sla_dag.py
[2024-07-19T16:47:40.243+0000] {processor.py:830} INFO - Processing file /home/airflow/.local/lib/python3.12/site-packages/airflow/example_dags/example_sla_dag.py for tasks to queue
[2024-07-19T16:47:40.244+0000] {logging_mixin.py:188} INFO - [2024-07-19T16:47:40.243+0000] {dagbag.py:545} INFO - Filling up the DagBag from /home/airflow/.local/lib/python3.12/site-packages/airflow/example_dags/example_sla_dag.py
[2024-07-19T16:47:40.249+0000] {processor.py:840} INFO - DAG(s) 'example_sla_dag' retrieved from /home/airflow/.local/lib/python3.12/site-packages/airflow/example_dags/example_sla_dag.py
[2024-07-19T16:47:40.261+0000] {logging_mixin.py:188} INFO - [2024-07-19T16:47:40.261+0000] {dag.py:3089} INFO - Sync 1 DAGs
[2024-07-19T16:47:40.277+0000] {logging_mixin.py:188} INFO - [2024-07-19T16:47:40.276+0000] {dag.py:3947} INFO - Setting next_dagrun for example_sla_dag to 2024-07-19 16:44:00+00:00, run_after=2024-07-19 16:46:00+00:00
[2024-07-19T16:47:40.290+0000] {processor.py:183} INFO - Processing /home/airflow/.local/lib/python3.12/site-packages/airflow/example_dags/example_sla_dag.py took 0.052 seconds
[2024-07-19T16:48:10.407+0000] {processor.py:161} INFO - Started process (PID=576) to work on /home/airflow/.local/lib/python3.12/site-packages/airflow/example_dags/example_sla_dag.py
[2024-07-19T16:48:10.408+0000] {processor.py:830} INFO - Processing file /home/airflow/.local/lib/python3.12/site-packages/airflow/example_dags/example_sla_dag.py for tasks to queue
[2024-07-19T16:48:10.409+0000] {logging_mixin.py:188} INFO - [2024-07-19T16:48:10.409+0000] {dagbag.py:545} INFO - Filling up the DagBag from /home/airflow/.local/lib/python3.12/site-packages/airflow/example_dags/example_sla_dag.py
[2024-07-19T16:48:10.415+0000] {processor.py:840} INFO - DAG(s) 'example_sla_dag' retrieved from /home/airflow/.local/lib/python3.12/site-packages/airflow/example_dags/example_sla_dag.py
[2024-07-19T16:48:10.428+0000] {logging_mixin.py:188} INFO - [2024-07-19T16:48:10.428+0000] {dag.py:3089} INFO - Sync 1 DAGs
[2024-07-19T16:48:10.445+0000] {logging_mixin.py:188} INFO - [2024-07-19T16:48:10.445+0000] {dag.py:3947} INFO - Setting next_dagrun for example_sla_dag to 2024-07-19 16:46:00+00:00, run_after=2024-07-19 16:48:00+00:00
[2024-07-19T16:48:10.467+0000] {processor.py:183} INFO - Processing /home/airflow/.local/lib/python3.12/site-packages/airflow/example_dags/example_sla_dag.py took 0.064 seconds
