[2024-07-19T14:45:03.845+0000] {processor.py:161} INFO - Started process (PID=86) to work on /home/airflow/.local/lib/python3.12/site-packages/airflow/example_dags/example_params_trigger_ui.py
[2024-07-19T14:45:03.845+0000] {processor.py:830} INFO - Processing file /home/airflow/.local/lib/python3.12/site-packages/airflow/example_dags/example_params_trigger_ui.py for tasks to queue
[2024-07-19T14:45:03.847+0000] {logging_mixin.py:188} INFO - [2024-07-19T14:45:03.846+0000] {dagbag.py:545} INFO - Filling up the DagBag from /home/airflow/.local/lib/python3.12/site-packages/airflow/example_dags/example_params_trigger_ui.py
[2024-07-19T14:45:03.855+0000] {processor.py:840} INFO - DAG(s) 'example_params_trigger_ui' retrieved from /home/airflow/.local/lib/python3.12/site-packages/airflow/example_dags/example_params_trigger_ui.py
[2024-07-19T14:45:03.862+0000] {logging_mixin.py:188} INFO - [2024-07-19T14:45:03.862+0000] {dag.py:3089} INFO - Sync 1 DAGs
[2024-07-19T14:45:03.872+0000] {logging_mixin.py:188} INFO - [2024-07-19T14:45:03.872+0000] {dag.py:3947} INFO - Setting next_dagrun for example_params_trigger_ui to None, run_after=None
[2024-07-19T14:45:03.884+0000] {processor.py:183} INFO - Processing /home/airflow/.local/lib/python3.12/site-packages/airflow/example_dags/example_params_trigger_ui.py took 0.043 seconds
[2024-07-19T14:45:35.091+0000] {processor.py:161} INFO - Started process (PID=144) to work on /home/airflow/.local/lib/python3.12/site-packages/airflow/example_dags/example_params_trigger_ui.py
[2024-07-19T14:45:35.092+0000] {processor.py:830} INFO - Processing file /home/airflow/.local/lib/python3.12/site-packages/airflow/example_dags/example_params_trigger_ui.py for tasks to queue
[2024-07-19T14:45:35.093+0000] {logging_mixin.py:188} INFO - [2024-07-19T14:45:35.093+0000] {dagbag.py:545} INFO - Filling up the DagBag from /home/airflow/.local/lib/python3.12/site-packages/airflow/example_dags/example_params_trigger_ui.py
[2024-07-19T14:45:35.099+0000] {processor.py:840} INFO - DAG(s) 'example_params_trigger_ui' retrieved from /home/airflow/.local/lib/python3.12/site-packages/airflow/example_dags/example_params_trigger_ui.py
[2024-07-19T14:45:35.186+0000] {logging_mixin.py:188} INFO - [2024-07-19T14:45:35.186+0000] {dag.py:3089} INFO - Sync 1 DAGs
[2024-07-19T14:45:35.194+0000] {logging_mixin.py:188} INFO - [2024-07-19T14:45:35.193+0000] {dag.py:3947} INFO - Setting next_dagrun for example_params_trigger_ui to None, run_after=None
[2024-07-19T14:45:35.207+0000] {processor.py:183} INFO - Processing /home/airflow/.local/lib/python3.12/site-packages/airflow/example_dags/example_params_trigger_ui.py took 0.119 seconds
[2024-07-19T14:46:05.579+0000] {processor.py:161} INFO - Started process (PID=201) to work on /home/airflow/.local/lib/python3.12/site-packages/airflow/example_dags/example_params_trigger_ui.py
[2024-07-19T14:46:05.580+0000] {processor.py:830} INFO - Processing file /home/airflow/.local/lib/python3.12/site-packages/airflow/example_dags/example_params_trigger_ui.py for tasks to queue
[2024-07-19T14:46:05.581+0000] {logging_mixin.py:188} INFO - [2024-07-19T14:46:05.581+0000] {dagbag.py:545} INFO - Filling up the DagBag from /home/airflow/.local/lib/python3.12/site-packages/airflow/example_dags/example_params_trigger_ui.py
[2024-07-19T14:46:05.587+0000] {processor.py:840} INFO - DAG(s) 'example_params_trigger_ui' retrieved from /home/airflow/.local/lib/python3.12/site-packages/airflow/example_dags/example_params_trigger_ui.py
[2024-07-19T14:46:05.619+0000] {logging_mixin.py:188} INFO - [2024-07-19T14:46:05.619+0000] {dag.py:3089} INFO - Sync 1 DAGs
[2024-07-19T14:46:05.627+0000] {logging_mixin.py:188} INFO - [2024-07-19T14:46:05.627+0000] {dag.py:3947} INFO - Setting next_dagrun for example_params_trigger_ui to None, run_after=None
[2024-07-19T14:46:05.640+0000] {processor.py:183} INFO - Processing /home/airflow/.local/lib/python3.12/site-packages/airflow/example_dags/example_params_trigger_ui.py took 0.064 seconds
[2024-07-19T14:46:35.700+0000] {processor.py:161} INFO - Started process (PID=259) to work on /home/airflow/.local/lib/python3.12/site-packages/airflow/example_dags/example_params_trigger_ui.py
[2024-07-19T14:46:35.700+0000] {processor.py:830} INFO - Processing file /home/airflow/.local/lib/python3.12/site-packages/airflow/example_dags/example_params_trigger_ui.py for tasks to queue
[2024-07-19T14:46:35.701+0000] {logging_mixin.py:188} INFO - [2024-07-19T14:46:35.701+0000] {dagbag.py:545} INFO - Filling up the DagBag from /home/airflow/.local/lib/python3.12/site-packages/airflow/example_dags/example_params_trigger_ui.py
[2024-07-19T14:46:35.707+0000] {processor.py:840} INFO - DAG(s) 'example_params_trigger_ui' retrieved from /home/airflow/.local/lib/python3.12/site-packages/airflow/example_dags/example_params_trigger_ui.py
[2024-07-19T14:46:35.739+0000] {logging_mixin.py:188} INFO - [2024-07-19T14:46:35.739+0000] {dag.py:3089} INFO - Sync 1 DAGs
[2024-07-19T14:46:35.748+0000] {logging_mixin.py:188} INFO - [2024-07-19T14:46:35.748+0000] {dag.py:3947} INFO - Setting next_dagrun for example_params_trigger_ui to None, run_after=None
[2024-07-19T14:46:35.760+0000] {processor.py:183} INFO - Processing /home/airflow/.local/lib/python3.12/site-packages/airflow/example_dags/example_params_trigger_ui.py took 0.064 seconds
[2024-07-19T14:47:05.963+0000] {processor.py:161} INFO - Started process (PID=317) to work on /home/airflow/.local/lib/python3.12/site-packages/airflow/example_dags/example_params_trigger_ui.py
[2024-07-19T14:47:05.964+0000] {processor.py:830} INFO - Processing file /home/airflow/.local/lib/python3.12/site-packages/airflow/example_dags/example_params_trigger_ui.py for tasks to queue
[2024-07-19T14:47:05.965+0000] {logging_mixin.py:188} INFO - [2024-07-19T14:47:05.965+0000] {dagbag.py:545} INFO - Filling up the DagBag from /home/airflow/.local/lib/python3.12/site-packages/airflow/example_dags/example_params_trigger_ui.py
[2024-07-19T14:47:05.971+0000] {processor.py:840} INFO - DAG(s) 'example_params_trigger_ui' retrieved from /home/airflow/.local/lib/python3.12/site-packages/airflow/example_dags/example_params_trigger_ui.py
[2024-07-19T14:47:06.003+0000] {logging_mixin.py:188} INFO - [2024-07-19T14:47:06.003+0000] {dag.py:3089} INFO - Sync 1 DAGs
[2024-07-19T14:47:06.012+0000] {logging_mixin.py:188} INFO - [2024-07-19T14:47:06.012+0000] {dag.py:3947} INFO - Setting next_dagrun for example_params_trigger_ui to None, run_after=None
[2024-07-19T14:47:06.026+0000] {processor.py:183} INFO - Processing /home/airflow/.local/lib/python3.12/site-packages/airflow/example_dags/example_params_trigger_ui.py took 0.067 seconds
[2024-07-19T14:47:36.159+0000] {processor.py:161} INFO - Started process (PID=375) to work on /home/airflow/.local/lib/python3.12/site-packages/airflow/example_dags/example_params_trigger_ui.py
[2024-07-19T14:47:36.159+0000] {processor.py:830} INFO - Processing file /home/airflow/.local/lib/python3.12/site-packages/airflow/example_dags/example_params_trigger_ui.py for tasks to queue
[2024-07-19T14:47:36.161+0000] {logging_mixin.py:188} INFO - [2024-07-19T14:47:36.160+0000] {dagbag.py:545} INFO - Filling up the DagBag from /home/airflow/.local/lib/python3.12/site-packages/airflow/example_dags/example_params_trigger_ui.py
[2024-07-19T14:47:36.167+0000] {processor.py:840} INFO - DAG(s) 'example_params_trigger_ui' retrieved from /home/airflow/.local/lib/python3.12/site-packages/airflow/example_dags/example_params_trigger_ui.py
[2024-07-19T14:47:36.200+0000] {logging_mixin.py:188} INFO - [2024-07-19T14:47:36.199+0000] {dag.py:3089} INFO - Sync 1 DAGs
[2024-07-19T14:47:36.209+0000] {logging_mixin.py:188} INFO - [2024-07-19T14:47:36.209+0000] {dag.py:3947} INFO - Setting next_dagrun for example_params_trigger_ui to None, run_after=None
[2024-07-19T14:47:36.222+0000] {processor.py:183} INFO - Processing /home/airflow/.local/lib/python3.12/site-packages/airflow/example_dags/example_params_trigger_ui.py took 0.067 seconds
[2024-07-19T14:48:06.327+0000] {processor.py:161} INFO - Started process (PID=433) to work on /home/airflow/.local/lib/python3.12/site-packages/airflow/example_dags/example_params_trigger_ui.py
[2024-07-19T14:48:06.327+0000] {processor.py:830} INFO - Processing file /home/airflow/.local/lib/python3.12/site-packages/airflow/example_dags/example_params_trigger_ui.py for tasks to queue
[2024-07-19T14:48:06.329+0000] {logging_mixin.py:188} INFO - [2024-07-19T14:48:06.328+0000] {dagbag.py:545} INFO - Filling up the DagBag from /home/airflow/.local/lib/python3.12/site-packages/airflow/example_dags/example_params_trigger_ui.py
[2024-07-19T14:48:06.335+0000] {processor.py:840} INFO - DAG(s) 'example_params_trigger_ui' retrieved from /home/airflow/.local/lib/python3.12/site-packages/airflow/example_dags/example_params_trigger_ui.py
[2024-07-19T14:48:06.369+0000] {logging_mixin.py:188} INFO - [2024-07-19T14:48:06.369+0000] {dag.py:3089} INFO - Sync 1 DAGs
[2024-07-19T14:48:06.378+0000] {logging_mixin.py:188} INFO - [2024-07-19T14:48:06.378+0000] {dag.py:3947} INFO - Setting next_dagrun for example_params_trigger_ui to None, run_after=None
[2024-07-19T14:48:06.391+0000] {processor.py:183} INFO - Processing /home/airflow/.local/lib/python3.12/site-packages/airflow/example_dags/example_params_trigger_ui.py took 0.068 seconds
[2024-07-19T14:48:36.465+0000] {processor.py:161} INFO - Started process (PID=491) to work on /home/airflow/.local/lib/python3.12/site-packages/airflow/example_dags/example_params_trigger_ui.py
[2024-07-19T14:48:36.465+0000] {processor.py:830} INFO - Processing file /home/airflow/.local/lib/python3.12/site-packages/airflow/example_dags/example_params_trigger_ui.py for tasks to queue
[2024-07-19T14:48:36.466+0000] {logging_mixin.py:188} INFO - [2024-07-19T14:48:36.466+0000] {dagbag.py:545} INFO - Filling up the DagBag from /home/airflow/.local/lib/python3.12/site-packages/airflow/example_dags/example_params_trigger_ui.py
[2024-07-19T14:48:36.473+0000] {processor.py:840} INFO - DAG(s) 'example_params_trigger_ui' retrieved from /home/airflow/.local/lib/python3.12/site-packages/airflow/example_dags/example_params_trigger_ui.py
[2024-07-19T14:48:36.506+0000] {logging_mixin.py:188} INFO - [2024-07-19T14:48:36.506+0000] {dag.py:3089} INFO - Sync 1 DAGs
[2024-07-19T14:48:36.514+0000] {logging_mixin.py:188} INFO - [2024-07-19T14:48:36.514+0000] {dag.py:3947} INFO - Setting next_dagrun for example_params_trigger_ui to None, run_after=None
[2024-07-19T14:48:36.529+0000] {processor.py:183} INFO - Processing /home/airflow/.local/lib/python3.12/site-packages/airflow/example_dags/example_params_trigger_ui.py took 0.068 seconds
[2024-07-19T14:49:06.572+0000] {processor.py:161} INFO - Started process (PID=549) to work on /home/airflow/.local/lib/python3.12/site-packages/airflow/example_dags/example_params_trigger_ui.py
[2024-07-19T14:49:06.573+0000] {processor.py:830} INFO - Processing file /home/airflow/.local/lib/python3.12/site-packages/airflow/example_dags/example_params_trigger_ui.py for tasks to queue
[2024-07-19T14:49:06.574+0000] {logging_mixin.py:188} INFO - [2024-07-19T14:49:06.573+0000] {dagbag.py:545} INFO - Filling up the DagBag from /home/airflow/.local/lib/python3.12/site-packages/airflow/example_dags/example_params_trigger_ui.py
[2024-07-19T14:49:06.580+0000] {processor.py:840} INFO - DAG(s) 'example_params_trigger_ui' retrieved from /home/airflow/.local/lib/python3.12/site-packages/airflow/example_dags/example_params_trigger_ui.py
[2024-07-19T14:49:06.611+0000] {logging_mixin.py:188} INFO - [2024-07-19T14:49:06.611+0000] {dag.py:3089} INFO - Sync 1 DAGs
[2024-07-19T14:49:06.619+0000] {logging_mixin.py:188} INFO - [2024-07-19T14:49:06.619+0000] {dag.py:3947} INFO - Setting next_dagrun for example_params_trigger_ui to None, run_after=None
[2024-07-19T14:49:06.631+0000] {processor.py:183} INFO - Processing /home/airflow/.local/lib/python3.12/site-packages/airflow/example_dags/example_params_trigger_ui.py took 0.063 seconds
