[2024-07-19T14:45:03.956+0000] {processor.py:161} INFO - Started process (PID=88) to work on /home/airflow/.local/lib/python3.12/site-packages/airflow/example_dags/example_branch_operator.py
[2024-07-19T14:45:03.957+0000] {processor.py:830} INFO - Processing file /home/airflow/.local/lib/python3.12/site-packages/airflow/example_dags/example_branch_operator.py for tasks to queue
[2024-07-19T14:45:03.958+0000] {logging_mixin.py:188} INFO - [2024-07-19T14:45:03.958+0000] {dagbag.py:545} INFO - Filling up the DagBag from /home/airflow/.local/lib/python3.12/site-packages/airflow/example_dags/example_branch_operator.py
[2024-07-19T14:45:03.971+0000] {processor.py:840} INFO - DAG(s) 'example_branch_operator' retrieved from /home/airflow/.local/lib/python3.12/site-packages/airflow/example_dags/example_branch_operator.py
[2024-07-19T14:45:03.979+0000] {logging_mixin.py:188} INFO - [2024-07-19T14:45:03.978+0000] {dag.py:3089} INFO - Sync 1 DAGs
[2024-07-19T14:45:03.994+0000] {logging_mixin.py:188} INFO - [2024-07-19T14:45:03.994+0000] {dag.py:3947} INFO - Setting next_dagrun for example_branch_operator to 2024-07-18 00:00:00+00:00, run_after=2024-07-19 00:00:00+00:00
[2024-07-19T14:45:04.007+0000] {processor.py:183} INFO - Processing /home/airflow/.local/lib/python3.12/site-packages/airflow/example_dags/example_branch_operator.py took 0.054 seconds
[2024-07-19T14:45:35.269+0000] {processor.py:161} INFO - Started process (PID=146) to work on /home/airflow/.local/lib/python3.12/site-packages/airflow/example_dags/example_branch_operator.py
[2024-07-19T14:45:35.270+0000] {processor.py:830} INFO - Processing file /home/airflow/.local/lib/python3.12/site-packages/airflow/example_dags/example_branch_operator.py for tasks to queue
[2024-07-19T14:45:35.271+0000] {logging_mixin.py:188} INFO - [2024-07-19T14:45:35.271+0000] {dagbag.py:545} INFO - Filling up the DagBag from /home/airflow/.local/lib/python3.12/site-packages/airflow/example_dags/example_branch_operator.py
[2024-07-19T14:45:35.282+0000] {processor.py:840} INFO - DAG(s) 'example_branch_operator' retrieved from /home/airflow/.local/lib/python3.12/site-packages/airflow/example_dags/example_branch_operator.py
[2024-07-19T14:45:35.361+0000] {logging_mixin.py:188} INFO - [2024-07-19T14:45:35.361+0000] {dag.py:3089} INFO - Sync 1 DAGs
[2024-07-19T14:45:35.375+0000] {logging_mixin.py:188} INFO - [2024-07-19T14:45:35.374+0000] {dag.py:3947} INFO - Setting next_dagrun for example_branch_operator to 2024-07-18 00:00:00+00:00, run_after=2024-07-19 00:00:00+00:00
[2024-07-19T14:45:35.388+0000] {processor.py:183} INFO - Processing /home/airflow/.local/lib/python3.12/site-packages/airflow/example_dags/example_branch_operator.py took 0.122 seconds
[2024-07-19T14:46:05.741+0000] {processor.py:161} INFO - Started process (PID=204) to work on /home/airflow/.local/lib/python3.12/site-packages/airflow/example_dags/example_branch_operator.py
[2024-07-19T14:46:05.742+0000] {processor.py:830} INFO - Processing file /home/airflow/.local/lib/python3.12/site-packages/airflow/example_dags/example_branch_operator.py for tasks to queue
[2024-07-19T14:46:05.743+0000] {logging_mixin.py:188} INFO - [2024-07-19T14:46:05.743+0000] {dagbag.py:545} INFO - Filling up the DagBag from /home/airflow/.local/lib/python3.12/site-packages/airflow/example_dags/example_branch_operator.py
[2024-07-19T14:46:05.754+0000] {processor.py:840} INFO - DAG(s) 'example_branch_operator' retrieved from /home/airflow/.local/lib/python3.12/site-packages/airflow/example_dags/example_branch_operator.py
[2024-07-19T14:46:05.777+0000] {logging_mixin.py:188} INFO - [2024-07-19T14:46:05.776+0000] {dag.py:3089} INFO - Sync 1 DAGs
[2024-07-19T14:46:05.795+0000] {logging_mixin.py:188} INFO - [2024-07-19T14:46:05.795+0000] {dag.py:3947} INFO - Setting next_dagrun for example_branch_operator to 2024-07-18 00:00:00+00:00, run_after=2024-07-19 00:00:00+00:00
[2024-07-19T14:46:05.810+0000] {processor.py:183} INFO - Processing /home/airflow/.local/lib/python3.12/site-packages/airflow/example_dags/example_branch_operator.py took 0.072 seconds
[2024-07-19T14:46:35.861+0000] {processor.py:161} INFO - Started process (PID=262) to work on /home/airflow/.local/lib/python3.12/site-packages/airflow/example_dags/example_branch_operator.py
[2024-07-19T14:46:35.862+0000] {processor.py:830} INFO - Processing file /home/airflow/.local/lib/python3.12/site-packages/airflow/example_dags/example_branch_operator.py for tasks to queue
[2024-07-19T14:46:35.863+0000] {logging_mixin.py:188} INFO - [2024-07-19T14:46:35.862+0000] {dagbag.py:545} INFO - Filling up the DagBag from /home/airflow/.local/lib/python3.12/site-packages/airflow/example_dags/example_branch_operator.py
[2024-07-19T14:46:35.874+0000] {processor.py:840} INFO - DAG(s) 'example_branch_operator' retrieved from /home/airflow/.local/lib/python3.12/site-packages/airflow/example_dags/example_branch_operator.py
[2024-07-19T14:46:35.894+0000] {logging_mixin.py:188} INFO - [2024-07-19T14:46:35.893+0000] {dag.py:3089} INFO - Sync 1 DAGs
[2024-07-19T14:46:35.909+0000] {logging_mixin.py:188} INFO - [2024-07-19T14:46:35.909+0000] {dag.py:3947} INFO - Setting next_dagrun for example_branch_operator to 2024-07-18 00:00:00+00:00, run_after=2024-07-19 00:00:00+00:00
[2024-07-19T14:46:35.922+0000] {processor.py:183} INFO - Processing /home/airflow/.local/lib/python3.12/site-packages/airflow/example_dags/example_branch_operator.py took 0.065 seconds
[2024-07-19T14:47:06.096+0000] {processor.py:161} INFO - Started process (PID=320) to work on /home/airflow/.local/lib/python3.12/site-packages/airflow/example_dags/example_branch_operator.py
[2024-07-19T14:47:06.096+0000] {processor.py:830} INFO - Processing file /home/airflow/.local/lib/python3.12/site-packages/airflow/example_dags/example_branch_operator.py for tasks to queue
[2024-07-19T14:47:06.098+0000] {logging_mixin.py:188} INFO - [2024-07-19T14:47:06.097+0000] {dagbag.py:545} INFO - Filling up the DagBag from /home/airflow/.local/lib/python3.12/site-packages/airflow/example_dags/example_branch_operator.py
[2024-07-19T14:47:06.112+0000] {processor.py:840} INFO - DAG(s) 'example_branch_operator' retrieved from /home/airflow/.local/lib/python3.12/site-packages/airflow/example_dags/example_branch_operator.py
[2024-07-19T14:47:06.132+0000] {logging_mixin.py:188} INFO - [2024-07-19T14:47:06.132+0000] {dag.py:3089} INFO - Sync 1 DAGs
[2024-07-19T14:47:06.147+0000] {logging_mixin.py:188} INFO - [2024-07-19T14:47:06.147+0000] {dag.py:3947} INFO - Setting next_dagrun for example_branch_operator to 2024-07-18 00:00:00+00:00, run_after=2024-07-19 00:00:00+00:00
[2024-07-19T14:47:06.161+0000] {processor.py:183} INFO - Processing /home/airflow/.local/lib/python3.12/site-packages/airflow/example_dags/example_branch_operator.py took 0.069 seconds
[2024-07-19T14:47:36.319+0000] {processor.py:161} INFO - Started process (PID=378) to work on /home/airflow/.local/lib/python3.12/site-packages/airflow/example_dags/example_branch_operator.py
[2024-07-19T14:47:36.320+0000] {processor.py:830} INFO - Processing file /home/airflow/.local/lib/python3.12/site-packages/airflow/example_dags/example_branch_operator.py for tasks to queue
[2024-07-19T14:47:36.321+0000] {logging_mixin.py:188} INFO - [2024-07-19T14:47:36.321+0000] {dagbag.py:545} INFO - Filling up the DagBag from /home/airflow/.local/lib/python3.12/site-packages/airflow/example_dags/example_branch_operator.py
[2024-07-19T14:47:36.332+0000] {processor.py:840} INFO - DAG(s) 'example_branch_operator' retrieved from /home/airflow/.local/lib/python3.12/site-packages/airflow/example_dags/example_branch_operator.py
[2024-07-19T14:47:36.352+0000] {logging_mixin.py:188} INFO - [2024-07-19T14:47:36.352+0000] {dag.py:3089} INFO - Sync 1 DAGs
[2024-07-19T14:47:36.368+0000] {logging_mixin.py:188} INFO - [2024-07-19T14:47:36.368+0000] {dag.py:3947} INFO - Setting next_dagrun for example_branch_operator to 2024-07-18 00:00:00+00:00, run_after=2024-07-19 00:00:00+00:00
[2024-07-19T14:47:36.381+0000] {processor.py:183} INFO - Processing /home/airflow/.local/lib/python3.12/site-packages/airflow/example_dags/example_branch_operator.py took 0.066 seconds
[2024-07-19T14:48:06.497+0000] {processor.py:161} INFO - Started process (PID=436) to work on /home/airflow/.local/lib/python3.12/site-packages/airflow/example_dags/example_branch_operator.py
[2024-07-19T14:48:06.497+0000] {processor.py:830} INFO - Processing file /home/airflow/.local/lib/python3.12/site-packages/airflow/example_dags/example_branch_operator.py for tasks to queue
[2024-07-19T14:48:06.498+0000] {logging_mixin.py:188} INFO - [2024-07-19T14:48:06.498+0000] {dagbag.py:545} INFO - Filling up the DagBag from /home/airflow/.local/lib/python3.12/site-packages/airflow/example_dags/example_branch_operator.py
[2024-07-19T14:48:06.510+0000] {processor.py:840} INFO - DAG(s) 'example_branch_operator' retrieved from /home/airflow/.local/lib/python3.12/site-packages/airflow/example_dags/example_branch_operator.py
[2024-07-19T14:48:06.530+0000] {logging_mixin.py:188} INFO - [2024-07-19T14:48:06.529+0000] {dag.py:3089} INFO - Sync 1 DAGs
[2024-07-19T14:48:06.546+0000] {logging_mixin.py:188} INFO - [2024-07-19T14:48:06.546+0000] {dag.py:3947} INFO - Setting next_dagrun for example_branch_operator to 2024-07-18 00:00:00+00:00, run_after=2024-07-19 00:00:00+00:00
[2024-07-19T14:48:06.559+0000] {processor.py:183} INFO - Processing /home/airflow/.local/lib/python3.12/site-packages/airflow/example_dags/example_branch_operator.py took 0.066 seconds
[2024-07-19T14:48:36.639+0000] {processor.py:161} INFO - Started process (PID=494) to work on /home/airflow/.local/lib/python3.12/site-packages/airflow/example_dags/example_branch_operator.py
[2024-07-19T14:48:36.640+0000] {processor.py:830} INFO - Processing file /home/airflow/.local/lib/python3.12/site-packages/airflow/example_dags/example_branch_operator.py for tasks to queue
[2024-07-19T14:48:36.641+0000] {logging_mixin.py:188} INFO - [2024-07-19T14:48:36.641+0000] {dagbag.py:545} INFO - Filling up the DagBag from /home/airflow/.local/lib/python3.12/site-packages/airflow/example_dags/example_branch_operator.py
[2024-07-19T14:48:36.652+0000] {processor.py:840} INFO - DAG(s) 'example_branch_operator' retrieved from /home/airflow/.local/lib/python3.12/site-packages/airflow/example_dags/example_branch_operator.py
[2024-07-19T14:48:36.671+0000] {logging_mixin.py:188} INFO - [2024-07-19T14:48:36.670+0000] {dag.py:3089} INFO - Sync 1 DAGs
[2024-07-19T14:48:36.685+0000] {logging_mixin.py:188} INFO - [2024-07-19T14:48:36.685+0000] {dag.py:3947} INFO - Setting next_dagrun for example_branch_operator to 2024-07-18 00:00:00+00:00, run_after=2024-07-19 00:00:00+00:00
[2024-07-19T14:48:36.698+0000] {processor.py:183} INFO - Processing /home/airflow/.local/lib/python3.12/site-packages/airflow/example_dags/example_branch_operator.py took 0.063 seconds
[2024-07-19T14:49:06.729+0000] {processor.py:161} INFO - Started process (PID=551) to work on /home/airflow/.local/lib/python3.12/site-packages/airflow/example_dags/example_branch_operator.py
[2024-07-19T14:49:06.729+0000] {processor.py:830} INFO - Processing file /home/airflow/.local/lib/python3.12/site-packages/airflow/example_dags/example_branch_operator.py for tasks to queue
[2024-07-19T14:49:06.730+0000] {logging_mixin.py:188} INFO - [2024-07-19T14:49:06.730+0000] {dagbag.py:545} INFO - Filling up the DagBag from /home/airflow/.local/lib/python3.12/site-packages/airflow/example_dags/example_branch_operator.py
[2024-07-19T14:49:06.741+0000] {processor.py:840} INFO - DAG(s) 'example_branch_operator' retrieved from /home/airflow/.local/lib/python3.12/site-packages/airflow/example_dags/example_branch_operator.py
[2024-07-19T14:49:06.760+0000] {logging_mixin.py:188} INFO - [2024-07-19T14:49:06.760+0000] {dag.py:3089} INFO - Sync 1 DAGs
[2024-07-19T14:49:06.775+0000] {logging_mixin.py:188} INFO - [2024-07-19T14:49:06.775+0000] {dag.py:3947} INFO - Setting next_dagrun for example_branch_operator to 2024-07-18 00:00:00+00:00, run_after=2024-07-19 00:00:00+00:00
[2024-07-19T14:49:06.787+0000] {processor.py:183} INFO - Processing /home/airflow/.local/lib/python3.12/site-packages/airflow/example_dags/example_branch_operator.py took 0.062 seconds
