[2024-07-19T14:45:03.844+0000] {processor.py:161} INFO - Started process (PID=85) to work on /home/airflow/.local/lib/python3.12/site-packages/airflow/example_dags/example_datasets.py
[2024-07-19T14:45:03.845+0000] {processor.py:830} INFO - Processing file /home/airflow/.local/lib/python3.12/site-packages/airflow/example_dags/example_datasets.py for tasks to queue
[2024-07-19T14:45:03.846+0000] {logging_mixin.py:188} INFO - [2024-07-19T14:45:03.846+0000] {dagbag.py:545} INFO - Filling up the DagBag from /home/airflow/.local/lib/python3.12/site-packages/airflow/example_dags/example_datasets.py
[2024-07-19T14:45:03.858+0000] {processor.py:840} INFO - DAG(s) 'consume_1_or_2_with_dataset_expressions', 'consume_1_or_both_2_and_3_with_dataset_expressions', 'conditional_dataset_and_time_based_timetable', 'dataset_consumes_1_and_2', 'dataset_produces_1', 'dataset_produces_2', 'dataset_consumes_1_never_scheduled', 'dataset_consumes_1', 'dataset_consumes_unknown_never_scheduled', 'consume_1_and_2_with_dataset_expressions' retrieved from /home/airflow/.local/lib/python3.12/site-packages/airflow/example_dags/example_datasets.py
[2024-07-19T14:45:03.869+0000] {logging_mixin.py:188} INFO - [2024-07-19T14:45:03.869+0000] {dag.py:3089} INFO - Sync 10 DAGs
[2024-07-19T14:45:03.890+0000] {logging_mixin.py:188} INFO - [2024-07-19T14:45:03.889+0000] {dag.py:3947} INFO - Setting next_dagrun for conditional_dataset_and_time_based_timetable to 2024-07-17 01:00:00+00:00, run_after=2024-07-17 01:00:00+00:00
[2024-07-19T14:45:03.894+0000] {logging_mixin.py:188} INFO - [2024-07-19T14:45:03.894+0000] {dag.py:3947} INFO - Setting next_dagrun for consume_1_and_2_with_dataset_expressions to None, run_after=None
[2024-07-19T14:45:03.895+0000] {logging_mixin.py:188} INFO - [2024-07-19T14:45:03.895+0000] {dag.py:3947} INFO - Setting next_dagrun for consume_1_or_2_with_dataset_expressions to None, run_after=None
[2024-07-19T14:45:03.897+0000] {logging_mixin.py:188} INFO - [2024-07-19T14:45:03.897+0000] {dag.py:3947} INFO - Setting next_dagrun for consume_1_or_both_2_and_3_with_dataset_expressions to None, run_after=None
[2024-07-19T14:45:03.898+0000] {logging_mixin.py:188} INFO - [2024-07-19T14:45:03.898+0000] {dag.py:3947} INFO - Setting next_dagrun for dataset_consumes_1 to None, run_after=None
[2024-07-19T14:45:03.899+0000] {logging_mixin.py:188} INFO - [2024-07-19T14:45:03.899+0000] {dag.py:3947} INFO - Setting next_dagrun for dataset_consumes_1_and_2 to None, run_after=None
[2024-07-19T14:45:03.900+0000] {logging_mixin.py:188} INFO - [2024-07-19T14:45:03.900+0000] {dag.py:3947} INFO - Setting next_dagrun for dataset_consumes_1_never_scheduled to None, run_after=None
[2024-07-19T14:45:03.902+0000] {logging_mixin.py:188} INFO - [2024-07-19T14:45:03.901+0000] {dag.py:3947} INFO - Setting next_dagrun for dataset_consumes_unknown_never_scheduled to None, run_after=None
[2024-07-19T14:45:03.904+0000] {logging_mixin.py:188} INFO - [2024-07-19T14:45:03.904+0000] {dag.py:3947} INFO - Setting next_dagrun for dataset_produces_1 to 2024-07-18 00:00:00+00:00, run_after=2024-07-19 00:00:00+00:00
[2024-07-19T14:45:03.905+0000] {logging_mixin.py:188} INFO - [2024-07-19T14:45:03.905+0000] {dag.py:3947} INFO - Setting next_dagrun for dataset_produces_2 to None, run_after=None
[2024-07-19T14:45:03.933+0000] {processor.py:183} INFO - Processing /home/airflow/.local/lib/python3.12/site-packages/airflow/example_dags/example_datasets.py took 0.092 seconds
[2024-07-19T14:45:35.053+0000] {processor.py:161} INFO - Started process (PID=143) to work on /home/airflow/.local/lib/python3.12/site-packages/airflow/example_dags/example_datasets.py
[2024-07-19T14:45:35.054+0000] {processor.py:830} INFO - Processing file /home/airflow/.local/lib/python3.12/site-packages/airflow/example_dags/example_datasets.py for tasks to queue
[2024-07-19T14:45:35.055+0000] {logging_mixin.py:188} INFO - [2024-07-19T14:45:35.055+0000] {dagbag.py:545} INFO - Filling up the DagBag from /home/airflow/.local/lib/python3.12/site-packages/airflow/example_dags/example_datasets.py
[2024-07-19T14:45:35.064+0000] {processor.py:840} INFO - DAG(s) 'dataset_produces_1', 'dataset_consumes_1_and_2', 'consume_1_or_both_2_and_3_with_dataset_expressions', 'conditional_dataset_and_time_based_timetable', 'dataset_consumes_unknown_never_scheduled', 'dataset_consumes_1_never_scheduled', 'consume_1_and_2_with_dataset_expressions', 'consume_1_or_2_with_dataset_expressions', 'dataset_produces_2', 'dataset_consumes_1' retrieved from /home/airflow/.local/lib/python3.12/site-packages/airflow/example_dags/example_datasets.py
[2024-07-19T14:45:35.199+0000] {logging_mixin.py:188} INFO - [2024-07-19T14:45:35.199+0000] {dag.py:3089} INFO - Sync 10 DAGs
[2024-07-19T14:45:35.214+0000] {logging_mixin.py:188} INFO - [2024-07-19T14:45:35.214+0000] {dag.py:3947} INFO - Setting next_dagrun for conditional_dataset_and_time_based_timetable to 2024-07-17 01:00:00+00:00, run_after=2024-07-17 01:00:00+00:00
[2024-07-19T14:45:35.216+0000] {logging_mixin.py:188} INFO - [2024-07-19T14:45:35.216+0000] {dag.py:3947} INFO - Setting next_dagrun for consume_1_and_2_with_dataset_expressions to None, run_after=None
[2024-07-19T14:45:35.217+0000] {logging_mixin.py:188} INFO - [2024-07-19T14:45:35.217+0000] {dag.py:3947} INFO - Setting next_dagrun for consume_1_or_2_with_dataset_expressions to None, run_after=None
[2024-07-19T14:45:35.218+0000] {logging_mixin.py:188} INFO - [2024-07-19T14:45:35.218+0000] {dag.py:3947} INFO - Setting next_dagrun for consume_1_or_both_2_and_3_with_dataset_expressions to None, run_after=None
[2024-07-19T14:45:35.219+0000] {logging_mixin.py:188} INFO - [2024-07-19T14:45:35.219+0000] {dag.py:3947} INFO - Setting next_dagrun for dataset_consumes_1 to None, run_after=None
[2024-07-19T14:45:35.220+0000] {logging_mixin.py:188} INFO - [2024-07-19T14:45:35.220+0000] {dag.py:3947} INFO - Setting next_dagrun for dataset_consumes_1_and_2 to None, run_after=None
[2024-07-19T14:45:35.221+0000] {logging_mixin.py:188} INFO - [2024-07-19T14:45:35.221+0000] {dag.py:3947} INFO - Setting next_dagrun for dataset_consumes_1_never_scheduled to None, run_after=None
[2024-07-19T14:45:35.222+0000] {logging_mixin.py:188} INFO - [2024-07-19T14:45:35.221+0000] {dag.py:3947} INFO - Setting next_dagrun for dataset_consumes_unknown_never_scheduled to None, run_after=None
[2024-07-19T14:45:35.223+0000] {logging_mixin.py:188} INFO - [2024-07-19T14:45:35.223+0000] {dag.py:3947} INFO - Setting next_dagrun for dataset_produces_1 to 2024-07-18 00:00:00+00:00, run_after=2024-07-19 00:00:00+00:00
[2024-07-19T14:45:35.224+0000] {logging_mixin.py:188} INFO - [2024-07-19T14:45:35.224+0000] {dag.py:3947} INFO - Setting next_dagrun for dataset_produces_2 to None, run_after=None
[2024-07-19T14:45:35.249+0000] {processor.py:183} INFO - Processing /home/airflow/.local/lib/python3.12/site-packages/airflow/example_dags/example_datasets.py took 0.200 seconds
[2024-07-19T14:46:05.664+0000] {processor.py:161} INFO - Started process (PID=202) to work on /home/airflow/.local/lib/python3.12/site-packages/airflow/example_dags/example_datasets.py
[2024-07-19T14:46:05.665+0000] {processor.py:830} INFO - Processing file /home/airflow/.local/lib/python3.12/site-packages/airflow/example_dags/example_datasets.py for tasks to queue
[2024-07-19T14:46:05.666+0000] {logging_mixin.py:188} INFO - [2024-07-19T14:46:05.666+0000] {dagbag.py:545} INFO - Filling up the DagBag from /home/airflow/.local/lib/python3.12/site-packages/airflow/example_dags/example_datasets.py
[2024-07-19T14:46:05.676+0000] {processor.py:840} INFO - DAG(s) 'consume_1_and_2_with_dataset_expressions', 'dataset_produces_1', 'dataset_produces_2', 'conditional_dataset_and_time_based_timetable', 'dataset_consumes_unknown_never_scheduled', 'dataset_consumes_1_and_2', 'consume_1_or_2_with_dataset_expressions', 'consume_1_or_both_2_and_3_with_dataset_expressions', 'dataset_consumes_1_never_scheduled', 'dataset_consumes_1' retrieved from /home/airflow/.local/lib/python3.12/site-packages/airflow/example_dags/example_datasets.py
[2024-07-19T14:46:05.710+0000] {logging_mixin.py:188} INFO - [2024-07-19T14:46:05.710+0000] {dag.py:3089} INFO - Sync 10 DAGs
[2024-07-19T14:46:05.729+0000] {logging_mixin.py:188} INFO - [2024-07-19T14:46:05.729+0000] {dag.py:3947} INFO - Setting next_dagrun for conditional_dataset_and_time_based_timetable to 2024-07-17 01:00:00+00:00, run_after=2024-07-17 01:00:00+00:00
[2024-07-19T14:46:05.732+0000] {logging_mixin.py:188} INFO - [2024-07-19T14:46:05.732+0000] {dag.py:3947} INFO - Setting next_dagrun for consume_1_and_2_with_dataset_expressions to None, run_after=None
[2024-07-19T14:46:05.733+0000] {logging_mixin.py:188} INFO - [2024-07-19T14:46:05.733+0000] {dag.py:3947} INFO - Setting next_dagrun for consume_1_or_2_with_dataset_expressions to None, run_after=None
[2024-07-19T14:46:05.734+0000] {logging_mixin.py:188} INFO - [2024-07-19T14:46:05.734+0000] {dag.py:3947} INFO - Setting next_dagrun for consume_1_or_both_2_and_3_with_dataset_expressions to None, run_after=None
[2024-07-19T14:46:05.735+0000] {logging_mixin.py:188} INFO - [2024-07-19T14:46:05.735+0000] {dag.py:3947} INFO - Setting next_dagrun for dataset_consumes_1 to None, run_after=None
[2024-07-19T14:46:05.736+0000] {logging_mixin.py:188} INFO - [2024-07-19T14:46:05.736+0000] {dag.py:3947} INFO - Setting next_dagrun for dataset_consumes_1_and_2 to None, run_after=None
[2024-07-19T14:46:05.737+0000] {logging_mixin.py:188} INFO - [2024-07-19T14:46:05.737+0000] {dag.py:3947} INFO - Setting next_dagrun for dataset_consumes_1_never_scheduled to None, run_after=None
[2024-07-19T14:46:05.738+0000] {logging_mixin.py:188} INFO - [2024-07-19T14:46:05.738+0000] {dag.py:3947} INFO - Setting next_dagrun for dataset_consumes_unknown_never_scheduled to None, run_after=None
[2024-07-19T14:46:05.740+0000] {logging_mixin.py:188} INFO - [2024-07-19T14:46:05.740+0000] {dag.py:3947} INFO - Setting next_dagrun for dataset_produces_1 to 2024-07-18 00:00:00+00:00, run_after=2024-07-19 00:00:00+00:00
[2024-07-19T14:46:05.741+0000] {logging_mixin.py:188} INFO - [2024-07-19T14:46:05.741+0000] {dag.py:3947} INFO - Setting next_dagrun for dataset_produces_2 to None, run_after=None
[2024-07-19T14:46:05.765+0000] {processor.py:183} INFO - Processing /home/airflow/.local/lib/python3.12/site-packages/airflow/example_dags/example_datasets.py took 0.104 seconds
[2024-07-19T14:46:35.861+0000] {processor.py:161} INFO - Started process (PID=261) to work on /home/airflow/.local/lib/python3.12/site-packages/airflow/example_dags/example_datasets.py
[2024-07-19T14:46:35.861+0000] {processor.py:830} INFO - Processing file /home/airflow/.local/lib/python3.12/site-packages/airflow/example_dags/example_datasets.py for tasks to queue
[2024-07-19T14:46:35.862+0000] {logging_mixin.py:188} INFO - [2024-07-19T14:46:35.862+0000] {dagbag.py:545} INFO - Filling up the DagBag from /home/airflow/.local/lib/python3.12/site-packages/airflow/example_dags/example_datasets.py
[2024-07-19T14:46:35.872+0000] {processor.py:840} INFO - DAG(s) 'dataset_consumes_1_never_scheduled', 'consume_1_and_2_with_dataset_expressions', 'conditional_dataset_and_time_based_timetable', 'consume_1_or_both_2_and_3_with_dataset_expressions', 'dataset_consumes_unknown_never_scheduled', 'dataset_consumes_1', 'dataset_consumes_1_and_2', 'dataset_produces_1', 'dataset_produces_2', 'consume_1_or_2_with_dataset_expressions' retrieved from /home/airflow/.local/lib/python3.12/site-packages/airflow/example_dags/example_datasets.py
[2024-07-19T14:46:35.904+0000] {logging_mixin.py:188} INFO - [2024-07-19T14:46:35.904+0000] {dag.py:3089} INFO - Sync 10 DAGs
[2024-07-19T14:46:35.921+0000] {logging_mixin.py:188} INFO - [2024-07-19T14:46:35.921+0000] {dag.py:3947} INFO - Setting next_dagrun for conditional_dataset_and_time_based_timetable to 2024-07-17 01:00:00+00:00, run_after=2024-07-17 01:00:00+00:00
[2024-07-19T14:46:35.925+0000] {logging_mixin.py:188} INFO - [2024-07-19T14:46:35.925+0000] {dag.py:3947} INFO - Setting next_dagrun for consume_1_and_2_with_dataset_expressions to None, run_after=None
[2024-07-19T14:46:35.926+0000] {logging_mixin.py:188} INFO - [2024-07-19T14:46:35.926+0000] {dag.py:3947} INFO - Setting next_dagrun for consume_1_or_2_with_dataset_expressions to None, run_after=None
[2024-07-19T14:46:35.927+0000] {logging_mixin.py:188} INFO - [2024-07-19T14:46:35.927+0000] {dag.py:3947} INFO - Setting next_dagrun for consume_1_or_both_2_and_3_with_dataset_expressions to None, run_after=None
[2024-07-19T14:46:35.928+0000] {logging_mixin.py:188} INFO - [2024-07-19T14:46:35.928+0000] {dag.py:3947} INFO - Setting next_dagrun for dataset_consumes_1 to None, run_after=None
[2024-07-19T14:46:35.929+0000] {logging_mixin.py:188} INFO - [2024-07-19T14:46:35.929+0000] {dag.py:3947} INFO - Setting next_dagrun for dataset_consumes_1_and_2 to None, run_after=None
[2024-07-19T14:46:35.930+0000] {logging_mixin.py:188} INFO - [2024-07-19T14:46:35.929+0000] {dag.py:3947} INFO - Setting next_dagrun for dataset_consumes_1_never_scheduled to None, run_after=None
[2024-07-19T14:46:35.930+0000] {logging_mixin.py:188} INFO - [2024-07-19T14:46:35.930+0000] {dag.py:3947} INFO - Setting next_dagrun for dataset_consumes_unknown_never_scheduled to None, run_after=None
[2024-07-19T14:46:35.932+0000] {logging_mixin.py:188} INFO - [2024-07-19T14:46:35.932+0000] {dag.py:3947} INFO - Setting next_dagrun for dataset_produces_1 to 2024-07-18 00:00:00+00:00, run_after=2024-07-19 00:00:00+00:00
[2024-07-19T14:46:35.933+0000] {logging_mixin.py:188} INFO - [2024-07-19T14:46:35.933+0000] {dag.py:3947} INFO - Setting next_dagrun for dataset_produces_2 to None, run_after=None
[2024-07-19T14:46:35.956+0000] {processor.py:183} INFO - Processing /home/airflow/.local/lib/python3.12/site-packages/airflow/example_dags/example_datasets.py took 0.099 seconds
[2024-07-19T14:47:06.047+0000] {processor.py:161} INFO - Started process (PID=319) to work on /home/airflow/.local/lib/python3.12/site-packages/airflow/example_dags/example_datasets.py
[2024-07-19T14:47:06.047+0000] {processor.py:830} INFO - Processing file /home/airflow/.local/lib/python3.12/site-packages/airflow/example_dags/example_datasets.py for tasks to queue
[2024-07-19T14:47:06.048+0000] {logging_mixin.py:188} INFO - [2024-07-19T14:47:06.048+0000] {dagbag.py:545} INFO - Filling up the DagBag from /home/airflow/.local/lib/python3.12/site-packages/airflow/example_dags/example_datasets.py
[2024-07-19T14:47:06.058+0000] {processor.py:840} INFO - DAG(s) 'consume_1_or_2_with_dataset_expressions', 'dataset_consumes_1_never_scheduled', 'dataset_consumes_1', 'consume_1_and_2_with_dataset_expressions', 'dataset_consumes_1_and_2', 'consume_1_or_both_2_and_3_with_dataset_expressions', 'dataset_consumes_unknown_never_scheduled', 'dataset_produces_1', 'conditional_dataset_and_time_based_timetable', 'dataset_produces_2' retrieved from /home/airflow/.local/lib/python3.12/site-packages/airflow/example_dags/example_datasets.py
[2024-07-19T14:47:06.091+0000] {logging_mixin.py:188} INFO - [2024-07-19T14:47:06.091+0000] {dag.py:3089} INFO - Sync 10 DAGs
[2024-07-19T14:47:06.111+0000] {logging_mixin.py:188} INFO - [2024-07-19T14:47:06.111+0000] {dag.py:3947} INFO - Setting next_dagrun for conditional_dataset_and_time_based_timetable to 2024-07-17 01:00:00+00:00, run_after=2024-07-17 01:00:00+00:00
[2024-07-19T14:47:06.114+0000] {logging_mixin.py:188} INFO - [2024-07-19T14:47:06.114+0000] {dag.py:3947} INFO - Setting next_dagrun for consume_1_and_2_with_dataset_expressions to None, run_after=None
[2024-07-19T14:47:06.115+0000] {logging_mixin.py:188} INFO - [2024-07-19T14:47:06.115+0000] {dag.py:3947} INFO - Setting next_dagrun for consume_1_or_2_with_dataset_expressions to None, run_after=None
[2024-07-19T14:47:06.116+0000] {logging_mixin.py:188} INFO - [2024-07-19T14:47:06.116+0000] {dag.py:3947} INFO - Setting next_dagrun for consume_1_or_both_2_and_3_with_dataset_expressions to None, run_after=None
[2024-07-19T14:47:06.117+0000] {logging_mixin.py:188} INFO - [2024-07-19T14:47:06.117+0000] {dag.py:3947} INFO - Setting next_dagrun for dataset_consumes_1 to None, run_after=None
[2024-07-19T14:47:06.118+0000] {logging_mixin.py:188} INFO - [2024-07-19T14:47:06.118+0000] {dag.py:3947} INFO - Setting next_dagrun for dataset_consumes_1_and_2 to None, run_after=None
[2024-07-19T14:47:06.119+0000] {logging_mixin.py:188} INFO - [2024-07-19T14:47:06.119+0000] {dag.py:3947} INFO - Setting next_dagrun for dataset_consumes_1_never_scheduled to None, run_after=None
[2024-07-19T14:47:06.119+0000] {logging_mixin.py:188} INFO - [2024-07-19T14:47:06.119+0000] {dag.py:3947} INFO - Setting next_dagrun for dataset_consumes_unknown_never_scheduled to None, run_after=None
[2024-07-19T14:47:06.121+0000] {logging_mixin.py:188} INFO - [2024-07-19T14:47:06.121+0000] {dag.py:3947} INFO - Setting next_dagrun for dataset_produces_1 to 2024-07-18 00:00:00+00:00, run_after=2024-07-19 00:00:00+00:00
[2024-07-19T14:47:06.122+0000] {logging_mixin.py:188} INFO - [2024-07-19T14:47:06.122+0000] {dag.py:3947} INFO - Setting next_dagrun for dataset_produces_2 to None, run_after=None
[2024-07-19T14:47:06.146+0000] {processor.py:183} INFO - Processing /home/airflow/.local/lib/python3.12/site-packages/airflow/example_dags/example_datasets.py took 0.103 seconds
[2024-07-19T14:47:36.247+0000] {processor.py:161} INFO - Started process (PID=376) to work on /home/airflow/.local/lib/python3.12/site-packages/airflow/example_dags/example_datasets.py
[2024-07-19T14:47:36.248+0000] {processor.py:830} INFO - Processing file /home/airflow/.local/lib/python3.12/site-packages/airflow/example_dags/example_datasets.py for tasks to queue
[2024-07-19T14:47:36.249+0000] {logging_mixin.py:188} INFO - [2024-07-19T14:47:36.249+0000] {dagbag.py:545} INFO - Filling up the DagBag from /home/airflow/.local/lib/python3.12/site-packages/airflow/example_dags/example_datasets.py
[2024-07-19T14:47:36.258+0000] {processor.py:840} INFO - DAG(s) 'dataset_produces_1', 'dataset_consumes_1_and_2', 'consume_1_or_both_2_and_3_with_dataset_expressions', 'consume_1_or_2_with_dataset_expressions', 'dataset_consumes_1', 'conditional_dataset_and_time_based_timetable', 'dataset_consumes_1_never_scheduled', 'consume_1_and_2_with_dataset_expressions', 'dataset_produces_2', 'dataset_consumes_unknown_never_scheduled' retrieved from /home/airflow/.local/lib/python3.12/site-packages/airflow/example_dags/example_datasets.py
[2024-07-19T14:47:36.291+0000] {logging_mixin.py:188} INFO - [2024-07-19T14:47:36.290+0000] {dag.py:3089} INFO - Sync 10 DAGs
[2024-07-19T14:47:36.309+0000] {logging_mixin.py:188} INFO - [2024-07-19T14:47:36.309+0000] {dag.py:3947} INFO - Setting next_dagrun for conditional_dataset_and_time_based_timetable to 2024-07-17 01:00:00+00:00, run_after=2024-07-17 01:00:00+00:00
[2024-07-19T14:47:36.312+0000] {logging_mixin.py:188} INFO - [2024-07-19T14:47:36.312+0000] {dag.py:3947} INFO - Setting next_dagrun for consume_1_and_2_with_dataset_expressions to None, run_after=None
[2024-07-19T14:47:36.313+0000] {logging_mixin.py:188} INFO - [2024-07-19T14:47:36.313+0000] {dag.py:3947} INFO - Setting next_dagrun for consume_1_or_2_with_dataset_expressions to None, run_after=None
[2024-07-19T14:47:36.314+0000] {logging_mixin.py:188} INFO - [2024-07-19T14:47:36.314+0000] {dag.py:3947} INFO - Setting next_dagrun for consume_1_or_both_2_and_3_with_dataset_expressions to None, run_after=None
[2024-07-19T14:47:36.315+0000] {logging_mixin.py:188} INFO - [2024-07-19T14:47:36.315+0000] {dag.py:3947} INFO - Setting next_dagrun for dataset_consumes_1 to None, run_after=None
[2024-07-19T14:47:36.316+0000] {logging_mixin.py:188} INFO - [2024-07-19T14:47:36.316+0000] {dag.py:3947} INFO - Setting next_dagrun for dataset_consumes_1_and_2 to None, run_after=None
[2024-07-19T14:47:36.317+0000] {logging_mixin.py:188} INFO - [2024-07-19T14:47:36.317+0000] {dag.py:3947} INFO - Setting next_dagrun for dataset_consumes_1_never_scheduled to None, run_after=None
[2024-07-19T14:47:36.318+0000] {logging_mixin.py:188} INFO - [2024-07-19T14:47:36.318+0000] {dag.py:3947} INFO - Setting next_dagrun for dataset_consumes_unknown_never_scheduled to None, run_after=None
[2024-07-19T14:47:36.320+0000] {logging_mixin.py:188} INFO - [2024-07-19T14:47:36.320+0000] {dag.py:3947} INFO - Setting next_dagrun for dataset_produces_1 to 2024-07-18 00:00:00+00:00, run_after=2024-07-19 00:00:00+00:00
[2024-07-19T14:47:36.321+0000] {logging_mixin.py:188} INFO - [2024-07-19T14:47:36.321+0000] {dag.py:3947} INFO - Setting next_dagrun for dataset_produces_2 to None, run_after=None
[2024-07-19T14:47:36.345+0000] {processor.py:183} INFO - Processing /home/airflow/.local/lib/python3.12/site-packages/airflow/example_dags/example_datasets.py took 0.101 seconds
[2024-07-19T14:48:06.497+0000] {processor.py:161} INFO - Started process (PID=435) to work on /home/airflow/.local/lib/python3.12/site-packages/airflow/example_dags/example_datasets.py
[2024-07-19T14:48:06.497+0000] {processor.py:830} INFO - Processing file /home/airflow/.local/lib/python3.12/site-packages/airflow/example_dags/example_datasets.py for tasks to queue
[2024-07-19T14:48:06.498+0000] {logging_mixin.py:188} INFO - [2024-07-19T14:48:06.498+0000] {dagbag.py:545} INFO - Filling up the DagBag from /home/airflow/.local/lib/python3.12/site-packages/airflow/example_dags/example_datasets.py
[2024-07-19T14:48:06.508+0000] {processor.py:840} INFO - DAG(s) 'consume_1_or_both_2_and_3_with_dataset_expressions', 'dataset_produces_2', 'dataset_consumes_1', 'dataset_produces_1', 'dataset_consumes_1_never_scheduled', 'dataset_consumes_unknown_never_scheduled', 'consume_1_or_2_with_dataset_expressions', 'consume_1_and_2_with_dataset_expressions', 'conditional_dataset_and_time_based_timetable', 'dataset_consumes_1_and_2' retrieved from /home/airflow/.local/lib/python3.12/site-packages/airflow/example_dags/example_datasets.py
[2024-07-19T14:48:06.542+0000] {logging_mixin.py:188} INFO - [2024-07-19T14:48:06.542+0000] {dag.py:3089} INFO - Sync 10 DAGs
[2024-07-19T14:48:06.560+0000] {logging_mixin.py:188} INFO - [2024-07-19T14:48:06.560+0000] {dag.py:3947} INFO - Setting next_dagrun for conditional_dataset_and_time_based_timetable to 2024-07-17 01:00:00+00:00, run_after=2024-07-17 01:00:00+00:00
[2024-07-19T14:48:06.563+0000] {logging_mixin.py:188} INFO - [2024-07-19T14:48:06.563+0000] {dag.py:3947} INFO - Setting next_dagrun for consume_1_and_2_with_dataset_expressions to None, run_after=None
[2024-07-19T14:48:06.564+0000] {logging_mixin.py:188} INFO - [2024-07-19T14:48:06.564+0000] {dag.py:3947} INFO - Setting next_dagrun for consume_1_or_2_with_dataset_expressions to None, run_after=None
[2024-07-19T14:48:06.565+0000] {logging_mixin.py:188} INFO - [2024-07-19T14:48:06.565+0000] {dag.py:3947} INFO - Setting next_dagrun for consume_1_or_both_2_and_3_with_dataset_expressions to None, run_after=None
[2024-07-19T14:48:06.566+0000] {logging_mixin.py:188} INFO - [2024-07-19T14:48:06.566+0000] {dag.py:3947} INFO - Setting next_dagrun for dataset_consumes_1 to None, run_after=None
[2024-07-19T14:48:06.567+0000] {logging_mixin.py:188} INFO - [2024-07-19T14:48:06.567+0000] {dag.py:3947} INFO - Setting next_dagrun for dataset_consumes_1_and_2 to None, run_after=None
[2024-07-19T14:48:06.568+0000] {logging_mixin.py:188} INFO - [2024-07-19T14:48:06.568+0000] {dag.py:3947} INFO - Setting next_dagrun for dataset_consumes_1_never_scheduled to None, run_after=None
[2024-07-19T14:48:06.569+0000] {logging_mixin.py:188} INFO - [2024-07-19T14:48:06.569+0000] {dag.py:3947} INFO - Setting next_dagrun for dataset_consumes_unknown_never_scheduled to None, run_after=None
[2024-07-19T14:48:06.571+0000] {logging_mixin.py:188} INFO - [2024-07-19T14:48:06.571+0000] {dag.py:3947} INFO - Setting next_dagrun for dataset_produces_1 to 2024-07-18 00:00:00+00:00, run_after=2024-07-19 00:00:00+00:00
[2024-07-19T14:48:06.572+0000] {logging_mixin.py:188} INFO - [2024-07-19T14:48:06.572+0000] {dag.py:3947} INFO - Setting next_dagrun for dataset_produces_2 to None, run_after=None
[2024-07-19T14:48:06.595+0000] {processor.py:183} INFO - Processing /home/airflow/.local/lib/python3.12/site-packages/airflow/example_dags/example_datasets.py took 0.102 seconds
[2024-07-19T14:48:36.639+0000] {processor.py:161} INFO - Started process (PID=493) to work on /home/airflow/.local/lib/python3.12/site-packages/airflow/example_dags/example_datasets.py
[2024-07-19T14:48:36.640+0000] {processor.py:830} INFO - Processing file /home/airflow/.local/lib/python3.12/site-packages/airflow/example_dags/example_datasets.py for tasks to queue
[2024-07-19T14:48:36.641+0000] {logging_mixin.py:188} INFO - [2024-07-19T14:48:36.641+0000] {dagbag.py:545} INFO - Filling up the DagBag from /home/airflow/.local/lib/python3.12/site-packages/airflow/example_dags/example_datasets.py
[2024-07-19T14:48:36.650+0000] {processor.py:840} INFO - DAG(s) 'dataset_produces_2', 'conditional_dataset_and_time_based_timetable', 'dataset_consumes_1', 'dataset_consumes_1_never_scheduled', 'dataset_produces_1', 'dataset_consumes_1_and_2', 'consume_1_or_both_2_and_3_with_dataset_expressions', 'consume_1_and_2_with_dataset_expressions', 'dataset_consumes_unknown_never_scheduled', 'consume_1_or_2_with_dataset_expressions' retrieved from /home/airflow/.local/lib/python3.12/site-packages/airflow/example_dags/example_datasets.py
[2024-07-19T14:48:36.681+0000] {logging_mixin.py:188} INFO - [2024-07-19T14:48:36.681+0000] {dag.py:3089} INFO - Sync 10 DAGs
[2024-07-19T14:48:36.697+0000] {logging_mixin.py:188} INFO - [2024-07-19T14:48:36.697+0000] {dag.py:3947} INFO - Setting next_dagrun for conditional_dataset_and_time_based_timetable to 2024-07-17 01:00:00+00:00, run_after=2024-07-17 01:00:00+00:00
[2024-07-19T14:48:36.700+0000] {logging_mixin.py:188} INFO - [2024-07-19T14:48:36.700+0000] {dag.py:3947} INFO - Setting next_dagrun for consume_1_and_2_with_dataset_expressions to None, run_after=None
[2024-07-19T14:48:36.701+0000] {logging_mixin.py:188} INFO - [2024-07-19T14:48:36.701+0000] {dag.py:3947} INFO - Setting next_dagrun for consume_1_or_2_with_dataset_expressions to None, run_after=None
[2024-07-19T14:48:36.702+0000] {logging_mixin.py:188} INFO - [2024-07-19T14:48:36.702+0000] {dag.py:3947} INFO - Setting next_dagrun for consume_1_or_both_2_and_3_with_dataset_expressions to None, run_after=None
[2024-07-19T14:48:36.703+0000] {logging_mixin.py:188} INFO - [2024-07-19T14:48:36.703+0000] {dag.py:3947} INFO - Setting next_dagrun for dataset_consumes_1 to None, run_after=None
[2024-07-19T14:48:36.703+0000] {logging_mixin.py:188} INFO - [2024-07-19T14:48:36.703+0000] {dag.py:3947} INFO - Setting next_dagrun for dataset_consumes_1_and_2 to None, run_after=None
[2024-07-19T14:48:36.704+0000] {logging_mixin.py:188} INFO - [2024-07-19T14:48:36.704+0000] {dag.py:3947} INFO - Setting next_dagrun for dataset_consumes_1_never_scheduled to None, run_after=None
[2024-07-19T14:48:36.705+0000] {logging_mixin.py:188} INFO - [2024-07-19T14:48:36.705+0000] {dag.py:3947} INFO - Setting next_dagrun for dataset_consumes_unknown_never_scheduled to None, run_after=None
[2024-07-19T14:48:36.707+0000] {logging_mixin.py:188} INFO - [2024-07-19T14:48:36.707+0000] {dag.py:3947} INFO - Setting next_dagrun for dataset_produces_1 to 2024-07-18 00:00:00+00:00, run_after=2024-07-19 00:00:00+00:00
[2024-07-19T14:48:36.708+0000] {logging_mixin.py:188} INFO - [2024-07-19T14:48:36.708+0000] {dag.py:3947} INFO - Setting next_dagrun for dataset_produces_2 to None, run_after=None
[2024-07-19T14:48:36.732+0000] {processor.py:183} INFO - Processing /home/airflow/.local/lib/python3.12/site-packages/airflow/example_dags/example_datasets.py took 0.097 seconds
[2024-07-19T14:49:06.810+0000] {processor.py:161} INFO - Started process (PID=552) to work on /home/airflow/.local/lib/python3.12/site-packages/airflow/example_dags/example_datasets.py
[2024-07-19T14:49:06.811+0000] {processor.py:830} INFO - Processing file /home/airflow/.local/lib/python3.12/site-packages/airflow/example_dags/example_datasets.py for tasks to queue
[2024-07-19T14:49:06.812+0000] {logging_mixin.py:188} INFO - [2024-07-19T14:49:06.812+0000] {dagbag.py:545} INFO - Filling up the DagBag from /home/airflow/.local/lib/python3.12/site-packages/airflow/example_dags/example_datasets.py
[2024-07-19T14:49:06.821+0000] {processor.py:840} INFO - DAG(s) 'dataset_consumes_1_and_2', 'dataset_consumes_1', 'consume_1_or_2_with_dataset_expressions', 'consume_1_or_both_2_and_3_with_dataset_expressions', 'dataset_consumes_1_never_scheduled', 'conditional_dataset_and_time_based_timetable', 'dataset_produces_1', 'dataset_consumes_unknown_never_scheduled', 'consume_1_and_2_with_dataset_expressions', 'dataset_produces_2' retrieved from /home/airflow/.local/lib/python3.12/site-packages/airflow/example_dags/example_datasets.py
[2024-07-19T14:49:06.852+0000] {logging_mixin.py:188} INFO - [2024-07-19T14:49:06.852+0000] {dag.py:3089} INFO - Sync 10 DAGs
[2024-07-19T14:49:06.868+0000] {logging_mixin.py:188} INFO - [2024-07-19T14:49:06.868+0000] {dag.py:3947} INFO - Setting next_dagrun for conditional_dataset_and_time_based_timetable to 2024-07-17 01:00:00+00:00, run_after=2024-07-17 01:00:00+00:00
[2024-07-19T14:49:06.871+0000] {logging_mixin.py:188} INFO - [2024-07-19T14:49:06.871+0000] {dag.py:3947} INFO - Setting next_dagrun for consume_1_and_2_with_dataset_expressions to None, run_after=None
[2024-07-19T14:49:06.872+0000] {logging_mixin.py:188} INFO - [2024-07-19T14:49:06.872+0000] {dag.py:3947} INFO - Setting next_dagrun for consume_1_or_2_with_dataset_expressions to None, run_after=None
[2024-07-19T14:49:06.873+0000] {logging_mixin.py:188} INFO - [2024-07-19T14:49:06.873+0000] {dag.py:3947} INFO - Setting next_dagrun for consume_1_or_both_2_and_3_with_dataset_expressions to None, run_after=None
[2024-07-19T14:49:06.874+0000] {logging_mixin.py:188} INFO - [2024-07-19T14:49:06.874+0000] {dag.py:3947} INFO - Setting next_dagrun for dataset_consumes_1 to None, run_after=None
[2024-07-19T14:49:06.875+0000] {logging_mixin.py:188} INFO - [2024-07-19T14:49:06.875+0000] {dag.py:3947} INFO - Setting next_dagrun for dataset_consumes_1_and_2 to None, run_after=None
[2024-07-19T14:49:06.876+0000] {logging_mixin.py:188} INFO - [2024-07-19T14:49:06.875+0000] {dag.py:3947} INFO - Setting next_dagrun for dataset_consumes_1_never_scheduled to None, run_after=None
[2024-07-19T14:49:06.876+0000] {logging_mixin.py:188} INFO - [2024-07-19T14:49:06.876+0000] {dag.py:3947} INFO - Setting next_dagrun for dataset_consumes_unknown_never_scheduled to None, run_after=None
[2024-07-19T14:49:06.878+0000] {logging_mixin.py:188} INFO - [2024-07-19T14:49:06.878+0000] {dag.py:3947} INFO - Setting next_dagrun for dataset_produces_1 to 2024-07-18 00:00:00+00:00, run_after=2024-07-19 00:00:00+00:00
[2024-07-19T14:49:06.879+0000] {logging_mixin.py:188} INFO - [2024-07-19T14:49:06.879+0000] {dag.py:3947} INFO - Setting next_dagrun for dataset_produces_2 to None, run_after=None
[2024-07-19T14:49:06.901+0000] {processor.py:183} INFO - Processing /home/airflow/.local/lib/python3.12/site-packages/airflow/example_dags/example_datasets.py took 0.094 seconds
