[2024-07-19T14:45:02.938+0000] {processor.py:161} INFO - Started process (PID=66) to work on /home/airflow/.local/lib/python3.12/site-packages/airflow/example_dags/tutorial.py
[2024-07-19T14:45:02.939+0000] {processor.py:830} INFO - Processing file /home/airflow/.local/lib/python3.12/site-packages/airflow/example_dags/tutorial.py for tasks to queue
[2024-07-19T14:45:02.940+0000] {logging_mixin.py:188} INFO - [2024-07-19T14:45:02.940+0000] {dagbag.py:545} INFO - Filling up the DagBag from /home/airflow/.local/lib/python3.12/site-packages/airflow/example_dags/tutorial.py
[2024-07-19T14:45:02.947+0000] {processor.py:840} INFO - DAG(s) 'tutorial' retrieved from /home/airflow/.local/lib/python3.12/site-packages/airflow/example_dags/tutorial.py
[2024-07-19T14:45:02.955+0000] {logging_mixin.py:188} INFO - [2024-07-19T14:45:02.955+0000] {dag.py:3089} INFO - Sync 1 DAGs
[2024-07-19T14:45:02.978+0000] {logging_mixin.py:188} INFO - [2024-07-19T14:45:02.978+0000] {dag.py:3947} INFO - Setting next_dagrun for tutorial to 2024-07-18 00:00:00+00:00, run_after=2024-07-19 00:00:00+00:00
[2024-07-19T14:45:02.993+0000] {processor.py:183} INFO - Processing /home/airflow/.local/lib/python3.12/site-packages/airflow/example_dags/tutorial.py took 0.059 seconds
[2024-07-19T14:45:33.733+0000] {processor.py:161} INFO - Started process (PID=124) to work on /home/airflow/.local/lib/python3.12/site-packages/airflow/example_dags/tutorial.py
[2024-07-19T14:45:33.733+0000] {processor.py:830} INFO - Processing file /home/airflow/.local/lib/python3.12/site-packages/airflow/example_dags/tutorial.py for tasks to queue
[2024-07-19T14:45:33.735+0000] {logging_mixin.py:188} INFO - [2024-07-19T14:45:33.734+0000] {dagbag.py:545} INFO - Filling up the DagBag from /home/airflow/.local/lib/python3.12/site-packages/airflow/example_dags/tutorial.py
[2024-07-19T14:45:33.738+0000] {processor.py:840} INFO - DAG(s) 'tutorial' retrieved from /home/airflow/.local/lib/python3.12/site-packages/airflow/example_dags/tutorial.py
[2024-07-19T14:45:33.807+0000] {logging_mixin.py:188} INFO - [2024-07-19T14:45:33.806+0000] {dag.py:3089} INFO - Sync 1 DAGs
[2024-07-19T14:45:33.819+0000] {logging_mixin.py:188} INFO - [2024-07-19T14:45:33.819+0000] {dag.py:3947} INFO - Setting next_dagrun for tutorial to 2024-07-18 00:00:00+00:00, run_after=2024-07-19 00:00:00+00:00
[2024-07-19T14:45:33.834+0000] {processor.py:183} INFO - Processing /home/airflow/.local/lib/python3.12/site-packages/airflow/example_dags/tutorial.py took 0.105 seconds
[2024-07-19T14:46:04.775+0000] {processor.py:161} INFO - Started process (PID=182) to work on /home/airflow/.local/lib/python3.12/site-packages/airflow/example_dags/tutorial.py
[2024-07-19T14:46:04.775+0000] {processor.py:830} INFO - Processing file /home/airflow/.local/lib/python3.12/site-packages/airflow/example_dags/tutorial.py for tasks to queue
[2024-07-19T14:46:04.776+0000] {logging_mixin.py:188} INFO - [2024-07-19T14:46:04.776+0000] {dagbag.py:545} INFO - Filling up the DagBag from /home/airflow/.local/lib/python3.12/site-packages/airflow/example_dags/tutorial.py
[2024-07-19T14:46:04.780+0000] {processor.py:840} INFO - DAG(s) 'tutorial' retrieved from /home/airflow/.local/lib/python3.12/site-packages/airflow/example_dags/tutorial.py
[2024-07-19T14:46:04.793+0000] {logging_mixin.py:188} INFO - [2024-07-19T14:46:04.793+0000] {dag.py:3089} INFO - Sync 1 DAGs
[2024-07-19T14:46:04.808+0000] {logging_mixin.py:188} INFO - [2024-07-19T14:46:04.808+0000] {dag.py:3947} INFO - Setting next_dagrun for tutorial to 2024-07-18 00:00:00+00:00, run_after=2024-07-19 00:00:00+00:00
[2024-07-19T14:46:04.821+0000] {processor.py:183} INFO - Processing /home/airflow/.local/lib/python3.12/site-packages/airflow/example_dags/tutorial.py took 0.050 seconds
[2024-07-19T14:46:34.943+0000] {processor.py:161} INFO - Started process (PID=240) to work on /home/airflow/.local/lib/python3.12/site-packages/airflow/example_dags/tutorial.py
[2024-07-19T14:46:34.943+0000] {processor.py:830} INFO - Processing file /home/airflow/.local/lib/python3.12/site-packages/airflow/example_dags/tutorial.py for tasks to queue
[2024-07-19T14:46:34.945+0000] {logging_mixin.py:188} INFO - [2024-07-19T14:46:34.944+0000] {dagbag.py:545} INFO - Filling up the DagBag from /home/airflow/.local/lib/python3.12/site-packages/airflow/example_dags/tutorial.py
[2024-07-19T14:46:34.948+0000] {processor.py:840} INFO - DAG(s) 'tutorial' retrieved from /home/airflow/.local/lib/python3.12/site-packages/airflow/example_dags/tutorial.py
[2024-07-19T14:46:34.960+0000] {logging_mixin.py:188} INFO - [2024-07-19T14:46:34.960+0000] {dag.py:3089} INFO - Sync 1 DAGs
[2024-07-19T14:46:34.974+0000] {logging_mixin.py:188} INFO - [2024-07-19T14:46:34.974+0000] {dag.py:3947} INFO - Setting next_dagrun for tutorial to 2024-07-18 00:00:00+00:00, run_after=2024-07-19 00:00:00+00:00
[2024-07-19T14:46:34.988+0000] {processor.py:183} INFO - Processing /home/airflow/.local/lib/python3.12/site-packages/airflow/example_dags/tutorial.py took 0.049 seconds
[2024-07-19T14:47:05.127+0000] {processor.py:161} INFO - Started process (PID=298) to work on /home/airflow/.local/lib/python3.12/site-packages/airflow/example_dags/tutorial.py
[2024-07-19T14:47:05.127+0000] {processor.py:830} INFO - Processing file /home/airflow/.local/lib/python3.12/site-packages/airflow/example_dags/tutorial.py for tasks to queue
[2024-07-19T14:47:05.128+0000] {logging_mixin.py:188} INFO - [2024-07-19T14:47:05.128+0000] {dagbag.py:545} INFO - Filling up the DagBag from /home/airflow/.local/lib/python3.12/site-packages/airflow/example_dags/tutorial.py
[2024-07-19T14:47:05.132+0000] {processor.py:840} INFO - DAG(s) 'tutorial' retrieved from /home/airflow/.local/lib/python3.12/site-packages/airflow/example_dags/tutorial.py
[2024-07-19T14:47:05.144+0000] {logging_mixin.py:188} INFO - [2024-07-19T14:47:05.144+0000] {dag.py:3089} INFO - Sync 1 DAGs
[2024-07-19T14:47:05.160+0000] {logging_mixin.py:188} INFO - [2024-07-19T14:47:05.159+0000] {dag.py:3947} INFO - Setting next_dagrun for tutorial to 2024-07-18 00:00:00+00:00, run_after=2024-07-19 00:00:00+00:00
[2024-07-19T14:47:05.177+0000] {processor.py:183} INFO - Processing /home/airflow/.local/lib/python3.12/site-packages/airflow/example_dags/tutorial.py took 0.054 seconds
[2024-07-19T14:47:35.340+0000] {processor.py:161} INFO - Started process (PID=356) to work on /home/airflow/.local/lib/python3.12/site-packages/airflow/example_dags/tutorial.py
[2024-07-19T14:47:35.341+0000] {processor.py:830} INFO - Processing file /home/airflow/.local/lib/python3.12/site-packages/airflow/example_dags/tutorial.py for tasks to queue
[2024-07-19T14:47:35.342+0000] {logging_mixin.py:188} INFO - [2024-07-19T14:47:35.342+0000] {dagbag.py:545} INFO - Filling up the DagBag from /home/airflow/.local/lib/python3.12/site-packages/airflow/example_dags/tutorial.py
[2024-07-19T14:47:35.346+0000] {processor.py:840} INFO - DAG(s) 'tutorial' retrieved from /home/airflow/.local/lib/python3.12/site-packages/airflow/example_dags/tutorial.py
[2024-07-19T14:47:35.359+0000] {logging_mixin.py:188} INFO - [2024-07-19T14:47:35.359+0000] {dag.py:3089} INFO - Sync 1 DAGs
[2024-07-19T14:47:35.376+0000] {logging_mixin.py:188} INFO - [2024-07-19T14:47:35.376+0000] {dag.py:3947} INFO - Setting next_dagrun for tutorial to 2024-07-18 00:00:00+00:00, run_after=2024-07-19 00:00:00+00:00
[2024-07-19T14:47:35.391+0000] {processor.py:183} INFO - Processing /home/airflow/.local/lib/python3.12/site-packages/airflow/example_dags/tutorial.py took 0.055 seconds
[2024-07-19T14:48:05.459+0000] {processor.py:161} INFO - Started process (PID=414) to work on /home/airflow/.local/lib/python3.12/site-packages/airflow/example_dags/tutorial.py
[2024-07-19T14:48:05.460+0000] {processor.py:830} INFO - Processing file /home/airflow/.local/lib/python3.12/site-packages/airflow/example_dags/tutorial.py for tasks to queue
[2024-07-19T14:48:05.461+0000] {logging_mixin.py:188} INFO - [2024-07-19T14:48:05.461+0000] {dagbag.py:545} INFO - Filling up the DagBag from /home/airflow/.local/lib/python3.12/site-packages/airflow/example_dags/tutorial.py
[2024-07-19T14:48:05.465+0000] {processor.py:840} INFO - DAG(s) 'tutorial' retrieved from /home/airflow/.local/lib/python3.12/site-packages/airflow/example_dags/tutorial.py
[2024-07-19T14:48:05.478+0000] {logging_mixin.py:188} INFO - [2024-07-19T14:48:05.478+0000] {dag.py:3089} INFO - Sync 1 DAGs
[2024-07-19T14:48:05.492+0000] {logging_mixin.py:188} INFO - [2024-07-19T14:48:05.492+0000] {dag.py:3947} INFO - Setting next_dagrun for tutorial to 2024-07-18 00:00:00+00:00, run_after=2024-07-19 00:00:00+00:00
[2024-07-19T14:48:05.505+0000] {processor.py:183} INFO - Processing /home/airflow/.local/lib/python3.12/site-packages/airflow/example_dags/tutorial.py took 0.049 seconds
[2024-07-19T14:48:35.691+0000] {processor.py:161} INFO - Started process (PID=472) to work on /home/airflow/.local/lib/python3.12/site-packages/airflow/example_dags/tutorial.py
[2024-07-19T14:48:35.692+0000] {processor.py:830} INFO - Processing file /home/airflow/.local/lib/python3.12/site-packages/airflow/example_dags/tutorial.py for tasks to queue
[2024-07-19T14:48:35.693+0000] {logging_mixin.py:188} INFO - [2024-07-19T14:48:35.693+0000] {dagbag.py:545} INFO - Filling up the DagBag from /home/airflow/.local/lib/python3.12/site-packages/airflow/example_dags/tutorial.py
[2024-07-19T14:48:35.696+0000] {processor.py:840} INFO - DAG(s) 'tutorial' retrieved from /home/airflow/.local/lib/python3.12/site-packages/airflow/example_dags/tutorial.py
[2024-07-19T14:48:35.710+0000] {logging_mixin.py:188} INFO - [2024-07-19T14:48:35.710+0000] {dag.py:3089} INFO - Sync 1 DAGs
[2024-07-19T14:48:35.724+0000] {logging_mixin.py:188} INFO - [2024-07-19T14:48:35.724+0000] {dag.py:3947} INFO - Setting next_dagrun for tutorial to 2024-07-18 00:00:00+00:00, run_after=2024-07-19 00:00:00+00:00
[2024-07-19T14:48:35.738+0000] {processor.py:183} INFO - Processing /home/airflow/.local/lib/python3.12/site-packages/airflow/example_dags/tutorial.py took 0.051 seconds
[2024-07-19T14:49:05.812+0000] {processor.py:161} INFO - Started process (PID=530) to work on /home/airflow/.local/lib/python3.12/site-packages/airflow/example_dags/tutorial.py
[2024-07-19T14:49:05.812+0000] {processor.py:830} INFO - Processing file /home/airflow/.local/lib/python3.12/site-packages/airflow/example_dags/tutorial.py for tasks to queue
[2024-07-19T14:49:05.814+0000] {logging_mixin.py:188} INFO - [2024-07-19T14:49:05.813+0000] {dagbag.py:545} INFO - Filling up the DagBag from /home/airflow/.local/lib/python3.12/site-packages/airflow/example_dags/tutorial.py
[2024-07-19T14:49:05.817+0000] {processor.py:840} INFO - DAG(s) 'tutorial' retrieved from /home/airflow/.local/lib/python3.12/site-packages/airflow/example_dags/tutorial.py
[2024-07-19T14:49:05.829+0000] {logging_mixin.py:188} INFO - [2024-07-19T14:49:05.829+0000] {dag.py:3089} INFO - Sync 1 DAGs
[2024-07-19T14:49:05.843+0000] {logging_mixin.py:188} INFO - [2024-07-19T14:49:05.843+0000] {dag.py:3947} INFO - Setting next_dagrun for tutorial to 2024-07-18 00:00:00+00:00, run_after=2024-07-19 00:00:00+00:00
[2024-07-19T14:49:05.855+0000] {processor.py:183} INFO - Processing /home/airflow/.local/lib/python3.12/site-packages/airflow/example_dags/tutorial.py took 0.047 seconds
