[2024-07-23T20:40:14.983+0000] {local_task_job_runner.py:120} INFO - ::group::Pre task execution logs
[2024-07-23T20:40:14.992+0000] {taskinstance.py:2076} INFO - Dependencies all met for dep_context=non-requeueable deps ti=<TaskInstance: processar_dados_brewery.api_available_sensor manual__2024-07-23T20:40:12.473544+00:00 [queued]>
[2024-07-23T20:40:14.997+0000] {taskinstance.py:2076} INFO - Dependencies all met for dep_context=requeueable deps ti=<TaskInstance: processar_dados_brewery.api_available_sensor manual__2024-07-23T20:40:12.473544+00:00 [queued]>
[2024-07-23T20:40:14.999+0000] {taskinstance.py:2306} INFO - Starting attempt 1 of 2
[2024-07-23T20:40:15.007+0000] {taskinstance.py:2330} INFO - Executing <Task(HttpSensor): api_available_sensor> on 2024-07-23 20:40:12.473544+00:00
[2024-07-23T20:40:15.010+0000] {warnings.py:112} WARNING - /home/***/.local/lib/python3.12/site-packages/***/task/task_runner/standard_task_runner.py:62: DeprecationWarning: This process (pid=1002) is multi-threaded, use of fork() may lead to deadlocks in the child.
  pid = os.fork()

[2024-07-23T20:40:15.011+0000] {standard_task_runner.py:64} INFO - Started process 1004 to run task
[2024-07-23T20:40:15.011+0000] {standard_task_runner.py:90} INFO - Running: ['***', 'tasks', 'run', 'processar_dados_brewery', 'api_available_sensor', 'manual__2024-07-23T20:40:12.473544+00:00', '--job-id', '63', '--raw', '--subdir', 'DAGS_FOLDER/rotina_principal.py', '--cfg-path', '/tmp/tmpu4p8u5c4']
[2024-07-23T20:40:15.013+0000] {standard_task_runner.py:91} INFO - Job 63: Subtask api_available_sensor
[2024-07-23T20:40:15.038+0000] {task_command.py:426} INFO - Running <TaskInstance: processar_dados_brewery.api_available_sensor manual__2024-07-23T20:40:12.473544+00:00 [running]> on host 84773d6c55d8
[2024-07-23T20:40:15.093+0000] {taskinstance.py:2648} INFO - Exporting env vars: AIRFLOW_CTX_DAG_OWNER='***' AIRFLOW_CTX_DAG_ID='processar_dados_brewery' AIRFLOW_CTX_TASK_ID='api_available_sensor' AIRFLOW_CTX_EXECUTION_DATE='2024-07-23T20:40:12.473544+00:00' AIRFLOW_CTX_TRY_NUMBER='1' AIRFLOW_CTX_DAG_RUN_ID='manual__2024-07-23T20:40:12.473544+00:00'
[2024-07-23T20:40:15.094+0000] {taskinstance.py:430} INFO - ::endgroup::
[2024-07-23T20:40:15.102+0000] {baseoperator.py:400} WARNING - HttpSensor.execute cannot be called outside TaskInstance!
[2024-07-23T20:40:15.103+0000] {http.py:137} INFO - Poking: breweries
[2024-07-23T20:40:15.108+0000] {base.py:84} INFO - Using connection ID 'open_brewery_db_api' for task execution.
[2024-07-23T20:40:15.147+0000] {base.py:294} INFO - Success criteria met. Exiting.
[2024-07-23T20:40:15.147+0000] {taskinstance.py:441} INFO - ::group::Post task execution logs
[2024-07-23T20:40:15.154+0000] {taskinstance.py:1206} INFO - Marking task as SUCCESS. dag_id=processar_dados_brewery, task_id=api_available_sensor, run_id=manual__2024-07-23T20:40:12.473544+00:00, execution_date=20240723T204012, start_date=20240723T204014, end_date=20240723T204015
[2024-07-23T20:40:15.184+0000] {local_task_job_runner.py:243} INFO - Task exited with return code 0
[2024-07-23T20:40:15.205+0000] {taskinstance.py:3503} INFO - 1 downstream tasks scheduled from follow-on schedule check
[2024-07-23T20:40:15.206+0000] {local_task_job_runner.py:222} INFO - ::endgroup::
