[2024-07-23T20:40:16.084+0000] {local_task_job_runner.py:120} INFO - ::group::Pre task execution logs
[2024-07-23T20:40:16.096+0000] {taskinstance.py:2076} INFO - Dependencies all met for dep_context=non-requeueable deps ti=<TaskInstance: processar_dados_brewery.buscar_e_salvar_dados_brewery manual__2024-07-23T20:40:12.473544+00:00 [queued]>
[2024-07-23T20:40:16.102+0000] {taskinstance.py:2076} INFO - Dependencies all met for dep_context=requeueable deps ti=<TaskInstance: processar_dados_brewery.buscar_e_salvar_dados_brewery manual__2024-07-23T20:40:12.473544+00:00 [queued]>
[2024-07-23T20:40:16.102+0000] {taskinstance.py:2306} INFO - Starting attempt 1 of 2
[2024-07-23T20:40:16.110+0000] {taskinstance.py:2330} INFO - Executing <Task(PythonOperator): buscar_e_salvar_dados_brewery> on 2024-07-23 20:40:12.473544+00:00
[2024-07-23T20:40:16.114+0000] {warnings.py:112} WARNING - /home/***/.local/lib/python3.12/site-packages/***/task/task_runner/standard_task_runner.py:62: DeprecationWarning: This process (pid=1005) is multi-threaded, use of fork() may lead to deadlocks in the child.
  pid = os.fork()

[2024-07-23T20:40:16.115+0000] {standard_task_runner.py:64} INFO - Started process 1007 to run task
[2024-07-23T20:40:16.115+0000] {standard_task_runner.py:90} INFO - Running: ['***', 'tasks', 'run', 'processar_dados_brewery', 'buscar_e_salvar_dados_brewery', 'manual__2024-07-23T20:40:12.473544+00:00', '--job-id', '64', '--raw', '--subdir', 'DAGS_FOLDER/rotina_principal.py', '--cfg-path', '/tmp/tmp74q1jusc']
[2024-07-23T20:40:16.117+0000] {standard_task_runner.py:91} INFO - Job 64: Subtask buscar_e_salvar_dados_brewery
[2024-07-23T20:40:16.142+0000] {task_command.py:426} INFO - Running <TaskInstance: processar_dados_brewery.buscar_e_salvar_dados_brewery manual__2024-07-23T20:40:12.473544+00:00 [running]> on host 84773d6c55d8
[2024-07-23T20:40:16.193+0000] {taskinstance.py:2648} INFO - Exporting env vars: AIRFLOW_CTX_DAG_OWNER='***' AIRFLOW_CTX_DAG_ID='processar_dados_brewery' AIRFLOW_CTX_TASK_ID='buscar_e_salvar_dados_brewery' AIRFLOW_CTX_EXECUTION_DATE='2024-07-23T20:40:12.473544+00:00' AIRFLOW_CTX_TRY_NUMBER='1' AIRFLOW_CTX_DAG_RUN_ID='manual__2024-07-23T20:40:12.473544+00:00'
[2024-07-23T20:40:16.194+0000] {taskinstance.py:430} INFO - ::endgroup::
[2024-07-23T20:40:22.567+0000] {logging_mixin.py:188} INFO - Dados salvos localmente em: /opt/***/datalake/landing_zone/brewery_data.json
[2024-07-23T20:40:22.574+0000] {python.py:237} INFO - Done. Returned value was: None
[2024-07-23T20:40:22.574+0000] {taskinstance.py:441} INFO - ::group::Post task execution logs
[2024-07-23T20:40:22.581+0000] {taskinstance.py:1206} INFO - Marking task as SUCCESS. dag_id=processar_dados_brewery, task_id=buscar_e_salvar_dados_brewery, run_id=manual__2024-07-23T20:40:12.473544+00:00, execution_date=20240723T204012, start_date=20240723T204016, end_date=20240723T204022
[2024-07-23T20:40:22.610+0000] {local_task_job_runner.py:243} INFO - Task exited with return code 0
[2024-07-23T20:40:22.625+0000] {taskinstance.py:3503} INFO - 1 downstream tasks scheduled from follow-on schedule check
[2024-07-23T20:40:22.628+0000] {local_task_job_runner.py:222} INFO - ::endgroup::
