[2024-07-23T20:40:24.185+0000] {local_task_job_runner.py:120} INFO - ::group::Pre task execution logs
[2024-07-23T20:40:24.195+0000] {taskinstance.py:2076} INFO - Dependencies all met for dep_context=non-requeueable deps ti=<TaskInstance: processar_dados_brewery.transformar_dados_para_silver manual__2024-07-23T20:40:12.473544+00:00 [queued]>
[2024-07-23T20:40:24.200+0000] {taskinstance.py:2076} INFO - Dependencies all met for dep_context=requeueable deps ti=<TaskInstance: processar_dados_brewery.transformar_dados_para_silver manual__2024-07-23T20:40:12.473544+00:00 [queued]>
[2024-07-23T20:40:24.201+0000] {taskinstance.py:2306} INFO - Starting attempt 1 of 2
[2024-07-23T20:40:24.209+0000] {taskinstance.py:2330} INFO - Executing <Task(PythonOperator): transformar_dados_para_silver> on 2024-07-23 20:40:12.473544+00:00
[2024-07-23T20:40:24.213+0000] {warnings.py:112} WARNING - /home/***/.local/lib/python3.12/site-packages/***/task/task_runner/standard_task_runner.py:62: DeprecationWarning: This process (pid=1008) is multi-threaded, use of fork() may lead to deadlocks in the child.
  pid = os.fork()

[2024-07-23T20:40:24.214+0000] {standard_task_runner.py:64} INFO - Started process 1010 to run task
[2024-07-23T20:40:24.214+0000] {standard_task_runner.py:90} INFO - Running: ['***', 'tasks', 'run', 'processar_dados_brewery', 'transformar_dados_para_silver', 'manual__2024-07-23T20:40:12.473544+00:00', '--job-id', '65', '--raw', '--subdir', 'DAGS_FOLDER/rotina_principal.py', '--cfg-path', '/tmp/tmpnyepkso7']
[2024-07-23T20:40:24.215+0000] {standard_task_runner.py:91} INFO - Job 65: Subtask transformar_dados_para_silver
[2024-07-23T20:40:24.240+0000] {task_command.py:426} INFO - Running <TaskInstance: processar_dados_brewery.transformar_dados_para_silver manual__2024-07-23T20:40:12.473544+00:00 [running]> on host 84773d6c55d8
[2024-07-23T20:40:24.293+0000] {taskinstance.py:2648} INFO - Exporting env vars: AIRFLOW_CTX_DAG_OWNER='***' AIRFLOW_CTX_DAG_ID='processar_dados_brewery' AIRFLOW_CTX_TASK_ID='transformar_dados_para_silver' AIRFLOW_CTX_EXECUTION_DATE='2024-07-23T20:40:12.473544+00:00' AIRFLOW_CTX_TRY_NUMBER='1' AIRFLOW_CTX_DAG_RUN_ID='manual__2024-07-23T20:40:12.473544+00:00'
[2024-07-23T20:40:24.293+0000] {taskinstance.py:430} INFO - ::endgroup::
[2024-07-23T20:40:26.847+0000] {logging_mixin.py:188} INFO - Dados transformados salvos em: /opt/***/datalake/silver/brewery_data_silver.parquet
[2024-07-23T20:40:26.854+0000] {python.py:237} INFO - Done. Returned value was: None
[2024-07-23T20:40:26.855+0000] {taskinstance.py:441} INFO - ::group::Post task execution logs
[2024-07-23T20:40:26.875+0000] {taskinstance.py:1206} INFO - Marking task as SUCCESS. dag_id=processar_dados_brewery, task_id=transformar_dados_para_silver, run_id=manual__2024-07-23T20:40:12.473544+00:00, execution_date=20240723T204012, start_date=20240723T204024, end_date=20240723T204026
[2024-07-23T20:40:26.913+0000] {local_task_job_runner.py:243} INFO - Task exited with return code 0
[2024-07-23T20:40:26.929+0000] {taskinstance.py:3503} INFO - 1 downstream tasks scheduled from follow-on schedule check
[2024-07-23T20:40:26.931+0000] {local_task_job_runner.py:222} INFO - ::endgroup::
