[2024-07-25T20:22:18.035+0000] {local_task_job_runner.py:120} INFO - ::group::Pre task execution logs
[2024-07-25T20:22:18.049+0000] {taskinstance.py:2076} INFO - Dependencies all met for dep_context=non-requeueable deps ti=<TaskInstance: executar_workflow_databricks.buscar_e_fazer_upload_dados_brewery manual__2024-07-25T20:22:15.550191+00:00 [queued]>
[2024-07-25T20:22:18.054+0000] {taskinstance.py:2076} INFO - Dependencies all met for dep_context=requeueable deps ti=<TaskInstance: executar_workflow_databricks.buscar_e_fazer_upload_dados_brewery manual__2024-07-25T20:22:15.550191+00:00 [queued]>
[2024-07-25T20:22:18.055+0000] {taskinstance.py:2306} INFO - Starting attempt 1 of 2
[2024-07-25T20:22:18.067+0000] {taskinstance.py:2330} INFO - Executing <Task(PythonOperator): buscar_e_fazer_upload_dados_brewery> on 2024-07-25 20:22:15.550191+00:00
[2024-07-25T20:22:18.071+0000] {warnings.py:112} WARNING - /home/***/.local/lib/python3.12/site-packages/***/task/task_runner/standard_task_runner.py:62: DeprecationWarning: This process (pid=1387) is multi-threaded, use of fork() may lead to deadlocks in the child.
  pid = os.fork()

[2024-07-25T20:22:18.072+0000] {standard_task_runner.py:64} INFO - Started process 1389 to run task
[2024-07-25T20:22:18.072+0000] {standard_task_runner.py:90} INFO - Running: ['***', 'tasks', 'run', 'executar_workflow_databricks', 'buscar_e_fazer_upload_dados_brewery', 'manual__2024-07-25T20:22:15.550191+00:00', '--job-id', '105', '--raw', '--subdir', 'DAGS_FOLDER/rotina_principal_databricks.py', '--cfg-path', '/tmp/tmpd8urk6vx']
[2024-07-25T20:22:18.074+0000] {standard_task_runner.py:91} INFO - Job 105: Subtask buscar_e_fazer_upload_dados_brewery
[2024-07-25T20:22:18.105+0000] {task_command.py:426} INFO - Running <TaskInstance: executar_workflow_databricks.buscar_e_fazer_upload_dados_brewery manual__2024-07-25T20:22:15.550191+00:00 [running]> on host a8993c02090e
[2024-07-25T20:22:18.167+0000] {taskinstance.py:2648} INFO - Exporting env vars: AIRFLOW_CTX_DAG_OWNER='***' AIRFLOW_CTX_DAG_ID='executar_workflow_databricks' AIRFLOW_CTX_TASK_ID='buscar_e_fazer_upload_dados_brewery' AIRFLOW_CTX_EXECUTION_DATE='2024-07-25T20:22:15.550191+00:00' AIRFLOW_CTX_TRY_NUMBER='1' AIRFLOW_CTX_DAG_RUN_ID='manual__2024-07-25T20:22:15.550191+00:00'
[2024-07-25T20:22:18.168+0000] {taskinstance.py:430} INFO - ::endgroup::
[2024-07-25T20:22:25.407+0000] {logging_mixin.py:188} INFO - Dados salvos localmente em: /opt/***/datalake/landing_zone/brewery_data.json
[2024-07-25T20:22:25.413+0000] {python.py:237} INFO - Done. Returned value was: None
[2024-07-25T20:22:25.414+0000] {taskinstance.py:441} INFO - ::group::Post task execution logs
[2024-07-25T20:22:25.420+0000] {taskinstance.py:1206} INFO - Marking task as SUCCESS. dag_id=executar_workflow_databricks, task_id=buscar_e_fazer_upload_dados_brewery, run_id=manual__2024-07-25T20:22:15.550191+00:00, execution_date=20240725T202215, start_date=20240725T202218, end_date=20240725T202225
[2024-07-25T20:22:25.451+0000] {local_task_job_runner.py:243} INFO - Task exited with return code 0
[2024-07-25T20:22:25.466+0000] {taskinstance.py:3503} INFO - 1 downstream tasks scheduled from follow-on schedule check
[2024-07-25T20:22:25.471+0000] {local_task_job_runner.py:222} INFO - ::endgroup::
