[2024-07-25T19:07:21.007+0000] {local_task_job_runner.py:120} INFO - ::group::Pre task execution logs
[2024-07-25T19:07:21.020+0000] {taskinstance.py:2076} INFO - Dependencies all met for dep_context=non-requeueable deps ti=<TaskInstance: processar_dados_brewery.buscar_e_salvar_dados_brewery manual__2024-07-25T19:07:18.084157+00:00 [queued]>
[2024-07-25T19:07:21.025+0000] {taskinstance.py:2076} INFO - Dependencies all met for dep_context=requeueable deps ti=<TaskInstance: processar_dados_brewery.buscar_e_salvar_dados_brewery manual__2024-07-25T19:07:18.084157+00:00 [queued]>
[2024-07-25T19:07:21.026+0000] {taskinstance.py:2306} INFO - Starting attempt 1 of 2
[2024-07-25T19:07:21.037+0000] {taskinstance.py:2330} INFO - Executing <Task(PythonOperator): buscar_e_salvar_dados_brewery> on 2024-07-25 19:07:18.084157+00:00
[2024-07-25T19:07:21.041+0000] {warnings.py:112} WARNING - /home/***/.local/lib/python3.12/site-packages/***/task/task_runner/standard_task_runner.py:62: DeprecationWarning: This process (pid=294) is multi-threaded, use of fork() may lead to deadlocks in the child.
  pid = os.fork()

[2024-07-25T19:07:21.042+0000] {standard_task_runner.py:64} INFO - Started process 296 to run task
[2024-07-25T19:07:21.042+0000] {standard_task_runner.py:90} INFO - Running: ['***', 'tasks', 'run', 'processar_dados_brewery', 'buscar_e_salvar_dados_brewery', 'manual__2024-07-25T19:07:18.084157+00:00', '--job-id', '92', '--raw', '--subdir', 'DAGS_FOLDER/rotina_principal.py', '--cfg-path', '/tmp/tmpxp0u83yf']
[2024-07-25T19:07:21.043+0000] {standard_task_runner.py:91} INFO - Job 92: Subtask buscar_e_salvar_dados_brewery
[2024-07-25T19:07:21.072+0000] {task_command.py:426} INFO - Running <TaskInstance: processar_dados_brewery.buscar_e_salvar_dados_brewery manual__2024-07-25T19:07:18.084157+00:00 [running]> on host a8993c02090e
[2024-07-25T19:07:21.129+0000] {taskinstance.py:2648} INFO - Exporting env vars: AIRFLOW_CTX_DAG_OWNER='***' AIRFLOW_CTX_DAG_ID='processar_dados_brewery' AIRFLOW_CTX_TASK_ID='buscar_e_salvar_dados_brewery' AIRFLOW_CTX_EXECUTION_DATE='2024-07-25T19:07:18.084157+00:00' AIRFLOW_CTX_TRY_NUMBER='1' AIRFLOW_CTX_DAG_RUN_ID='manual__2024-07-25T19:07:18.084157+00:00'
[2024-07-25T19:07:21.130+0000] {taskinstance.py:430} INFO - ::endgroup::
[2024-07-25T19:07:21.138+0000] {logging_mixin.py:188} INFO - ----------------------------
[2024-07-25T19:07:21.139+0000] {logging_mixin.py:188} INFO - Etapa: Iniciando busca e salvamento de dados
[2024-07-25T19:07:21.144+0000] {logging_mixin.py:188} INFO - Diretório do datalake: /opt/***/datalake
[2024-07-25T19:07:21.144+0000] {logging_mixin.py:188} INFO - Diretório da landing zone: /opt/***/datalake/landing_zone
[2024-07-25T19:07:21.145+0000] {logging_mixin.py:188} INFO - Verificando o número total de registros
[2024-07-25T19:07:21.182+0000] {logging_mixin.py:188} INFO - Iniciando busca paginada dos dados
[2024-07-25T19:07:28.598+0000] {logging_mixin.py:188} INFO - Criando DataFrame a partir dos dados recuperados
[2024-07-25T19:07:28.662+0000] {logging_mixin.py:188} INFO - Dados salvos localmente em: /opt/***/datalake/landing_zone/brewery_data.json
[2024-07-25T19:07:28.663+0000] {logging_mixin.py:188} INFO - ----------------------------
[2024-07-25T19:07:28.670+0000] {python.py:237} INFO - Done. Returned value was: None
[2024-07-25T19:07:28.670+0000] {taskinstance.py:441} INFO - ::group::Post task execution logs
[2024-07-25T19:07:28.677+0000] {taskinstance.py:1206} INFO - Marking task as SUCCESS. dag_id=processar_dados_brewery, task_id=buscar_e_salvar_dados_brewery, run_id=manual__2024-07-25T19:07:18.084157+00:00, execution_date=20240725T190718, start_date=20240725T190721, end_date=20240725T190728
[2024-07-25T19:07:28.715+0000] {local_task_job_runner.py:243} INFO - Task exited with return code 0
[2024-07-25T19:07:28.731+0000] {taskinstance.py:3503} INFO - 1 downstream tasks scheduled from follow-on schedule check
[2024-07-25T19:07:28.733+0000] {local_task_job_runner.py:222} INFO - ::endgroup::
