[2024-07-23T00:00:16.266+0000] {local_task_job_runner.py:120} INFO - ::group::Pre task execution logs
[2024-07-23T00:00:16.280+0000] {taskinstance.py:2076} INFO - Dependencies all met for dep_context=non-requeueable deps ti=<TaskInstance: execute_databricks_workflow.run_databricks_workflow scheduled__2024-07-22T00:00:00+00:00 [queued]>
[2024-07-23T00:00:16.285+0000] {taskinstance.py:2076} INFO - Dependencies all met for dep_context=requeueable deps ti=<TaskInstance: execute_databricks_workflow.run_databricks_workflow scheduled__2024-07-22T00:00:00+00:00 [queued]>
[2024-07-23T00:00:16.286+0000] {taskinstance.py:2306} INFO - Starting attempt 1 of 2
[2024-07-23T00:00:16.297+0000] {taskinstance.py:2330} INFO - Executing <Task(PythonOperator): run_databricks_workflow> on 2024-07-22 00:00:00+00:00
[2024-07-23T00:00:16.302+0000] {warnings.py:112} WARNING - /home/***/.local/lib/python3.12/site-packages/***/task/task_runner/standard_task_runner.py:62: DeprecationWarning: This process (pid=1140) is multi-threaded, use of fork() may lead to deadlocks in the child.
  pid = os.fork()

[2024-07-23T00:00:16.303+0000] {standard_task_runner.py:64} INFO - Started process 1142 to run task
[2024-07-23T00:00:16.303+0000] {standard_task_runner.py:90} INFO - Running: ['***', 'tasks', 'run', 'execute_databricks_workflow', 'run_databricks_workflow', 'scheduled__2024-07-22T00:00:00+00:00', '--job-id', '35', '--raw', '--subdir', 'DAGS_FOLDER/rotina_principal.py', '--cfg-path', '/tmp/tmpq9n151w9']
[2024-07-23T00:00:16.304+0000] {standard_task_runner.py:91} INFO - Job 35: Subtask run_databricks_workflow
[2024-07-23T00:00:16.336+0000] {task_command.py:426} INFO - Running <TaskInstance: execute_databricks_workflow.run_databricks_workflow scheduled__2024-07-22T00:00:00+00:00 [running]> on host 9e302175f1ce
[2024-07-23T00:00:16.399+0000] {taskinstance.py:2648} INFO - Exporting env vars: AIRFLOW_CTX_DAG_OWNER='***' AIRFLOW_CTX_DAG_ID='execute_databricks_workflow' AIRFLOW_CTX_TASK_ID='run_databricks_workflow' AIRFLOW_CTX_EXECUTION_DATE='2024-07-22T00:00:00+00:00' AIRFLOW_CTX_TRY_NUMBER='1' AIRFLOW_CTX_DAG_RUN_ID='scheduled__2024-07-22T00:00:00+00:00'
[2024-07-23T00:00:16.400+0000] {taskinstance.py:430} INFO - ::endgroup::
[2024-07-23T00:00:18.386+0000] {logging_mixin.py:188} INFO - Job com job_id 968731268030929 executado com sucesso.
[2024-07-23T00:00:18.386+0000] {python.py:237} INFO - Done. Returned value was: None
[2024-07-23T00:00:18.387+0000] {taskinstance.py:441} INFO - ::group::Post task execution logs
[2024-07-23T00:00:18.395+0000] {taskinstance.py:1206} INFO - Marking task as SUCCESS. dag_id=execute_databricks_workflow, task_id=run_databricks_workflow, run_id=scheduled__2024-07-22T00:00:00+00:00, execution_date=20240722T000000, start_date=20240723T000016, end_date=20240723T000018
[2024-07-23T00:00:18.441+0000] {local_task_job_runner.py:243} INFO - Task exited with return code 0
[2024-07-23T00:00:18.453+0000] {taskinstance.py:3503} INFO - 0 downstream tasks scheduled from follow-on schedule check
[2024-07-23T00:00:18.458+0000] {local_task_job_runner.py:222} INFO - ::endgroup::
