[2024-07-23T00:00:01.186+0000] {local_task_job_runner.py:120} INFO - ::group::Pre task execution logs
[2024-07-23T00:00:01.203+0000] {taskinstance.py:2076} INFO - Dependencies all met for dep_context=non-requeueable deps ti=<TaskInstance: execute_databricks_workflow.fetch_and_upload_brewery_data scheduled__2024-07-22T00:00:00+00:00 [queued]>
[2024-07-23T00:00:01.208+0000] {taskinstance.py:2076} INFO - Dependencies all met for dep_context=requeueable deps ti=<TaskInstance: execute_databricks_workflow.fetch_and_upload_brewery_data scheduled__2024-07-22T00:00:00+00:00 [queued]>
[2024-07-23T00:00:01.209+0000] {taskinstance.py:2306} INFO - Starting attempt 1 of 2
[2024-07-23T00:00:01.222+0000] {taskinstance.py:2330} INFO - Executing <Task(PythonOperator): fetch_and_upload_brewery_data> on 2024-07-22 00:00:00+00:00
[2024-07-23T00:00:01.227+0000] {warnings.py:112} WARNING - /home/***/.local/lib/python3.12/site-packages/***/task/task_runner/standard_task_runner.py:62: DeprecationWarning: This process (pid=1137) is multi-threaded, use of fork() may lead to deadlocks in the child.
  pid = os.fork()

[2024-07-23T00:00:01.229+0000] {standard_task_runner.py:64} INFO - Started process 1139 to run task
[2024-07-23T00:00:01.228+0000] {standard_task_runner.py:90} INFO - Running: ['***', 'tasks', 'run', 'execute_databricks_workflow', 'fetch_and_upload_brewery_data', 'scheduled__2024-07-22T00:00:00+00:00', '--job-id', '34', '--raw', '--subdir', 'DAGS_FOLDER/rotina_principal.py', '--cfg-path', '/tmp/tmp4z7md287']
[2024-07-23T00:00:01.230+0000] {standard_task_runner.py:91} INFO - Job 34: Subtask fetch_and_upload_brewery_data
[2024-07-23T00:00:01.267+0000] {task_command.py:426} INFO - Running <TaskInstance: execute_databricks_workflow.fetch_and_upload_brewery_data scheduled__2024-07-22T00:00:00+00:00 [running]> on host 9e302175f1ce
[2024-07-23T00:00:01.334+0000] {taskinstance.py:2648} INFO - Exporting env vars: AIRFLOW_CTX_DAG_OWNER='***' AIRFLOW_CTX_DAG_ID='execute_databricks_workflow' AIRFLOW_CTX_TASK_ID='fetch_and_upload_brewery_data' AIRFLOW_CTX_EXECUTION_DATE='2024-07-22T00:00:00+00:00' AIRFLOW_CTX_TRY_NUMBER='1' AIRFLOW_CTX_DAG_RUN_ID='scheduled__2024-07-22T00:00:00+00:00'
[2024-07-23T00:00:01.335+0000] {taskinstance.py:430} INFO - ::endgroup::
[2024-07-23T00:00:12.193+0000] {logging_mixin.py:188} INFO - Dados salvos localmente em: /opt/***/landing_zone/brewery_data.json
[2024-07-23T00:00:12.214+0000] {_universal.py:510} INFO - Request URL: 'https://datelakemedallionlayer.blob.core.windows.net/row/brewery_data.json'
Request method: 'PUT'
Request headers:
    'Content-Length': '3514404'
    'x-ms-blob-type': 'REDACTED'
    'x-ms-version': 'REDACTED'
    'Content-Type': 'application/octet-stream'
    'Accept': 'application/xml'
    'User-Agent': 'azsdk-python-storage-blob/12.20.0 Python/3.12.4 (Linux-5.15.153.1-microsoft-standard-WSL2-x86_64-with-glibc2.36)'
    'x-ms-date': 'REDACTED'
    'x-ms-client-request-id': '885944a6-4886-11ef-af1c-0242ac120006'
    'Authorization': 'REDACTED'
A body is sent with the request
[2024-07-23T00:00:14.615+0000] {_universal.py:549} INFO - Response status: 201
Response headers:
    'Content-Length': '0'
    'Content-MD5': 'REDACTED'
    'Last-Modified': 'Tue, 23 Jul 2024 00:00:14 GMT'
    'ETag': '"0x8DCAAAA6DCAAD47"'
    'Server': 'Windows-Azure-Blob/1.0 Microsoft-HTTPAPI/2.0'
    'x-ms-request-id': '6b8ba533-001e-0004-7793-dcda05000000'
    'x-ms-client-request-id': '885944a6-4886-11ef-af1c-0242ac120006'
    'x-ms-version': 'REDACTED'
    'x-ms-content-crc64': 'REDACTED'
    'x-ms-request-server-encrypted': 'REDACTED'
    'Date': 'Tue, 23 Jul 2024 00:00:13 GMT'
[2024-07-23T00:00:14.617+0000] {logging_mixin.py:188} INFO - Dados da API foram salvos no Blob Storage com sucesso!
[2024-07-23T00:00:14.623+0000] {python.py:237} INFO - Done. Returned value was: None
[2024-07-23T00:00:14.623+0000] {taskinstance.py:441} INFO - ::group::Post task execution logs
[2024-07-23T00:00:14.630+0000] {taskinstance.py:1206} INFO - Marking task as SUCCESS. dag_id=execute_databricks_workflow, task_id=fetch_and_upload_brewery_data, run_id=scheduled__2024-07-22T00:00:00+00:00, execution_date=20240722T000000, start_date=20240723T000001, end_date=20240723T000014
[2024-07-23T00:00:14.651+0000] {local_task_job_runner.py:243} INFO - Task exited with return code 0
[2024-07-23T00:00:14.663+0000] {taskinstance.py:3503} INFO - 1 downstream tasks scheduled from follow-on schedule check
[2024-07-23T00:00:14.665+0000] {local_task_job_runner.py:222} INFO - ::endgroup::
