[2024-07-25T19:59:18.124+0000] {local_task_job_runner.py:120} INFO - ::group::Pre task execution logs
[2024-07-25T19:59:18.139+0000] {taskinstance.py:2076} INFO - Dependencies all met for dep_context=non-requeueable deps ti=<TaskInstance: executar_workflow_databricks.verificar_e_criar_workflow manual__2024-07-25T19:59:06.330016+00:00 [queued]>
[2024-07-25T19:59:18.144+0000] {taskinstance.py:2076} INFO - Dependencies all met for dep_context=requeueable deps ti=<TaskInstance: executar_workflow_databricks.verificar_e_criar_workflow manual__2024-07-25T19:59:06.330016+00:00 [queued]>
[2024-07-25T19:59:18.144+0000] {taskinstance.py:2306} INFO - Starting attempt 1 of 2
[2024-07-25T19:59:18.154+0000] {taskinstance.py:2330} INFO - Executing <Task(PythonOperator): verificar_e_criar_workflow> on 2024-07-25 19:59:06.330016+00:00
[2024-07-25T19:59:18.158+0000] {warnings.py:112} WARNING - /home/***/.local/lib/python3.12/site-packages/***/task/task_runner/standard_task_runner.py:62: DeprecationWarning: This process (pid=1067) is multi-threaded, use of fork() may lead to deadlocks in the child.
  pid = os.fork()

[2024-07-25T19:59:18.159+0000] {standard_task_runner.py:64} INFO - Started process 1069 to run task
[2024-07-25T19:59:18.159+0000] {standard_task_runner.py:90} INFO - Running: ['***', 'tasks', 'run', 'executar_workflow_databricks', 'verificar_e_criar_workflow', 'manual__2024-07-25T19:59:06.330016+00:00', '--job-id', '100', '--raw', '--subdir', 'DAGS_FOLDER/rotina_principal_databricks.py', '--cfg-path', '/tmp/tmpfu22m9dx']
[2024-07-25T19:59:18.160+0000] {standard_task_runner.py:91} INFO - Job 100: Subtask verificar_e_criar_workflow
[2024-07-25T19:59:18.186+0000] {task_command.py:426} INFO - Running <TaskInstance: executar_workflow_databricks.verificar_e_criar_workflow manual__2024-07-25T19:59:06.330016+00:00 [running]> on host a8993c02090e
[2024-07-25T19:59:18.238+0000] {taskinstance.py:2648} INFO - Exporting env vars: AIRFLOW_CTX_DAG_OWNER='***' AIRFLOW_CTX_DAG_ID='executar_workflow_databricks' AIRFLOW_CTX_TASK_ID='verificar_e_criar_workflow' AIRFLOW_CTX_EXECUTION_DATE='2024-07-25T19:59:06.330016+00:00' AIRFLOW_CTX_TRY_NUMBER='1' AIRFLOW_CTX_DAG_RUN_ID='manual__2024-07-25T19:59:06.330016+00:00'
[2024-07-25T19:59:18.239+0000] {taskinstance.py:430} INFO - ::endgroup::
[2024-07-25T19:59:19.132+0000] {logging_mixin.py:188} INFO - Workflow 'Pipilene_api_ambev' já existe.
[2024-07-25T19:59:19.133+0000] {python.py:237} INFO - Done. Returned value was: None
[2024-07-25T19:59:19.135+0000] {taskinstance.py:441} INFO - ::group::Post task execution logs
[2024-07-25T19:59:19.143+0000] {taskinstance.py:1206} INFO - Marking task as SUCCESS. dag_id=executar_workflow_databricks, task_id=verificar_e_criar_workflow, run_id=manual__2024-07-25T19:59:06.330016+00:00, execution_date=20240725T195906, start_date=20240725T195918, end_date=20240725T195919
[2024-07-25T19:59:19.174+0000] {local_task_job_runner.py:243} INFO - Task exited with return code 0
[2024-07-25T19:59:19.191+0000] {taskinstance.py:3503} INFO - 1 downstream tasks scheduled from follow-on schedule check
[2024-07-25T19:59:19.194+0000] {local_task_job_runner.py:222} INFO - ::endgroup::
