[2024-07-25T20:16:55.759+0000] {local_task_job_runner.py:120} INFO - ::group::Pre task execution logs
[2024-07-25T20:16:55.774+0000] {taskinstance.py:2076} INFO - Dependencies all met for dep_context=non-requeueable deps ti=<TaskInstance: executar_workflow_databricks.buscar_e_fazer_upload_dados_brewery manual__2024-07-25T20:16:53.832340+00:00 [queued]>
[2024-07-25T20:16:55.779+0000] {taskinstance.py:2076} INFO - Dependencies all met for dep_context=requeueable deps ti=<TaskInstance: executar_workflow_databricks.buscar_e_fazer_upload_dados_brewery manual__2024-07-25T20:16:53.832340+00:00 [queued]>
[2024-07-25T20:16:55.779+0000] {taskinstance.py:2306} INFO - Starting attempt 1 of 2
[2024-07-25T20:16:55.788+0000] {taskinstance.py:2330} INFO - Executing <Task(PythonOperator): buscar_e_fazer_upload_dados_brewery> on 2024-07-25 20:16:53.832340+00:00
[2024-07-25T20:16:55.792+0000] {warnings.py:112} WARNING - /home/***/.local/lib/python3.12/site-packages/***/task/task_runner/standard_task_runner.py:62: DeprecationWarning: This process (pid=1307) is multi-threaded, use of fork() may lead to deadlocks in the child.
  pid = os.fork()

[2024-07-25T20:16:55.793+0000] {standard_task_runner.py:64} INFO - Started process 1309 to run task
[2024-07-25T20:16:55.793+0000] {standard_task_runner.py:90} INFO - Running: ['***', 'tasks', 'run', 'executar_workflow_databricks', 'buscar_e_fazer_upload_dados_brewery', 'manual__2024-07-25T20:16:53.832340+00:00', '--job-id', '102', '--raw', '--subdir', 'DAGS_FOLDER/rotina_principal_databricks.py', '--cfg-path', '/tmp/tmpitn5ue6l']
[2024-07-25T20:16:55.794+0000] {standard_task_runner.py:91} INFO - Job 102: Subtask buscar_e_fazer_upload_dados_brewery
[2024-07-25T20:16:55.821+0000] {task_command.py:426} INFO - Running <TaskInstance: executar_workflow_databricks.buscar_e_fazer_upload_dados_brewery manual__2024-07-25T20:16:53.832340+00:00 [running]> on host a8993c02090e
[2024-07-25T20:16:55.877+0000] {taskinstance.py:2648} INFO - Exporting env vars: AIRFLOW_CTX_DAG_OWNER='***' AIRFLOW_CTX_DAG_ID='executar_workflow_databricks' AIRFLOW_CTX_TASK_ID='buscar_e_fazer_upload_dados_brewery' AIRFLOW_CTX_EXECUTION_DATE='2024-07-25T20:16:53.832340+00:00' AIRFLOW_CTX_TRY_NUMBER='1' AIRFLOW_CTX_DAG_RUN_ID='manual__2024-07-25T20:16:53.832340+00:00'
[2024-07-25T20:16:55.878+0000] {taskinstance.py:430} INFO - ::endgroup::
[2024-07-25T20:17:04.576+0000] {logging_mixin.py:188} INFO - Dados salvos localmente em: /opt/***/datalake/landing_zone/brewery_data.json
[2024-07-25T20:17:04.583+0000] {python.py:237} INFO - Done. Returned value was: None
[2024-07-25T20:17:04.583+0000] {taskinstance.py:441} INFO - ::group::Post task execution logs
[2024-07-25T20:17:04.590+0000] {taskinstance.py:1206} INFO - Marking task as SUCCESS. dag_id=executar_workflow_databricks, task_id=buscar_e_fazer_upload_dados_brewery, run_id=manual__2024-07-25T20:16:53.832340+00:00, execution_date=20240725T201653, start_date=20240725T201655, end_date=20240725T201704
[2024-07-25T20:17:04.616+0000] {local_task_job_runner.py:243} INFO - Task exited with return code 0
[2024-07-25T20:17:04.632+0000] {taskinstance.py:3503} INFO - 1 downstream tasks scheduled from follow-on schedule check
[2024-07-25T20:17:04.634+0000] {local_task_job_runner.py:222} INFO - ::endgroup::
