[2024-07-23T21:20:57.422+0000] {local_task_job_runner.py:120} INFO - ::group::Pre task execution logs
[2024-07-23T21:20:57.432+0000] {taskinstance.py:2076} INFO - Dependencies all met for dep_context=non-requeueable deps ti=<TaskInstance: processar_dados_brewery.transformar_dados_para_silver manual__2024-07-23T21:20:46.509060+00:00 [queued]>
[2024-07-23T21:20:57.437+0000] {taskinstance.py:2076} INFO - Dependencies all met for dep_context=requeueable deps ti=<TaskInstance: processar_dados_brewery.transformar_dados_para_silver manual__2024-07-23T21:20:46.509060+00:00 [queued]>
[2024-07-23T21:20:57.438+0000] {taskinstance.py:2306} INFO - Starting attempt 1 of 2
[2024-07-23T21:20:57.448+0000] {taskinstance.py:2330} INFO - Executing <Task(PythonOperator): transformar_dados_para_silver> on 2024-07-23 21:20:46.509060+00:00
[2024-07-23T21:20:57.451+0000] {warnings.py:112} WARNING - /home/***/.local/lib/python3.12/site-packages/***/task/task_runner/standard_task_runner.py:62: DeprecationWarning: This process (pid=1701) is multi-threaded, use of fork() may lead to deadlocks in the child.
  pid = os.fork()

[2024-07-23T21:20:57.452+0000] {standard_task_runner.py:64} INFO - Started process 1703 to run task
[2024-07-23T21:20:57.452+0000] {standard_task_runner.py:90} INFO - Running: ['***', 'tasks', 'run', 'processar_dados_brewery', 'transformar_dados_para_silver', 'manual__2024-07-23T21:20:46.509060+00:00', '--job-id', '80', '--raw', '--subdir', 'DAGS_FOLDER/rotina_principal.py', '--cfg-path', '/tmp/tmpwihk79r0']
[2024-07-23T21:20:57.453+0000] {standard_task_runner.py:91} INFO - Job 80: Subtask transformar_dados_para_silver
[2024-07-23T21:20:57.483+0000] {task_command.py:426} INFO - Running <TaskInstance: processar_dados_brewery.transformar_dados_para_silver manual__2024-07-23T21:20:46.509060+00:00 [running]> on host 84773d6c55d8
[2024-07-23T21:20:57.541+0000] {taskinstance.py:2648} INFO - Exporting env vars: AIRFLOW_CTX_DAG_OWNER='***' AIRFLOW_CTX_DAG_ID='processar_dados_brewery' AIRFLOW_CTX_TASK_ID='transformar_dados_para_silver' AIRFLOW_CTX_EXECUTION_DATE='2024-07-23T21:20:46.509060+00:00' AIRFLOW_CTX_TRY_NUMBER='1' AIRFLOW_CTX_DAG_RUN_ID='manual__2024-07-23T21:20:46.509060+00:00'
[2024-07-23T21:20:57.542+0000] {taskinstance.py:430} INFO - ::endgroup::
[2024-07-23T21:20:57.551+0000] {logging_mixin.py:188} INFO - ----------------------------
[2024-07-23T21:20:57.551+0000] {logging_mixin.py:188} INFO - Etapa: Transformação dos dados para Silver
[2024-07-23T21:20:57.557+0000] {logging_mixin.py:188} INFO - Diretório do datalake: /opt/***/datalake
[2024-07-23T21:20:57.557+0000] {logging_mixin.py:188} INFO - Diretório da landing zone: /opt/***/datalake/landing_zone
[2024-07-23T21:20:57.557+0000] {logging_mixin.py:188} INFO - Diretório da silver zone: /opt/***/datalake/silver
[2024-07-23T21:20:57.642+0000] {logging_mixin.py:188} INFO - Dados lidos da landing zone
[2024-07-23T21:20:57.642+0000] {logging_mixin.py:188} INFO - Renomeando colunas
[2024-07-23T21:20:57.645+0000] {logging_mixin.py:188} INFO - Aplicando transformações
[2024-07-23T21:20:57.690+0000] {logging_mixin.py:188} INFO - Validando URLs
[2024-07-23T21:20:57.701+0000] {logging_mixin.py:188} INFO - Ajustando URLs
[2024-07-23T21:21:00.014+0000] {logging_mixin.py:188} INFO - Dados transformados salvos em: /opt/***/datalake/silver/brewery_data_silver.parquet
[2024-07-23T21:21:00.017+0000] {logging_mixin.py:188} INFO - ----------------------------
[2024-07-23T21:21:00.025+0000] {python.py:237} INFO - Done. Returned value was: None
[2024-07-23T21:21:00.027+0000] {taskinstance.py:441} INFO - ::group::Post task execution logs
[2024-07-23T21:21:00.037+0000] {taskinstance.py:1206} INFO - Marking task as SUCCESS. dag_id=processar_dados_brewery, task_id=transformar_dados_para_silver, run_id=manual__2024-07-23T21:20:46.509060+00:00, execution_date=20240723T212046, start_date=20240723T212057, end_date=20240723T212100
[2024-07-23T21:21:00.111+0000] {local_task_job_runner.py:243} INFO - Task exited with return code 0
[2024-07-23T21:21:00.129+0000] {taskinstance.py:3503} INFO - 1 downstream tasks scheduled from follow-on schedule check
[2024-07-23T21:21:00.131+0000] {local_task_job_runner.py:222} INFO - ::endgroup::
