[2024-07-25T19:07:19.916+0000] {local_task_job_runner.py:120} INFO - ::group::Pre task execution logs
[2024-07-25T19:07:19.926+0000] {taskinstance.py:2076} INFO - Dependencies all met for dep_context=non-requeueable deps ti=<TaskInstance: processar_dados_brewery.api_available_sensor manual__2024-07-25T19:07:18.084157+00:00 [queued]>
[2024-07-25T19:07:19.931+0000] {taskinstance.py:2076} INFO - Dependencies all met for dep_context=requeueable deps ti=<TaskInstance: processar_dados_brewery.api_available_sensor manual__2024-07-25T19:07:18.084157+00:00 [queued]>
[2024-07-25T19:07:19.934+0000] {taskinstance.py:2306} INFO - Starting attempt 1 of 2
[2024-07-25T19:07:19.944+0000] {taskinstance.py:2330} INFO - Executing <Task(HttpSensor): api_available_sensor> on 2024-07-25 19:07:18.084157+00:00
[2024-07-25T19:07:19.948+0000] {warnings.py:112} WARNING - /home/***/.local/lib/python3.12/site-packages/***/task/task_runner/standard_task_runner.py:62: DeprecationWarning: This process (pid=291) is multi-threaded, use of fork() may lead to deadlocks in the child.
  pid = os.fork()

[2024-07-25T19:07:19.949+0000] {standard_task_runner.py:64} INFO - Started process 293 to run task
[2024-07-25T19:07:19.949+0000] {standard_task_runner.py:90} INFO - Running: ['***', 'tasks', 'run', 'processar_dados_brewery', 'api_available_sensor', 'manual__2024-07-25T19:07:18.084157+00:00', '--job-id', '91', '--raw', '--subdir', 'DAGS_FOLDER/rotina_principal.py', '--cfg-path', '/tmp/tmpcjs1psum']
[2024-07-25T19:07:19.950+0000] {standard_task_runner.py:91} INFO - Job 91: Subtask api_available_sensor
[2024-07-25T19:07:19.977+0000] {task_command.py:426} INFO - Running <TaskInstance: processar_dados_brewery.api_available_sensor manual__2024-07-25T19:07:18.084157+00:00 [running]> on host a8993c02090e
[2024-07-25T19:07:20.032+0000] {taskinstance.py:2648} INFO - Exporting env vars: AIRFLOW_CTX_DAG_OWNER='***' AIRFLOW_CTX_DAG_ID='processar_dados_brewery' AIRFLOW_CTX_TASK_ID='api_available_sensor' AIRFLOW_CTX_EXECUTION_DATE='2024-07-25T19:07:18.084157+00:00' AIRFLOW_CTX_TRY_NUMBER='1' AIRFLOW_CTX_DAG_RUN_ID='manual__2024-07-25T19:07:18.084157+00:00'
[2024-07-25T19:07:20.032+0000] {taskinstance.py:430} INFO - ::endgroup::
[2024-07-25T19:07:20.040+0000] {baseoperator.py:400} WARNING - HttpSensor.execute cannot be called outside TaskInstance!
[2024-07-25T19:07:20.041+0000] {http.py:137} INFO - Poking: breweries
[2024-07-25T19:07:20.046+0000] {base.py:84} INFO - Using connection ID 'open_brewery_db_api' for task execution.
[2024-07-25T19:07:20.282+0000] {base.py:294} INFO - Success criteria met. Exiting.
[2024-07-25T19:07:20.283+0000] {taskinstance.py:441} INFO - ::group::Post task execution logs
[2024-07-25T19:07:20.289+0000] {taskinstance.py:1206} INFO - Marking task as SUCCESS. dag_id=processar_dados_brewery, task_id=api_available_sensor, run_id=manual__2024-07-25T19:07:18.084157+00:00, execution_date=20240725T190718, start_date=20240725T190719, end_date=20240725T190720
[2024-07-25T19:07:20.323+0000] {local_task_job_runner.py:243} INFO - Task exited with return code 0
[2024-07-25T19:07:20.343+0000] {taskinstance.py:3503} INFO - 1 downstream tasks scheduled from follow-on schedule check
[2024-07-25T19:07:20.349+0000] {local_task_job_runner.py:222} INFO - ::endgroup::
