[2024-07-25T18:55:55.206+0000] {local_task_job_runner.py:120} INFO - ::group::Pre task execution logs
[2024-07-25T18:55:55.221+0000] {taskinstance.py:2076} INFO - Dependencies all met for dep_context=non-requeueable deps ti=<TaskInstance: executar_workflow_databricks.verificar_e_criar_workflow scheduled__2024-07-24T00:00:00+00:00 [queued]>
[2024-07-25T18:55:55.226+0000] {taskinstance.py:2076} INFO - Dependencies all met for dep_context=requeueable deps ti=<TaskInstance: executar_workflow_databricks.verificar_e_criar_workflow scheduled__2024-07-24T00:00:00+00:00 [queued]>
[2024-07-25T18:55:55.227+0000] {taskinstance.py:2306} INFO - Starting attempt 1 of 2
[2024-07-25T18:55:55.236+0000] {taskinstance.py:2330} INFO - Executing <Task(PythonOperator): verificar_e_criar_workflow> on 2024-07-24 00:00:00+00:00
[2024-07-25T18:55:55.240+0000] {warnings.py:112} WARNING - /home/***/.local/lib/python3.12/site-packages/***/task/task_runner/standard_task_runner.py:62: DeprecationWarning: This process (pid=92) is multi-threaded, use of fork() may lead to deadlocks in the child.
  pid = os.fork()

[2024-07-25T18:55:55.241+0000] {standard_task_runner.py:64} INFO - Started process 96 to run task
[2024-07-25T18:55:55.242+0000] {standard_task_runner.py:90} INFO - Running: ['***', 'tasks', 'run', 'executar_workflow_databricks', 'verificar_e_criar_workflow', 'scheduled__2024-07-24T00:00:00+00:00', '--job-id', '88', '--raw', '--subdir', 'DAGS_FOLDER/rotina_principal_databricks.py', '--cfg-path', '/tmp/tmp2ixurlak']
[2024-07-25T18:55:55.243+0000] {standard_task_runner.py:91} INFO - Job 88: Subtask verificar_e_criar_workflow
[2024-07-25T18:55:55.270+0000] {task_command.py:426} INFO - Running <TaskInstance: executar_workflow_databricks.verificar_e_criar_workflow scheduled__2024-07-24T00:00:00+00:00 [running]> on host a8993c02090e
[2024-07-25T18:55:55.325+0000] {taskinstance.py:2648} INFO - Exporting env vars: AIRFLOW_CTX_DAG_OWNER='***' AIRFLOW_CTX_DAG_ID='executar_workflow_databricks' AIRFLOW_CTX_TASK_ID='verificar_e_criar_workflow' AIRFLOW_CTX_EXECUTION_DATE='2024-07-24T00:00:00+00:00' AIRFLOW_CTX_TRY_NUMBER='1' AIRFLOW_CTX_DAG_RUN_ID='scheduled__2024-07-24T00:00:00+00:00'
[2024-07-25T18:55:55.326+0000] {taskinstance.py:430} INFO - ::endgroup::
[2024-07-25T18:55:56.298+0000] {logging_mixin.py:188} INFO - Workflow 'Pipilene_api_ambev' já existe.
[2024-07-25T18:55:56.298+0000] {python.py:237} INFO - Done. Returned value was: None
[2024-07-25T18:55:56.299+0000] {taskinstance.py:441} INFO - ::group::Post task execution logs
[2024-07-25T18:55:56.305+0000] {taskinstance.py:1206} INFO - Marking task as SUCCESS. dag_id=executar_workflow_databricks, task_id=verificar_e_criar_workflow, run_id=scheduled__2024-07-24T00:00:00+00:00, execution_date=20240724T000000, start_date=20240725T185555, end_date=20240725T185556
[2024-07-25T18:55:56.337+0000] {local_task_job_runner.py:243} INFO - Task exited with return code 0
[2024-07-25T18:55:56.354+0000] {taskinstance.py:3503} INFO - 1 downstream tasks scheduled from follow-on schedule check
[2024-07-25T18:55:56.355+0000] {local_task_job_runner.py:222} INFO - ::endgroup::
