[2024-07-23T20:45:10.441+0000] {local_task_job_runner.py:120} INFO - ::group::Pre task execution logs
[2024-07-23T20:45:10.451+0000] {taskinstance.py:2076} INFO - Dependencies all met for dep_context=non-requeueable deps ti=<TaskInstance: processar_dados_brewery.transformar_dados_para_silver scheduled__2024-07-23T20:30:00+00:00 [queued]>
[2024-07-23T20:45:10.457+0000] {taskinstance.py:2076} INFO - Dependencies all met for dep_context=requeueable deps ti=<TaskInstance: processar_dados_brewery.transformar_dados_para_silver scheduled__2024-07-23T20:30:00+00:00 [queued]>
[2024-07-23T20:45:10.457+0000] {taskinstance.py:2306} INFO - Starting attempt 1 of 2
[2024-07-23T20:45:10.466+0000] {taskinstance.py:2330} INFO - Executing <Task(PythonOperator): transformar_dados_para_silver> on 2024-07-23 20:30:00+00:00
[2024-07-23T20:45:10.470+0000] {warnings.py:112} WARNING - /home/***/.local/lib/python3.12/site-packages/***/task/task_runner/standard_task_runner.py:62: DeprecationWarning: This process (pid=1118) is multi-threaded, use of fork() may lead to deadlocks in the child.
  pid = os.fork()

[2024-07-23T20:45:10.471+0000] {standard_task_runner.py:64} INFO - Started process 1120 to run task
[2024-07-23T20:45:10.471+0000] {standard_task_runner.py:90} INFO - Running: ['***', 'tasks', 'run', 'processar_dados_brewery', 'transformar_dados_para_silver', 'scheduled__2024-07-23T20:30:00+00:00', '--job-id', '69', '--raw', '--subdir', 'DAGS_FOLDER/rotina_principal.py', '--cfg-path', '/tmp/tmpo_eymbd5']
[2024-07-23T20:45:10.472+0000] {standard_task_runner.py:91} INFO - Job 69: Subtask transformar_dados_para_silver
[2024-07-23T20:45:10.500+0000] {task_command.py:426} INFO - Running <TaskInstance: processar_dados_brewery.transformar_dados_para_silver scheduled__2024-07-23T20:30:00+00:00 [running]> on host 84773d6c55d8
[2024-07-23T20:45:10.557+0000] {taskinstance.py:2648} INFO - Exporting env vars: AIRFLOW_CTX_DAG_OWNER='***' AIRFLOW_CTX_DAG_ID='processar_dados_brewery' AIRFLOW_CTX_TASK_ID='transformar_dados_para_silver' AIRFLOW_CTX_EXECUTION_DATE='2024-07-23T20:30:00+00:00' AIRFLOW_CTX_TRY_NUMBER='1' AIRFLOW_CTX_DAG_RUN_ID='scheduled__2024-07-23T20:30:00+00:00'
[2024-07-23T20:45:10.558+0000] {taskinstance.py:430} INFO - ::endgroup::
[2024-07-23T20:45:13.413+0000] {logging_mixin.py:188} INFO - Dados transformados salvos em: /opt/***/datalake/silver/brewery_data_silver.parquet
[2024-07-23T20:45:13.420+0000] {python.py:237} INFO - Done. Returned value was: None
[2024-07-23T20:45:13.423+0000] {taskinstance.py:441} INFO - ::group::Post task execution logs
[2024-07-23T20:45:13.434+0000] {taskinstance.py:1206} INFO - Marking task as SUCCESS. dag_id=processar_dados_brewery, task_id=transformar_dados_para_silver, run_id=scheduled__2024-07-23T20:30:00+00:00, execution_date=20240723T203000, start_date=20240723T204510, end_date=20240723T204513
[2024-07-23T20:45:13.494+0000] {local_task_job_runner.py:243} INFO - Task exited with return code 0
[2024-07-23T20:45:13.514+0000] {taskinstance.py:3503} INFO - 1 downstream tasks scheduled from follow-on schedule check
[2024-07-23T20:45:13.516+0000] {local_task_job_runner.py:222} INFO - ::endgroup::
