[2024-07-23T00:00:12.790+0000] {processor.py:161} INFO - Started process (PID=1343) to work on /opt/airflow/dags/rotina_principal.py
[2024-07-23T00:00:12.791+0000] {processor.py:830} INFO - Processing file /opt/airflow/dags/rotina_principal.py for tasks to queue
[2024-07-23T00:00:12.792+0000] {logging_mixin.py:188} INFO - [2024-07-23T00:00:12.792+0000] {dagbag.py:545} INFO - Filling up the DagBag from /opt/airflow/dags/rotina_principal.py
[2024-07-23T00:00:13.197+0000] {processor.py:840} INFO - DAG(s) 'execute_databricks_workflow' retrieved from /opt/airflow/dags/rotina_principal.py
[2024-07-23T00:00:13.273+0000] {logging_mixin.py:188} INFO - [2024-07-23T00:00:13.273+0000] {dag.py:3089} INFO - Sync 1 DAGs
[2024-07-23T00:00:13.289+0000] {logging_mixin.py:188} INFO - [2024-07-23T00:00:13.288+0000] {dag.py:3947} INFO - Setting next_dagrun for execute_databricks_workflow to 2024-07-23 00:00:00+00:00, run_after=2024-07-24 00:00:00+00:00
[2024-07-23T00:00:13.301+0000] {processor.py:183} INFO - Processing /opt/airflow/dags/rotina_principal.py took 0.515 seconds
[2024-07-23T00:00:43.444+0000] {processor.py:161} INFO - Started process (PID=1351) to work on /opt/airflow/dags/rotina_principal.py
[2024-07-23T00:00:43.445+0000] {processor.py:830} INFO - Processing file /opt/airflow/dags/rotina_principal.py for tasks to queue
[2024-07-23T00:00:43.446+0000] {logging_mixin.py:188} INFO - [2024-07-23T00:00:43.446+0000] {dagbag.py:545} INFO - Filling up the DagBag from /opt/airflow/dags/rotina_principal.py
[2024-07-23T00:00:43.836+0000] {processor.py:840} INFO - DAG(s) 'execute_databricks_workflow' retrieved from /opt/airflow/dags/rotina_principal.py
[2024-07-23T00:00:43.853+0000] {logging_mixin.py:188} INFO - [2024-07-23T00:00:43.853+0000] {dag.py:3089} INFO - Sync 1 DAGs
[2024-07-23T00:00:43.868+0000] {logging_mixin.py:188} INFO - [2024-07-23T00:00:43.868+0000] {dag.py:3947} INFO - Setting next_dagrun for execute_databricks_workflow to 2024-07-23 00:00:00+00:00, run_after=2024-07-24 00:00:00+00:00
[2024-07-23T00:00:43.881+0000] {processor.py:183} INFO - Processing /opt/airflow/dags/rotina_principal.py took 0.441 seconds
[2024-07-23T00:01:14.028+0000] {processor.py:161} INFO - Started process (PID=1359) to work on /opt/airflow/dags/rotina_principal.py
[2024-07-23T00:01:14.029+0000] {processor.py:830} INFO - Processing file /opt/airflow/dags/rotina_principal.py for tasks to queue
[2024-07-23T00:01:14.030+0000] {logging_mixin.py:188} INFO - [2024-07-23T00:01:14.030+0000] {dagbag.py:545} INFO - Filling up the DagBag from /opt/airflow/dags/rotina_principal.py
[2024-07-23T00:01:14.448+0000] {processor.py:840} INFO - DAG(s) 'execute_databricks_workflow' retrieved from /opt/airflow/dags/rotina_principal.py
[2024-07-23T00:01:14.466+0000] {logging_mixin.py:188} INFO - [2024-07-23T00:01:14.465+0000] {dag.py:3089} INFO - Sync 1 DAGs
[2024-07-23T00:01:14.479+0000] {logging_mixin.py:188} INFO - [2024-07-23T00:01:14.479+0000] {dag.py:3947} INFO - Setting next_dagrun for execute_databricks_workflow to 2024-07-23 00:00:00+00:00, run_after=2024-07-24 00:00:00+00:00
[2024-07-23T00:01:14.493+0000] {processor.py:183} INFO - Processing /opt/airflow/dags/rotina_principal.py took 0.469 seconds
[2024-07-23T00:01:44.634+0000] {processor.py:161} INFO - Started process (PID=1373) to work on /opt/airflow/dags/rotina_principal.py
[2024-07-23T00:01:44.635+0000] {processor.py:830} INFO - Processing file /opt/airflow/dags/rotina_principal.py for tasks to queue
[2024-07-23T00:01:44.636+0000] {logging_mixin.py:188} INFO - [2024-07-23T00:01:44.636+0000] {dagbag.py:545} INFO - Filling up the DagBag from /opt/airflow/dags/rotina_principal.py
[2024-07-23T00:01:45.017+0000] {processor.py:840} INFO - DAG(s) 'execute_databricks_workflow' retrieved from /opt/airflow/dags/rotina_principal.py
[2024-07-23T00:01:45.034+0000] {logging_mixin.py:188} INFO - [2024-07-23T00:01:45.034+0000] {dag.py:3089} INFO - Sync 1 DAGs
[2024-07-23T00:01:45.049+0000] {logging_mixin.py:188} INFO - [2024-07-23T00:01:45.049+0000] {dag.py:3947} INFO - Setting next_dagrun for execute_databricks_workflow to 2024-07-23 00:00:00+00:00, run_after=2024-07-24 00:00:00+00:00
[2024-07-23T00:01:45.061+0000] {processor.py:183} INFO - Processing /opt/airflow/dags/rotina_principal.py took 0.430 seconds
[2024-07-23T00:02:15.201+0000] {processor.py:161} INFO - Started process (PID=1381) to work on /opt/airflow/dags/rotina_principal.py
[2024-07-23T00:02:15.202+0000] {processor.py:830} INFO - Processing file /opt/airflow/dags/rotina_principal.py for tasks to queue
[2024-07-23T00:02:15.203+0000] {logging_mixin.py:188} INFO - [2024-07-23T00:02:15.203+0000] {dagbag.py:545} INFO - Filling up the DagBag from /opt/airflow/dags/rotina_principal.py
[2024-07-23T00:02:15.620+0000] {processor.py:840} INFO - DAG(s) 'execute_databricks_workflow' retrieved from /opt/airflow/dags/rotina_principal.py
[2024-07-23T00:02:15.639+0000] {logging_mixin.py:188} INFO - [2024-07-23T00:02:15.638+0000] {dag.py:3089} INFO - Sync 1 DAGs
[2024-07-23T00:02:15.653+0000] {logging_mixin.py:188} INFO - [2024-07-23T00:02:15.653+0000] {dag.py:3947} INFO - Setting next_dagrun for execute_databricks_workflow to 2024-07-23 00:00:00+00:00, run_after=2024-07-24 00:00:00+00:00
[2024-07-23T00:02:15.665+0000] {processor.py:183} INFO - Processing /opt/airflow/dags/rotina_principal.py took 0.468 seconds
[2024-07-23T00:02:45.805+0000] {processor.py:161} INFO - Started process (PID=1389) to work on /opt/airflow/dags/rotina_principal.py
[2024-07-23T00:02:45.806+0000] {processor.py:830} INFO - Processing file /opt/airflow/dags/rotina_principal.py for tasks to queue
[2024-07-23T00:02:45.807+0000] {logging_mixin.py:188} INFO - [2024-07-23T00:02:45.807+0000] {dagbag.py:545} INFO - Filling up the DagBag from /opt/airflow/dags/rotina_principal.py
[2024-07-23T00:02:46.187+0000] {processor.py:840} INFO - DAG(s) 'execute_databricks_workflow' retrieved from /opt/airflow/dags/rotina_principal.py
[2024-07-23T00:02:46.203+0000] {logging_mixin.py:188} INFO - [2024-07-23T00:02:46.203+0000] {dag.py:3089} INFO - Sync 1 DAGs
[2024-07-23T00:02:46.216+0000] {logging_mixin.py:188} INFO - [2024-07-23T00:02:46.216+0000] {dag.py:3947} INFO - Setting next_dagrun for execute_databricks_workflow to 2024-07-23 00:00:00+00:00, run_after=2024-07-24 00:00:00+00:00
[2024-07-23T00:02:46.228+0000] {processor.py:183} INFO - Processing /opt/airflow/dags/rotina_principal.py took 0.427 seconds
[2024-07-23T00:03:16.362+0000] {processor.py:161} INFO - Started process (PID=1397) to work on /opt/airflow/dags/rotina_principal.py
[2024-07-23T00:03:16.362+0000] {processor.py:830} INFO - Processing file /opt/airflow/dags/rotina_principal.py for tasks to queue
[2024-07-23T00:03:16.364+0000] {logging_mixin.py:188} INFO - [2024-07-23T00:03:16.363+0000] {dagbag.py:545} INFO - Filling up the DagBag from /opt/airflow/dags/rotina_principal.py
[2024-07-23T00:03:16.730+0000] {processor.py:840} INFO - DAG(s) 'execute_databricks_workflow' retrieved from /opt/airflow/dags/rotina_principal.py
[2024-07-23T00:03:16.745+0000] {logging_mixin.py:188} INFO - [2024-07-23T00:03:16.745+0000] {dag.py:3089} INFO - Sync 1 DAGs
[2024-07-23T00:03:16.758+0000] {logging_mixin.py:188} INFO - [2024-07-23T00:03:16.758+0000] {dag.py:3947} INFO - Setting next_dagrun for execute_databricks_workflow to 2024-07-23 00:00:00+00:00, run_after=2024-07-24 00:00:00+00:00
[2024-07-23T00:03:16.769+0000] {processor.py:183} INFO - Processing /opt/airflow/dags/rotina_principal.py took 0.412 seconds
[2024-07-23T00:03:46.898+0000] {processor.py:161} INFO - Started process (PID=1405) to work on /opt/airflow/dags/rotina_principal.py
[2024-07-23T00:03:46.899+0000] {processor.py:830} INFO - Processing file /opt/airflow/dags/rotina_principal.py for tasks to queue
[2024-07-23T00:03:46.900+0000] {logging_mixin.py:188} INFO - [2024-07-23T00:03:46.900+0000] {dagbag.py:545} INFO - Filling up the DagBag from /opt/airflow/dags/rotina_principal.py
[2024-07-23T00:03:47.292+0000] {processor.py:840} INFO - DAG(s) 'execute_databricks_workflow' retrieved from /opt/airflow/dags/rotina_principal.py
[2024-07-23T00:03:47.307+0000] {logging_mixin.py:188} INFO - [2024-07-23T00:03:47.307+0000] {dag.py:3089} INFO - Sync 1 DAGs
[2024-07-23T00:03:47.323+0000] {logging_mixin.py:188} INFO - [2024-07-23T00:03:47.323+0000] {dag.py:3947} INFO - Setting next_dagrun for execute_databricks_workflow to 2024-07-23 00:00:00+00:00, run_after=2024-07-24 00:00:00+00:00
[2024-07-23T00:03:47.347+0000] {processor.py:183} INFO - Processing /opt/airflow/dags/rotina_principal.py took 0.453 seconds
[2024-07-23T00:04:17.512+0000] {processor.py:161} INFO - Started process (PID=1413) to work on /opt/airflow/dags/rotina_principal.py
[2024-07-23T00:04:17.513+0000] {processor.py:830} INFO - Processing file /opt/airflow/dags/rotina_principal.py for tasks to queue
[2024-07-23T00:04:17.515+0000] {logging_mixin.py:188} INFO - [2024-07-23T00:04:17.514+0000] {dagbag.py:545} INFO - Filling up the DagBag from /opt/airflow/dags/rotina_principal.py
[2024-07-23T00:04:17.911+0000] {processor.py:840} INFO - DAG(s) 'execute_databricks_workflow' retrieved from /opt/airflow/dags/rotina_principal.py
[2024-07-23T00:04:17.929+0000] {logging_mixin.py:188} INFO - [2024-07-23T00:04:17.928+0000] {dag.py:3089} INFO - Sync 1 DAGs
[2024-07-23T00:04:17.944+0000] {logging_mixin.py:188} INFO - [2024-07-23T00:04:17.944+0000] {dag.py:3947} INFO - Setting next_dagrun for execute_databricks_workflow to 2024-07-23 00:00:00+00:00, run_after=2024-07-24 00:00:00+00:00
[2024-07-23T00:04:17.970+0000] {processor.py:183} INFO - Processing /opt/airflow/dags/rotina_principal.py took 0.462 seconds
[2024-07-23T00:04:48.116+0000] {processor.py:161} INFO - Started process (PID=1421) to work on /opt/airflow/dags/rotina_principal.py
[2024-07-23T00:04:48.117+0000] {processor.py:830} INFO - Processing file /opt/airflow/dags/rotina_principal.py for tasks to queue
[2024-07-23T00:04:48.118+0000] {logging_mixin.py:188} INFO - [2024-07-23T00:04:48.118+0000] {dagbag.py:545} INFO - Filling up the DagBag from /opt/airflow/dags/rotina_principal.py
[2024-07-23T00:04:48.512+0000] {processor.py:840} INFO - DAG(s) 'execute_databricks_workflow' retrieved from /opt/airflow/dags/rotina_principal.py
[2024-07-23T00:04:48.529+0000] {logging_mixin.py:188} INFO - [2024-07-23T00:04:48.529+0000] {dag.py:3089} INFO - Sync 1 DAGs
[2024-07-23T00:04:48.542+0000] {logging_mixin.py:188} INFO - [2024-07-23T00:04:48.542+0000] {dag.py:3947} INFO - Setting next_dagrun for execute_databricks_workflow to 2024-07-23 00:00:00+00:00, run_after=2024-07-24 00:00:00+00:00
[2024-07-23T00:04:48.565+0000] {processor.py:183} INFO - Processing /opt/airflow/dags/rotina_principal.py took 0.453 seconds
[2024-07-23T00:05:18.700+0000] {processor.py:161} INFO - Started process (PID=1429) to work on /opt/airflow/dags/rotina_principal.py
[2024-07-23T00:05:18.700+0000] {processor.py:830} INFO - Processing file /opt/airflow/dags/rotina_principal.py for tasks to queue
[2024-07-23T00:05:18.702+0000] {logging_mixin.py:188} INFO - [2024-07-23T00:05:18.702+0000] {dagbag.py:545} INFO - Filling up the DagBag from /opt/airflow/dags/rotina_principal.py
[2024-07-23T00:05:19.119+0000] {processor.py:840} INFO - DAG(s) 'execute_databricks_workflow' retrieved from /opt/airflow/dags/rotina_principal.py
[2024-07-23T00:05:19.136+0000] {logging_mixin.py:188} INFO - [2024-07-23T00:05:19.136+0000] {dag.py:3089} INFO - Sync 1 DAGs
[2024-07-23T00:05:19.150+0000] {logging_mixin.py:188} INFO - [2024-07-23T00:05:19.150+0000] {dag.py:3947} INFO - Setting next_dagrun for execute_databricks_workflow to 2024-07-23 00:00:00+00:00, run_after=2024-07-24 00:00:00+00:00
[2024-07-23T00:05:19.162+0000] {processor.py:183} INFO - Processing /opt/airflow/dags/rotina_principal.py took 0.466 seconds
[2024-07-23T00:05:49.303+0000] {processor.py:161} INFO - Started process (PID=1437) to work on /opt/airflow/dags/rotina_principal.py
[2024-07-23T00:05:49.304+0000] {processor.py:830} INFO - Processing file /opt/airflow/dags/rotina_principal.py for tasks to queue
[2024-07-23T00:05:49.305+0000] {logging_mixin.py:188} INFO - [2024-07-23T00:05:49.305+0000] {dagbag.py:545} INFO - Filling up the DagBag from /opt/airflow/dags/rotina_principal.py
[2024-07-23T00:05:49.710+0000] {processor.py:840} INFO - DAG(s) 'execute_databricks_workflow' retrieved from /opt/airflow/dags/rotina_principal.py
[2024-07-23T00:05:49.727+0000] {logging_mixin.py:188} INFO - [2024-07-23T00:05:49.726+0000] {dag.py:3089} INFO - Sync 1 DAGs
[2024-07-23T00:05:49.742+0000] {logging_mixin.py:188} INFO - [2024-07-23T00:05:49.742+0000] {dag.py:3947} INFO - Setting next_dagrun for execute_databricks_workflow to 2024-07-23 00:00:00+00:00, run_after=2024-07-24 00:00:00+00:00
[2024-07-23T00:05:49.765+0000] {processor.py:183} INFO - Processing /opt/airflow/dags/rotina_principal.py took 0.466 seconds
[2024-07-23T00:06:19.900+0000] {processor.py:161} INFO - Started process (PID=1445) to work on /opt/airflow/dags/rotina_principal.py
[2024-07-23T00:06:19.901+0000] {processor.py:830} INFO - Processing file /opt/airflow/dags/rotina_principal.py for tasks to queue
[2024-07-23T00:06:19.902+0000] {logging_mixin.py:188} INFO - [2024-07-23T00:06:19.902+0000] {dagbag.py:545} INFO - Filling up the DagBag from /opt/airflow/dags/rotina_principal.py
[2024-07-23T00:06:20.294+0000] {processor.py:840} INFO - DAG(s) 'execute_databricks_workflow' retrieved from /opt/airflow/dags/rotina_principal.py
[2024-07-23T00:06:20.311+0000] {logging_mixin.py:188} INFO - [2024-07-23T00:06:20.310+0000] {dag.py:3089} INFO - Sync 1 DAGs
[2024-07-23T00:06:20.326+0000] {logging_mixin.py:188} INFO - [2024-07-23T00:06:20.326+0000] {dag.py:3947} INFO - Setting next_dagrun for execute_databricks_workflow to 2024-07-23 00:00:00+00:00, run_after=2024-07-24 00:00:00+00:00
[2024-07-23T00:06:20.348+0000] {processor.py:183} INFO - Processing /opt/airflow/dags/rotina_principal.py took 0.452 seconds
[2024-07-23T00:06:50.489+0000] {processor.py:161} INFO - Started process (PID=1453) to work on /opt/airflow/dags/rotina_principal.py
[2024-07-23T00:06:50.489+0000] {processor.py:830} INFO - Processing file /opt/airflow/dags/rotina_principal.py for tasks to queue
[2024-07-23T00:06:50.491+0000] {logging_mixin.py:188} INFO - [2024-07-23T00:06:50.491+0000] {dagbag.py:545} INFO - Filling up the DagBag from /opt/airflow/dags/rotina_principal.py
[2024-07-23T00:06:50.904+0000] {processor.py:840} INFO - DAG(s) 'execute_databricks_workflow' retrieved from /opt/airflow/dags/rotina_principal.py
[2024-07-23T00:06:50.921+0000] {logging_mixin.py:188} INFO - [2024-07-23T00:06:50.921+0000] {dag.py:3089} INFO - Sync 1 DAGs
[2024-07-23T00:06:50.935+0000] {logging_mixin.py:188} INFO - [2024-07-23T00:06:50.934+0000] {dag.py:3947} INFO - Setting next_dagrun for execute_databricks_workflow to 2024-07-23 00:00:00+00:00, run_after=2024-07-24 00:00:00+00:00
[2024-07-23T00:06:50.949+0000] {processor.py:183} INFO - Processing /opt/airflow/dags/rotina_principal.py took 0.464 seconds
[2024-07-23T00:07:21.092+0000] {processor.py:161} INFO - Started process (PID=1461) to work on /opt/airflow/dags/rotina_principal.py
[2024-07-23T00:07:21.093+0000] {processor.py:830} INFO - Processing file /opt/airflow/dags/rotina_principal.py for tasks to queue
[2024-07-23T00:07:21.094+0000] {logging_mixin.py:188} INFO - [2024-07-23T00:07:21.094+0000] {dagbag.py:545} INFO - Filling up the DagBag from /opt/airflow/dags/rotina_principal.py
[2024-07-23T00:07:21.468+0000] {processor.py:840} INFO - DAG(s) 'execute_databricks_workflow' retrieved from /opt/airflow/dags/rotina_principal.py
[2024-07-23T00:07:21.485+0000] {logging_mixin.py:188} INFO - [2024-07-23T00:07:21.485+0000] {dag.py:3089} INFO - Sync 1 DAGs
[2024-07-23T00:07:21.499+0000] {logging_mixin.py:188} INFO - [2024-07-23T00:07:21.498+0000] {dag.py:3947} INFO - Setting next_dagrun for execute_databricks_workflow to 2024-07-23 00:00:00+00:00, run_after=2024-07-24 00:00:00+00:00
[2024-07-23T00:07:21.512+0000] {processor.py:183} INFO - Processing /opt/airflow/dags/rotina_principal.py took 0.424 seconds
[2024-07-23T00:07:51.647+0000] {processor.py:161} INFO - Started process (PID=1469) to work on /opt/airflow/dags/rotina_principal.py
[2024-07-23T00:07:51.647+0000] {processor.py:830} INFO - Processing file /opt/airflow/dags/rotina_principal.py for tasks to queue
[2024-07-23T00:07:51.649+0000] {logging_mixin.py:188} INFO - [2024-07-23T00:07:51.649+0000] {dagbag.py:545} INFO - Filling up the DagBag from /opt/airflow/dags/rotina_principal.py
[2024-07-23T00:07:52.044+0000] {processor.py:840} INFO - DAG(s) 'execute_databricks_workflow' retrieved from /opt/airflow/dags/rotina_principal.py
[2024-07-23T00:07:52.060+0000] {logging_mixin.py:188} INFO - [2024-07-23T00:07:52.060+0000] {dag.py:3089} INFO - Sync 1 DAGs
[2024-07-23T00:07:52.073+0000] {logging_mixin.py:188} INFO - [2024-07-23T00:07:52.073+0000] {dag.py:3947} INFO - Setting next_dagrun for execute_databricks_workflow to 2024-07-23 00:00:00+00:00, run_after=2024-07-24 00:00:00+00:00
[2024-07-23T00:07:52.086+0000] {processor.py:183} INFO - Processing /opt/airflow/dags/rotina_principal.py took 0.444 seconds
[2024-07-23T00:08:22.217+0000] {processor.py:161} INFO - Started process (PID=1477) to work on /opt/airflow/dags/rotina_principal.py
[2024-07-23T00:08:22.217+0000] {processor.py:830} INFO - Processing file /opt/airflow/dags/rotina_principal.py for tasks to queue
[2024-07-23T00:08:22.218+0000] {logging_mixin.py:188} INFO - [2024-07-23T00:08:22.218+0000] {dagbag.py:545} INFO - Filling up the DagBag from /opt/airflow/dags/rotina_principal.py
[2024-07-23T00:08:22.591+0000] {processor.py:840} INFO - DAG(s) 'execute_databricks_workflow' retrieved from /opt/airflow/dags/rotina_principal.py
[2024-07-23T00:08:22.607+0000] {logging_mixin.py:188} INFO - [2024-07-23T00:08:22.607+0000] {dag.py:3089} INFO - Sync 1 DAGs
[2024-07-23T00:08:22.621+0000] {logging_mixin.py:188} INFO - [2024-07-23T00:08:22.621+0000] {dag.py:3947} INFO - Setting next_dagrun for execute_databricks_workflow to 2024-07-23 00:00:00+00:00, run_after=2024-07-24 00:00:00+00:00
[2024-07-23T00:08:22.633+0000] {processor.py:183} INFO - Processing /opt/airflow/dags/rotina_principal.py took 0.421 seconds
[2024-07-23T00:08:52.771+0000] {processor.py:161} INFO - Started process (PID=1485) to work on /opt/airflow/dags/rotina_principal.py
[2024-07-23T00:08:52.772+0000] {processor.py:830} INFO - Processing file /opt/airflow/dags/rotina_principal.py for tasks to queue
[2024-07-23T00:08:52.774+0000] {logging_mixin.py:188} INFO - [2024-07-23T00:08:52.773+0000] {dagbag.py:545} INFO - Filling up the DagBag from /opt/airflow/dags/rotina_principal.py
[2024-07-23T00:08:53.175+0000] {processor.py:840} INFO - DAG(s) 'execute_databricks_workflow' retrieved from /opt/airflow/dags/rotina_principal.py
[2024-07-23T00:08:53.192+0000] {logging_mixin.py:188} INFO - [2024-07-23T00:08:53.192+0000] {dag.py:3089} INFO - Sync 1 DAGs
[2024-07-23T00:08:53.206+0000] {logging_mixin.py:188} INFO - [2024-07-23T00:08:53.205+0000] {dag.py:3947} INFO - Setting next_dagrun for execute_databricks_workflow to 2024-07-23 00:00:00+00:00, run_after=2024-07-24 00:00:00+00:00
[2024-07-23T00:08:53.217+0000] {processor.py:183} INFO - Processing /opt/airflow/dags/rotina_principal.py took 0.451 seconds
[2024-07-23T00:09:23.351+0000] {processor.py:161} INFO - Started process (PID=1493) to work on /opt/airflow/dags/rotina_principal.py
[2024-07-23T00:09:23.352+0000] {processor.py:830} INFO - Processing file /opt/airflow/dags/rotina_principal.py for tasks to queue
[2024-07-23T00:09:23.353+0000] {logging_mixin.py:188} INFO - [2024-07-23T00:09:23.353+0000] {dagbag.py:545} INFO - Filling up the DagBag from /opt/airflow/dags/rotina_principal.py
[2024-07-23T00:09:23.758+0000] {processor.py:840} INFO - DAG(s) 'execute_databricks_workflow' retrieved from /opt/airflow/dags/rotina_principal.py
[2024-07-23T00:09:23.774+0000] {logging_mixin.py:188} INFO - [2024-07-23T00:09:23.774+0000] {dag.py:3089} INFO - Sync 1 DAGs
[2024-07-23T00:09:23.789+0000] {logging_mixin.py:188} INFO - [2024-07-23T00:09:23.789+0000] {dag.py:3947} INFO - Setting next_dagrun for execute_databricks_workflow to 2024-07-23 00:00:00+00:00, run_after=2024-07-24 00:00:00+00:00
[2024-07-23T00:09:23.812+0000] {processor.py:183} INFO - Processing /opt/airflow/dags/rotina_principal.py took 0.464 seconds
[2024-07-23T00:09:53.956+0000] {processor.py:161} INFO - Started process (PID=1501) to work on /opt/airflow/dags/rotina_principal.py
[2024-07-23T00:09:53.957+0000] {processor.py:830} INFO - Processing file /opt/airflow/dags/rotina_principal.py for tasks to queue
[2024-07-23T00:09:53.958+0000] {logging_mixin.py:188} INFO - [2024-07-23T00:09:53.958+0000] {dagbag.py:545} INFO - Filling up the DagBag from /opt/airflow/dags/rotina_principal.py
[2024-07-23T00:09:54.347+0000] {processor.py:840} INFO - DAG(s) 'execute_databricks_workflow' retrieved from /opt/airflow/dags/rotina_principal.py
[2024-07-23T00:09:54.363+0000] {logging_mixin.py:188} INFO - [2024-07-23T00:09:54.363+0000] {dag.py:3089} INFO - Sync 1 DAGs
[2024-07-23T00:09:54.376+0000] {logging_mixin.py:188} INFO - [2024-07-23T00:09:54.376+0000] {dag.py:3947} INFO - Setting next_dagrun for execute_databricks_workflow to 2024-07-23 00:00:00+00:00, run_after=2024-07-24 00:00:00+00:00
[2024-07-23T00:09:54.394+0000] {processor.py:183} INFO - Processing /opt/airflow/dags/rotina_principal.py took 0.442 seconds
[2024-07-23T00:10:24.529+0000] {processor.py:161} INFO - Started process (PID=1509) to work on /opt/airflow/dags/rotina_principal.py
[2024-07-23T00:10:24.530+0000] {processor.py:830} INFO - Processing file /opt/airflow/dags/rotina_principal.py for tasks to queue
[2024-07-23T00:10:24.531+0000] {logging_mixin.py:188} INFO - [2024-07-23T00:10:24.531+0000] {dagbag.py:545} INFO - Filling up the DagBag from /opt/airflow/dags/rotina_principal.py
[2024-07-23T00:10:24.948+0000] {processor.py:840} INFO - DAG(s) 'execute_databricks_workflow' retrieved from /opt/airflow/dags/rotina_principal.py
[2024-07-23T00:10:24.965+0000] {logging_mixin.py:188} INFO - [2024-07-23T00:10:24.965+0000] {dag.py:3089} INFO - Sync 1 DAGs
[2024-07-23T00:10:24.981+0000] {logging_mixin.py:188} INFO - [2024-07-23T00:10:24.981+0000] {dag.py:3947} INFO - Setting next_dagrun for execute_databricks_workflow to 2024-07-23 00:00:00+00:00, run_after=2024-07-24 00:00:00+00:00
[2024-07-23T00:10:25.007+0000] {processor.py:183} INFO - Processing /opt/airflow/dags/rotina_principal.py took 0.483 seconds
[2024-07-23T00:10:55.156+0000] {processor.py:161} INFO - Started process (PID=1517) to work on /opt/airflow/dags/rotina_principal.py
[2024-07-23T00:10:55.157+0000] {processor.py:830} INFO - Processing file /opt/airflow/dags/rotina_principal.py for tasks to queue
[2024-07-23T00:10:55.158+0000] {logging_mixin.py:188} INFO - [2024-07-23T00:10:55.158+0000] {dagbag.py:545} INFO - Filling up the DagBag from /opt/airflow/dags/rotina_principal.py
[2024-07-23T00:10:55.563+0000] {processor.py:840} INFO - DAG(s) 'execute_databricks_workflow' retrieved from /opt/airflow/dags/rotina_principal.py
[2024-07-23T00:10:55.581+0000] {logging_mixin.py:188} INFO - [2024-07-23T00:10:55.580+0000] {dag.py:3089} INFO - Sync 1 DAGs
[2024-07-23T00:10:55.595+0000] {logging_mixin.py:188} INFO - [2024-07-23T00:10:55.594+0000] {dag.py:3947} INFO - Setting next_dagrun for execute_databricks_workflow to 2024-07-23 00:00:00+00:00, run_after=2024-07-24 00:00:00+00:00
[2024-07-23T00:10:55.619+0000] {processor.py:183} INFO - Processing /opt/airflow/dags/rotina_principal.py took 0.468 seconds
[2024-07-23T00:11:25.772+0000] {processor.py:161} INFO - Started process (PID=1525) to work on /opt/airflow/dags/rotina_principal.py
[2024-07-23T00:11:25.773+0000] {processor.py:830} INFO - Processing file /opt/airflow/dags/rotina_principal.py for tasks to queue
[2024-07-23T00:11:25.774+0000] {logging_mixin.py:188} INFO - [2024-07-23T00:11:25.773+0000] {dagbag.py:545} INFO - Filling up the DagBag from /opt/airflow/dags/rotina_principal.py
[2024-07-23T00:11:26.185+0000] {processor.py:840} INFO - DAG(s) 'execute_databricks_workflow' retrieved from /opt/airflow/dags/rotina_principal.py
[2024-07-23T00:11:26.200+0000] {logging_mixin.py:188} INFO - [2024-07-23T00:11:26.200+0000] {dag.py:3089} INFO - Sync 1 DAGs
[2024-07-23T00:11:26.213+0000] {logging_mixin.py:188} INFO - [2024-07-23T00:11:26.213+0000] {dag.py:3947} INFO - Setting next_dagrun for execute_databricks_workflow to 2024-07-23 00:00:00+00:00, run_after=2024-07-24 00:00:00+00:00
[2024-07-23T00:11:26.227+0000] {processor.py:183} INFO - Processing /opt/airflow/dags/rotina_principal.py took 0.458 seconds
[2024-07-23T00:11:56.366+0000] {processor.py:161} INFO - Started process (PID=1533) to work on /opt/airflow/dags/rotina_principal.py
[2024-07-23T00:11:56.366+0000] {processor.py:830} INFO - Processing file /opt/airflow/dags/rotina_principal.py for tasks to queue
[2024-07-23T00:11:56.368+0000] {logging_mixin.py:188} INFO - [2024-07-23T00:11:56.367+0000] {dagbag.py:545} INFO - Filling up the DagBag from /opt/airflow/dags/rotina_principal.py
[2024-07-23T00:11:56.748+0000] {processor.py:840} INFO - DAG(s) 'execute_databricks_workflow' retrieved from /opt/airflow/dags/rotina_principal.py
[2024-07-23T00:11:56.764+0000] {logging_mixin.py:188} INFO - [2024-07-23T00:11:56.764+0000] {dag.py:3089} INFO - Sync 1 DAGs
[2024-07-23T00:11:56.777+0000] {logging_mixin.py:188} INFO - [2024-07-23T00:11:56.777+0000] {dag.py:3947} INFO - Setting next_dagrun for execute_databricks_workflow to 2024-07-23 00:00:00+00:00, run_after=2024-07-24 00:00:00+00:00
[2024-07-23T00:11:56.799+0000] {processor.py:183} INFO - Processing /opt/airflow/dags/rotina_principal.py took 0.437 seconds
[2024-07-23T00:12:26.947+0000] {processor.py:161} INFO - Started process (PID=1541) to work on /opt/airflow/dags/rotina_principal.py
[2024-07-23T00:12:26.948+0000] {processor.py:830} INFO - Processing file /opt/airflow/dags/rotina_principal.py for tasks to queue
[2024-07-23T00:12:26.949+0000] {logging_mixin.py:188} INFO - [2024-07-23T00:12:26.949+0000] {dagbag.py:545} INFO - Filling up the DagBag from /opt/airflow/dags/rotina_principal.py
[2024-07-23T00:12:27.361+0000] {processor.py:840} INFO - DAG(s) 'execute_databricks_workflow' retrieved from /opt/airflow/dags/rotina_principal.py
[2024-07-23T00:12:27.378+0000] {logging_mixin.py:188} INFO - [2024-07-23T00:12:27.377+0000] {dag.py:3089} INFO - Sync 1 DAGs
[2024-07-23T00:12:27.392+0000] {logging_mixin.py:188} INFO - [2024-07-23T00:12:27.392+0000] {dag.py:3947} INFO - Setting next_dagrun for execute_databricks_workflow to 2024-07-23 00:00:00+00:00, run_after=2024-07-24 00:00:00+00:00
[2024-07-23T00:12:27.404+0000] {processor.py:183} INFO - Processing /opt/airflow/dags/rotina_principal.py took 0.460 seconds
[2024-07-23T00:12:57.541+0000] {processor.py:161} INFO - Started process (PID=1549) to work on /opt/airflow/dags/rotina_principal.py
[2024-07-23T00:12:57.542+0000] {processor.py:830} INFO - Processing file /opt/airflow/dags/rotina_principal.py for tasks to queue
[2024-07-23T00:12:57.543+0000] {logging_mixin.py:188} INFO - [2024-07-23T00:12:57.543+0000] {dagbag.py:545} INFO - Filling up the DagBag from /opt/airflow/dags/rotina_principal.py
[2024-07-23T00:12:57.921+0000] {processor.py:840} INFO - DAG(s) 'execute_databricks_workflow' retrieved from /opt/airflow/dags/rotina_principal.py
[2024-07-23T00:12:57.938+0000] {logging_mixin.py:188} INFO - [2024-07-23T00:12:57.937+0000] {dag.py:3089} INFO - Sync 1 DAGs
[2024-07-23T00:12:57.952+0000] {logging_mixin.py:188} INFO - [2024-07-23T00:12:57.951+0000] {dag.py:3947} INFO - Setting next_dagrun for execute_databricks_workflow to 2024-07-23 00:00:00+00:00, run_after=2024-07-24 00:00:00+00:00
[2024-07-23T00:12:57.965+0000] {processor.py:183} INFO - Processing /opt/airflow/dags/rotina_principal.py took 0.428 seconds
[2024-07-23T00:13:28.105+0000] {processor.py:161} INFO - Started process (PID=1557) to work on /opt/airflow/dags/rotina_principal.py
[2024-07-23T00:13:28.105+0000] {processor.py:830} INFO - Processing file /opt/airflow/dags/rotina_principal.py for tasks to queue
[2024-07-23T00:13:28.107+0000] {logging_mixin.py:188} INFO - [2024-07-23T00:13:28.106+0000] {dagbag.py:545} INFO - Filling up the DagBag from /opt/airflow/dags/rotina_principal.py
[2024-07-23T00:13:28.488+0000] {processor.py:840} INFO - DAG(s) 'execute_databricks_workflow' retrieved from /opt/airflow/dags/rotina_principal.py
[2024-07-23T00:13:28.507+0000] {logging_mixin.py:188} INFO - [2024-07-23T00:13:28.507+0000] {dag.py:3089} INFO - Sync 1 DAGs
[2024-07-23T00:13:28.520+0000] {logging_mixin.py:188} INFO - [2024-07-23T00:13:28.520+0000] {dag.py:3947} INFO - Setting next_dagrun for execute_databricks_workflow to 2024-07-23 00:00:00+00:00, run_after=2024-07-24 00:00:00+00:00
[2024-07-23T00:13:28.534+0000] {processor.py:183} INFO - Processing /opt/airflow/dags/rotina_principal.py took 0.433 seconds
[2024-07-23T00:13:58.672+0000] {processor.py:161} INFO - Started process (PID=1565) to work on /opt/airflow/dags/rotina_principal.py
[2024-07-23T00:13:58.672+0000] {processor.py:830} INFO - Processing file /opt/airflow/dags/rotina_principal.py for tasks to queue
[2024-07-23T00:13:58.674+0000] {logging_mixin.py:188} INFO - [2024-07-23T00:13:58.673+0000] {dagbag.py:545} INFO - Filling up the DagBag from /opt/airflow/dags/rotina_principal.py
[2024-07-23T00:13:59.038+0000] {processor.py:840} INFO - DAG(s) 'execute_databricks_workflow' retrieved from /opt/airflow/dags/rotina_principal.py
[2024-07-23T00:13:59.053+0000] {logging_mixin.py:188} INFO - [2024-07-23T00:13:59.053+0000] {dag.py:3089} INFO - Sync 1 DAGs
[2024-07-23T00:13:59.066+0000] {logging_mixin.py:188} INFO - [2024-07-23T00:13:59.066+0000] {dag.py:3947} INFO - Setting next_dagrun for execute_databricks_workflow to 2024-07-23 00:00:00+00:00, run_after=2024-07-24 00:00:00+00:00
[2024-07-23T00:13:59.080+0000] {processor.py:183} INFO - Processing /opt/airflow/dags/rotina_principal.py took 0.413 seconds
[2024-07-23T00:14:29.242+0000] {processor.py:161} INFO - Started process (PID=1574) to work on /opt/airflow/dags/rotina_principal.py
[2024-07-23T00:14:29.243+0000] {processor.py:830} INFO - Processing file /opt/airflow/dags/rotina_principal.py for tasks to queue
[2024-07-23T00:14:29.244+0000] {logging_mixin.py:188} INFO - [2024-07-23T00:14:29.244+0000] {dagbag.py:545} INFO - Filling up the DagBag from /opt/airflow/dags/rotina_principal.py
[2024-07-23T00:14:29.621+0000] {processor.py:840} INFO - DAG(s) 'execute_databricks_workflow' retrieved from /opt/airflow/dags/rotina_principal.py
[2024-07-23T00:14:29.637+0000] {logging_mixin.py:188} INFO - [2024-07-23T00:14:29.637+0000] {dag.py:3089} INFO - Sync 1 DAGs
[2024-07-23T00:14:29.651+0000] {logging_mixin.py:188} INFO - [2024-07-23T00:14:29.651+0000] {dag.py:3947} INFO - Setting next_dagrun for execute_databricks_workflow to 2024-07-23 00:00:00+00:00, run_after=2024-07-24 00:00:00+00:00
[2024-07-23T00:14:29.664+0000] {processor.py:183} INFO - Processing /opt/airflow/dags/rotina_principal.py took 0.425 seconds
[2024-07-23T00:14:59.796+0000] {processor.py:161} INFO - Started process (PID=1582) to work on /opt/airflow/dags/rotina_principal.py
[2024-07-23T00:14:59.797+0000] {processor.py:830} INFO - Processing file /opt/airflow/dags/rotina_principal.py for tasks to queue
[2024-07-23T00:14:59.798+0000] {logging_mixin.py:188} INFO - [2024-07-23T00:14:59.798+0000] {dagbag.py:545} INFO - Filling up the DagBag from /opt/airflow/dags/rotina_principal.py
[2024-07-23T00:15:00.171+0000] {processor.py:840} INFO - DAG(s) 'execute_databricks_workflow' retrieved from /opt/airflow/dags/rotina_principal.py
[2024-07-23T00:15:00.186+0000] {logging_mixin.py:188} INFO - [2024-07-23T00:15:00.186+0000] {dag.py:3089} INFO - Sync 1 DAGs
[2024-07-23T00:15:00.200+0000] {logging_mixin.py:188} INFO - [2024-07-23T00:15:00.200+0000] {dag.py:3947} INFO - Setting next_dagrun for execute_databricks_workflow to 2024-07-23 00:00:00+00:00, run_after=2024-07-24 00:00:00+00:00
[2024-07-23T00:15:00.214+0000] {processor.py:183} INFO - Processing /opt/airflow/dags/rotina_principal.py took 0.421 seconds
[2024-07-23T00:15:30.355+0000] {processor.py:161} INFO - Started process (PID=1590) to work on /opt/airflow/dags/rotina_principal.py
[2024-07-23T00:15:30.355+0000] {processor.py:830} INFO - Processing file /opt/airflow/dags/rotina_principal.py for tasks to queue
[2024-07-23T00:15:30.357+0000] {logging_mixin.py:188} INFO - [2024-07-23T00:15:30.357+0000] {dagbag.py:545} INFO - Filling up the DagBag from /opt/airflow/dags/rotina_principal.py
[2024-07-23T00:15:30.741+0000] {processor.py:840} INFO - DAG(s) 'execute_databricks_workflow' retrieved from /opt/airflow/dags/rotina_principal.py
[2024-07-23T00:15:30.757+0000] {logging_mixin.py:188} INFO - [2024-07-23T00:15:30.757+0000] {dag.py:3089} INFO - Sync 1 DAGs
[2024-07-23T00:15:30.772+0000] {logging_mixin.py:188} INFO - [2024-07-23T00:15:30.772+0000] {dag.py:3947} INFO - Setting next_dagrun for execute_databricks_workflow to 2024-07-23 00:00:00+00:00, run_after=2024-07-24 00:00:00+00:00
[2024-07-23T00:15:30.787+0000] {processor.py:183} INFO - Processing /opt/airflow/dags/rotina_principal.py took 0.438 seconds
[2024-07-23T00:16:00.930+0000] {processor.py:161} INFO - Started process (PID=1598) to work on /opt/airflow/dags/rotina_principal.py
[2024-07-23T00:16:00.931+0000] {processor.py:830} INFO - Processing file /opt/airflow/dags/rotina_principal.py for tasks to queue
[2024-07-23T00:16:00.932+0000] {logging_mixin.py:188} INFO - [2024-07-23T00:16:00.932+0000] {dagbag.py:545} INFO - Filling up the DagBag from /opt/airflow/dags/rotina_principal.py
[2024-07-23T00:16:01.347+0000] {processor.py:840} INFO - DAG(s) 'execute_databricks_workflow' retrieved from /opt/airflow/dags/rotina_principal.py
[2024-07-23T00:16:01.365+0000] {logging_mixin.py:188} INFO - [2024-07-23T00:16:01.365+0000] {dag.py:3089} INFO - Sync 1 DAGs
[2024-07-23T00:16:01.379+0000] {logging_mixin.py:188} INFO - [2024-07-23T00:16:01.379+0000] {dag.py:3947} INFO - Setting next_dagrun for execute_databricks_workflow to 2024-07-23 00:00:00+00:00, run_after=2024-07-24 00:00:00+00:00
[2024-07-23T00:16:01.393+0000] {processor.py:183} INFO - Processing /opt/airflow/dags/rotina_principal.py took 0.468 seconds
[2024-07-23T00:16:31.534+0000] {processor.py:161} INFO - Started process (PID=1606) to work on /opt/airflow/dags/rotina_principal.py
[2024-07-23T00:16:31.535+0000] {processor.py:830} INFO - Processing file /opt/airflow/dags/rotina_principal.py for tasks to queue
[2024-07-23T00:16:31.536+0000] {logging_mixin.py:188} INFO - [2024-07-23T00:16:31.536+0000] {dagbag.py:545} INFO - Filling up the DagBag from /opt/airflow/dags/rotina_principal.py
[2024-07-23T00:16:31.969+0000] {processor.py:840} INFO - DAG(s) 'execute_databricks_workflow' retrieved from /opt/airflow/dags/rotina_principal.py
[2024-07-23T00:16:31.985+0000] {logging_mixin.py:188} INFO - [2024-07-23T00:16:31.985+0000] {dag.py:3089} INFO - Sync 1 DAGs
[2024-07-23T00:16:32.000+0000] {logging_mixin.py:188} INFO - [2024-07-23T00:16:32.000+0000] {dag.py:3947} INFO - Setting next_dagrun for execute_databricks_workflow to 2024-07-23 00:00:00+00:00, run_after=2024-07-24 00:00:00+00:00
[2024-07-23T00:16:32.025+0000] {processor.py:183} INFO - Processing /opt/airflow/dags/rotina_principal.py took 0.495 seconds
[2024-07-23T00:17:02.177+0000] {processor.py:161} INFO - Started process (PID=1614) to work on /opt/airflow/dags/rotina_principal.py
[2024-07-23T00:17:02.177+0000] {processor.py:830} INFO - Processing file /opt/airflow/dags/rotina_principal.py for tasks to queue
[2024-07-23T00:17:02.178+0000] {logging_mixin.py:188} INFO - [2024-07-23T00:17:02.178+0000] {dagbag.py:545} INFO - Filling up the DagBag from /opt/airflow/dags/rotina_principal.py
[2024-07-23T00:17:02.579+0000] {processor.py:840} INFO - DAG(s) 'execute_databricks_workflow' retrieved from /opt/airflow/dags/rotina_principal.py
[2024-07-23T00:17:02.595+0000] {logging_mixin.py:188} INFO - [2024-07-23T00:17:02.595+0000] {dag.py:3089} INFO - Sync 1 DAGs
[2024-07-23T00:17:02.611+0000] {logging_mixin.py:188} INFO - [2024-07-23T00:17:02.611+0000] {dag.py:3947} INFO - Setting next_dagrun for execute_databricks_workflow to 2024-07-23 00:00:00+00:00, run_after=2024-07-24 00:00:00+00:00
[2024-07-23T00:17:02.623+0000] {processor.py:183} INFO - Processing /opt/airflow/dags/rotina_principal.py took 0.450 seconds
[2024-07-23T00:17:32.765+0000] {processor.py:161} INFO - Started process (PID=1622) to work on /opt/airflow/dags/rotina_principal.py
[2024-07-23T00:17:32.765+0000] {processor.py:830} INFO - Processing file /opt/airflow/dags/rotina_principal.py for tasks to queue
[2024-07-23T00:17:32.767+0000] {logging_mixin.py:188} INFO - [2024-07-23T00:17:32.766+0000] {dagbag.py:545} INFO - Filling up the DagBag from /opt/airflow/dags/rotina_principal.py
[2024-07-23T00:17:33.174+0000] {processor.py:840} INFO - DAG(s) 'execute_databricks_workflow' retrieved from /opt/airflow/dags/rotina_principal.py
[2024-07-23T00:17:33.194+0000] {logging_mixin.py:188} INFO - [2024-07-23T00:17:33.193+0000] {dag.py:3089} INFO - Sync 1 DAGs
[2024-07-23T00:17:33.208+0000] {logging_mixin.py:188} INFO - [2024-07-23T00:17:33.208+0000] {dag.py:3947} INFO - Setting next_dagrun for execute_databricks_workflow to 2024-07-23 00:00:00+00:00, run_after=2024-07-24 00:00:00+00:00
[2024-07-23T00:17:33.222+0000] {processor.py:183} INFO - Processing /opt/airflow/dags/rotina_principal.py took 0.461 seconds
[2024-07-23T00:18:03.357+0000] {processor.py:161} INFO - Started process (PID=1630) to work on /opt/airflow/dags/rotina_principal.py
[2024-07-23T00:18:03.357+0000] {processor.py:830} INFO - Processing file /opt/airflow/dags/rotina_principal.py for tasks to queue
[2024-07-23T00:18:03.359+0000] {logging_mixin.py:188} INFO - [2024-07-23T00:18:03.358+0000] {dagbag.py:545} INFO - Filling up the DagBag from /opt/airflow/dags/rotina_principal.py
[2024-07-23T00:18:03.732+0000] {processor.py:840} INFO - DAG(s) 'execute_databricks_workflow' retrieved from /opt/airflow/dags/rotina_principal.py
[2024-07-23T00:18:03.747+0000] {logging_mixin.py:188} INFO - [2024-07-23T00:18:03.747+0000] {dag.py:3089} INFO - Sync 1 DAGs
[2024-07-23T00:18:03.760+0000] {logging_mixin.py:188} INFO - [2024-07-23T00:18:03.760+0000] {dag.py:3947} INFO - Setting next_dagrun for execute_databricks_workflow to 2024-07-23 00:00:00+00:00, run_after=2024-07-24 00:00:00+00:00
[2024-07-23T00:18:03.782+0000] {processor.py:183} INFO - Processing /opt/airflow/dags/rotina_principal.py took 0.429 seconds
[2024-07-23T00:18:33.913+0000] {processor.py:161} INFO - Started process (PID=1638) to work on /opt/airflow/dags/rotina_principal.py
[2024-07-23T00:18:33.914+0000] {processor.py:830} INFO - Processing file /opt/airflow/dags/rotina_principal.py for tasks to queue
[2024-07-23T00:18:33.915+0000] {logging_mixin.py:188} INFO - [2024-07-23T00:18:33.915+0000] {dagbag.py:545} INFO - Filling up the DagBag from /opt/airflow/dags/rotina_principal.py
[2024-07-23T00:18:34.297+0000] {processor.py:840} INFO - DAG(s) 'execute_databricks_workflow' retrieved from /opt/airflow/dags/rotina_principal.py
[2024-07-23T00:18:34.312+0000] {logging_mixin.py:188} INFO - [2024-07-23T00:18:34.312+0000] {dag.py:3089} INFO - Sync 1 DAGs
[2024-07-23T00:18:34.325+0000] {logging_mixin.py:188} INFO - [2024-07-23T00:18:34.325+0000] {dag.py:3947} INFO - Setting next_dagrun for execute_databricks_workflow to 2024-07-23 00:00:00+00:00, run_after=2024-07-24 00:00:00+00:00
[2024-07-23T00:18:34.337+0000] {processor.py:183} INFO - Processing /opt/airflow/dags/rotina_principal.py took 0.428 seconds
[2024-07-23T00:19:04.473+0000] {processor.py:161} INFO - Started process (PID=1646) to work on /opt/airflow/dags/rotina_principal.py
[2024-07-23T00:19:04.474+0000] {processor.py:830} INFO - Processing file /opt/airflow/dags/rotina_principal.py for tasks to queue
[2024-07-23T00:19:04.475+0000] {logging_mixin.py:188} INFO - [2024-07-23T00:19:04.475+0000] {dagbag.py:545} INFO - Filling up the DagBag from /opt/airflow/dags/rotina_principal.py
[2024-07-23T00:19:04.865+0000] {processor.py:840} INFO - DAG(s) 'execute_databricks_workflow' retrieved from /opt/airflow/dags/rotina_principal.py
[2024-07-23T00:19:04.881+0000] {logging_mixin.py:188} INFO - [2024-07-23T00:19:04.880+0000] {dag.py:3089} INFO - Sync 1 DAGs
[2024-07-23T00:19:04.894+0000] {logging_mixin.py:188} INFO - [2024-07-23T00:19:04.894+0000] {dag.py:3947} INFO - Setting next_dagrun for execute_databricks_workflow to 2024-07-23 00:00:00+00:00, run_after=2024-07-24 00:00:00+00:00
[2024-07-23T00:19:04.906+0000] {processor.py:183} INFO - Processing /opt/airflow/dags/rotina_principal.py took 0.438 seconds
[2024-07-23T00:19:35.039+0000] {processor.py:161} INFO - Started process (PID=1654) to work on /opt/airflow/dags/rotina_principal.py
[2024-07-23T00:19:35.039+0000] {processor.py:830} INFO - Processing file /opt/airflow/dags/rotina_principal.py for tasks to queue
[2024-07-23T00:19:35.041+0000] {logging_mixin.py:188} INFO - [2024-07-23T00:19:35.040+0000] {dagbag.py:545} INFO - Filling up the DagBag from /opt/airflow/dags/rotina_principal.py
[2024-07-23T00:19:35.428+0000] {processor.py:840} INFO - DAG(s) 'execute_databricks_workflow' retrieved from /opt/airflow/dags/rotina_principal.py
[2024-07-23T00:19:35.446+0000] {logging_mixin.py:188} INFO - [2024-07-23T00:19:35.445+0000] {dag.py:3089} INFO - Sync 1 DAGs
[2024-07-23T00:19:35.459+0000] {logging_mixin.py:188} INFO - [2024-07-23T00:19:35.459+0000] {dag.py:3947} INFO - Setting next_dagrun for execute_databricks_workflow to 2024-07-23 00:00:00+00:00, run_after=2024-07-24 00:00:00+00:00
[2024-07-23T00:19:35.472+0000] {processor.py:183} INFO - Processing /opt/airflow/dags/rotina_principal.py took 0.437 seconds
[2024-07-23T00:20:05.608+0000] {processor.py:161} INFO - Started process (PID=1662) to work on /opt/airflow/dags/rotina_principal.py
[2024-07-23T00:20:05.609+0000] {processor.py:830} INFO - Processing file /opt/airflow/dags/rotina_principal.py for tasks to queue
[2024-07-23T00:20:05.611+0000] {logging_mixin.py:188} INFO - [2024-07-23T00:20:05.610+0000] {dagbag.py:545} INFO - Filling up the DagBag from /opt/airflow/dags/rotina_principal.py
[2024-07-23T00:20:06.000+0000] {processor.py:840} INFO - DAG(s) 'execute_databricks_workflow' retrieved from /opt/airflow/dags/rotina_principal.py
[2024-07-23T00:20:06.015+0000] {logging_mixin.py:188} INFO - [2024-07-23T00:20:06.015+0000] {dag.py:3089} INFO - Sync 1 DAGs
[2024-07-23T00:20:06.028+0000] {logging_mixin.py:188} INFO - [2024-07-23T00:20:06.028+0000] {dag.py:3947} INFO - Setting next_dagrun for execute_databricks_workflow to 2024-07-23 00:00:00+00:00, run_after=2024-07-24 00:00:00+00:00
[2024-07-23T00:20:06.041+0000] {processor.py:183} INFO - Processing /opt/airflow/dags/rotina_principal.py took 0.436 seconds
[2024-07-23T00:20:36.182+0000] {processor.py:161} INFO - Started process (PID=1670) to work on /opt/airflow/dags/rotina_principal.py
[2024-07-23T00:20:36.183+0000] {processor.py:830} INFO - Processing file /opt/airflow/dags/rotina_principal.py for tasks to queue
[2024-07-23T00:20:36.184+0000] {logging_mixin.py:188} INFO - [2024-07-23T00:20:36.184+0000] {dagbag.py:545} INFO - Filling up the DagBag from /opt/airflow/dags/rotina_principal.py
[2024-07-23T00:20:36.606+0000] {processor.py:840} INFO - DAG(s) 'execute_databricks_workflow' retrieved from /opt/airflow/dags/rotina_principal.py
[2024-07-23T00:20:36.629+0000] {logging_mixin.py:188} INFO - [2024-07-23T00:20:36.628+0000] {dag.py:3089} INFO - Sync 1 DAGs
[2024-07-23T00:20:36.649+0000] {logging_mixin.py:188} INFO - [2024-07-23T00:20:36.649+0000] {dag.py:3947} INFO - Setting next_dagrun for execute_databricks_workflow to 2024-07-23 00:00:00+00:00, run_after=2024-07-24 00:00:00+00:00
[2024-07-23T00:20:36.667+0000] {processor.py:183} INFO - Processing /opt/airflow/dags/rotina_principal.py took 0.490 seconds
[2024-07-23T00:21:06.821+0000] {processor.py:161} INFO - Started process (PID=1678) to work on /opt/airflow/dags/rotina_principal.py
[2024-07-23T00:21:06.822+0000] {processor.py:830} INFO - Processing file /opt/airflow/dags/rotina_principal.py for tasks to queue
[2024-07-23T00:21:06.823+0000] {logging_mixin.py:188} INFO - [2024-07-23T00:21:06.823+0000] {dagbag.py:545} INFO - Filling up the DagBag from /opt/airflow/dags/rotina_principal.py
[2024-07-23T00:21:07.207+0000] {processor.py:840} INFO - DAG(s) 'execute_databricks_workflow' retrieved from /opt/airflow/dags/rotina_principal.py
[2024-07-23T00:21:07.223+0000] {logging_mixin.py:188} INFO - [2024-07-23T00:21:07.223+0000] {dag.py:3089} INFO - Sync 1 DAGs
[2024-07-23T00:21:07.237+0000] {logging_mixin.py:188} INFO - [2024-07-23T00:21:07.237+0000] {dag.py:3947} INFO - Setting next_dagrun for execute_databricks_workflow to 2024-07-23 00:00:00+00:00, run_after=2024-07-24 00:00:00+00:00
[2024-07-23T00:21:07.259+0000] {processor.py:183} INFO - Processing /opt/airflow/dags/rotina_principal.py took 0.442 seconds
[2024-07-23T00:21:37.416+0000] {processor.py:161} INFO - Started process (PID=1686) to work on /opt/airflow/dags/rotina_principal.py
[2024-07-23T00:21:37.417+0000] {processor.py:830} INFO - Processing file /opt/airflow/dags/rotina_principal.py for tasks to queue
[2024-07-23T00:21:37.418+0000] {logging_mixin.py:188} INFO - [2024-07-23T00:21:37.418+0000] {dagbag.py:545} INFO - Filling up the DagBag from /opt/airflow/dags/rotina_principal.py
[2024-07-23T00:21:37.780+0000] {processor.py:840} INFO - DAG(s) 'execute_databricks_workflow' retrieved from /opt/airflow/dags/rotina_principal.py
[2024-07-23T00:21:37.797+0000] {logging_mixin.py:188} INFO - [2024-07-23T00:21:37.797+0000] {dag.py:3089} INFO - Sync 1 DAGs
[2024-07-23T00:21:37.811+0000] {logging_mixin.py:188} INFO - [2024-07-23T00:21:37.811+0000] {dag.py:3947} INFO - Setting next_dagrun for execute_databricks_workflow to 2024-07-23 00:00:00+00:00, run_after=2024-07-24 00:00:00+00:00
[2024-07-23T00:21:37.825+0000] {processor.py:183} INFO - Processing /opt/airflow/dags/rotina_principal.py took 0.412 seconds
[2024-07-23T00:22:07.959+0000] {processor.py:161} INFO - Started process (PID=1694) to work on /opt/airflow/dags/rotina_principal.py
[2024-07-23T00:22:07.960+0000] {processor.py:830} INFO - Processing file /opt/airflow/dags/rotina_principal.py for tasks to queue
[2024-07-23T00:22:07.962+0000] {logging_mixin.py:188} INFO - [2024-07-23T00:22:07.962+0000] {dagbag.py:545} INFO - Filling up the DagBag from /opt/airflow/dags/rotina_principal.py
[2024-07-23T00:22:08.372+0000] {processor.py:840} INFO - DAG(s) 'execute_databricks_workflow' retrieved from /opt/airflow/dags/rotina_principal.py
[2024-07-23T00:22:08.389+0000] {logging_mixin.py:188} INFO - [2024-07-23T00:22:08.389+0000] {dag.py:3089} INFO - Sync 1 DAGs
[2024-07-23T00:22:08.403+0000] {logging_mixin.py:188} INFO - [2024-07-23T00:22:08.403+0000] {dag.py:3947} INFO - Setting next_dagrun for execute_databricks_workflow to 2024-07-23 00:00:00+00:00, run_after=2024-07-24 00:00:00+00:00
[2024-07-23T00:22:08.418+0000] {processor.py:183} INFO - Processing /opt/airflow/dags/rotina_principal.py took 0.463 seconds
[2024-07-23T00:22:38.558+0000] {processor.py:161} INFO - Started process (PID=1702) to work on /opt/airflow/dags/rotina_principal.py
[2024-07-23T00:22:38.559+0000] {processor.py:830} INFO - Processing file /opt/airflow/dags/rotina_principal.py for tasks to queue
[2024-07-23T00:22:38.560+0000] {logging_mixin.py:188} INFO - [2024-07-23T00:22:38.560+0000] {dagbag.py:545} INFO - Filling up the DagBag from /opt/airflow/dags/rotina_principal.py
[2024-07-23T00:22:38.948+0000] {processor.py:840} INFO - DAG(s) 'execute_databricks_workflow' retrieved from /opt/airflow/dags/rotina_principal.py
[2024-07-23T00:22:38.965+0000] {logging_mixin.py:188} INFO - [2024-07-23T00:22:38.964+0000] {dag.py:3089} INFO - Sync 1 DAGs
[2024-07-23T00:22:38.981+0000] {logging_mixin.py:188} INFO - [2024-07-23T00:22:38.980+0000] {dag.py:3947} INFO - Setting next_dagrun for execute_databricks_workflow to 2024-07-23 00:00:00+00:00, run_after=2024-07-24 00:00:00+00:00
[2024-07-23T00:22:38.994+0000] {processor.py:183} INFO - Processing /opt/airflow/dags/rotina_principal.py took 0.440 seconds
[2024-07-23T00:23:09.130+0000] {processor.py:161} INFO - Started process (PID=1710) to work on /opt/airflow/dags/rotina_principal.py
[2024-07-23T00:23:09.130+0000] {processor.py:830} INFO - Processing file /opt/airflow/dags/rotina_principal.py for tasks to queue
[2024-07-23T00:23:09.132+0000] {logging_mixin.py:188} INFO - [2024-07-23T00:23:09.132+0000] {dagbag.py:545} INFO - Filling up the DagBag from /opt/airflow/dags/rotina_principal.py
[2024-07-23T00:23:09.518+0000] {processor.py:840} INFO - DAG(s) 'execute_databricks_workflow' retrieved from /opt/airflow/dags/rotina_principal.py
[2024-07-23T00:23:09.533+0000] {logging_mixin.py:188} INFO - [2024-07-23T00:23:09.533+0000] {dag.py:3089} INFO - Sync 1 DAGs
[2024-07-23T00:23:09.547+0000] {logging_mixin.py:188} INFO - [2024-07-23T00:23:09.547+0000] {dag.py:3947} INFO - Setting next_dagrun for execute_databricks_workflow to 2024-07-23 00:00:00+00:00, run_after=2024-07-24 00:00:00+00:00
[2024-07-23T00:23:09.568+0000] {processor.py:183} INFO - Processing /opt/airflow/dags/rotina_principal.py took 0.443 seconds
[2024-07-23T00:23:39.703+0000] {processor.py:161} INFO - Started process (PID=1718) to work on /opt/airflow/dags/rotina_principal.py
[2024-07-23T00:23:39.703+0000] {processor.py:830} INFO - Processing file /opt/airflow/dags/rotina_principal.py for tasks to queue
[2024-07-23T00:23:39.705+0000] {logging_mixin.py:188} INFO - [2024-07-23T00:23:39.704+0000] {dagbag.py:545} INFO - Filling up the DagBag from /opt/airflow/dags/rotina_principal.py
[2024-07-23T00:23:40.076+0000] {processor.py:840} INFO - DAG(s) 'execute_databricks_workflow' retrieved from /opt/airflow/dags/rotina_principal.py
[2024-07-23T00:23:40.092+0000] {logging_mixin.py:188} INFO - [2024-07-23T00:23:40.092+0000] {dag.py:3089} INFO - Sync 1 DAGs
[2024-07-23T00:23:40.107+0000] {logging_mixin.py:188} INFO - [2024-07-23T00:23:40.107+0000] {dag.py:3947} INFO - Setting next_dagrun for execute_databricks_workflow to 2024-07-23 00:00:00+00:00, run_after=2024-07-24 00:00:00+00:00
[2024-07-23T00:23:40.121+0000] {processor.py:183} INFO - Processing /opt/airflow/dags/rotina_principal.py took 0.422 seconds
[2024-07-23T00:24:10.248+0000] {processor.py:161} INFO - Started process (PID=1726) to work on /opt/airflow/dags/rotina_principal.py
[2024-07-23T00:24:10.248+0000] {processor.py:830} INFO - Processing file /opt/airflow/dags/rotina_principal.py for tasks to queue
[2024-07-23T00:24:10.250+0000] {logging_mixin.py:188} INFO - [2024-07-23T00:24:10.250+0000] {dagbag.py:545} INFO - Filling up the DagBag from /opt/airflow/dags/rotina_principal.py
[2024-07-23T00:24:10.612+0000] {processor.py:840} INFO - DAG(s) 'execute_databricks_workflow' retrieved from /opt/airflow/dags/rotina_principal.py
[2024-07-23T00:24:10.631+0000] {logging_mixin.py:188} INFO - [2024-07-23T00:24:10.631+0000] {dag.py:3089} INFO - Sync 1 DAGs
[2024-07-23T00:24:10.647+0000] {logging_mixin.py:188} INFO - [2024-07-23T00:24:10.647+0000] {dag.py:3947} INFO - Setting next_dagrun for execute_databricks_workflow to 2024-07-23 00:00:00+00:00, run_after=2024-07-24 00:00:00+00:00
[2024-07-23T00:24:10.661+0000] {processor.py:183} INFO - Processing /opt/airflow/dags/rotina_principal.py took 0.417 seconds
[2024-07-23T00:24:40.830+0000] {processor.py:161} INFO - Started process (PID=1734) to work on /opt/airflow/dags/rotina_principal.py
[2024-07-23T00:24:40.831+0000] {processor.py:830} INFO - Processing file /opt/airflow/dags/rotina_principal.py for tasks to queue
[2024-07-23T00:24:40.832+0000] {logging_mixin.py:188} INFO - [2024-07-23T00:24:40.832+0000] {dagbag.py:545} INFO - Filling up the DagBag from /opt/airflow/dags/rotina_principal.py
[2024-07-23T00:24:41.211+0000] {processor.py:840} INFO - DAG(s) 'execute_databricks_workflow' retrieved from /opt/airflow/dags/rotina_principal.py
[2024-07-23T00:24:41.228+0000] {logging_mixin.py:188} INFO - [2024-07-23T00:24:41.227+0000] {dag.py:3089} INFO - Sync 1 DAGs
[2024-07-23T00:24:41.242+0000] {logging_mixin.py:188} INFO - [2024-07-23T00:24:41.242+0000] {dag.py:3947} INFO - Setting next_dagrun for execute_databricks_workflow to 2024-07-23 00:00:00+00:00, run_after=2024-07-24 00:00:00+00:00
[2024-07-23T00:24:41.265+0000] {processor.py:183} INFO - Processing /opt/airflow/dags/rotina_principal.py took 0.440 seconds
[2024-07-23T00:25:11.406+0000] {processor.py:161} INFO - Started process (PID=1742) to work on /opt/airflow/dags/rotina_principal.py
[2024-07-23T00:25:11.407+0000] {processor.py:830} INFO - Processing file /opt/airflow/dags/rotina_principal.py for tasks to queue
[2024-07-23T00:25:11.408+0000] {logging_mixin.py:188} INFO - [2024-07-23T00:25:11.408+0000] {dagbag.py:545} INFO - Filling up the DagBag from /opt/airflow/dags/rotina_principal.py
[2024-07-23T00:25:11.840+0000] {processor.py:840} INFO - DAG(s) 'execute_databricks_workflow' retrieved from /opt/airflow/dags/rotina_principal.py
[2024-07-23T00:25:11.856+0000] {logging_mixin.py:188} INFO - [2024-07-23T00:25:11.856+0000] {dag.py:3089} INFO - Sync 1 DAGs
[2024-07-23T00:25:11.870+0000] {logging_mixin.py:188} INFO - [2024-07-23T00:25:11.870+0000] {dag.py:3947} INFO - Setting next_dagrun for execute_databricks_workflow to 2024-07-23 00:00:00+00:00, run_after=2024-07-24 00:00:00+00:00
[2024-07-23T00:25:11.883+0000] {processor.py:183} INFO - Processing /opt/airflow/dags/rotina_principal.py took 0.482 seconds
[2024-07-23T00:25:42.029+0000] {processor.py:161} INFO - Started process (PID=1750) to work on /opt/airflow/dags/rotina_principal.py
[2024-07-23T00:25:42.030+0000] {processor.py:830} INFO - Processing file /opt/airflow/dags/rotina_principal.py for tasks to queue
[2024-07-23T00:25:42.031+0000] {logging_mixin.py:188} INFO - [2024-07-23T00:25:42.031+0000] {dagbag.py:545} INFO - Filling up the DagBag from /opt/airflow/dags/rotina_principal.py
[2024-07-23T00:25:42.429+0000] {processor.py:840} INFO - DAG(s) 'execute_databricks_workflow' retrieved from /opt/airflow/dags/rotina_principal.py
[2024-07-23T00:25:42.444+0000] {logging_mixin.py:188} INFO - [2024-07-23T00:25:42.444+0000] {dag.py:3089} INFO - Sync 1 DAGs
[2024-07-23T00:25:42.459+0000] {logging_mixin.py:188} INFO - [2024-07-23T00:25:42.459+0000] {dag.py:3947} INFO - Setting next_dagrun for execute_databricks_workflow to 2024-07-23 00:00:00+00:00, run_after=2024-07-24 00:00:00+00:00
[2024-07-23T00:25:42.473+0000] {processor.py:183} INFO - Processing /opt/airflow/dags/rotina_principal.py took 0.448 seconds
[2024-07-23T00:26:12.604+0000] {processor.py:161} INFO - Started process (PID=1758) to work on /opt/airflow/dags/rotina_principal.py
[2024-07-23T00:26:12.604+0000] {processor.py:830} INFO - Processing file /opt/airflow/dags/rotina_principal.py for tasks to queue
[2024-07-23T00:26:12.606+0000] {logging_mixin.py:188} INFO - [2024-07-23T00:26:12.606+0000] {dagbag.py:545} INFO - Filling up the DagBag from /opt/airflow/dags/rotina_principal.py
[2024-07-23T00:26:13.013+0000] {processor.py:840} INFO - DAG(s) 'execute_databricks_workflow' retrieved from /opt/airflow/dags/rotina_principal.py
[2024-07-23T00:26:13.032+0000] {logging_mixin.py:188} INFO - [2024-07-23T00:26:13.032+0000] {dag.py:3089} INFO - Sync 1 DAGs
[2024-07-23T00:26:13.045+0000] {logging_mixin.py:188} INFO - [2024-07-23T00:26:13.045+0000] {dag.py:3947} INFO - Setting next_dagrun for execute_databricks_workflow to 2024-07-23 00:00:00+00:00, run_after=2024-07-24 00:00:00+00:00
[2024-07-23T00:26:13.057+0000] {processor.py:183} INFO - Processing /opt/airflow/dags/rotina_principal.py took 0.458 seconds
[2024-07-23T00:26:43.200+0000] {processor.py:161} INFO - Started process (PID=1766) to work on /opt/airflow/dags/rotina_principal.py
[2024-07-23T00:26:43.201+0000] {processor.py:830} INFO - Processing file /opt/airflow/dags/rotina_principal.py for tasks to queue
[2024-07-23T00:26:43.202+0000] {logging_mixin.py:188} INFO - [2024-07-23T00:26:43.202+0000] {dagbag.py:545} INFO - Filling up the DagBag from /opt/airflow/dags/rotina_principal.py
[2024-07-23T00:26:43.637+0000] {processor.py:840} INFO - DAG(s) 'execute_databricks_workflow' retrieved from /opt/airflow/dags/rotina_principal.py
[2024-07-23T00:26:43.657+0000] {logging_mixin.py:188} INFO - [2024-07-23T00:26:43.657+0000] {dag.py:3089} INFO - Sync 1 DAGs
[2024-07-23T00:26:43.674+0000] {logging_mixin.py:188} INFO - [2024-07-23T00:26:43.674+0000] {dag.py:3947} INFO - Setting next_dagrun for execute_databricks_workflow to 2024-07-23 00:00:00+00:00, run_after=2024-07-24 00:00:00+00:00
[2024-07-23T00:26:43.687+0000] {processor.py:183} INFO - Processing /opt/airflow/dags/rotina_principal.py took 0.493 seconds
[2024-07-23T00:27:13.847+0000] {processor.py:161} INFO - Started process (PID=1774) to work on /opt/airflow/dags/rotina_principal.py
[2024-07-23T00:27:13.847+0000] {processor.py:830} INFO - Processing file /opt/airflow/dags/rotina_principal.py for tasks to queue
[2024-07-23T00:27:13.849+0000] {logging_mixin.py:188} INFO - [2024-07-23T00:27:13.848+0000] {dagbag.py:545} INFO - Filling up the DagBag from /opt/airflow/dags/rotina_principal.py
[2024-07-23T00:27:14.225+0000] {processor.py:840} INFO - DAG(s) 'execute_databricks_workflow' retrieved from /opt/airflow/dags/rotina_principal.py
[2024-07-23T00:27:14.241+0000] {logging_mixin.py:188} INFO - [2024-07-23T00:27:14.240+0000] {dag.py:3089} INFO - Sync 1 DAGs
[2024-07-23T00:27:14.254+0000] {logging_mixin.py:188} INFO - [2024-07-23T00:27:14.254+0000] {dag.py:3947} INFO - Setting next_dagrun for execute_databricks_workflow to 2024-07-23 00:00:00+00:00, run_after=2024-07-24 00:00:00+00:00
[2024-07-23T00:27:14.265+0000] {processor.py:183} INFO - Processing /opt/airflow/dags/rotina_principal.py took 0.422 seconds
[2024-07-23T00:27:44.394+0000] {processor.py:161} INFO - Started process (PID=1782) to work on /opt/airflow/dags/rotina_principal.py
[2024-07-23T00:27:44.394+0000] {processor.py:830} INFO - Processing file /opt/airflow/dags/rotina_principal.py for tasks to queue
[2024-07-23T00:27:44.395+0000] {logging_mixin.py:188} INFO - [2024-07-23T00:27:44.395+0000] {dagbag.py:545} INFO - Filling up the DagBag from /opt/airflow/dags/rotina_principal.py
[2024-07-23T00:27:44.793+0000] {processor.py:840} INFO - DAG(s) 'execute_databricks_workflow' retrieved from /opt/airflow/dags/rotina_principal.py
[2024-07-23T00:27:44.810+0000] {logging_mixin.py:188} INFO - [2024-07-23T00:27:44.809+0000] {dag.py:3089} INFO - Sync 1 DAGs
[2024-07-23T00:27:44.824+0000] {logging_mixin.py:188} INFO - [2024-07-23T00:27:44.824+0000] {dag.py:3947} INFO - Setting next_dagrun for execute_databricks_workflow to 2024-07-23 00:00:00+00:00, run_after=2024-07-24 00:00:00+00:00
[2024-07-23T00:27:44.846+0000] {processor.py:183} INFO - Processing /opt/airflow/dags/rotina_principal.py took 0.457 seconds
[2024-07-23T00:28:14.991+0000] {processor.py:161} INFO - Started process (PID=1790) to work on /opt/airflow/dags/rotina_principal.py
[2024-07-23T00:28:14.991+0000] {processor.py:830} INFO - Processing file /opt/airflow/dags/rotina_principal.py for tasks to queue
[2024-07-23T00:28:14.993+0000] {logging_mixin.py:188} INFO - [2024-07-23T00:28:14.992+0000] {dagbag.py:545} INFO - Filling up the DagBag from /opt/airflow/dags/rotina_principal.py
[2024-07-23T00:28:15.363+0000] {processor.py:840} INFO - DAG(s) 'execute_databricks_workflow' retrieved from /opt/airflow/dags/rotina_principal.py
[2024-07-23T00:28:15.381+0000] {logging_mixin.py:188} INFO - [2024-07-23T00:28:15.380+0000] {dag.py:3089} INFO - Sync 1 DAGs
[2024-07-23T00:28:15.394+0000] {logging_mixin.py:188} INFO - [2024-07-23T00:28:15.394+0000] {dag.py:3947} INFO - Setting next_dagrun for execute_databricks_workflow to 2024-07-23 00:00:00+00:00, run_after=2024-07-24 00:00:00+00:00
[2024-07-23T00:28:15.418+0000] {processor.py:183} INFO - Processing /opt/airflow/dags/rotina_principal.py took 0.431 seconds
[2024-07-23T00:28:45.555+0000] {processor.py:161} INFO - Started process (PID=1798) to work on /opt/airflow/dags/rotina_principal.py
[2024-07-23T00:28:45.556+0000] {processor.py:830} INFO - Processing file /opt/airflow/dags/rotina_principal.py for tasks to queue
[2024-07-23T00:28:45.557+0000] {logging_mixin.py:188} INFO - [2024-07-23T00:28:45.557+0000] {dagbag.py:545} INFO - Filling up the DagBag from /opt/airflow/dags/rotina_principal.py
[2024-07-23T00:28:45.936+0000] {processor.py:840} INFO - DAG(s) 'execute_databricks_workflow' retrieved from /opt/airflow/dags/rotina_principal.py
[2024-07-23T00:28:45.958+0000] {logging_mixin.py:188} INFO - [2024-07-23T00:28:45.958+0000] {dag.py:3089} INFO - Sync 1 DAGs
[2024-07-23T00:28:45.975+0000] {logging_mixin.py:188} INFO - [2024-07-23T00:28:45.975+0000] {dag.py:3947} INFO - Setting next_dagrun for execute_databricks_workflow to 2024-07-23 00:00:00+00:00, run_after=2024-07-24 00:00:00+00:00
[2024-07-23T00:28:45.987+0000] {processor.py:183} INFO - Processing /opt/airflow/dags/rotina_principal.py took 0.436 seconds
[2024-07-23T00:29:16.157+0000] {processor.py:161} INFO - Started process (PID=1813) to work on /opt/airflow/dags/rotina_principal.py
[2024-07-23T00:29:16.158+0000] {processor.py:830} INFO - Processing file /opt/airflow/dags/rotina_principal.py for tasks to queue
[2024-07-23T00:29:16.159+0000] {logging_mixin.py:188} INFO - [2024-07-23T00:29:16.159+0000] {dagbag.py:545} INFO - Filling up the DagBag from /opt/airflow/dags/rotina_principal.py
[2024-07-23T00:29:16.536+0000] {processor.py:840} INFO - DAG(s) 'execute_databricks_workflow' retrieved from /opt/airflow/dags/rotina_principal.py
[2024-07-23T00:29:16.551+0000] {logging_mixin.py:188} INFO - [2024-07-23T00:29:16.551+0000] {dag.py:3089} INFO - Sync 1 DAGs
[2024-07-23T00:29:16.564+0000] {logging_mixin.py:188} INFO - [2024-07-23T00:29:16.564+0000] {dag.py:3947} INFO - Setting next_dagrun for execute_databricks_workflow to 2024-07-23 00:00:00+00:00, run_after=2024-07-24 00:00:00+00:00
[2024-07-23T00:29:16.586+0000] {processor.py:183} INFO - Processing /opt/airflow/dags/rotina_principal.py took 0.435 seconds
[2024-07-23T00:29:46.724+0000] {processor.py:161} INFO - Started process (PID=1821) to work on /opt/airflow/dags/rotina_principal.py
[2024-07-23T00:29:46.725+0000] {processor.py:830} INFO - Processing file /opt/airflow/dags/rotina_principal.py for tasks to queue
[2024-07-23T00:29:46.726+0000] {logging_mixin.py:188} INFO - [2024-07-23T00:29:46.726+0000] {dagbag.py:545} INFO - Filling up the DagBag from /opt/airflow/dags/rotina_principal.py
[2024-07-23T00:29:47.099+0000] {processor.py:840} INFO - DAG(s) 'execute_databricks_workflow' retrieved from /opt/airflow/dags/rotina_principal.py
[2024-07-23T00:29:47.115+0000] {logging_mixin.py:188} INFO - [2024-07-23T00:29:47.115+0000] {dag.py:3089} INFO - Sync 1 DAGs
[2024-07-23T00:29:47.130+0000] {logging_mixin.py:188} INFO - [2024-07-23T00:29:47.130+0000] {dag.py:3947} INFO - Setting next_dagrun for execute_databricks_workflow to 2024-07-23 00:00:00+00:00, run_after=2024-07-24 00:00:00+00:00
[2024-07-23T00:29:47.144+0000] {processor.py:183} INFO - Processing /opt/airflow/dags/rotina_principal.py took 0.424 seconds
[2024-07-23T00:30:17.280+0000] {processor.py:161} INFO - Started process (PID=1829) to work on /opt/airflow/dags/rotina_principal.py
[2024-07-23T00:30:17.280+0000] {processor.py:830} INFO - Processing file /opt/airflow/dags/rotina_principal.py for tasks to queue
[2024-07-23T00:30:17.281+0000] {logging_mixin.py:188} INFO - [2024-07-23T00:30:17.281+0000] {dagbag.py:545} INFO - Filling up the DagBag from /opt/airflow/dags/rotina_principal.py
[2024-07-23T00:30:17.663+0000] {processor.py:840} INFO - DAG(s) 'execute_databricks_workflow' retrieved from /opt/airflow/dags/rotina_principal.py
[2024-07-23T00:30:17.681+0000] {logging_mixin.py:188} INFO - [2024-07-23T00:30:17.681+0000] {dag.py:3089} INFO - Sync 1 DAGs
[2024-07-23T00:30:17.695+0000] {logging_mixin.py:188} INFO - [2024-07-23T00:30:17.694+0000] {dag.py:3947} INFO - Setting next_dagrun for execute_databricks_workflow to 2024-07-23 00:00:00+00:00, run_after=2024-07-24 00:00:00+00:00
[2024-07-23T00:30:17.716+0000] {processor.py:183} INFO - Processing /opt/airflow/dags/rotina_principal.py took 0.441 seconds
[2024-07-23T00:30:47.854+0000] {processor.py:161} INFO - Started process (PID=1837) to work on /opt/airflow/dags/rotina_principal.py
[2024-07-23T00:30:47.855+0000] {processor.py:830} INFO - Processing file /opt/airflow/dags/rotina_principal.py for tasks to queue
[2024-07-23T00:30:47.856+0000] {logging_mixin.py:188} INFO - [2024-07-23T00:30:47.856+0000] {dagbag.py:545} INFO - Filling up the DagBag from /opt/airflow/dags/rotina_principal.py
[2024-07-23T00:30:48.248+0000] {processor.py:840} INFO - DAG(s) 'execute_databricks_workflow' retrieved from /opt/airflow/dags/rotina_principal.py
[2024-07-23T00:30:48.265+0000] {logging_mixin.py:188} INFO - [2024-07-23T00:30:48.265+0000] {dag.py:3089} INFO - Sync 1 DAGs
[2024-07-23T00:30:48.279+0000] {logging_mixin.py:188} INFO - [2024-07-23T00:30:48.279+0000] {dag.py:3947} INFO - Setting next_dagrun for execute_databricks_workflow to 2024-07-23 00:00:00+00:00, run_after=2024-07-24 00:00:00+00:00
[2024-07-23T00:30:48.303+0000] {processor.py:183} INFO - Processing /opt/airflow/dags/rotina_principal.py took 0.453 seconds
[2024-07-23T00:31:18.441+0000] {processor.py:161} INFO - Started process (PID=1845) to work on /opt/airflow/dags/rotina_principal.py
[2024-07-23T00:31:18.441+0000] {processor.py:830} INFO - Processing file /opt/airflow/dags/rotina_principal.py for tasks to queue
[2024-07-23T00:31:18.443+0000] {logging_mixin.py:188} INFO - [2024-07-23T00:31:18.442+0000] {dagbag.py:545} INFO - Filling up the DagBag from /opt/airflow/dags/rotina_principal.py
[2024-07-23T00:31:18.799+0000] {processor.py:840} INFO - DAG(s) 'execute_databricks_workflow' retrieved from /opt/airflow/dags/rotina_principal.py
[2024-07-23T00:31:18.815+0000] {logging_mixin.py:188} INFO - [2024-07-23T00:31:18.814+0000] {dag.py:3089} INFO - Sync 1 DAGs
[2024-07-23T00:31:18.827+0000] {logging_mixin.py:188} INFO - [2024-07-23T00:31:18.827+0000] {dag.py:3947} INFO - Setting next_dagrun for execute_databricks_workflow to 2024-07-23 00:00:00+00:00, run_after=2024-07-24 00:00:00+00:00
[2024-07-23T00:31:18.849+0000] {processor.py:183} INFO - Processing /opt/airflow/dags/rotina_principal.py took 0.412 seconds
[2024-07-23T00:31:48.980+0000] {processor.py:161} INFO - Started process (PID=1853) to work on /opt/airflow/dags/rotina_principal.py
[2024-07-23T00:31:48.980+0000] {processor.py:830} INFO - Processing file /opt/airflow/dags/rotina_principal.py for tasks to queue
[2024-07-23T00:31:48.981+0000] {logging_mixin.py:188} INFO - [2024-07-23T00:31:48.981+0000] {dagbag.py:545} INFO - Filling up the DagBag from /opt/airflow/dags/rotina_principal.py
[2024-07-23T00:31:49.457+0000] {processor.py:840} INFO - DAG(s) 'execute_databricks_workflow' retrieved from /opt/airflow/dags/rotina_principal.py
[2024-07-23T00:31:49.477+0000] {logging_mixin.py:188} INFO - [2024-07-23T00:31:49.477+0000] {dag.py:3089} INFO - Sync 1 DAGs
[2024-07-23T00:31:49.498+0000] {logging_mixin.py:188} INFO - [2024-07-23T00:31:49.498+0000] {dag.py:3947} INFO - Setting next_dagrun for execute_databricks_workflow to 2024-07-23 00:00:00+00:00, run_after=2024-07-24 00:00:00+00:00
[2024-07-23T00:31:49.514+0000] {processor.py:183} INFO - Processing /opt/airflow/dags/rotina_principal.py took 0.538 seconds
[2024-07-23T00:32:19.666+0000] {processor.py:161} INFO - Started process (PID=1861) to work on /opt/airflow/dags/rotina_principal.py
[2024-07-23T00:32:19.666+0000] {processor.py:830} INFO - Processing file /opt/airflow/dags/rotina_principal.py for tasks to queue
[2024-07-23T00:32:19.668+0000] {logging_mixin.py:188} INFO - [2024-07-23T00:32:19.667+0000] {dagbag.py:545} INFO - Filling up the DagBag from /opt/airflow/dags/rotina_principal.py
[2024-07-23T00:32:20.062+0000] {processor.py:840} INFO - DAG(s) 'execute_databricks_workflow' retrieved from /opt/airflow/dags/rotina_principal.py
[2024-07-23T00:32:20.079+0000] {logging_mixin.py:188} INFO - [2024-07-23T00:32:20.079+0000] {dag.py:3089} INFO - Sync 1 DAGs
[2024-07-23T00:32:20.094+0000] {logging_mixin.py:188} INFO - [2024-07-23T00:32:20.094+0000] {dag.py:3947} INFO - Setting next_dagrun for execute_databricks_workflow to 2024-07-23 00:00:00+00:00, run_after=2024-07-24 00:00:00+00:00
[2024-07-23T00:32:20.107+0000] {processor.py:183} INFO - Processing /opt/airflow/dags/rotina_principal.py took 0.446 seconds
[2024-07-23T00:32:50.208+0000] {processor.py:161} INFO - Started process (PID=1869) to work on /opt/airflow/dags/rotina_principal.py
[2024-07-23T00:32:50.208+0000] {processor.py:830} INFO - Processing file /opt/airflow/dags/rotina_principal.py for tasks to queue
[2024-07-23T00:32:50.210+0000] {logging_mixin.py:188} INFO - [2024-07-23T00:32:50.210+0000] {dagbag.py:545} INFO - Filling up the DagBag from /opt/airflow/dags/rotina_principal.py
[2024-07-23T00:32:50.597+0000] {processor.py:840} INFO - DAG(s) 'execute_databricks_workflow' retrieved from /opt/airflow/dags/rotina_principal.py
[2024-07-23T00:32:50.615+0000] {logging_mixin.py:188} INFO - [2024-07-23T00:32:50.615+0000] {dag.py:3089} INFO - Sync 1 DAGs
[2024-07-23T00:32:50.630+0000] {logging_mixin.py:188} INFO - [2024-07-23T00:32:50.630+0000] {dag.py:3947} INFO - Setting next_dagrun for execute_databricks_workflow to 2024-07-23 00:00:00+00:00, run_after=2024-07-24 00:00:00+00:00
[2024-07-23T00:32:50.652+0000] {processor.py:183} INFO - Processing /opt/airflow/dags/rotina_principal.py took 0.448 seconds
[2024-07-23T00:33:20.782+0000] {processor.py:161} INFO - Started process (PID=1877) to work on /opt/airflow/dags/rotina_principal.py
[2024-07-23T00:33:20.782+0000] {processor.py:830} INFO - Processing file /opt/airflow/dags/rotina_principal.py for tasks to queue
[2024-07-23T00:33:20.783+0000] {logging_mixin.py:188} INFO - [2024-07-23T00:33:20.783+0000] {dagbag.py:545} INFO - Filling up the DagBag from /opt/airflow/dags/rotina_principal.py
[2024-07-23T00:33:21.164+0000] {processor.py:840} INFO - DAG(s) 'execute_databricks_workflow' retrieved from /opt/airflow/dags/rotina_principal.py
[2024-07-23T00:33:21.180+0000] {logging_mixin.py:188} INFO - [2024-07-23T00:33:21.180+0000] {dag.py:3089} INFO - Sync 1 DAGs
[2024-07-23T00:33:21.193+0000] {logging_mixin.py:188} INFO - [2024-07-23T00:33:21.193+0000] {dag.py:3947} INFO - Setting next_dagrun for execute_databricks_workflow to 2024-07-23 00:00:00+00:00, run_after=2024-07-24 00:00:00+00:00
[2024-07-23T00:33:21.204+0000] {processor.py:183} INFO - Processing /opt/airflow/dags/rotina_principal.py took 0.426 seconds
[2024-07-23T00:33:51.337+0000] {processor.py:161} INFO - Started process (PID=1885) to work on /opt/airflow/dags/rotina_principal.py
[2024-07-23T00:33:51.338+0000] {processor.py:830} INFO - Processing file /opt/airflow/dags/rotina_principal.py for tasks to queue
[2024-07-23T00:33:51.339+0000] {logging_mixin.py:188} INFO - [2024-07-23T00:33:51.339+0000] {dagbag.py:545} INFO - Filling up the DagBag from /opt/airflow/dags/rotina_principal.py
[2024-07-23T00:33:51.795+0000] {processor.py:840} INFO - DAG(s) 'execute_databricks_workflow' retrieved from /opt/airflow/dags/rotina_principal.py
[2024-07-23T00:33:51.812+0000] {logging_mixin.py:188} INFO - [2024-07-23T00:33:51.812+0000] {dag.py:3089} INFO - Sync 1 DAGs
[2024-07-23T00:33:51.825+0000] {logging_mixin.py:188} INFO - [2024-07-23T00:33:51.825+0000] {dag.py:3947} INFO - Setting next_dagrun for execute_databricks_workflow to 2024-07-23 00:00:00+00:00, run_after=2024-07-24 00:00:00+00:00
[2024-07-23T00:33:51.848+0000] {processor.py:183} INFO - Processing /opt/airflow/dags/rotina_principal.py took 0.514 seconds
[2024-07-23T00:34:21.992+0000] {processor.py:161} INFO - Started process (PID=1893) to work on /opt/airflow/dags/rotina_principal.py
[2024-07-23T00:34:21.992+0000] {processor.py:830} INFO - Processing file /opt/airflow/dags/rotina_principal.py for tasks to queue
[2024-07-23T00:34:21.994+0000] {logging_mixin.py:188} INFO - [2024-07-23T00:34:21.993+0000] {dagbag.py:545} INFO - Filling up the DagBag from /opt/airflow/dags/rotina_principal.py
[2024-07-23T00:34:22.387+0000] {processor.py:840} INFO - DAG(s) 'execute_databricks_workflow' retrieved from /opt/airflow/dags/rotina_principal.py
[2024-07-23T00:34:22.403+0000] {logging_mixin.py:188} INFO - [2024-07-23T00:34:22.403+0000] {dag.py:3089} INFO - Sync 1 DAGs
[2024-07-23T00:34:22.418+0000] {logging_mixin.py:188} INFO - [2024-07-23T00:34:22.417+0000] {dag.py:3947} INFO - Setting next_dagrun for execute_databricks_workflow to 2024-07-23 00:00:00+00:00, run_after=2024-07-24 00:00:00+00:00
[2024-07-23T00:34:22.440+0000] {processor.py:183} INFO - Processing /opt/airflow/dags/rotina_principal.py took 0.454 seconds
[2024-07-23T00:34:52.575+0000] {processor.py:161} INFO - Started process (PID=1901) to work on /opt/airflow/dags/rotina_principal.py
[2024-07-23T00:34:52.576+0000] {processor.py:830} INFO - Processing file /opt/airflow/dags/rotina_principal.py for tasks to queue
[2024-07-23T00:34:52.577+0000] {logging_mixin.py:188} INFO - [2024-07-23T00:34:52.577+0000] {dagbag.py:545} INFO - Filling up the DagBag from /opt/airflow/dags/rotina_principal.py
[2024-07-23T00:34:52.966+0000] {processor.py:840} INFO - DAG(s) 'execute_databricks_workflow' retrieved from /opt/airflow/dags/rotina_principal.py
[2024-07-23T00:34:52.982+0000] {logging_mixin.py:188} INFO - [2024-07-23T00:34:52.982+0000] {dag.py:3089} INFO - Sync 1 DAGs
[2024-07-23T00:34:52.995+0000] {logging_mixin.py:188} INFO - [2024-07-23T00:34:52.994+0000] {dag.py:3947} INFO - Setting next_dagrun for execute_databricks_workflow to 2024-07-23 00:00:00+00:00, run_after=2024-07-24 00:00:00+00:00
[2024-07-23T00:34:53.017+0000] {processor.py:183} INFO - Processing /opt/airflow/dags/rotina_principal.py took 0.445 seconds
[2024-07-23T00:35:23.153+0000] {processor.py:161} INFO - Started process (PID=1909) to work on /opt/airflow/dags/rotina_principal.py
[2024-07-23T00:35:23.154+0000] {processor.py:830} INFO - Processing file /opt/airflow/dags/rotina_principal.py for tasks to queue
[2024-07-23T00:35:23.155+0000] {logging_mixin.py:188} INFO - [2024-07-23T00:35:23.155+0000] {dagbag.py:545} INFO - Filling up the DagBag from /opt/airflow/dags/rotina_principal.py
[2024-07-23T00:35:23.518+0000] {processor.py:840} INFO - DAG(s) 'execute_databricks_workflow' retrieved from /opt/airflow/dags/rotina_principal.py
[2024-07-23T00:35:23.534+0000] {logging_mixin.py:188} INFO - [2024-07-23T00:35:23.534+0000] {dag.py:3089} INFO - Sync 1 DAGs
[2024-07-23T00:35:23.547+0000] {logging_mixin.py:188} INFO - [2024-07-23T00:35:23.547+0000] {dag.py:3947} INFO - Setting next_dagrun for execute_databricks_workflow to 2024-07-23 00:00:00+00:00, run_after=2024-07-24 00:00:00+00:00
[2024-07-23T00:35:23.561+0000] {processor.py:183} INFO - Processing /opt/airflow/dags/rotina_principal.py took 0.411 seconds
[2024-07-23T00:35:53.694+0000] {processor.py:161} INFO - Started process (PID=1917) to work on /opt/airflow/dags/rotina_principal.py
[2024-07-23T00:35:53.694+0000] {processor.py:830} INFO - Processing file /opt/airflow/dags/rotina_principal.py for tasks to queue
[2024-07-23T00:35:53.695+0000] {logging_mixin.py:188} INFO - [2024-07-23T00:35:53.695+0000] {dagbag.py:545} INFO - Filling up the DagBag from /opt/airflow/dags/rotina_principal.py
[2024-07-23T00:35:54.086+0000] {processor.py:840} INFO - DAG(s) 'execute_databricks_workflow' retrieved from /opt/airflow/dags/rotina_principal.py
[2024-07-23T00:35:54.104+0000] {logging_mixin.py:188} INFO - [2024-07-23T00:35:54.103+0000] {dag.py:3089} INFO - Sync 1 DAGs
[2024-07-23T00:35:54.119+0000] {logging_mixin.py:188} INFO - [2024-07-23T00:35:54.119+0000] {dag.py:3947} INFO - Setting next_dagrun for execute_databricks_workflow to 2024-07-23 00:00:00+00:00, run_after=2024-07-24 00:00:00+00:00
[2024-07-23T00:35:54.133+0000] {processor.py:183} INFO - Processing /opt/airflow/dags/rotina_principal.py took 0.443 seconds
[2024-07-23T00:36:24.275+0000] {processor.py:161} INFO - Started process (PID=1925) to work on /opt/airflow/dags/rotina_principal.py
[2024-07-23T00:36:24.275+0000] {processor.py:830} INFO - Processing file /opt/airflow/dags/rotina_principal.py for tasks to queue
[2024-07-23T00:36:24.277+0000] {logging_mixin.py:188} INFO - [2024-07-23T00:36:24.277+0000] {dagbag.py:545} INFO - Filling up the DagBag from /opt/airflow/dags/rotina_principal.py
[2024-07-23T00:36:24.697+0000] {processor.py:840} INFO - DAG(s) 'execute_databricks_workflow' retrieved from /opt/airflow/dags/rotina_principal.py
[2024-07-23T00:36:24.715+0000] {logging_mixin.py:188} INFO - [2024-07-23T00:36:24.714+0000] {dag.py:3089} INFO - Sync 1 DAGs
[2024-07-23T00:36:24.731+0000] {logging_mixin.py:188} INFO - [2024-07-23T00:36:24.731+0000] {dag.py:3947} INFO - Setting next_dagrun for execute_databricks_workflow to 2024-07-23 00:00:00+00:00, run_after=2024-07-24 00:00:00+00:00
[2024-07-23T00:36:24.746+0000] {processor.py:183} INFO - Processing /opt/airflow/dags/rotina_principal.py took 0.475 seconds
[2024-07-23T00:36:54.889+0000] {processor.py:161} INFO - Started process (PID=1933) to work on /opt/airflow/dags/rotina_principal.py
[2024-07-23T00:36:54.890+0000] {processor.py:830} INFO - Processing file /opt/airflow/dags/rotina_principal.py for tasks to queue
[2024-07-23T00:36:54.891+0000] {logging_mixin.py:188} INFO - [2024-07-23T00:36:54.891+0000] {dagbag.py:545} INFO - Filling up the DagBag from /opt/airflow/dags/rotina_principal.py
[2024-07-23T00:36:55.294+0000] {processor.py:840} INFO - DAG(s) 'execute_databricks_workflow' retrieved from /opt/airflow/dags/rotina_principal.py
[2024-07-23T00:36:55.311+0000] {logging_mixin.py:188} INFO - [2024-07-23T00:36:55.311+0000] {dag.py:3089} INFO - Sync 1 DAGs
[2024-07-23T00:36:55.324+0000] {logging_mixin.py:188} INFO - [2024-07-23T00:36:55.324+0000] {dag.py:3947} INFO - Setting next_dagrun for execute_databricks_workflow to 2024-07-23 00:00:00+00:00, run_after=2024-07-24 00:00:00+00:00
[2024-07-23T00:36:55.337+0000] {processor.py:183} INFO - Processing /opt/airflow/dags/rotina_principal.py took 0.451 seconds
[2024-07-23T00:37:25.474+0000] {processor.py:161} INFO - Started process (PID=1941) to work on /opt/airflow/dags/rotina_principal.py
[2024-07-23T00:37:25.475+0000] {processor.py:830} INFO - Processing file /opt/airflow/dags/rotina_principal.py for tasks to queue
[2024-07-23T00:37:25.476+0000] {logging_mixin.py:188} INFO - [2024-07-23T00:37:25.476+0000] {dagbag.py:545} INFO - Filling up the DagBag from /opt/airflow/dags/rotina_principal.py
[2024-07-23T00:37:25.869+0000] {processor.py:840} INFO - DAG(s) 'execute_databricks_workflow' retrieved from /opt/airflow/dags/rotina_principal.py
[2024-07-23T00:37:25.887+0000] {logging_mixin.py:188} INFO - [2024-07-23T00:37:25.887+0000] {dag.py:3089} INFO - Sync 1 DAGs
[2024-07-23T00:37:25.901+0000] {logging_mixin.py:188} INFO - [2024-07-23T00:37:25.901+0000] {dag.py:3947} INFO - Setting next_dagrun for execute_databricks_workflow to 2024-07-23 00:00:00+00:00, run_after=2024-07-24 00:00:00+00:00
[2024-07-23T00:37:25.924+0000] {processor.py:183} INFO - Processing /opt/airflow/dags/rotina_principal.py took 0.454 seconds
[2024-07-23T00:37:56.066+0000] {processor.py:161} INFO - Started process (PID=1949) to work on /opt/airflow/dags/rotina_principal.py
[2024-07-23T00:37:56.066+0000] {processor.py:830} INFO - Processing file /opt/airflow/dags/rotina_principal.py for tasks to queue
[2024-07-23T00:37:56.068+0000] {logging_mixin.py:188} INFO - [2024-07-23T00:37:56.068+0000] {dagbag.py:545} INFO - Filling up the DagBag from /opt/airflow/dags/rotina_principal.py
[2024-07-23T00:37:56.469+0000] {processor.py:840} INFO - DAG(s) 'execute_databricks_workflow' retrieved from /opt/airflow/dags/rotina_principal.py
[2024-07-23T00:37:56.485+0000] {logging_mixin.py:188} INFO - [2024-07-23T00:37:56.485+0000] {dag.py:3089} INFO - Sync 1 DAGs
[2024-07-23T00:37:56.498+0000] {logging_mixin.py:188} INFO - [2024-07-23T00:37:56.497+0000] {dag.py:3947} INFO - Setting next_dagrun for execute_databricks_workflow to 2024-07-23 00:00:00+00:00, run_after=2024-07-24 00:00:00+00:00
[2024-07-23T00:37:56.519+0000] {processor.py:183} INFO - Processing /opt/airflow/dags/rotina_principal.py took 0.458 seconds
[2024-07-23T00:38:26.654+0000] {processor.py:161} INFO - Started process (PID=1957) to work on /opt/airflow/dags/rotina_principal.py
[2024-07-23T00:38:26.654+0000] {processor.py:830} INFO - Processing file /opt/airflow/dags/rotina_principal.py for tasks to queue
[2024-07-23T00:38:26.656+0000] {logging_mixin.py:188} INFO - [2024-07-23T00:38:26.655+0000] {dagbag.py:545} INFO - Filling up the DagBag from /opt/airflow/dags/rotina_principal.py
[2024-07-23T00:38:27.030+0000] {processor.py:840} INFO - DAG(s) 'execute_databricks_workflow' retrieved from /opt/airflow/dags/rotina_principal.py
[2024-07-23T00:38:27.046+0000] {logging_mixin.py:188} INFO - [2024-07-23T00:38:27.046+0000] {dag.py:3089} INFO - Sync 1 DAGs
[2024-07-23T00:38:27.060+0000] {logging_mixin.py:188} INFO - [2024-07-23T00:38:27.060+0000] {dag.py:3947} INFO - Setting next_dagrun for execute_databricks_workflow to 2024-07-23 00:00:00+00:00, run_after=2024-07-24 00:00:00+00:00
[2024-07-23T00:38:27.073+0000] {processor.py:183} INFO - Processing /opt/airflow/dags/rotina_principal.py took 0.424 seconds
[2024-07-23T00:38:57.212+0000] {processor.py:161} INFO - Started process (PID=1965) to work on /opt/airflow/dags/rotina_principal.py
[2024-07-23T00:38:57.212+0000] {processor.py:830} INFO - Processing file /opt/airflow/dags/rotina_principal.py for tasks to queue
[2024-07-23T00:38:57.214+0000] {logging_mixin.py:188} INFO - [2024-07-23T00:38:57.213+0000] {dagbag.py:545} INFO - Filling up the DagBag from /opt/airflow/dags/rotina_principal.py
[2024-07-23T00:38:57.593+0000] {processor.py:840} INFO - DAG(s) 'execute_databricks_workflow' retrieved from /opt/airflow/dags/rotina_principal.py
[2024-07-23T00:38:57.610+0000] {logging_mixin.py:188} INFO - [2024-07-23T00:38:57.609+0000] {dag.py:3089} INFO - Sync 1 DAGs
[2024-07-23T00:38:57.624+0000] {logging_mixin.py:188} INFO - [2024-07-23T00:38:57.624+0000] {dag.py:3947} INFO - Setting next_dagrun for execute_databricks_workflow to 2024-07-23 00:00:00+00:00, run_after=2024-07-24 00:00:00+00:00
[2024-07-23T00:38:57.646+0000] {processor.py:183} INFO - Processing /opt/airflow/dags/rotina_principal.py took 0.439 seconds
[2024-07-23T00:39:27.819+0000] {processor.py:161} INFO - Started process (PID=1973) to work on /opt/airflow/dags/rotina_principal.py
[2024-07-23T00:39:27.819+0000] {processor.py:830} INFO - Processing file /opt/airflow/dags/rotina_principal.py for tasks to queue
[2024-07-23T00:39:27.821+0000] {logging_mixin.py:188} INFO - [2024-07-23T00:39:27.821+0000] {dagbag.py:545} INFO - Filling up the DagBag from /opt/airflow/dags/rotina_principal.py
[2024-07-23T00:39:28.203+0000] {processor.py:840} INFO - DAG(s) 'execute_databricks_workflow' retrieved from /opt/airflow/dags/rotina_principal.py
[2024-07-23T00:39:28.218+0000] {logging_mixin.py:188} INFO - [2024-07-23T00:39:28.218+0000] {dag.py:3089} INFO - Sync 1 DAGs
[2024-07-23T00:39:28.231+0000] {logging_mixin.py:188} INFO - [2024-07-23T00:39:28.231+0000] {dag.py:3947} INFO - Setting next_dagrun for execute_databricks_workflow to 2024-07-23 00:00:00+00:00, run_after=2024-07-24 00:00:00+00:00
[2024-07-23T00:39:28.243+0000] {processor.py:183} INFO - Processing /opt/airflow/dags/rotina_principal.py took 0.429 seconds
[2024-07-23T00:39:58.377+0000] {processor.py:161} INFO - Started process (PID=1981) to work on /opt/airflow/dags/rotina_principal.py
[2024-07-23T00:39:58.378+0000] {processor.py:830} INFO - Processing file /opt/airflow/dags/rotina_principal.py for tasks to queue
[2024-07-23T00:39:58.379+0000] {logging_mixin.py:188} INFO - [2024-07-23T00:39:58.379+0000] {dagbag.py:545} INFO - Filling up the DagBag from /opt/airflow/dags/rotina_principal.py
[2024-07-23T00:39:58.747+0000] {processor.py:840} INFO - DAG(s) 'execute_databricks_workflow' retrieved from /opt/airflow/dags/rotina_principal.py
[2024-07-23T00:39:58.763+0000] {logging_mixin.py:188} INFO - [2024-07-23T00:39:58.762+0000] {dag.py:3089} INFO - Sync 1 DAGs
[2024-07-23T00:39:58.776+0000] {logging_mixin.py:188} INFO - [2024-07-23T00:39:58.776+0000] {dag.py:3947} INFO - Setting next_dagrun for execute_databricks_workflow to 2024-07-23 00:00:00+00:00, run_after=2024-07-24 00:00:00+00:00
[2024-07-23T00:39:58.788+0000] {processor.py:183} INFO - Processing /opt/airflow/dags/rotina_principal.py took 0.415 seconds
[2024-07-23T00:40:28.923+0000] {processor.py:161} INFO - Started process (PID=1989) to work on /opt/airflow/dags/rotina_principal.py
[2024-07-23T00:40:28.924+0000] {processor.py:830} INFO - Processing file /opt/airflow/dags/rotina_principal.py for tasks to queue
[2024-07-23T00:40:28.925+0000] {logging_mixin.py:188} INFO - [2024-07-23T00:40:28.925+0000] {dagbag.py:545} INFO - Filling up the DagBag from /opt/airflow/dags/rotina_principal.py
[2024-07-23T00:40:29.318+0000] {processor.py:840} INFO - DAG(s) 'execute_databricks_workflow' retrieved from /opt/airflow/dags/rotina_principal.py
[2024-07-23T00:40:29.333+0000] {logging_mixin.py:188} INFO - [2024-07-23T00:40:29.333+0000] {dag.py:3089} INFO - Sync 1 DAGs
[2024-07-23T00:40:29.347+0000] {logging_mixin.py:188} INFO - [2024-07-23T00:40:29.347+0000] {dag.py:3947} INFO - Setting next_dagrun for execute_databricks_workflow to 2024-07-23 00:00:00+00:00, run_after=2024-07-24 00:00:00+00:00
[2024-07-23T00:40:29.359+0000] {processor.py:183} INFO - Processing /opt/airflow/dags/rotina_principal.py took 0.440 seconds
[2024-07-23T00:40:59.496+0000] {processor.py:161} INFO - Started process (PID=1997) to work on /opt/airflow/dags/rotina_principal.py
[2024-07-23T00:40:59.496+0000] {processor.py:830} INFO - Processing file /opt/airflow/dags/rotina_principal.py for tasks to queue
[2024-07-23T00:40:59.497+0000] {logging_mixin.py:188} INFO - [2024-07-23T00:40:59.497+0000] {dagbag.py:545} INFO - Filling up the DagBag from /opt/airflow/dags/rotina_principal.py
[2024-07-23T00:40:59.904+0000] {processor.py:840} INFO - DAG(s) 'execute_databricks_workflow' retrieved from /opt/airflow/dags/rotina_principal.py
[2024-07-23T00:40:59.921+0000] {logging_mixin.py:188} INFO - [2024-07-23T00:40:59.921+0000] {dag.py:3089} INFO - Sync 1 DAGs
[2024-07-23T00:40:59.936+0000] {logging_mixin.py:188} INFO - [2024-07-23T00:40:59.936+0000] {dag.py:3947} INFO - Setting next_dagrun for execute_databricks_workflow to 2024-07-23 00:00:00+00:00, run_after=2024-07-24 00:00:00+00:00
[2024-07-23T00:40:59.959+0000] {processor.py:183} INFO - Processing /opt/airflow/dags/rotina_principal.py took 0.467 seconds
[2024-07-23T00:41:19.079+0000] {processor.py:161} INFO - Started process (PID=2005) to work on /opt/airflow/dags/rotina_principal.py
[2024-07-23T00:41:19.079+0000] {processor.py:830} INFO - Processing file /opt/airflow/dags/rotina_principal.py for tasks to queue
[2024-07-23T00:41:19.081+0000] {logging_mixin.py:188} INFO - [2024-07-23T00:41:19.080+0000] {dagbag.py:545} INFO - Filling up the DagBag from /opt/airflow/dags/rotina_principal.py
[2024-07-23T00:41:19.564+0000] {processor.py:840} INFO - DAG(s) 'executar_workflow_databricks' retrieved from /opt/airflow/dags/rotina_principal.py
[2024-07-23T00:41:19.680+0000] {logging_mixin.py:188} INFO - [2024-07-23T00:41:19.679+0000] {override.py:1858} INFO - Created Permission View: can read on DAG:executar_workflow_databricks
[2024-07-23T00:41:19.689+0000] {logging_mixin.py:188} INFO - [2024-07-23T00:41:19.689+0000] {override.py:1858} INFO - Created Permission View: can delete on DAG:executar_workflow_databricks
[2024-07-23T00:41:19.695+0000] {logging_mixin.py:188} INFO - [2024-07-23T00:41:19.695+0000] {override.py:1858} INFO - Created Permission View: can edit on DAG:executar_workflow_databricks
[2024-07-23T00:41:19.696+0000] {logging_mixin.py:188} INFO - [2024-07-23T00:41:19.695+0000] {dag.py:3089} INFO - Sync 1 DAGs
[2024-07-23T00:41:19.704+0000] {logging_mixin.py:188} INFO - [2024-07-23T00:41:19.703+0000] {dag.py:3111} INFO - Creating ORM DAG for executar_workflow_databricks
[2024-07-23T00:41:19.711+0000] {logging_mixin.py:188} INFO - [2024-07-23T00:41:19.711+0000] {dag.py:3947} INFO - Setting next_dagrun for executar_workflow_databricks to 2024-07-22 00:00:00+00:00, run_after=2024-07-23 00:00:00+00:00
[2024-07-23T00:41:19.731+0000] {processor.py:183} INFO - Processing /opt/airflow/dags/rotina_principal.py took 0.658 seconds
[2024-07-23T00:41:49.867+0000] {processor.py:161} INFO - Started process (PID=2014) to work on /opt/airflow/dags/rotina_principal.py
[2024-07-23T00:41:49.868+0000] {processor.py:830} INFO - Processing file /opt/airflow/dags/rotina_principal.py for tasks to queue
[2024-07-23T00:41:49.869+0000] {logging_mixin.py:188} INFO - [2024-07-23T00:41:49.869+0000] {dagbag.py:545} INFO - Filling up the DagBag from /opt/airflow/dags/rotina_principal.py
[2024-07-23T00:41:50.276+0000] {processor.py:840} INFO - DAG(s) 'executar_workflow_databricks' retrieved from /opt/airflow/dags/rotina_principal.py
[2024-07-23T00:41:50.295+0000] {logging_mixin.py:188} INFO - [2024-07-23T00:41:50.294+0000] {dag.py:3089} INFO - Sync 1 DAGs
[2024-07-23T00:41:50.307+0000] {logging_mixin.py:188} INFO - [2024-07-23T00:41:50.307+0000] {dag.py:3947} INFO - Setting next_dagrun for executar_workflow_databricks to 2024-07-22 00:00:00+00:00, run_after=2024-07-23 00:00:00+00:00
[2024-07-23T00:41:50.329+0000] {processor.py:183} INFO - Processing /opt/airflow/dags/rotina_principal.py took 0.465 seconds
[2024-07-23T00:42:20.463+0000] {processor.py:161} INFO - Started process (PID=2022) to work on /opt/airflow/dags/rotina_principal.py
[2024-07-23T00:42:20.464+0000] {processor.py:830} INFO - Processing file /opt/airflow/dags/rotina_principal.py for tasks to queue
[2024-07-23T00:42:20.465+0000] {logging_mixin.py:188} INFO - [2024-07-23T00:42:20.465+0000] {dagbag.py:545} INFO - Filling up the DagBag from /opt/airflow/dags/rotina_principal.py
[2024-07-23T00:42:20.867+0000] {processor.py:840} INFO - DAG(s) 'executar_workflow_databricks' retrieved from /opt/airflow/dags/rotina_principal.py
[2024-07-23T00:42:20.887+0000] {logging_mixin.py:188} INFO - [2024-07-23T00:42:20.886+0000] {dag.py:3089} INFO - Sync 1 DAGs
[2024-07-23T00:42:20.900+0000] {logging_mixin.py:188} INFO - [2024-07-23T00:42:20.900+0000] {dag.py:3947} INFO - Setting next_dagrun for executar_workflow_databricks to 2024-07-22 00:00:00+00:00, run_after=2024-07-23 00:00:00+00:00
[2024-07-23T00:42:20.915+0000] {processor.py:183} INFO - Processing /opt/airflow/dags/rotina_principal.py took 0.456 seconds
