[2024-07-23T20:55:39.314+0000] {processor.py:161} INFO - Started process (PID=1166) to work on /opt/airflow/dags/rotina_principal_databricks.py
[2024-07-23T20:55:39.314+0000] {processor.py:830} INFO - Processing file /opt/airflow/dags/rotina_principal_databricks.py for tasks to queue
[2024-07-23T20:55:39.316+0000] {logging_mixin.py:188} INFO - [2024-07-23T20:55:39.315+0000] {dagbag.py:545} INFO - Filling up the DagBag from /opt/airflow/dags/rotina_principal_databricks.py
[2024-07-23T20:55:39.844+0000] {logging_mixin.py:188} INFO - [2024-07-23T20:55:39.841+0000] {dagbag.py:355} ERROR - Failed to import: /opt/airflow/dags/rotina_principal_databricks.py
Traceback (most recent call last):
  File "/home/airflow/.local/lib/python3.12/site-packages/airflow/models/dagbag.py", line 351, in parse
    loader.exec_module(new_module)
  File "<frozen importlib._bootstrap_external>", line 995, in exec_module
  File "<frozen importlib._bootstrap>", line 488, in _call_with_frames_removed
  File "/opt/airflow/dags/rotina_principal_databricks.py", line 271, in <module>
    python_callable=buscar_e_fazer_upload_dados_brewery
                    ^^^^^^^^^^^^^^^^^^^^^^^^^^^^^^^^^^^
NameError: name 'buscar_e_fazer_upload_dados_brewery' is not defined. Did you mean: 'buscar_e_salvar_dados_brewery'?
[2024-07-23T20:55:39.846+0000] {processor.py:842} WARNING - No viable dags retrieved from /opt/airflow/dags/rotina_principal_databricks.py
[2024-07-23T20:55:39.867+0000] {processor.py:183} INFO - Processing /opt/airflow/dags/rotina_principal_databricks.py took 0.556 seconds
[2024-07-23T20:56:10.009+0000] {processor.py:161} INFO - Started process (PID=1176) to work on /opt/airflow/dags/rotina_principal_databricks.py
[2024-07-23T20:56:10.009+0000] {processor.py:830} INFO - Processing file /opt/airflow/dags/rotina_principal_databricks.py for tasks to queue
[2024-07-23T20:56:10.010+0000] {logging_mixin.py:188} INFO - [2024-07-23T20:56:10.010+0000] {dagbag.py:545} INFO - Filling up the DagBag from /opt/airflow/dags/rotina_principal_databricks.py
[2024-07-23T20:56:10.373+0000] {logging_mixin.py:188} INFO - [2024-07-23T20:56:10.370+0000] {dagbag.py:355} ERROR - Failed to import: /opt/airflow/dags/rotina_principal_databricks.py
Traceback (most recent call last):
  File "/home/airflow/.local/lib/python3.12/site-packages/airflow/models/dagbag.py", line 351, in parse
    loader.exec_module(new_module)
  File "<frozen importlib._bootstrap_external>", line 995, in exec_module
  File "<frozen importlib._bootstrap>", line 488, in _call_with_frames_removed
  File "/opt/airflow/dags/rotina_principal_databricks.py", line 271, in <module>
    python_callable=buscar_e_fazer_upload_dados_brewery
                    ^^^^^^^^^^^^^^^^^^^^^^^^^^^^^^^^^^^
NameError: name 'buscar_e_fazer_upload_dados_brewery' is not defined. Did you mean: 'buscar_e_salvar_dados_brewery'?
[2024-07-23T20:56:10.374+0000] {processor.py:842} WARNING - No viable dags retrieved from /opt/airflow/dags/rotina_principal_databricks.py
[2024-07-23T20:56:10.381+0000] {processor.py:183} INFO - Processing /opt/airflow/dags/rotina_principal_databricks.py took 0.376 seconds
[2024-07-23T20:56:40.520+0000] {processor.py:161} INFO - Started process (PID=1186) to work on /opt/airflow/dags/rotina_principal_databricks.py
[2024-07-23T20:56:40.520+0000] {processor.py:830} INFO - Processing file /opt/airflow/dags/rotina_principal_databricks.py for tasks to queue
[2024-07-23T20:56:40.521+0000] {logging_mixin.py:188} INFO - [2024-07-23T20:56:40.521+0000] {dagbag.py:545} INFO - Filling up the DagBag from /opt/airflow/dags/rotina_principal_databricks.py
[2024-07-23T20:56:40.880+0000] {logging_mixin.py:188} INFO - [2024-07-23T20:56:40.877+0000] {dagbag.py:355} ERROR - Failed to import: /opt/airflow/dags/rotina_principal_databricks.py
Traceback (most recent call last):
  File "/home/airflow/.local/lib/python3.12/site-packages/airflow/models/dagbag.py", line 351, in parse
    loader.exec_module(new_module)
  File "<frozen importlib._bootstrap_external>", line 995, in exec_module
  File "<frozen importlib._bootstrap>", line 488, in _call_with_frames_removed
  File "/opt/airflow/dags/rotina_principal_databricks.py", line 271, in <module>
    python_callable=buscar_e_fazer_upload_dados_brewery
                    ^^^^^^^^^^^^^^^^^^^^^^^^^^^^^^^^^^^
NameError: name 'buscar_e_fazer_upload_dados_brewery' is not defined. Did you mean: 'buscar_e_salvar_dados_brewery'?
[2024-07-23T20:56:40.881+0000] {processor.py:842} WARNING - No viable dags retrieved from /opt/airflow/dags/rotina_principal_databricks.py
[2024-07-23T20:56:40.889+0000] {processor.py:183} INFO - Processing /opt/airflow/dags/rotina_principal_databricks.py took 0.372 seconds
[2024-07-23T20:57:11.026+0000] {processor.py:161} INFO - Started process (PID=1196) to work on /opt/airflow/dags/rotina_principal_databricks.py
[2024-07-23T20:57:11.026+0000] {processor.py:830} INFO - Processing file /opt/airflow/dags/rotina_principal_databricks.py for tasks to queue
[2024-07-23T20:57:11.027+0000] {logging_mixin.py:188} INFO - [2024-07-23T20:57:11.027+0000] {dagbag.py:545} INFO - Filling up the DagBag from /opt/airflow/dags/rotina_principal_databricks.py
[2024-07-23T20:57:11.388+0000] {logging_mixin.py:188} INFO - [2024-07-23T20:57:11.385+0000] {dagbag.py:355} ERROR - Failed to import: /opt/airflow/dags/rotina_principal_databricks.py
Traceback (most recent call last):
  File "/home/airflow/.local/lib/python3.12/site-packages/airflow/models/dagbag.py", line 351, in parse
    loader.exec_module(new_module)
  File "<frozen importlib._bootstrap_external>", line 995, in exec_module
  File "<frozen importlib._bootstrap>", line 488, in _call_with_frames_removed
  File "/opt/airflow/dags/rotina_principal_databricks.py", line 271, in <module>
    python_callable=buscar_e_fazer_upload_dados_brewery
                    ^^^^^^^^^^^^^^^^^^^^^^^^^^^^^^^^^^^
NameError: name 'buscar_e_fazer_upload_dados_brewery' is not defined. Did you mean: 'buscar_e_salvar_dados_brewery'?
[2024-07-23T20:57:11.389+0000] {processor.py:842} WARNING - No viable dags retrieved from /opt/airflow/dags/rotina_principal_databricks.py
[2024-07-23T20:57:11.396+0000] {processor.py:183} INFO - Processing /opt/airflow/dags/rotina_principal_databricks.py took 0.374 seconds
[2024-07-23T20:57:41.530+0000] {processor.py:161} INFO - Started process (PID=1212) to work on /opt/airflow/dags/rotina_principal_databricks.py
[2024-07-23T20:57:41.531+0000] {processor.py:830} INFO - Processing file /opt/airflow/dags/rotina_principal_databricks.py for tasks to queue
[2024-07-23T20:57:41.532+0000] {logging_mixin.py:188} INFO - [2024-07-23T20:57:41.532+0000] {dagbag.py:545} INFO - Filling up the DagBag from /opt/airflow/dags/rotina_principal_databricks.py
[2024-07-23T20:57:41.888+0000] {logging_mixin.py:188} INFO - [2024-07-23T20:57:41.885+0000] {dagbag.py:355} ERROR - Failed to import: /opt/airflow/dags/rotina_principal_databricks.py
Traceback (most recent call last):
  File "/home/airflow/.local/lib/python3.12/site-packages/airflow/models/dagbag.py", line 351, in parse
    loader.exec_module(new_module)
  File "<frozen importlib._bootstrap_external>", line 995, in exec_module
  File "<frozen importlib._bootstrap>", line 488, in _call_with_frames_removed
  File "/opt/airflow/dags/rotina_principal_databricks.py", line 271, in <module>
    python_callable=buscar_e_fazer_upload_dados_brewery
                    ^^^^^^^^^^^^^^^^^^^^^^^^^^^^^^^^^^^
NameError: name 'buscar_e_fazer_upload_dados_brewery' is not defined. Did you mean: 'buscar_e_salvar_dados_brewery'?
[2024-07-23T20:57:41.890+0000] {processor.py:842} WARNING - No viable dags retrieved from /opt/airflow/dags/rotina_principal_databricks.py
[2024-07-23T20:57:41.909+0000] {processor.py:183} INFO - Processing /opt/airflow/dags/rotina_principal_databricks.py took 0.382 seconds
[2024-07-23T20:58:12.042+0000] {processor.py:161} INFO - Started process (PID=1222) to work on /opt/airflow/dags/rotina_principal_databricks.py
[2024-07-23T20:58:12.042+0000] {processor.py:830} INFO - Processing file /opt/airflow/dags/rotina_principal_databricks.py for tasks to queue
[2024-07-23T20:58:12.044+0000] {logging_mixin.py:188} INFO - [2024-07-23T20:58:12.044+0000] {dagbag.py:545} INFO - Filling up the DagBag from /opt/airflow/dags/rotina_principal_databricks.py
[2024-07-23T20:58:12.436+0000] {logging_mixin.py:188} INFO - [2024-07-23T20:58:12.433+0000] {dagbag.py:355} ERROR - Failed to import: /opt/airflow/dags/rotina_principal_databricks.py
Traceback (most recent call last):
  File "/home/airflow/.local/lib/python3.12/site-packages/airflow/models/dagbag.py", line 351, in parse
    loader.exec_module(new_module)
  File "<frozen importlib._bootstrap_external>", line 995, in exec_module
  File "<frozen importlib._bootstrap>", line 488, in _call_with_frames_removed
  File "/opt/airflow/dags/rotina_principal_databricks.py", line 271, in <module>
    python_callable=buscar_e_fazer_upload_dados_brewery
                    ^^^^^^^^^^^^^^^^^^^^^^^^^^^^^^^^^^^
NameError: name 'buscar_e_fazer_upload_dados_brewery' is not defined. Did you mean: 'buscar_e_salvar_dados_brewery'?
[2024-07-23T20:58:12.438+0000] {processor.py:842} WARNING - No viable dags retrieved from /opt/airflow/dags/rotina_principal_databricks.py
[2024-07-23T20:58:12.443+0000] {processor.py:183} INFO - Processing /opt/airflow/dags/rotina_principal_databricks.py took 0.405 seconds
[2024-07-23T20:58:25.524+0000] {processor.py:161} INFO - Started process (PID=1226) to work on /opt/airflow/dags/rotina_principal_databricks.py
[2024-07-23T20:58:25.525+0000] {processor.py:830} INFO - Processing file /opt/airflow/dags/rotina_principal_databricks.py for tasks to queue
[2024-07-23T20:58:25.526+0000] {logging_mixin.py:188} INFO - [2024-07-23T20:58:25.526+0000] {dagbag.py:545} INFO - Filling up the DagBag from /opt/airflow/dags/rotina_principal_databricks.py
[2024-07-23T20:58:25.912+0000] {processor.py:840} INFO - DAG(s) 'executar_workflow_databricks' retrieved from /opt/airflow/dags/rotina_principal_databricks.py
[2024-07-23T20:58:25.969+0000] {logging_mixin.py:188} INFO - [2024-07-23T20:58:25.968+0000] {dag.py:3089} INFO - Sync 1 DAGs
[2024-07-23T20:58:25.981+0000] {logging_mixin.py:188} INFO - [2024-07-23T20:58:25.980+0000] {dag.py:3947} INFO - Setting next_dagrun for executar_workflow_databricks to 2024-07-22 00:00:00+00:00, run_after=2024-07-23 00:00:00+00:00
[2024-07-23T20:58:26.002+0000] {processor.py:183} INFO - Processing /opt/airflow/dags/rotina_principal_databricks.py took 0.482 seconds
[2024-07-23T20:58:56.146+0000] {processor.py:161} INFO - Started process (PID=1237) to work on /opt/airflow/dags/rotina_principal_databricks.py
[2024-07-23T20:58:56.147+0000] {processor.py:830} INFO - Processing file /opt/airflow/dags/rotina_principal_databricks.py for tasks to queue
[2024-07-23T20:58:56.148+0000] {logging_mixin.py:188} INFO - [2024-07-23T20:58:56.147+0000] {dagbag.py:545} INFO - Filling up the DagBag from /opt/airflow/dags/rotina_principal_databricks.py
[2024-07-23T20:58:56.503+0000] {processor.py:840} INFO - DAG(s) 'executar_workflow_databricks' retrieved from /opt/airflow/dags/rotina_principal_databricks.py
[2024-07-23T20:58:56.515+0000] {logging_mixin.py:188} INFO - [2024-07-23T20:58:56.514+0000] {dag.py:3089} INFO - Sync 1 DAGs
[2024-07-23T20:58:56.526+0000] {logging_mixin.py:188} INFO - [2024-07-23T20:58:56.526+0000] {dag.py:3947} INFO - Setting next_dagrun for executar_workflow_databricks to 2024-07-22 00:00:00+00:00, run_after=2024-07-23 00:00:00+00:00
[2024-07-23T20:58:56.539+0000] {processor.py:183} INFO - Processing /opt/airflow/dags/rotina_principal_databricks.py took 0.397 seconds
[2024-07-23T20:59:26.680+0000] {processor.py:161} INFO - Started process (PID=1247) to work on /opt/airflow/dags/rotina_principal_databricks.py
[2024-07-23T20:59:26.680+0000] {processor.py:830} INFO - Processing file /opt/airflow/dags/rotina_principal_databricks.py for tasks to queue
[2024-07-23T20:59:26.681+0000] {logging_mixin.py:188} INFO - [2024-07-23T20:59:26.681+0000] {dagbag.py:545} INFO - Filling up the DagBag from /opt/airflow/dags/rotina_principal_databricks.py
[2024-07-23T20:59:27.055+0000] {processor.py:840} INFO - DAG(s) 'executar_workflow_databricks' retrieved from /opt/airflow/dags/rotina_principal_databricks.py
[2024-07-23T20:59:27.066+0000] {logging_mixin.py:188} INFO - [2024-07-23T20:59:27.066+0000] {dag.py:3089} INFO - Sync 1 DAGs
[2024-07-23T20:59:27.078+0000] {logging_mixin.py:188} INFO - [2024-07-23T20:59:27.078+0000] {dag.py:3947} INFO - Setting next_dagrun for executar_workflow_databricks to 2024-07-22 00:00:00+00:00, run_after=2024-07-23 00:00:00+00:00
[2024-07-23T20:59:27.102+0000] {processor.py:183} INFO - Processing /opt/airflow/dags/rotina_principal_databricks.py took 0.426 seconds
[2024-07-23T20:59:57.233+0000] {processor.py:161} INFO - Started process (PID=1257) to work on /opt/airflow/dags/rotina_principal_databricks.py
[2024-07-23T20:59:57.234+0000] {processor.py:830} INFO - Processing file /opt/airflow/dags/rotina_principal_databricks.py for tasks to queue
[2024-07-23T20:59:57.235+0000] {logging_mixin.py:188} INFO - [2024-07-23T20:59:57.235+0000] {dagbag.py:545} INFO - Filling up the DagBag from /opt/airflow/dags/rotina_principal_databricks.py
[2024-07-23T20:59:57.609+0000] {processor.py:840} INFO - DAG(s) 'executar_workflow_databricks' retrieved from /opt/airflow/dags/rotina_principal_databricks.py
[2024-07-23T20:59:57.619+0000] {logging_mixin.py:188} INFO - [2024-07-23T20:59:57.619+0000] {dag.py:3089} INFO - Sync 1 DAGs
[2024-07-23T20:59:57.631+0000] {logging_mixin.py:188} INFO - [2024-07-23T20:59:57.631+0000] {dag.py:3947} INFO - Setting next_dagrun for executar_workflow_databricks to 2024-07-22 00:00:00+00:00, run_after=2024-07-23 00:00:00+00:00
[2024-07-23T20:59:57.656+0000] {processor.py:183} INFO - Processing /opt/airflow/dags/rotina_principal_databricks.py took 0.427 seconds
[2024-07-23T21:00:27.797+0000] {processor.py:161} INFO - Started process (PID=1267) to work on /opt/airflow/dags/rotina_principal_databricks.py
[2024-07-23T21:00:27.797+0000] {processor.py:830} INFO - Processing file /opt/airflow/dags/rotina_principal_databricks.py for tasks to queue
[2024-07-23T21:00:27.799+0000] {logging_mixin.py:188} INFO - [2024-07-23T21:00:27.798+0000] {dagbag.py:545} INFO - Filling up the DagBag from /opt/airflow/dags/rotina_principal_databricks.py
[2024-07-23T21:00:28.164+0000] {processor.py:840} INFO - DAG(s) 'executar_workflow_databricks' retrieved from /opt/airflow/dags/rotina_principal_databricks.py
[2024-07-23T21:00:28.174+0000] {logging_mixin.py:188} INFO - [2024-07-23T21:00:28.174+0000] {dag.py:3089} INFO - Sync 1 DAGs
[2024-07-23T21:00:28.187+0000] {logging_mixin.py:188} INFO - [2024-07-23T21:00:28.187+0000] {dag.py:3947} INFO - Setting next_dagrun for executar_workflow_databricks to 2024-07-22 00:00:00+00:00, run_after=2024-07-23 00:00:00+00:00
[2024-07-23T21:00:28.212+0000] {processor.py:183} INFO - Processing /opt/airflow/dags/rotina_principal_databricks.py took 0.419 seconds
[2024-07-23T21:00:58.394+0000] {processor.py:161} INFO - Started process (PID=1277) to work on /opt/airflow/dags/rotina_principal_databricks.py
[2024-07-23T21:00:58.394+0000] {processor.py:830} INFO - Processing file /opt/airflow/dags/rotina_principal_databricks.py for tasks to queue
[2024-07-23T21:00:58.395+0000] {logging_mixin.py:188} INFO - [2024-07-23T21:00:58.395+0000] {dagbag.py:545} INFO - Filling up the DagBag from /opt/airflow/dags/rotina_principal_databricks.py
[2024-07-23T21:00:58.834+0000] {processor.py:840} INFO - DAG(s) 'executar_workflow_databricks' retrieved from /opt/airflow/dags/rotina_principal_databricks.py
[2024-07-23T21:00:58.846+0000] {logging_mixin.py:188} INFO - [2024-07-23T21:00:58.846+0000] {dag.py:3089} INFO - Sync 1 DAGs
[2024-07-23T21:00:58.859+0000] {logging_mixin.py:188} INFO - [2024-07-23T21:00:58.859+0000] {dag.py:3947} INFO - Setting next_dagrun for executar_workflow_databricks to 2024-07-22 00:00:00+00:00, run_after=2024-07-23 00:00:00+00:00
[2024-07-23T21:00:58.870+0000] {processor.py:183} INFO - Processing /opt/airflow/dags/rotina_principal_databricks.py took 0.481 seconds
[2024-07-23T21:01:29.012+0000] {processor.py:161} INFO - Started process (PID=1287) to work on /opt/airflow/dags/rotina_principal_databricks.py
[2024-07-23T21:01:29.012+0000] {processor.py:830} INFO - Processing file /opt/airflow/dags/rotina_principal_databricks.py for tasks to queue
[2024-07-23T21:01:29.014+0000] {logging_mixin.py:188} INFO - [2024-07-23T21:01:29.013+0000] {dagbag.py:545} INFO - Filling up the DagBag from /opt/airflow/dags/rotina_principal_databricks.py
[2024-07-23T21:01:29.370+0000] {processor.py:840} INFO - DAG(s) 'executar_workflow_databricks' retrieved from /opt/airflow/dags/rotina_principal_databricks.py
[2024-07-23T21:01:29.381+0000] {logging_mixin.py:188} INFO - [2024-07-23T21:01:29.381+0000] {dag.py:3089} INFO - Sync 1 DAGs
[2024-07-23T21:01:29.393+0000] {logging_mixin.py:188} INFO - [2024-07-23T21:01:29.393+0000] {dag.py:3947} INFO - Setting next_dagrun for executar_workflow_databricks to 2024-07-22 00:00:00+00:00, run_after=2024-07-23 00:00:00+00:00
[2024-07-23T21:01:29.404+0000] {processor.py:183} INFO - Processing /opt/airflow/dags/rotina_principal_databricks.py took 0.396 seconds
[2024-07-23T21:01:59.546+0000] {processor.py:161} INFO - Started process (PID=1297) to work on /opt/airflow/dags/rotina_principal_databricks.py
[2024-07-23T21:01:59.546+0000] {processor.py:830} INFO - Processing file /opt/airflow/dags/rotina_principal_databricks.py for tasks to queue
[2024-07-23T21:01:59.547+0000] {logging_mixin.py:188} INFO - [2024-07-23T21:01:59.547+0000] {dagbag.py:545} INFO - Filling up the DagBag from /opt/airflow/dags/rotina_principal_databricks.py
[2024-07-23T21:01:59.971+0000] {processor.py:840} INFO - DAG(s) 'executar_workflow_databricks' retrieved from /opt/airflow/dags/rotina_principal_databricks.py
[2024-07-23T21:01:59.984+0000] {logging_mixin.py:188} INFO - [2024-07-23T21:01:59.984+0000] {dag.py:3089} INFO - Sync 1 DAGs
[2024-07-23T21:01:59.999+0000] {logging_mixin.py:188} INFO - [2024-07-23T21:01:59.999+0000] {dag.py:3947} INFO - Setting next_dagrun for executar_workflow_databricks to 2024-07-22 00:00:00+00:00, run_after=2024-07-23 00:00:00+00:00
[2024-07-23T21:02:00.013+0000] {processor.py:183} INFO - Processing /opt/airflow/dags/rotina_principal_databricks.py took 0.472 seconds
[2024-07-23T21:02:30.105+0000] {processor.py:161} INFO - Started process (PID=1307) to work on /opt/airflow/dags/rotina_principal_databricks.py
[2024-07-23T21:02:30.106+0000] {processor.py:830} INFO - Processing file /opt/airflow/dags/rotina_principal_databricks.py for tasks to queue
[2024-07-23T21:02:30.107+0000] {logging_mixin.py:188} INFO - [2024-07-23T21:02:30.107+0000] {dagbag.py:545} INFO - Filling up the DagBag from /opt/airflow/dags/rotina_principal_databricks.py
[2024-07-23T21:02:30.484+0000] {processor.py:840} INFO - DAG(s) 'executar_workflow_databricks' retrieved from /opt/airflow/dags/rotina_principal_databricks.py
[2024-07-23T21:02:30.495+0000] {logging_mixin.py:188} INFO - [2024-07-23T21:02:30.495+0000] {dag.py:3089} INFO - Sync 1 DAGs
[2024-07-23T21:02:30.508+0000] {logging_mixin.py:188} INFO - [2024-07-23T21:02:30.508+0000] {dag.py:3947} INFO - Setting next_dagrun for executar_workflow_databricks to 2024-07-23 00:00:00+00:00, run_after=2024-07-24 00:00:00+00:00
[2024-07-23T21:02:30.524+0000] {processor.py:183} INFO - Processing /opt/airflow/dags/rotina_principal_databricks.py took 0.423 seconds
[2024-07-23T21:03:00.656+0000] {processor.py:161} INFO - Started process (PID=1317) to work on /opt/airflow/dags/rotina_principal_databricks.py
[2024-07-23T21:03:00.656+0000] {processor.py:830} INFO - Processing file /opt/airflow/dags/rotina_principal_databricks.py for tasks to queue
[2024-07-23T21:03:00.657+0000] {logging_mixin.py:188} INFO - [2024-07-23T21:03:00.657+0000] {dagbag.py:545} INFO - Filling up the DagBag from /opt/airflow/dags/rotina_principal_databricks.py
[2024-07-23T21:03:01.043+0000] {processor.py:840} INFO - DAG(s) 'executar_workflow_databricks' retrieved from /opt/airflow/dags/rotina_principal_databricks.py
[2024-07-23T21:03:01.056+0000] {logging_mixin.py:188} INFO - [2024-07-23T21:03:01.055+0000] {dag.py:3089} INFO - Sync 1 DAGs
[2024-07-23T21:03:01.068+0000] {logging_mixin.py:188} INFO - [2024-07-23T21:03:01.068+0000] {dag.py:3947} INFO - Setting next_dagrun for executar_workflow_databricks to 2024-07-23 00:00:00+00:00, run_after=2024-07-24 00:00:00+00:00
[2024-07-23T21:03:01.084+0000] {processor.py:183} INFO - Processing /opt/airflow/dags/rotina_principal_databricks.py took 0.432 seconds
[2024-07-23T21:03:31.184+0000] {processor.py:161} INFO - Started process (PID=1327) to work on /opt/airflow/dags/rotina_principal_databricks.py
[2024-07-23T21:03:31.185+0000] {processor.py:830} INFO - Processing file /opt/airflow/dags/rotina_principal_databricks.py for tasks to queue
[2024-07-23T21:03:31.186+0000] {logging_mixin.py:188} INFO - [2024-07-23T21:03:31.186+0000] {dagbag.py:545} INFO - Filling up the DagBag from /opt/airflow/dags/rotina_principal_databricks.py
[2024-07-23T21:03:31.539+0000] {processor.py:840} INFO - DAG(s) 'executar_workflow_databricks' retrieved from /opt/airflow/dags/rotina_principal_databricks.py
[2024-07-23T21:03:31.549+0000] {logging_mixin.py:188} INFO - [2024-07-23T21:03:31.549+0000] {dag.py:3089} INFO - Sync 1 DAGs
[2024-07-23T21:03:31.561+0000] {logging_mixin.py:188} INFO - [2024-07-23T21:03:31.561+0000] {dag.py:3947} INFO - Setting next_dagrun for executar_workflow_databricks to 2024-07-23 00:00:00+00:00, run_after=2024-07-24 00:00:00+00:00
[2024-07-23T21:03:31.587+0000] {processor.py:183} INFO - Processing /opt/airflow/dags/rotina_principal_databricks.py took 0.407 seconds
[2024-07-23T21:04:01.735+0000] {processor.py:161} INFO - Started process (PID=1337) to work on /opt/airflow/dags/rotina_principal_databricks.py
[2024-07-23T21:04:01.736+0000] {processor.py:830} INFO - Processing file /opt/airflow/dags/rotina_principal_databricks.py for tasks to queue
[2024-07-23T21:04:01.737+0000] {logging_mixin.py:188} INFO - [2024-07-23T21:04:01.737+0000] {dagbag.py:545} INFO - Filling up the DagBag from /opt/airflow/dags/rotina_principal_databricks.py
[2024-07-23T21:04:02.112+0000] {processor.py:840} INFO - DAG(s) 'executar_workflow_databricks' retrieved from /opt/airflow/dags/rotina_principal_databricks.py
[2024-07-23T21:04:02.124+0000] {logging_mixin.py:188} INFO - [2024-07-23T21:04:02.124+0000] {dag.py:3089} INFO - Sync 1 DAGs
[2024-07-23T21:04:02.137+0000] {logging_mixin.py:188} INFO - [2024-07-23T21:04:02.137+0000] {dag.py:3947} INFO - Setting next_dagrun for executar_workflow_databricks to 2024-07-23 00:00:00+00:00, run_after=2024-07-24 00:00:00+00:00
[2024-07-23T21:04:02.177+0000] {processor.py:183} INFO - Processing /opt/airflow/dags/rotina_principal_databricks.py took 0.445 seconds
[2024-07-23T21:04:32.309+0000] {processor.py:161} INFO - Started process (PID=1347) to work on /opt/airflow/dags/rotina_principal_databricks.py
[2024-07-23T21:04:32.309+0000] {processor.py:830} INFO - Processing file /opt/airflow/dags/rotina_principal_databricks.py for tasks to queue
[2024-07-23T21:04:32.310+0000] {logging_mixin.py:188} INFO - [2024-07-23T21:04:32.310+0000] {dagbag.py:545} INFO - Filling up the DagBag from /opt/airflow/dags/rotina_principal_databricks.py
[2024-07-23T21:04:32.697+0000] {processor.py:840} INFO - DAG(s) 'executar_workflow_databricks' retrieved from /opt/airflow/dags/rotina_principal_databricks.py
[2024-07-23T21:04:32.708+0000] {logging_mixin.py:188} INFO - [2024-07-23T21:04:32.708+0000] {dag.py:3089} INFO - Sync 1 DAGs
[2024-07-23T21:04:32.721+0000] {logging_mixin.py:188} INFO - [2024-07-23T21:04:32.721+0000] {dag.py:3947} INFO - Setting next_dagrun for executar_workflow_databricks to 2024-07-23 00:00:00+00:00, run_after=2024-07-24 00:00:00+00:00
[2024-07-23T21:04:32.732+0000] {processor.py:183} INFO - Processing /opt/airflow/dags/rotina_principal_databricks.py took 0.428 seconds
[2024-07-23T21:05:02.836+0000] {processor.py:161} INFO - Started process (PID=1357) to work on /opt/airflow/dags/rotina_principal_databricks.py
[2024-07-23T21:05:02.836+0000] {processor.py:830} INFO - Processing file /opt/airflow/dags/rotina_principal_databricks.py for tasks to queue
[2024-07-23T21:05:02.837+0000] {logging_mixin.py:188} INFO - [2024-07-23T21:05:02.837+0000] {dagbag.py:545} INFO - Filling up the DagBag from /opt/airflow/dags/rotina_principal_databricks.py
[2024-07-23T21:05:03.202+0000] {processor.py:840} INFO - DAG(s) 'executar_workflow_databricks' retrieved from /opt/airflow/dags/rotina_principal_databricks.py
[2024-07-23T21:05:03.213+0000] {logging_mixin.py:188} INFO - [2024-07-23T21:05:03.213+0000] {dag.py:3089} INFO - Sync 1 DAGs
[2024-07-23T21:05:03.225+0000] {logging_mixin.py:188} INFO - [2024-07-23T21:05:03.225+0000] {dag.py:3947} INFO - Setting next_dagrun for executar_workflow_databricks to 2024-07-23 00:00:00+00:00, run_after=2024-07-24 00:00:00+00:00
[2024-07-23T21:05:03.236+0000] {processor.py:183} INFO - Processing /opt/airflow/dags/rotina_principal_databricks.py took 0.404 seconds
[2024-07-23T21:05:33.363+0000] {processor.py:161} INFO - Started process (PID=1367) to work on /opt/airflow/dags/rotina_principal_databricks.py
[2024-07-23T21:05:33.363+0000] {processor.py:830} INFO - Processing file /opt/airflow/dags/rotina_principal_databricks.py for tasks to queue
[2024-07-23T21:05:33.364+0000] {logging_mixin.py:188} INFO - [2024-07-23T21:05:33.364+0000] {dagbag.py:545} INFO - Filling up the DagBag from /opt/airflow/dags/rotina_principal_databricks.py
[2024-07-23T21:05:33.766+0000] {processor.py:840} INFO - DAG(s) 'executar_workflow_databricks' retrieved from /opt/airflow/dags/rotina_principal_databricks.py
[2024-07-23T21:05:33.777+0000] {logging_mixin.py:188} INFO - [2024-07-23T21:05:33.777+0000] {dag.py:3089} INFO - Sync 1 DAGs
[2024-07-23T21:05:33.790+0000] {logging_mixin.py:188} INFO - [2024-07-23T21:05:33.790+0000] {dag.py:3947} INFO - Setting next_dagrun for executar_workflow_databricks to 2024-07-23 00:00:00+00:00, run_after=2024-07-24 00:00:00+00:00
[2024-07-23T21:05:33.801+0000] {processor.py:183} INFO - Processing /opt/airflow/dags/rotina_principal_databricks.py took 0.442 seconds
[2024-07-23T21:06:03.916+0000] {processor.py:161} INFO - Started process (PID=1377) to work on /opt/airflow/dags/rotina_principal_databricks.py
[2024-07-23T21:06:03.917+0000] {processor.py:830} INFO - Processing file /opt/airflow/dags/rotina_principal_databricks.py for tasks to queue
[2024-07-23T21:06:03.918+0000] {logging_mixin.py:188} INFO - [2024-07-23T21:06:03.918+0000] {dagbag.py:545} INFO - Filling up the DagBag from /opt/airflow/dags/rotina_principal_databricks.py
[2024-07-23T21:06:04.292+0000] {processor.py:840} INFO - DAG(s) 'executar_workflow_databricks' retrieved from /opt/airflow/dags/rotina_principal_databricks.py
[2024-07-23T21:06:04.306+0000] {logging_mixin.py:188} INFO - [2024-07-23T21:06:04.305+0000] {dag.py:3089} INFO - Sync 1 DAGs
[2024-07-23T21:06:04.319+0000] {logging_mixin.py:188} INFO - [2024-07-23T21:06:04.319+0000] {dag.py:3947} INFO - Setting next_dagrun for executar_workflow_databricks to 2024-07-23 00:00:00+00:00, run_after=2024-07-24 00:00:00+00:00
[2024-07-23T21:06:04.345+0000] {processor.py:183} INFO - Processing /opt/airflow/dags/rotina_principal_databricks.py took 0.433 seconds
[2024-07-23T21:06:34.451+0000] {processor.py:161} INFO - Started process (PID=1387) to work on /opt/airflow/dags/rotina_principal_databricks.py
[2024-07-23T21:06:34.452+0000] {processor.py:830} INFO - Processing file /opt/airflow/dags/rotina_principal_databricks.py for tasks to queue
[2024-07-23T21:06:34.453+0000] {logging_mixin.py:188} INFO - [2024-07-23T21:06:34.453+0000] {dagbag.py:545} INFO - Filling up the DagBag from /opt/airflow/dags/rotina_principal_databricks.py
[2024-07-23T21:06:34.815+0000] {processor.py:840} INFO - DAG(s) 'executar_workflow_databricks' retrieved from /opt/airflow/dags/rotina_principal_databricks.py
[2024-07-23T21:06:34.826+0000] {logging_mixin.py:188} INFO - [2024-07-23T21:06:34.826+0000] {dag.py:3089} INFO - Sync 1 DAGs
[2024-07-23T21:06:34.839+0000] {logging_mixin.py:188} INFO - [2024-07-23T21:06:34.839+0000] {dag.py:3947} INFO - Setting next_dagrun for executar_workflow_databricks to 2024-07-23 00:00:00+00:00, run_after=2024-07-24 00:00:00+00:00
[2024-07-23T21:06:34.850+0000] {processor.py:183} INFO - Processing /opt/airflow/dags/rotina_principal_databricks.py took 0.402 seconds
[2024-07-23T21:07:05.010+0000] {processor.py:161} INFO - Started process (PID=1397) to work on /opt/airflow/dags/rotina_principal_databricks.py
[2024-07-23T21:07:05.472+0000] {processor.py:830} INFO - Processing file /opt/airflow/dags/rotina_principal_databricks.py for tasks to queue
[2024-07-23T21:07:05.475+0000] {logging_mixin.py:188} INFO - [2024-07-23T21:07:05.475+0000] {dagbag.py:545} INFO - Filling up the DagBag from /opt/airflow/dags/rotina_principal_databricks.py
[2024-07-23T21:07:05.904+0000] {processor.py:840} INFO - DAG(s) 'executar_workflow_databricks' retrieved from /opt/airflow/dags/rotina_principal_databricks.py
[2024-07-23T21:07:05.916+0000] {logging_mixin.py:188} INFO - [2024-07-23T21:07:05.916+0000] {dag.py:3089} INFO - Sync 1 DAGs
[2024-07-23T21:07:05.929+0000] {logging_mixin.py:188} INFO - [2024-07-23T21:07:05.928+0000] {dag.py:3947} INFO - Setting next_dagrun for executar_workflow_databricks to 2024-07-23 00:00:00+00:00, run_after=2024-07-24 00:00:00+00:00
[2024-07-23T21:07:05.939+0000] {processor.py:183} INFO - Processing /opt/airflow/dags/rotina_principal_databricks.py took 0.933 seconds
[2024-07-23T21:07:36.134+0000] {processor.py:161} INFO - Started process (PID=1407) to work on /opt/airflow/dags/rotina_principal_databricks.py
[2024-07-23T21:07:36.135+0000] {processor.py:830} INFO - Processing file /opt/airflow/dags/rotina_principal_databricks.py for tasks to queue
[2024-07-23T21:07:36.136+0000] {logging_mixin.py:188} INFO - [2024-07-23T21:07:36.136+0000] {dagbag.py:545} INFO - Filling up the DagBag from /opt/airflow/dags/rotina_principal_databricks.py
[2024-07-23T21:07:36.503+0000] {processor.py:840} INFO - DAG(s) 'executar_workflow_databricks' retrieved from /opt/airflow/dags/rotina_principal_databricks.py
[2024-07-23T21:07:36.514+0000] {logging_mixin.py:188} INFO - [2024-07-23T21:07:36.514+0000] {dag.py:3089} INFO - Sync 1 DAGs
[2024-07-23T21:07:36.526+0000] {logging_mixin.py:188} INFO - [2024-07-23T21:07:36.526+0000] {dag.py:3947} INFO - Setting next_dagrun for executar_workflow_databricks to 2024-07-23 00:00:00+00:00, run_after=2024-07-24 00:00:00+00:00
[2024-07-23T21:07:36.537+0000] {processor.py:183} INFO - Processing /opt/airflow/dags/rotina_principal_databricks.py took 0.407 seconds
[2024-07-23T21:08:06.688+0000] {processor.py:161} INFO - Started process (PID=1417) to work on /opt/airflow/dags/rotina_principal_databricks.py
[2024-07-23T21:08:06.689+0000] {processor.py:830} INFO - Processing file /opt/airflow/dags/rotina_principal_databricks.py for tasks to queue
[2024-07-23T21:08:06.690+0000] {logging_mixin.py:188} INFO - [2024-07-23T21:08:06.690+0000] {dagbag.py:545} INFO - Filling up the DagBag from /opt/airflow/dags/rotina_principal_databricks.py
[2024-07-23T21:08:07.056+0000] {processor.py:840} INFO - DAG(s) 'executar_workflow_databricks' retrieved from /opt/airflow/dags/rotina_principal_databricks.py
[2024-07-23T21:08:07.067+0000] {logging_mixin.py:188} INFO - [2024-07-23T21:08:07.066+0000] {dag.py:3089} INFO - Sync 1 DAGs
[2024-07-23T21:08:07.079+0000] {logging_mixin.py:188} INFO - [2024-07-23T21:08:07.079+0000] {dag.py:3947} INFO - Setting next_dagrun for executar_workflow_databricks to 2024-07-23 00:00:00+00:00, run_after=2024-07-24 00:00:00+00:00
[2024-07-23T21:08:07.091+0000] {processor.py:183} INFO - Processing /opt/airflow/dags/rotina_principal_databricks.py took 0.407 seconds
[2024-07-23T21:08:37.237+0000] {processor.py:161} INFO - Started process (PID=1427) to work on /opt/airflow/dags/rotina_principal_databricks.py
[2024-07-23T21:08:37.238+0000] {processor.py:830} INFO - Processing file /opt/airflow/dags/rotina_principal_databricks.py for tasks to queue
[2024-07-23T21:08:37.239+0000] {logging_mixin.py:188} INFO - [2024-07-23T21:08:37.239+0000] {dagbag.py:545} INFO - Filling up the DagBag from /opt/airflow/dags/rotina_principal_databricks.py
[2024-07-23T21:08:37.635+0000] {processor.py:840} INFO - DAG(s) 'executar_workflow_databricks' retrieved from /opt/airflow/dags/rotina_principal_databricks.py
[2024-07-23T21:08:37.647+0000] {logging_mixin.py:188} INFO - [2024-07-23T21:08:37.646+0000] {dag.py:3089} INFO - Sync 1 DAGs
[2024-07-23T21:08:37.662+0000] {logging_mixin.py:188} INFO - [2024-07-23T21:08:37.661+0000] {dag.py:3947} INFO - Setting next_dagrun for executar_workflow_databricks to 2024-07-23 00:00:00+00:00, run_after=2024-07-24 00:00:00+00:00
[2024-07-23T21:08:37.679+0000] {processor.py:183} INFO - Processing /opt/airflow/dags/rotina_principal_databricks.py took 0.445 seconds
[2024-07-23T21:09:07.830+0000] {processor.py:161} INFO - Started process (PID=1437) to work on /opt/airflow/dags/rotina_principal_databricks.py
[2024-07-23T21:09:07.831+0000] {processor.py:830} INFO - Processing file /opt/airflow/dags/rotina_principal_databricks.py for tasks to queue
[2024-07-23T21:09:07.832+0000] {logging_mixin.py:188} INFO - [2024-07-23T21:09:07.832+0000] {dagbag.py:545} INFO - Filling up the DagBag from /opt/airflow/dags/rotina_principal_databricks.py
[2024-07-23T21:09:08.214+0000] {processor.py:840} INFO - DAG(s) 'executar_workflow_databricks' retrieved from /opt/airflow/dags/rotina_principal_databricks.py
[2024-07-23T21:09:08.225+0000] {logging_mixin.py:188} INFO - [2024-07-23T21:09:08.225+0000] {dag.py:3089} INFO - Sync 1 DAGs
[2024-07-23T21:09:08.238+0000] {logging_mixin.py:188} INFO - [2024-07-23T21:09:08.238+0000] {dag.py:3947} INFO - Setting next_dagrun for executar_workflow_databricks to 2024-07-23 00:00:00+00:00, run_after=2024-07-24 00:00:00+00:00
[2024-07-23T21:09:08.263+0000] {processor.py:183} INFO - Processing /opt/airflow/dags/rotina_principal_databricks.py took 0.437 seconds
[2024-07-23T21:09:38.418+0000] {processor.py:161} INFO - Started process (PID=1447) to work on /opt/airflow/dags/rotina_principal_databricks.py
[2024-07-23T21:09:38.419+0000] {processor.py:830} INFO - Processing file /opt/airflow/dags/rotina_principal_databricks.py for tasks to queue
[2024-07-23T21:09:38.420+0000] {logging_mixin.py:188} INFO - [2024-07-23T21:09:38.419+0000] {dagbag.py:545} INFO - Filling up the DagBag from /opt/airflow/dags/rotina_principal_databricks.py
[2024-07-23T21:09:38.804+0000] {processor.py:840} INFO - DAG(s) 'executar_workflow_databricks' retrieved from /opt/airflow/dags/rotina_principal_databricks.py
[2024-07-23T21:09:38.816+0000] {logging_mixin.py:188} INFO - [2024-07-23T21:09:38.816+0000] {dag.py:3089} INFO - Sync 1 DAGs
[2024-07-23T21:09:38.829+0000] {logging_mixin.py:188} INFO - [2024-07-23T21:09:38.829+0000] {dag.py:3947} INFO - Setting next_dagrun for executar_workflow_databricks to 2024-07-23 00:00:00+00:00, run_after=2024-07-24 00:00:00+00:00
[2024-07-23T21:09:38.842+0000] {processor.py:183} INFO - Processing /opt/airflow/dags/rotina_principal_databricks.py took 0.428 seconds
[2024-07-23T21:10:08.991+0000] {processor.py:161} INFO - Started process (PID=1457) to work on /opt/airflow/dags/rotina_principal_databricks.py
[2024-07-23T21:10:08.992+0000] {processor.py:830} INFO - Processing file /opt/airflow/dags/rotina_principal_databricks.py for tasks to queue
[2024-07-23T21:10:08.993+0000] {logging_mixin.py:188} INFO - [2024-07-23T21:10:08.993+0000] {dagbag.py:545} INFO - Filling up the DagBag from /opt/airflow/dags/rotina_principal_databricks.py
[2024-07-23T21:10:09.355+0000] {processor.py:840} INFO - DAG(s) 'executar_workflow_databricks' retrieved from /opt/airflow/dags/rotina_principal_databricks.py
[2024-07-23T21:10:09.365+0000] {logging_mixin.py:188} INFO - [2024-07-23T21:10:09.365+0000] {dag.py:3089} INFO - Sync 1 DAGs
[2024-07-23T21:10:09.378+0000] {logging_mixin.py:188} INFO - [2024-07-23T21:10:09.378+0000] {dag.py:3947} INFO - Setting next_dagrun for executar_workflow_databricks to 2024-07-23 00:00:00+00:00, run_after=2024-07-24 00:00:00+00:00
[2024-07-23T21:10:09.403+0000] {processor.py:183} INFO - Processing /opt/airflow/dags/rotina_principal_databricks.py took 0.415 seconds
[2024-07-23T21:10:39.578+0000] {processor.py:161} INFO - Started process (PID=1467) to work on /opt/airflow/dags/rotina_principal_databricks.py
[2024-07-23T21:10:39.579+0000] {processor.py:830} INFO - Processing file /opt/airflow/dags/rotina_principal_databricks.py for tasks to queue
[2024-07-23T21:10:39.580+0000] {logging_mixin.py:188} INFO - [2024-07-23T21:10:39.580+0000] {dagbag.py:545} INFO - Filling up the DagBag from /opt/airflow/dags/rotina_principal_databricks.py
[2024-07-23T21:10:39.936+0000] {processor.py:840} INFO - DAG(s) 'executar_workflow_databricks' retrieved from /opt/airflow/dags/rotina_principal_databricks.py
[2024-07-23T21:10:39.947+0000] {logging_mixin.py:188} INFO - [2024-07-23T21:10:39.947+0000] {dag.py:3089} INFO - Sync 1 DAGs
[2024-07-23T21:10:39.960+0000] {logging_mixin.py:188} INFO - [2024-07-23T21:10:39.959+0000] {dag.py:3947} INFO - Setting next_dagrun for executar_workflow_databricks to 2024-07-23 00:00:00+00:00, run_after=2024-07-24 00:00:00+00:00
[2024-07-23T21:10:39.973+0000] {processor.py:183} INFO - Processing /opt/airflow/dags/rotina_principal_databricks.py took 0.399 seconds
[2024-07-23T21:11:10.131+0000] {processor.py:161} INFO - Started process (PID=1477) to work on /opt/airflow/dags/rotina_principal_databricks.py
[2024-07-23T21:11:10.132+0000] {processor.py:830} INFO - Processing file /opt/airflow/dags/rotina_principal_databricks.py for tasks to queue
[2024-07-23T21:11:10.133+0000] {logging_mixin.py:188} INFO - [2024-07-23T21:11:10.133+0000] {dagbag.py:545} INFO - Filling up the DagBag from /opt/airflow/dags/rotina_principal_databricks.py
[2024-07-23T21:11:10.553+0000] {processor.py:840} INFO - DAG(s) 'executar_workflow_databricks' retrieved from /opt/airflow/dags/rotina_principal_databricks.py
[2024-07-23T21:11:10.565+0000] {logging_mixin.py:188} INFO - [2024-07-23T21:11:10.565+0000] {dag.py:3089} INFO - Sync 1 DAGs
[2024-07-23T21:11:10.579+0000] {logging_mixin.py:188} INFO - [2024-07-23T21:11:10.578+0000] {dag.py:3947} INFO - Setting next_dagrun for executar_workflow_databricks to 2024-07-23 00:00:00+00:00, run_after=2024-07-24 00:00:00+00:00
[2024-07-23T21:11:10.595+0000] {processor.py:183} INFO - Processing /opt/airflow/dags/rotina_principal_databricks.py took 0.468 seconds
[2024-07-23T21:11:40.765+0000] {processor.py:161} INFO - Started process (PID=1487) to work on /opt/airflow/dags/rotina_principal_databricks.py
[2024-07-23T21:11:40.765+0000] {processor.py:830} INFO - Processing file /opt/airflow/dags/rotina_principal_databricks.py for tasks to queue
[2024-07-23T21:11:40.767+0000] {logging_mixin.py:188} INFO - [2024-07-23T21:11:40.766+0000] {dagbag.py:545} INFO - Filling up the DagBag from /opt/airflow/dags/rotina_principal_databricks.py
[2024-07-23T21:11:41.201+0000] {processor.py:840} INFO - DAG(s) 'executar_workflow_databricks' retrieved from /opt/airflow/dags/rotina_principal_databricks.py
[2024-07-23T21:11:41.216+0000] {logging_mixin.py:188} INFO - [2024-07-23T21:11:41.215+0000] {dag.py:3089} INFO - Sync 1 DAGs
[2024-07-23T21:11:41.230+0000] {logging_mixin.py:188} INFO - [2024-07-23T21:11:41.229+0000] {dag.py:3947} INFO - Setting next_dagrun for executar_workflow_databricks to 2024-07-23 00:00:00+00:00, run_after=2024-07-24 00:00:00+00:00
[2024-07-23T21:11:41.244+0000] {processor.py:183} INFO - Processing /opt/airflow/dags/rotina_principal_databricks.py took 0.483 seconds
[2024-07-23T21:12:11.354+0000] {processor.py:161} INFO - Started process (PID=1497) to work on /opt/airflow/dags/rotina_principal_databricks.py
[2024-07-23T21:12:11.354+0000] {processor.py:830} INFO - Processing file /opt/airflow/dags/rotina_principal_databricks.py for tasks to queue
[2024-07-23T21:12:11.355+0000] {logging_mixin.py:188} INFO - [2024-07-23T21:12:11.355+0000] {dagbag.py:545} INFO - Filling up the DagBag from /opt/airflow/dags/rotina_principal_databricks.py
[2024-07-23T21:12:11.706+0000] {processor.py:840} INFO - DAG(s) 'executar_workflow_databricks' retrieved from /opt/airflow/dags/rotina_principal_databricks.py
[2024-07-23T21:12:11.717+0000] {logging_mixin.py:188} INFO - [2024-07-23T21:12:11.717+0000] {dag.py:3089} INFO - Sync 1 DAGs
[2024-07-23T21:12:11.730+0000] {logging_mixin.py:188} INFO - [2024-07-23T21:12:11.729+0000] {dag.py:3947} INFO - Setting next_dagrun for executar_workflow_databricks to 2024-07-23 00:00:00+00:00, run_after=2024-07-24 00:00:00+00:00
[2024-07-23T21:12:11.754+0000] {processor.py:183} INFO - Processing /opt/airflow/dags/rotina_principal_databricks.py took 0.404 seconds
[2024-07-23T21:12:41.875+0000] {processor.py:161} INFO - Started process (PID=1507) to work on /opt/airflow/dags/rotina_principal_databricks.py
[2024-07-23T21:12:41.875+0000] {processor.py:830} INFO - Processing file /opt/airflow/dags/rotina_principal_databricks.py for tasks to queue
[2024-07-23T21:12:41.877+0000] {logging_mixin.py:188} INFO - [2024-07-23T21:12:41.876+0000] {dagbag.py:545} INFO - Filling up the DagBag from /opt/airflow/dags/rotina_principal_databricks.py
[2024-07-23T21:12:42.236+0000] {processor.py:840} INFO - DAG(s) 'executar_workflow_databricks' retrieved from /opt/airflow/dags/rotina_principal_databricks.py
[2024-07-23T21:12:42.247+0000] {logging_mixin.py:188} INFO - [2024-07-23T21:12:42.246+0000] {dag.py:3089} INFO - Sync 1 DAGs
[2024-07-23T21:12:42.259+0000] {logging_mixin.py:188} INFO - [2024-07-23T21:12:42.259+0000] {dag.py:3947} INFO - Setting next_dagrun for executar_workflow_databricks to 2024-07-23 00:00:00+00:00, run_after=2024-07-24 00:00:00+00:00
[2024-07-23T21:12:42.275+0000] {processor.py:183} INFO - Processing /opt/airflow/dags/rotina_principal_databricks.py took 0.404 seconds
[2024-07-23T21:13:12.395+0000] {processor.py:161} INFO - Started process (PID=1523) to work on /opt/airflow/dags/rotina_principal_databricks.py
[2024-07-23T21:13:12.396+0000] {processor.py:830} INFO - Processing file /opt/airflow/dags/rotina_principal_databricks.py for tasks to queue
[2024-07-23T21:13:12.397+0000] {logging_mixin.py:188} INFO - [2024-07-23T21:13:12.397+0000] {dagbag.py:545} INFO - Filling up the DagBag from /opt/airflow/dags/rotina_principal_databricks.py
[2024-07-23T21:13:12.781+0000] {processor.py:840} INFO - DAG(s) 'executar_workflow_databricks' retrieved from /opt/airflow/dags/rotina_principal_databricks.py
[2024-07-23T21:13:12.792+0000] {logging_mixin.py:188} INFO - [2024-07-23T21:13:12.792+0000] {dag.py:3089} INFO - Sync 1 DAGs
[2024-07-23T21:13:12.806+0000] {logging_mixin.py:188} INFO - [2024-07-23T21:13:12.806+0000] {dag.py:3947} INFO - Setting next_dagrun for executar_workflow_databricks to 2024-07-23 00:00:00+00:00, run_after=2024-07-24 00:00:00+00:00
[2024-07-23T21:13:12.832+0000] {processor.py:183} INFO - Processing /opt/airflow/dags/rotina_principal_databricks.py took 0.440 seconds
[2024-07-23T21:13:42.904+0000] {processor.py:161} INFO - Started process (PID=1533) to work on /opt/airflow/dags/rotina_principal_databricks.py
[2024-07-23T21:13:42.905+0000] {processor.py:830} INFO - Processing file /opt/airflow/dags/rotina_principal_databricks.py for tasks to queue
[2024-07-23T21:13:42.906+0000] {logging_mixin.py:188} INFO - [2024-07-23T21:13:42.905+0000] {dagbag.py:545} INFO - Filling up the DagBag from /opt/airflow/dags/rotina_principal_databricks.py
[2024-07-23T21:13:43.303+0000] {processor.py:840} INFO - DAG(s) 'executar_workflow_databricks' retrieved from /opt/airflow/dags/rotina_principal_databricks.py
[2024-07-23T21:13:43.317+0000] {logging_mixin.py:188} INFO - [2024-07-23T21:13:43.316+0000] {dag.py:3089} INFO - Sync 1 DAGs
[2024-07-23T21:13:43.331+0000] {logging_mixin.py:188} INFO - [2024-07-23T21:13:43.330+0000] {dag.py:3947} INFO - Setting next_dagrun for executar_workflow_databricks to 2024-07-23 00:00:00+00:00, run_after=2024-07-24 00:00:00+00:00
[2024-07-23T21:13:43.344+0000] {processor.py:183} INFO - Processing /opt/airflow/dags/rotina_principal_databricks.py took 0.444 seconds
[2024-07-23T21:14:13.434+0000] {processor.py:161} INFO - Started process (PID=1543) to work on /opt/airflow/dags/rotina_principal_databricks.py
[2024-07-23T21:14:13.434+0000] {processor.py:830} INFO - Processing file /opt/airflow/dags/rotina_principal_databricks.py for tasks to queue
[2024-07-23T21:14:13.435+0000] {logging_mixin.py:188} INFO - [2024-07-23T21:14:13.435+0000] {dagbag.py:545} INFO - Filling up the DagBag from /opt/airflow/dags/rotina_principal_databricks.py
[2024-07-23T21:14:13.795+0000] {processor.py:840} INFO - DAG(s) 'executar_workflow_databricks' retrieved from /opt/airflow/dags/rotina_principal_databricks.py
[2024-07-23T21:14:13.806+0000] {logging_mixin.py:188} INFO - [2024-07-23T21:14:13.806+0000] {dag.py:3089} INFO - Sync 1 DAGs
[2024-07-23T21:14:13.818+0000] {logging_mixin.py:188} INFO - [2024-07-23T21:14:13.818+0000] {dag.py:3947} INFO - Setting next_dagrun for executar_workflow_databricks to 2024-07-23 00:00:00+00:00, run_after=2024-07-24 00:00:00+00:00
[2024-07-23T21:14:13.843+0000] {processor.py:183} INFO - Processing /opt/airflow/dags/rotina_principal_databricks.py took 0.413 seconds
[2024-07-23T21:14:43.960+0000] {processor.py:161} INFO - Started process (PID=1553) to work on /opt/airflow/dags/rotina_principal_databricks.py
[2024-07-23T21:14:43.960+0000] {processor.py:830} INFO - Processing file /opt/airflow/dags/rotina_principal_databricks.py for tasks to queue
[2024-07-23T21:14:43.962+0000] {logging_mixin.py:188} INFO - [2024-07-23T21:14:43.961+0000] {dagbag.py:545} INFO - Filling up the DagBag from /opt/airflow/dags/rotina_principal_databricks.py
[2024-07-23T21:14:44.310+0000] {processor.py:840} INFO - DAG(s) 'executar_workflow_databricks' retrieved from /opt/airflow/dags/rotina_principal_databricks.py
[2024-07-23T21:14:44.320+0000] {logging_mixin.py:188} INFO - [2024-07-23T21:14:44.320+0000] {dag.py:3089} INFO - Sync 1 DAGs
[2024-07-23T21:14:44.332+0000] {logging_mixin.py:188} INFO - [2024-07-23T21:14:44.332+0000] {dag.py:3947} INFO - Setting next_dagrun for executar_workflow_databricks to 2024-07-23 00:00:00+00:00, run_after=2024-07-24 00:00:00+00:00
[2024-07-23T21:14:44.357+0000] {processor.py:183} INFO - Processing /opt/airflow/dags/rotina_principal_databricks.py took 0.401 seconds
[2024-07-23T21:15:14.495+0000] {processor.py:161} INFO - Started process (PID=1563) to work on /opt/airflow/dags/rotina_principal_databricks.py
[2024-07-23T21:15:14.495+0000] {processor.py:830} INFO - Processing file /opt/airflow/dags/rotina_principal_databricks.py for tasks to queue
[2024-07-23T21:15:14.497+0000] {logging_mixin.py:188} INFO - [2024-07-23T21:15:14.496+0000] {dagbag.py:545} INFO - Filling up the DagBag from /opt/airflow/dags/rotina_principal_databricks.py
[2024-07-23T21:15:14.858+0000] {processor.py:840} INFO - DAG(s) 'executar_workflow_databricks' retrieved from /opt/airflow/dags/rotina_principal_databricks.py
[2024-07-23T21:15:14.869+0000] {logging_mixin.py:188} INFO - [2024-07-23T21:15:14.869+0000] {dag.py:3089} INFO - Sync 1 DAGs
[2024-07-23T21:15:14.883+0000] {logging_mixin.py:188} INFO - [2024-07-23T21:15:14.883+0000] {dag.py:3947} INFO - Setting next_dagrun for executar_workflow_databricks to 2024-07-23 00:00:00+00:00, run_after=2024-07-24 00:00:00+00:00
[2024-07-23T21:15:14.899+0000] {processor.py:183} INFO - Processing /opt/airflow/dags/rotina_principal_databricks.py took 0.408 seconds
[2024-07-23T21:15:45.030+0000] {processor.py:161} INFO - Started process (PID=1573) to work on /opt/airflow/dags/rotina_principal_databricks.py
[2024-07-23T21:15:45.031+0000] {processor.py:830} INFO - Processing file /opt/airflow/dags/rotina_principal_databricks.py for tasks to queue
[2024-07-23T21:15:45.032+0000] {logging_mixin.py:188} INFO - [2024-07-23T21:15:45.032+0000] {dagbag.py:545} INFO - Filling up the DagBag from /opt/airflow/dags/rotina_principal_databricks.py
[2024-07-23T21:15:45.425+0000] {processor.py:840} INFO - DAG(s) 'executar_workflow_databricks' retrieved from /opt/airflow/dags/rotina_principal_databricks.py
[2024-07-23T21:15:45.438+0000] {logging_mixin.py:188} INFO - [2024-07-23T21:15:45.438+0000] {dag.py:3089} INFO - Sync 1 DAGs
[2024-07-23T21:15:45.451+0000] {logging_mixin.py:188} INFO - [2024-07-23T21:15:45.450+0000] {dag.py:3947} INFO - Setting next_dagrun for executar_workflow_databricks to 2024-07-23 00:00:00+00:00, run_after=2024-07-24 00:00:00+00:00
[2024-07-23T21:15:45.464+0000] {processor.py:183} INFO - Processing /opt/airflow/dags/rotina_principal_databricks.py took 0.437 seconds
[2024-07-23T21:16:15.590+0000] {processor.py:161} INFO - Started process (PID=1583) to work on /opt/airflow/dags/rotina_principal_databricks.py
[2024-07-23T21:16:15.591+0000] {processor.py:830} INFO - Processing file /opt/airflow/dags/rotina_principal_databricks.py for tasks to queue
[2024-07-23T21:16:15.592+0000] {logging_mixin.py:188} INFO - [2024-07-23T21:16:15.592+0000] {dagbag.py:545} INFO - Filling up the DagBag from /opt/airflow/dags/rotina_principal_databricks.py
[2024-07-23T21:16:15.992+0000] {processor.py:840} INFO - DAG(s) 'executar_workflow_databricks' retrieved from /opt/airflow/dags/rotina_principal_databricks.py
[2024-07-23T21:16:16.003+0000] {logging_mixin.py:188} INFO - [2024-07-23T21:16:16.003+0000] {dag.py:3089} INFO - Sync 1 DAGs
[2024-07-23T21:16:16.015+0000] {logging_mixin.py:188} INFO - [2024-07-23T21:16:16.015+0000] {dag.py:3947} INFO - Setting next_dagrun for executar_workflow_databricks to 2024-07-23 00:00:00+00:00, run_after=2024-07-24 00:00:00+00:00
[2024-07-23T21:16:16.026+0000] {processor.py:183} INFO - Processing /opt/airflow/dags/rotina_principal_databricks.py took 0.440 seconds
[2024-07-23T21:16:46.145+0000] {processor.py:161} INFO - Started process (PID=1593) to work on /opt/airflow/dags/rotina_principal_databricks.py
[2024-07-23T21:16:46.146+0000] {processor.py:830} INFO - Processing file /opt/airflow/dags/rotina_principal_databricks.py for tasks to queue
[2024-07-23T21:16:46.147+0000] {logging_mixin.py:188} INFO - [2024-07-23T21:16:46.147+0000] {dagbag.py:545} INFO - Filling up the DagBag from /opt/airflow/dags/rotina_principal_databricks.py
[2024-07-23T21:16:46.527+0000] {processor.py:840} INFO - DAG(s) 'executar_workflow_databricks' retrieved from /opt/airflow/dags/rotina_principal_databricks.py
[2024-07-23T21:16:46.537+0000] {logging_mixin.py:188} INFO - [2024-07-23T21:16:46.537+0000] {dag.py:3089} INFO - Sync 1 DAGs
[2024-07-23T21:16:46.549+0000] {logging_mixin.py:188} INFO - [2024-07-23T21:16:46.549+0000] {dag.py:3947} INFO - Setting next_dagrun for executar_workflow_databricks to 2024-07-23 00:00:00+00:00, run_after=2024-07-24 00:00:00+00:00
[2024-07-23T21:16:46.574+0000] {processor.py:183} INFO - Processing /opt/airflow/dags/rotina_principal_databricks.py took 0.432 seconds
