[2024-07-22T22:40:33.880+0000] {local_task_job_runner.py:120} INFO - ::group::Pre task execution logs
[2024-07-22T22:40:33.899+0000] {taskinstance.py:2076} INFO - Dependencies all met for dep_context=non-requeueable deps ti=<TaskInstance: execute_databricks_workflow.run_databricks_workflow scheduled__2024-07-21T00:00:00+00:00 [queued]>
[2024-07-22T22:40:33.905+0000] {taskinstance.py:2076} INFO - Dependencies all met for dep_context=requeueable deps ti=<TaskInstance: execute_databricks_workflow.run_databricks_workflow scheduled__2024-07-21T00:00:00+00:00 [queued]>
[2024-07-22T22:40:33.906+0000] {taskinstance.py:2306} INFO - Starting attempt 1 of 2
[2024-07-22T22:40:33.917+0000] {taskinstance.py:2330} INFO - Executing <Task(PythonOperator): run_databricks_workflow> on 2024-07-21 00:00:00+00:00
[2024-07-22T22:40:33.922+0000] {warnings.py:112} WARNING - /home/***/.local/lib/python3.12/site-packages/***/task/task_runner/standard_task_runner.py:62: DeprecationWarning: This process (pid=84) is multi-threaded, use of fork() may lead to deadlocks in the child.
  pid = os.fork()

[2024-07-22T22:40:33.923+0000] {standard_task_runner.py:64} INFO - Started process 86 to run task
[2024-07-22T22:40:33.923+0000] {standard_task_runner.py:90} INFO - Running: ['***', 'tasks', 'run', 'execute_databricks_workflow', 'run_databricks_workflow', 'scheduled__2024-07-21T00:00:00+00:00', '--job-id', '31', '--raw', '--subdir', 'DAGS_FOLDER/rotina_principal.py', '--cfg-path', '/tmp/tmp19x6l9xu']
[2024-07-22T22:40:33.925+0000] {standard_task_runner.py:91} INFO - Job 31: Subtask run_databricks_workflow
[2024-07-22T22:40:33.959+0000] {task_command.py:426} INFO - Running <TaskInstance: execute_databricks_workflow.run_databricks_workflow scheduled__2024-07-21T00:00:00+00:00 [running]> on host 9e302175f1ce
[2024-07-22T22:40:34.022+0000] {taskinstance.py:2648} INFO - Exporting env vars: AIRFLOW_CTX_DAG_OWNER='***' AIRFLOW_CTX_DAG_ID='execute_databricks_workflow' AIRFLOW_CTX_TASK_ID='run_databricks_workflow' AIRFLOW_CTX_EXECUTION_DATE='2024-07-21T00:00:00+00:00' AIRFLOW_CTX_TRY_NUMBER='1' AIRFLOW_CTX_DAG_RUN_ID='scheduled__2024-07-21T00:00:00+00:00'
[2024-07-22T22:40:34.022+0000] {taskinstance.py:430} INFO - ::endgroup::
[2024-07-22T22:40:35.070+0000] {logging_mixin.py:188} INFO - Job com job_id 968731268030929 executado com sucesso.
[2024-07-22T22:40:35.071+0000] {python.py:237} INFO - Done. Returned value was: None
[2024-07-22T22:40:35.071+0000] {taskinstance.py:441} INFO - ::group::Post task execution logs
[2024-07-22T22:40:35.079+0000] {taskinstance.py:1206} INFO - Marking task as SUCCESS. dag_id=execute_databricks_workflow, task_id=run_databricks_workflow, run_id=scheduled__2024-07-21T00:00:00+00:00, execution_date=20240721T000000, start_date=20240722T224033, end_date=20240722T224035
[2024-07-22T22:40:35.138+0000] {local_task_job_runner.py:243} INFO - Task exited with return code 0
[2024-07-22T22:40:35.152+0000] {taskinstance.py:3503} INFO - 0 downstream tasks scheduled from follow-on schedule check
[2024-07-22T22:40:35.157+0000] {local_task_job_runner.py:222} INFO - ::endgroup::
