[2024-07-23T21:02:06.973+0000] {local_task_job_runner.py:120} INFO - ::group::Pre task execution logs
[2024-07-23T21:02:06.988+0000] {taskinstance.py:2076} INFO - Dependencies all met for dep_context=non-requeueable deps ti=<TaskInstance: executar_workflow_databricks.buscar_e_fazer_upload_dados_brewery scheduled__2024-07-22T00:00:00+00:00 [queued]>
[2024-07-23T21:02:06.993+0000] {taskinstance.py:2076} INFO - Dependencies all met for dep_context=requeueable deps ti=<TaskInstance: executar_workflow_databricks.buscar_e_fazer_upload_dados_brewery scheduled__2024-07-22T00:00:00+00:00 [queued]>
[2024-07-23T21:02:06.994+0000] {taskinstance.py:2306} INFO - Starting attempt 1 of 2
[2024-07-23T21:02:07.007+0000] {taskinstance.py:2330} INFO - Executing <Task(PythonOperator): buscar_e_fazer_upload_dados_brewery> on 2024-07-22 00:00:00+00:00
[2024-07-23T21:02:07.010+0000] {warnings.py:112} WARNING - /home/***/.local/lib/python3.12/site-packages/***/task/task_runner/standard_task_runner.py:62: DeprecationWarning: This process (pid=1432) is multi-threaded, use of fork() may lead to deadlocks in the child.
  pid = os.fork()

[2024-07-23T21:02:07.011+0000] {standard_task_runner.py:64} INFO - Started process 1434 to run task
[2024-07-23T21:02:07.011+0000] {standard_task_runner.py:90} INFO - Running: ['***', 'tasks', 'run', 'executar_workflow_databricks', 'buscar_e_fazer_upload_dados_brewery', 'scheduled__2024-07-22T00:00:00+00:00', '--job-id', '75', '--raw', '--subdir', 'DAGS_FOLDER/rotina_principal_databricks.py', '--cfg-path', '/tmp/tmp48usjyzl']
[2024-07-23T21:02:07.013+0000] {standard_task_runner.py:91} INFO - Job 75: Subtask buscar_e_fazer_upload_dados_brewery
[2024-07-23T21:02:07.044+0000] {task_command.py:426} INFO - Running <TaskInstance: executar_workflow_databricks.buscar_e_fazer_upload_dados_brewery scheduled__2024-07-22T00:00:00+00:00 [running]> on host 84773d6c55d8
[2024-07-23T21:02:07.096+0000] {taskinstance.py:2648} INFO - Exporting env vars: AIRFLOW_CTX_DAG_OWNER='***' AIRFLOW_CTX_DAG_ID='executar_workflow_databricks' AIRFLOW_CTX_TASK_ID='buscar_e_fazer_upload_dados_brewery' AIRFLOW_CTX_EXECUTION_DATE='2024-07-22T00:00:00+00:00' AIRFLOW_CTX_TRY_NUMBER='1' AIRFLOW_CTX_DAG_RUN_ID='scheduled__2024-07-22T00:00:00+00:00'
[2024-07-23T21:02:07.097+0000] {taskinstance.py:430} INFO - ::endgroup::
[2024-07-23T21:02:13.716+0000] {logging_mixin.py:188} INFO - Dados salvos localmente em: /opt/***/datalake/landing_zone/brewery_data.json
[2024-07-23T21:02:13.722+0000] {python.py:237} INFO - Done. Returned value was: None
[2024-07-23T21:02:13.723+0000] {taskinstance.py:441} INFO - ::group::Post task execution logs
[2024-07-23T21:02:13.729+0000] {taskinstance.py:1206} INFO - Marking task as SUCCESS. dag_id=executar_workflow_databricks, task_id=buscar_e_fazer_upload_dados_brewery, run_id=scheduled__2024-07-22T00:00:00+00:00, execution_date=20240722T000000, start_date=20240723T210206, end_date=20240723T210213
[2024-07-23T21:02:13.748+0000] {local_task_job_runner.py:243} INFO - Task exited with return code 0
[2024-07-23T21:02:13.763+0000] {taskinstance.py:3503} INFO - 1 downstream tasks scheduled from follow-on schedule check
[2024-07-23T21:02:13.765+0000] {local_task_job_runner.py:222} INFO - ::endgroup::
