[2024-07-25T18:55:57.387+0000] {local_task_job_runner.py:120} INFO - ::group::Pre task execution logs
[2024-07-25T18:55:57.401+0000] {taskinstance.py:2076} INFO - Dependencies all met for dep_context=non-requeueable deps ti=<TaskInstance: executar_workflow_databricks.executar_workflow_databricks scheduled__2024-07-24T00:00:00+00:00 [queued]>
[2024-07-25T18:55:57.406+0000] {taskinstance.py:2076} INFO - Dependencies all met for dep_context=requeueable deps ti=<TaskInstance: executar_workflow_databricks.executar_workflow_databricks scheduled__2024-07-24T00:00:00+00:00 [queued]>
[2024-07-25T18:55:57.407+0000] {taskinstance.py:2306} INFO - Starting attempt 1 of 2
[2024-07-25T18:55:57.416+0000] {taskinstance.py:2330} INFO - Executing <Task(PythonOperator): executar_workflow_databricks> on 2024-07-24 00:00:00+00:00
[2024-07-25T18:55:57.420+0000] {warnings.py:112} WARNING - /home/***/.local/lib/python3.12/site-packages/***/task/task_runner/standard_task_runner.py:62: DeprecationWarning: This process (pid=97) is multi-threaded, use of fork() may lead to deadlocks in the child.
  pid = os.fork()

[2024-07-25T18:55:57.421+0000] {standard_task_runner.py:64} INFO - Started process 116 to run task
[2024-07-25T18:55:57.421+0000] {standard_task_runner.py:90} INFO - Running: ['***', 'tasks', 'run', 'executar_workflow_databricks', 'executar_workflow_databricks', 'scheduled__2024-07-24T00:00:00+00:00', '--job-id', '89', '--raw', '--subdir', 'DAGS_FOLDER/rotina_principal_databricks.py', '--cfg-path', '/tmp/tmpfxyufkve']
[2024-07-25T18:55:57.423+0000] {standard_task_runner.py:91} INFO - Job 89: Subtask executar_workflow_databricks
[2024-07-25T18:55:57.464+0000] {task_command.py:426} INFO - Running <TaskInstance: executar_workflow_databricks.executar_workflow_databricks scheduled__2024-07-24T00:00:00+00:00 [running]> on host a8993c02090e
[2024-07-25T18:55:57.540+0000] {taskinstance.py:2648} INFO - Exporting env vars: AIRFLOW_CTX_DAG_OWNER='***' AIRFLOW_CTX_DAG_ID='executar_workflow_databricks' AIRFLOW_CTX_TASK_ID='executar_workflow_databricks' AIRFLOW_CTX_EXECUTION_DATE='2024-07-24T00:00:00+00:00' AIRFLOW_CTX_TRY_NUMBER='1' AIRFLOW_CTX_DAG_RUN_ID='scheduled__2024-07-24T00:00:00+00:00'
[2024-07-25T18:55:57.541+0000] {taskinstance.py:430} INFO - ::endgroup::
[2024-07-25T18:55:58.712+0000] {logging_mixin.py:188} INFO - Job com job_id 968731268030929 executado com sucesso.
[2024-07-25T18:55:58.713+0000] {python.py:237} INFO - Done. Returned value was: None
[2024-07-25T18:55:58.723+0000] {taskinstance.py:441} INFO - ::group::Post task execution logs
[2024-07-25T18:55:58.730+0000] {taskinstance.py:1206} INFO - Marking task as SUCCESS. dag_id=executar_workflow_databricks, task_id=executar_workflow_databricks, run_id=scheduled__2024-07-24T00:00:00+00:00, execution_date=20240724T000000, start_date=20240725T185557, end_date=20240725T185558
[2024-07-25T18:55:58.759+0000] {local_task_job_runner.py:243} INFO - Task exited with return code 0
[2024-07-25T18:55:58.771+0000] {taskinstance.py:3503} INFO - 0 downstream tasks scheduled from follow-on schedule check
[2024-07-25T18:55:58.772+0000] {local_task_job_runner.py:222} INFO - ::endgroup::
