[2024-07-25T19:50:52.029+0000] {local_task_job_runner.py:120} INFO - ::group::Pre task execution logs
[2024-07-25T19:50:52.041+0000] {taskinstance.py:2076} INFO - Dependencies all met for dep_context=non-requeueable deps ti=<TaskInstance: processar_dados_brewery.transformar_dados_para_silver manual__2024-07-25T19:50:39.482961+00:00 [queued]>
[2024-07-25T19:50:52.047+0000] {taskinstance.py:2076} INFO - Dependencies all met for dep_context=requeueable deps ti=<TaskInstance: processar_dados_brewery.transformar_dados_para_silver manual__2024-07-25T19:50:39.482961+00:00 [queued]>
[2024-07-25T19:50:52.048+0000] {taskinstance.py:2306} INFO - Starting attempt 1 of 2
[2024-07-25T19:50:52.057+0000] {taskinstance.py:2330} INFO - Executing <Task(PythonOperator): transformar_dados_para_silver> on 2024-07-25 19:50:39.482961+00:00
[2024-07-25T19:50:52.061+0000] {warnings.py:112} WARNING - /home/***/.local/lib/python3.12/site-packages/***/task/task_runner/standard_task_runner.py:62: DeprecationWarning: This process (pid=911) is multi-threaded, use of fork() may lead to deadlocks in the child.
  pid = os.fork()

[2024-07-25T19:50:52.062+0000] {standard_task_runner.py:64} INFO - Started process 913 to run task
[2024-07-25T19:50:52.063+0000] {standard_task_runner.py:90} INFO - Running: ['***', 'tasks', 'run', 'processar_dados_brewery', 'transformar_dados_para_silver', 'manual__2024-07-25T19:50:39.482961+00:00', '--job-id', '97', '--raw', '--subdir', 'DAGS_FOLDER/rotina_principal.py', '--cfg-path', '/tmp/tmpmmgbvwmu']
[2024-07-25T19:50:52.065+0000] {standard_task_runner.py:91} INFO - Job 97: Subtask transformar_dados_para_silver
[2024-07-25T19:50:52.096+0000] {task_command.py:426} INFO - Running <TaskInstance: processar_dados_brewery.transformar_dados_para_silver manual__2024-07-25T19:50:39.482961+00:00 [running]> on host a8993c02090e
[2024-07-25T19:50:52.158+0000] {taskinstance.py:2648} INFO - Exporting env vars: AIRFLOW_CTX_DAG_OWNER='***' AIRFLOW_CTX_DAG_ID='processar_dados_brewery' AIRFLOW_CTX_TASK_ID='transformar_dados_para_silver' AIRFLOW_CTX_EXECUTION_DATE='2024-07-25T19:50:39.482961+00:00' AIRFLOW_CTX_TRY_NUMBER='1' AIRFLOW_CTX_DAG_RUN_ID='manual__2024-07-25T19:50:39.482961+00:00'
[2024-07-25T19:50:52.161+0000] {taskinstance.py:430} INFO - ::endgroup::
[2024-07-25T19:50:52.171+0000] {logging_mixin.py:188} INFO - ----------------------------
[2024-07-25T19:50:52.172+0000] {logging_mixin.py:188} INFO - Etapa: Transformação dos dados para Silver
[2024-07-25T19:50:52.177+0000] {logging_mixin.py:188} INFO - Diretório do datalake: /opt/***/datalake
[2024-07-25T19:50:52.178+0000] {logging_mixin.py:188} INFO - Diretório da landing zone: /opt/***/datalake/landing_zone
[2024-07-25T19:50:52.178+0000] {logging_mixin.py:188} INFO - Diretório da silver zone: /opt/***/datalake/silver
[2024-07-25T19:50:52.258+0000] {logging_mixin.py:188} INFO - Dados lidos da landing zone
[2024-07-25T19:50:52.259+0000] {logging_mixin.py:188} INFO - Renomeando colunas
[2024-07-25T19:50:52.262+0000] {logging_mixin.py:188} INFO - Aplicando transformações
[2024-07-25T19:50:52.311+0000] {logging_mixin.py:188} INFO - Validando URLs
[2024-07-25T19:50:52.325+0000] {logging_mixin.py:188} INFO - Ajustando URLs
[2024-07-25T19:50:55.049+0000] {logging_mixin.py:188} INFO - Dados transformados salvos em: /opt/***/datalake/silver/brewery_data_silver.parquet
[2024-07-25T19:50:55.054+0000] {logging_mixin.py:188} INFO - ----------------------------
[2024-07-25T19:50:55.065+0000] {python.py:237} INFO - Done. Returned value was: None
[2024-07-25T19:50:55.068+0000] {taskinstance.py:441} INFO - ::group::Post task execution logs
[2024-07-25T19:50:55.088+0000] {taskinstance.py:1206} INFO - Marking task as SUCCESS. dag_id=processar_dados_brewery, task_id=transformar_dados_para_silver, run_id=manual__2024-07-25T19:50:39.482961+00:00, execution_date=20240725T195039, start_date=20240725T195052, end_date=20240725T195055
[2024-07-25T19:50:55.164+0000] {local_task_job_runner.py:243} INFO - Task exited with return code 0
[2024-07-25T19:50:55.184+0000] {taskinstance.py:3503} INFO - 1 downstream tasks scheduled from follow-on schedule check
[2024-07-25T19:50:55.186+0000] {local_task_job_runner.py:222} INFO - ::endgroup::
