[2024-07-23T19:42:49.910+0000] {local_task_job_runner.py:120} INFO - ::group::Pre task execution logs
[2024-07-23T19:42:50.057+0000] {taskinstance.py:2076} INFO - Dependencies all met for dep_context=non-requeueable deps ti=<TaskInstance: processar_dados_brewery.buscar_e_salvar_dados_brewery manual__2024-07-23T19:42:29.442929+00:00 [queued]>
[2024-07-23T19:42:50.063+0000] {taskinstance.py:2076} INFO - Dependencies all met for dep_context=requeueable deps ti=<TaskInstance: processar_dados_brewery.buscar_e_salvar_dados_brewery manual__2024-07-23T19:42:29.442929+00:00 [queued]>
[2024-07-23T19:42:50.064+0000] {taskinstance.py:2306} INFO - Starting attempt 2 of 3
[2024-07-23T19:42:50.073+0000] {taskinstance.py:2330} INFO - Executing <Task(PythonOperator): buscar_e_salvar_dados_brewery> on 2024-07-23 19:42:29.442929+00:00
[2024-07-23T19:42:50.077+0000] {warnings.py:112} WARNING - /home/***/.local/lib/python3.12/site-packages/***/task/task_runner/standard_task_runner.py:62: DeprecationWarning: This process (pid=197) is multi-threaded, use of fork() may lead to deadlocks in the child.
  pid = os.fork()

[2024-07-23T19:42:50.077+0000] {standard_task_runner.py:64} INFO - Started process 199 to run task
[2024-07-23T19:42:50.078+0000] {standard_task_runner.py:90} INFO - Running: ['***', 'tasks', 'run', 'processar_dados_brewery', 'buscar_e_salvar_dados_brewery', 'manual__2024-07-23T19:42:29.442929+00:00', '--job-id', '43', '--raw', '--subdir', 'DAGS_FOLDER/rotina_principal.py', '--cfg-path', '/tmp/tmpn7kionwy']
[2024-07-23T19:42:50.079+0000] {standard_task_runner.py:91} INFO - Job 43: Subtask buscar_e_salvar_dados_brewery
[2024-07-23T19:42:50.106+0000] {task_command.py:426} INFO - Running <TaskInstance: processar_dados_brewery.buscar_e_salvar_dados_brewery manual__2024-07-23T19:42:29.442929+00:00 [running]> on host 4400ed802372
[2024-07-23T19:42:50.156+0000] {taskinstance.py:2648} INFO - Exporting env vars: AIRFLOW_CTX_DAG_OWNER='***' AIRFLOW_CTX_DAG_ID='processar_dados_brewery' AIRFLOW_CTX_TASK_ID='buscar_e_salvar_dados_brewery' AIRFLOW_CTX_EXECUTION_DATE='2024-07-23T19:42:29.442929+00:00' AIRFLOW_CTX_TRY_NUMBER='2' AIRFLOW_CTX_DAG_RUN_ID='manual__2024-07-23T19:42:29.442929+00:00'
[2024-07-23T19:42:50.157+0000] {taskinstance.py:430} INFO - ::endgroup::
[2024-07-23T19:42:50.171+0000] {taskinstance.py:441} INFO - ::group::Post task execution logs
[2024-07-23T19:42:50.172+0000] {taskinstance.py:2905} ERROR - Task failed with exception
Traceback (most recent call last):
  File "/home/airflow/.local/lib/python3.12/site-packages/airflow/models/taskinstance.py", line 465, in _execute_task
    result = _execute_callable(context=context, **execute_callable_kwargs)
             ^^^^^^^^^^^^^^^^^^^^^^^^^^^^^^^^^^^^^^^^^^^^^^^^^^^^^^^^^^^^^
  File "/home/airflow/.local/lib/python3.12/site-packages/airflow/models/taskinstance.py", line 432, in _execute_callable
    return execute_callable(context=context, **execute_callable_kwargs)
           ^^^^^^^^^^^^^^^^^^^^^^^^^^^^^^^^^^^^^^^^^^^^^^^^^^^^^^^^^^^^
  File "/home/airflow/.local/lib/python3.12/site-packages/airflow/models/baseoperator.py", line 401, in wrapper
    return func(self, *args, **kwargs)
           ^^^^^^^^^^^^^^^^^^^^^^^^^^^
  File "/home/airflow/.local/lib/python3.12/site-packages/airflow/operators/python.py", line 235, in execute
    return_value = self.execute_callable()
                   ^^^^^^^^^^^^^^^^^^^^^^^
  File "/home/airflow/.local/lib/python3.12/site-packages/airflow/operators/python.py", line 252, in execute_callable
    return self.python_callable(*self.op_args, **self.op_kwargs)
           ^^^^^^^^^^^^^^^^^^^^^^^^^^^^^^^^^^^^^^^^^^^^^^^^^^^^^
  File "/opt/airflow/dags/datalake_functions.py", line 11, in buscar_e_salvar_dados_brewery
    os.makedirs(landing_zone_path, exist_ok=True)
  File "<frozen os>", line 225, in makedirs
FileNotFoundError: [Errno 2] No such file or directory: '/opt/airflow/datalake/landing_zone'
[2024-07-23T19:42:50.179+0000] {taskinstance.py:1206} INFO - Marking task as UP_FOR_RETRY. dag_id=processar_dados_brewery, task_id=buscar_e_salvar_dados_brewery, run_id=manual__2024-07-23T19:42:29.442929+00:00, execution_date=20240723T194229, start_date=20240723T194250, end_date=20240723T194250
[2024-07-23T19:42:50.186+0000] {standard_task_runner.py:110} ERROR - Failed to execute job 43 for task buscar_e_salvar_dados_brewery ([Errno 2] No such file or directory: '/opt/airflow/datalake/landing_zone'; 199)
[2024-07-23T19:42:50.210+0000] {local_task_job_runner.py:243} INFO - Task exited with return code 1
[2024-07-23T19:42:50.226+0000] {taskinstance.py:3503} INFO - 0 downstream tasks scheduled from follow-on schedule check
[2024-07-23T19:42:50.228+0000] {local_task_job_runner.py:222} INFO - ::endgroup::
