[2024-07-25T19:07:29.982+0000] {local_task_job_runner.py:120} INFO - ::group::Pre task execution logs
[2024-07-25T19:07:29.993+0000] {taskinstance.py:2076} INFO - Dependencies all met for dep_context=non-requeueable deps ti=<TaskInstance: processar_dados_brewery.transformar_dados_para_silver manual__2024-07-25T19:07:18.084157+00:00 [queued]>
[2024-07-25T19:07:29.998+0000] {taskinstance.py:2076} INFO - Dependencies all met for dep_context=requeueable deps ti=<TaskInstance: processar_dados_brewery.transformar_dados_para_silver manual__2024-07-25T19:07:18.084157+00:00 [queued]>
[2024-07-25T19:07:29.999+0000] {taskinstance.py:2306} INFO - Starting attempt 1 of 2
[2024-07-25T19:07:30.010+0000] {taskinstance.py:2330} INFO - Executing <Task(PythonOperator): transformar_dados_para_silver> on 2024-07-25 19:07:18.084157+00:00
[2024-07-25T19:07:30.014+0000] {warnings.py:112} WARNING - /home/***/.local/lib/python3.12/site-packages/***/task/task_runner/standard_task_runner.py:62: DeprecationWarning: This process (pid=297) is multi-threaded, use of fork() may lead to deadlocks in the child.
  pid = os.fork()

[2024-07-25T19:07:30.015+0000] {standard_task_runner.py:64} INFO - Started process 299 to run task
[2024-07-25T19:07:30.015+0000] {standard_task_runner.py:90} INFO - Running: ['***', 'tasks', 'run', 'processar_dados_brewery', 'transformar_dados_para_silver', 'manual__2024-07-25T19:07:18.084157+00:00', '--job-id', '93', '--raw', '--subdir', 'DAGS_FOLDER/rotina_principal.py', '--cfg-path', '/tmp/tmp9bv7_r05']
[2024-07-25T19:07:30.017+0000] {standard_task_runner.py:91} INFO - Job 93: Subtask transformar_dados_para_silver
[2024-07-25T19:07:30.047+0000] {task_command.py:426} INFO - Running <TaskInstance: processar_dados_brewery.transformar_dados_para_silver manual__2024-07-25T19:07:18.084157+00:00 [running]> on host a8993c02090e
[2024-07-25T19:07:30.108+0000] {taskinstance.py:2648} INFO - Exporting env vars: AIRFLOW_CTX_DAG_OWNER='***' AIRFLOW_CTX_DAG_ID='processar_dados_brewery' AIRFLOW_CTX_TASK_ID='transformar_dados_para_silver' AIRFLOW_CTX_EXECUTION_DATE='2024-07-25T19:07:18.084157+00:00' AIRFLOW_CTX_TRY_NUMBER='1' AIRFLOW_CTX_DAG_RUN_ID='manual__2024-07-25T19:07:18.084157+00:00'
[2024-07-25T19:07:30.109+0000] {taskinstance.py:430} INFO - ::endgroup::
[2024-07-25T19:07:30.117+0000] {logging_mixin.py:188} INFO - ----------------------------
[2024-07-25T19:07:30.118+0000] {logging_mixin.py:188} INFO - Etapa: Transformação dos dados para Silver
[2024-07-25T19:07:30.123+0000] {logging_mixin.py:188} INFO - Diretório do datalake: /opt/***/datalake
[2024-07-25T19:07:30.124+0000] {logging_mixin.py:188} INFO - Diretório da landing zone: /opt/***/datalake/landing_zone
[2024-07-25T19:07:30.124+0000] {logging_mixin.py:188} INFO - Diretório da silver zone: /opt/***/datalake/silver
[2024-07-25T19:07:30.202+0000] {logging_mixin.py:188} INFO - Dados lidos da landing zone
[2024-07-25T19:07:30.203+0000] {logging_mixin.py:188} INFO - Renomeando colunas
[2024-07-25T19:07:30.205+0000] {logging_mixin.py:188} INFO - Aplicando transformações
[2024-07-25T19:07:30.247+0000] {logging_mixin.py:188} INFO - Validando URLs
[2024-07-25T19:07:30.257+0000] {logging_mixin.py:188} INFO - Ajustando URLs
[2024-07-25T19:07:32.746+0000] {logging_mixin.py:188} INFO - Dados transformados salvos em: /opt/***/datalake/silver/brewery_data_silver.parquet
[2024-07-25T19:07:32.747+0000] {logging_mixin.py:188} INFO - ----------------------------
[2024-07-25T19:07:32.752+0000] {python.py:237} INFO - Done. Returned value was: None
[2024-07-25T19:07:32.754+0000] {taskinstance.py:441} INFO - ::group::Post task execution logs
[2024-07-25T19:07:32.770+0000] {taskinstance.py:1206} INFO - Marking task as SUCCESS. dag_id=processar_dados_brewery, task_id=transformar_dados_para_silver, run_id=manual__2024-07-25T19:07:18.084157+00:00, execution_date=20240725T190718, start_date=20240725T190729, end_date=20240725T190732
[2024-07-25T19:07:32.835+0000] {local_task_job_runner.py:243} INFO - Task exited with return code 0
[2024-07-25T19:07:32.854+0000] {taskinstance.py:3503} INFO - 1 downstream tasks scheduled from follow-on schedule check
[2024-07-25T19:07:32.857+0000] {local_task_job_runner.py:222} INFO - ::endgroup::
