[2024-07-19T17:12:18.291+0000] {local_task_job_runner.py:120} INFO - ::group::Pre task execution logs
[2024-07-19T17:12:18.307+0000] {taskinstance.py:2076} INFO - Dependencies all met for dep_context=non-requeueable deps ti=<TaskInstance: simple_dag.hello_world_task scheduled__2024-07-18T00:00:00+00:00 [queued]>
[2024-07-19T17:12:18.311+0000] {taskinstance.py:2076} INFO - Dependencies all met for dep_context=requeueable deps ti=<TaskInstance: simple_dag.hello_world_task scheduled__2024-07-18T00:00:00+00:00 [queued]>
[2024-07-19T17:12:18.312+0000] {taskinstance.py:2306} INFO - Starting attempt 1 of 2
[2024-07-19T17:12:18.322+0000] {taskinstance.py:2330} INFO - Executing <Task(PythonOperator): hello_world_task> on 2024-07-18 00:00:00+00:00
[2024-07-19T17:12:18.326+0000] {warnings.py:112} WARNING - /home/***/.local/lib/python3.12/site-packages/***/task/task_runner/standard_task_runner.py:62: DeprecationWarning: This process (pid=74) is multi-threaded, use of fork() may lead to deadlocks in the child.
  pid = os.fork()

[2024-07-19T17:12:18.327+0000] {standard_task_runner.py:64} INFO - Started process 75 to run task
[2024-07-19T17:12:18.327+0000] {standard_task_runner.py:90} INFO - Running: ['***', 'tasks', 'run', 'simple_dag', 'hello_world_task', 'scheduled__2024-07-18T00:00:00+00:00', '--job-id', '9', '--raw', '--subdir', 'DAGS_FOLDER/rotina_principal.py', '--cfg-path', '/tmp/tmp025xjbmk']
[2024-07-19T17:12:18.327+0000] {standard_task_runner.py:91} INFO - Job 9: Subtask hello_world_task
[2024-07-19T17:12:18.355+0000] {task_command.py:426} INFO - Running <TaskInstance: simple_dag.hello_world_task scheduled__2024-07-18T00:00:00+00:00 [running]> on host c0e47075996c
[2024-07-19T17:12:18.407+0000] {taskinstance.py:2648} INFO - Exporting env vars: AIRFLOW_CTX_DAG_OWNER='***' AIRFLOW_CTX_DAG_ID='simple_dag' AIRFLOW_CTX_TASK_ID='hello_world_task' AIRFLOW_CTX_EXECUTION_DATE='2024-07-18T00:00:00+00:00' AIRFLOW_CTX_TRY_NUMBER='1' AIRFLOW_CTX_DAG_RUN_ID='scheduled__2024-07-18T00:00:00+00:00'
[2024-07-19T17:12:18.408+0000] {taskinstance.py:430} INFO - ::endgroup::
[2024-07-19T17:12:18.432+0000] {logging_mixin.py:188} INFO - Hello, World!
[2024-07-19T17:12:18.432+0000] {python.py:237} INFO - Done. Returned value was: None
[2024-07-19T17:12:18.433+0000] {taskinstance.py:441} INFO - ::group::Post task execution logs
[2024-07-19T17:12:18.439+0000] {taskinstance.py:1206} INFO - Marking task as SUCCESS. dag_id=simple_dag, task_id=hello_world_task, run_id=scheduled__2024-07-18T00:00:00+00:00, execution_date=20240718T000000, start_date=20240719T171218, end_date=20240719T171218
[2024-07-19T17:12:18.459+0000] {local_task_job_runner.py:243} INFO - Task exited with return code 0
[2024-07-19T17:12:18.470+0000] {taskinstance.py:3503} INFO - 0 downstream tasks scheduled from follow-on schedule check
[2024-07-19T17:12:18.472+0000] {local_task_job_runner.py:222} INFO - ::endgroup::
