[2024-07-23T20:45:01.739+0000] {local_task_job_runner.py:120} INFO - ::group::Pre task execution logs
[2024-07-23T20:45:01.749+0000] {taskinstance.py:2076} INFO - Dependencies all met for dep_context=non-requeueable deps ti=<TaskInstance: processar_dados_brewery.api_available_sensor scheduled__2024-07-23T20:30:00+00:00 [queued]>
[2024-07-23T20:45:01.755+0000] {taskinstance.py:2076} INFO - Dependencies all met for dep_context=requeueable deps ti=<TaskInstance: processar_dados_brewery.api_available_sensor scheduled__2024-07-23T20:30:00+00:00 [queued]>
[2024-07-23T20:45:01.755+0000] {taskinstance.py:2306} INFO - Starting attempt 1 of 2
[2024-07-23T20:45:01.764+0000] {taskinstance.py:2330} INFO - Executing <Task(HttpSensor): api_available_sensor> on 2024-07-23 20:30:00+00:00
[2024-07-23T20:45:01.768+0000] {warnings.py:112} WARNING - /home/***/.local/lib/python3.12/site-packages/***/task/task_runner/standard_task_runner.py:62: DeprecationWarning: This process (pid=1112) is multi-threaded, use of fork() may lead to deadlocks in the child.
  pid = os.fork()

[2024-07-23T20:45:01.769+0000] {standard_task_runner.py:64} INFO - Started process 1114 to run task
[2024-07-23T20:45:01.770+0000] {standard_task_runner.py:90} INFO - Running: ['***', 'tasks', 'run', 'processar_dados_brewery', 'api_available_sensor', 'scheduled__2024-07-23T20:30:00+00:00', '--job-id', '67', '--raw', '--subdir', 'DAGS_FOLDER/rotina_principal.py', '--cfg-path', '/tmp/tmpn8wgl354']
[2024-07-23T20:45:01.771+0000] {standard_task_runner.py:91} INFO - Job 67: Subtask api_available_sensor
[2024-07-23T20:45:01.800+0000] {task_command.py:426} INFO - Running <TaskInstance: processar_dados_brewery.api_available_sensor scheduled__2024-07-23T20:30:00+00:00 [running]> on host 84773d6c55d8
[2024-07-23T20:45:01.863+0000] {taskinstance.py:2648} INFO - Exporting env vars: AIRFLOW_CTX_DAG_OWNER='***' AIRFLOW_CTX_DAG_ID='processar_dados_brewery' AIRFLOW_CTX_TASK_ID='api_available_sensor' AIRFLOW_CTX_EXECUTION_DATE='2024-07-23T20:30:00+00:00' AIRFLOW_CTX_TRY_NUMBER='1' AIRFLOW_CTX_DAG_RUN_ID='scheduled__2024-07-23T20:30:00+00:00'
[2024-07-23T20:45:01.864+0000] {taskinstance.py:430} INFO - ::endgroup::
[2024-07-23T20:45:01.873+0000] {baseoperator.py:400} WARNING - HttpSensor.execute cannot be called outside TaskInstance!
[2024-07-23T20:45:01.874+0000] {http.py:137} INFO - Poking: breweries
[2024-07-23T20:45:01.880+0000] {base.py:84} INFO - Using connection ID 'open_brewery_db_api' for task execution.
[2024-07-23T20:45:01.943+0000] {base.py:294} INFO - Success criteria met. Exiting.
[2024-07-23T20:45:01.944+0000] {taskinstance.py:441} INFO - ::group::Post task execution logs
[2024-07-23T20:45:01.950+0000] {taskinstance.py:1206} INFO - Marking task as SUCCESS. dag_id=processar_dados_brewery, task_id=api_available_sensor, run_id=scheduled__2024-07-23T20:30:00+00:00, execution_date=20240723T203000, start_date=20240723T204501, end_date=20240723T204501
[2024-07-23T20:45:01.982+0000] {local_task_job_runner.py:243} INFO - Task exited with return code 0
[2024-07-23T20:45:02.004+0000] {taskinstance.py:3503} INFO - 1 downstream tasks scheduled from follow-on schedule check
[2024-07-23T20:45:02.006+0000] {local_task_job_runner.py:222} INFO - ::endgroup::
