[2024-07-23T21:00:15.901+0000] {local_task_job_runner.py:120} INFO - ::group::Pre task execution logs
[2024-07-23T21:00:15.911+0000] {taskinstance.py:2076} INFO - Dependencies all met for dep_context=non-requeueable deps ti=<TaskInstance: processar_dados_brewery.transformar_dados_para_gold scheduled__2024-07-23T20:45:00+00:00 [queued]>
[2024-07-23T21:00:15.916+0000] {taskinstance.py:2076} INFO - Dependencies all met for dep_context=requeueable deps ti=<TaskInstance: processar_dados_brewery.transformar_dados_para_gold scheduled__2024-07-23T20:45:00+00:00 [queued]>
[2024-07-23T21:00:15.916+0000] {taskinstance.py:2306} INFO - Starting attempt 1 of 2
[2024-07-23T21:00:15.930+0000] {taskinstance.py:2330} INFO - Executing <Task(PythonOperator): transformar_dados_para_gold> on 2024-07-23 20:45:00+00:00
[2024-07-23T21:00:15.934+0000] {warnings.py:112} WARNING - /home/***/.local/lib/python3.12/site-packages/***/task/task_runner/standard_task_runner.py:62: DeprecationWarning: This process (pid=1389) is multi-threaded, use of fork() may lead to deadlocks in the child.
  pid = os.fork()

[2024-07-23T21:00:15.935+0000] {standard_task_runner.py:64} INFO - Started process 1391 to run task
[2024-07-23T21:00:15.935+0000] {standard_task_runner.py:90} INFO - Running: ['***', 'tasks', 'run', 'processar_dados_brewery', 'transformar_dados_para_gold', 'scheduled__2024-07-23T20:45:00+00:00', '--job-id', '74', '--raw', '--subdir', 'DAGS_FOLDER/rotina_principal.py', '--cfg-path', '/tmp/tmpv70_6xwf']
[2024-07-23T21:00:15.936+0000] {standard_task_runner.py:91} INFO - Job 74: Subtask transformar_dados_para_gold
[2024-07-23T21:00:15.966+0000] {task_command.py:426} INFO - Running <TaskInstance: processar_dados_brewery.transformar_dados_para_gold scheduled__2024-07-23T20:45:00+00:00 [running]> on host 84773d6c55d8
[2024-07-23T21:00:16.024+0000] {taskinstance.py:2648} INFO - Exporting env vars: AIRFLOW_CTX_DAG_OWNER='***' AIRFLOW_CTX_DAG_ID='processar_dados_brewery' AIRFLOW_CTX_TASK_ID='transformar_dados_para_gold' AIRFLOW_CTX_EXECUTION_DATE='2024-07-23T20:45:00+00:00' AIRFLOW_CTX_TRY_NUMBER='1' AIRFLOW_CTX_DAG_RUN_ID='scheduled__2024-07-23T20:45:00+00:00'
[2024-07-23T21:00:16.026+0000] {taskinstance.py:430} INFO - ::endgroup::
[2024-07-23T21:00:18.762+0000] {warnings.py:112} WARNING - /opt/***/dags/datalake_functions.py:157: FutureWarning: The default of observed=False is deprecated and will be changed to True in a future version of pandas. Pass observed=False to retain current behavior or observed=True to adopt the future default and silence this warning.
  df_gold = df.groupby(['estado', 'tipo_cervejaria']).size().reset_index(name='count')

[2024-07-23T21:00:18.781+0000] {logging_mixin.py:188} INFO - Dados agregados salvos em: /opt/***/datalake/gold/brewery_data_gold.parquet
[2024-07-23T21:00:18.783+0000] {python.py:237} INFO - Done. Returned value was: None
[2024-07-23T21:00:18.783+0000] {taskinstance.py:441} INFO - ::group::Post task execution logs
[2024-07-23T21:00:18.789+0000] {taskinstance.py:1206} INFO - Marking task as SUCCESS. dag_id=processar_dados_brewery, task_id=transformar_dados_para_gold, run_id=scheduled__2024-07-23T20:45:00+00:00, execution_date=20240723T204500, start_date=20240723T210015, end_date=20240723T210018
[2024-07-23T21:00:18.834+0000] {local_task_job_runner.py:243} INFO - Task exited with return code 0
[2024-07-23T21:00:18.845+0000] {taskinstance.py:3503} INFO - 0 downstream tasks scheduled from follow-on schedule check
[2024-07-23T21:00:18.847+0000] {local_task_job_runner.py:222} INFO - ::endgroup::
