[2024-07-21T21:22:05.642+0000] {processor.py:161} INFO - Started process (PID=46) to work on /opt/airflow/dags/rotina_principal.py
[2024-07-21T21:22:05.642+0000] {processor.py:830} INFO - Processing file /opt/airflow/dags/rotina_principal.py for tasks to queue
[2024-07-21T21:22:05.644+0000] {logging_mixin.py:188} INFO - [2024-07-21T21:22:05.644+0000] {dagbag.py:545} INFO - Filling up the DagBag from /opt/airflow/dags/rotina_principal.py
[2024-07-21T21:22:07.182+0000] {processor.py:840} INFO - DAG(s) 'execute_databricks_workflow' retrieved from /opt/airflow/dags/rotina_principal.py
[2024-07-21T21:22:07.384+0000] {logging_mixin.py:188} INFO - [2024-07-21T21:22:07.384+0000] {override.py:1858} INFO - Created Permission View: can delete on DAG:execute_databricks_workflow
[2024-07-21T21:22:07.392+0000] {logging_mixin.py:188} INFO - [2024-07-21T21:22:07.391+0000] {override.py:1858} INFO - Created Permission View: can read on DAG:execute_databricks_workflow
[2024-07-21T21:22:07.396+0000] {logging_mixin.py:188} INFO - [2024-07-21T21:22:07.396+0000] {override.py:1858} INFO - Created Permission View: can edit on DAG:execute_databricks_workflow
[2024-07-21T21:22:07.397+0000] {logging_mixin.py:188} INFO - [2024-07-21T21:22:07.397+0000] {dag.py:3089} INFO - Sync 1 DAGs
[2024-07-21T21:22:07.406+0000] {logging_mixin.py:188} INFO - [2024-07-21T21:22:07.405+0000] {dag.py:3111} INFO - Creating ORM DAG for execute_databricks_workflow
[2024-07-21T21:22:07.413+0000] {logging_mixin.py:188} INFO - [2024-07-21T21:22:07.413+0000] {dag.py:3947} INFO - Setting next_dagrun for execute_databricks_workflow to 2024-07-20 00:00:00+00:00, run_after=2024-07-21 00:00:00+00:00
[2024-07-21T21:22:07.427+0000] {processor.py:183} INFO - Processing /opt/airflow/dags/rotina_principal.py took 1.790 seconds
[2024-07-21T21:22:37.562+0000] {processor.py:161} INFO - Started process (PID=60) to work on /opt/airflow/dags/rotina_principal.py
[2024-07-21T21:22:37.562+0000] {processor.py:830} INFO - Processing file /opt/airflow/dags/rotina_principal.py for tasks to queue
[2024-07-21T21:22:37.563+0000] {logging_mixin.py:188} INFO - [2024-07-21T21:22:37.563+0000] {dagbag.py:545} INFO - Filling up the DagBag from /opt/airflow/dags/rotina_principal.py
[2024-07-21T21:22:37.977+0000] {processor.py:840} INFO - DAG(s) 'execute_databricks_workflow' retrieved from /opt/airflow/dags/rotina_principal.py
[2024-07-21T21:22:37.994+0000] {logging_mixin.py:188} INFO - [2024-07-21T21:22:37.994+0000] {dag.py:3089} INFO - Sync 1 DAGs
[2024-07-21T21:22:38.008+0000] {logging_mixin.py:188} INFO - [2024-07-21T21:22:38.008+0000] {dag.py:3947} INFO - Setting next_dagrun for execute_databricks_workflow to 2024-07-20 00:00:00+00:00, run_after=2024-07-21 00:00:00+00:00
[2024-07-21T21:22:38.019+0000] {processor.py:183} INFO - Processing /opt/airflow/dags/rotina_principal.py took 0.462 seconds
[2024-07-21T21:23:08.137+0000] {processor.py:161} INFO - Started process (PID=69) to work on /opt/airflow/dags/rotina_principal.py
[2024-07-21T21:23:08.137+0000] {processor.py:830} INFO - Processing file /opt/airflow/dags/rotina_principal.py for tasks to queue
[2024-07-21T21:23:08.138+0000] {logging_mixin.py:188} INFO - [2024-07-21T21:23:08.138+0000] {dagbag.py:545} INFO - Filling up the DagBag from /opt/airflow/dags/rotina_principal.py
[2024-07-21T21:23:08.513+0000] {processor.py:840} INFO - DAG(s) 'execute_databricks_workflow' retrieved from /opt/airflow/dags/rotina_principal.py
[2024-07-21T21:23:08.528+0000] {logging_mixin.py:188} INFO - [2024-07-21T21:23:08.528+0000] {dag.py:3089} INFO - Sync 1 DAGs
[2024-07-21T21:23:08.541+0000] {logging_mixin.py:188} INFO - [2024-07-21T21:23:08.541+0000] {dag.py:3947} INFO - Setting next_dagrun for execute_databricks_workflow to 2024-07-20 00:00:00+00:00, run_after=2024-07-21 00:00:00+00:00
[2024-07-21T21:23:08.552+0000] {processor.py:183} INFO - Processing /opt/airflow/dags/rotina_principal.py took 0.419 seconds
[2024-07-21T21:23:38.684+0000] {processor.py:161} INFO - Started process (PID=77) to work on /opt/airflow/dags/rotina_principal.py
[2024-07-21T21:23:38.684+0000] {processor.py:830} INFO - Processing file /opt/airflow/dags/rotina_principal.py for tasks to queue
[2024-07-21T21:23:38.686+0000] {logging_mixin.py:188} INFO - [2024-07-21T21:23:38.685+0000] {dagbag.py:545} INFO - Filling up the DagBag from /opt/airflow/dags/rotina_principal.py
[2024-07-21T21:23:39.039+0000] {processor.py:840} INFO - DAG(s) 'execute_databricks_workflow' retrieved from /opt/airflow/dags/rotina_principal.py
[2024-07-21T21:23:39.054+0000] {logging_mixin.py:188} INFO - [2024-07-21T21:23:39.054+0000] {dag.py:3089} INFO - Sync 1 DAGs
[2024-07-21T21:23:39.066+0000] {logging_mixin.py:188} INFO - [2024-07-21T21:23:39.066+0000] {dag.py:3947} INFO - Setting next_dagrun for execute_databricks_workflow to 2024-07-20 00:00:00+00:00, run_after=2024-07-21 00:00:00+00:00
[2024-07-21T21:23:39.090+0000] {processor.py:183} INFO - Processing /opt/airflow/dags/rotina_principal.py took 0.410 seconds
[2024-07-21T21:24:09.224+0000] {processor.py:161} INFO - Started process (PID=85) to work on /opt/airflow/dags/rotina_principal.py
[2024-07-21T21:24:09.225+0000] {processor.py:830} INFO - Processing file /opt/airflow/dags/rotina_principal.py for tasks to queue
[2024-07-21T21:24:09.226+0000] {logging_mixin.py:188} INFO - [2024-07-21T21:24:09.225+0000] {dagbag.py:545} INFO - Filling up the DagBag from /opt/airflow/dags/rotina_principal.py
[2024-07-21T21:24:09.568+0000] {processor.py:840} INFO - DAG(s) 'execute_databricks_workflow' retrieved from /opt/airflow/dags/rotina_principal.py
[2024-07-21T21:24:09.583+0000] {logging_mixin.py:188} INFO - [2024-07-21T21:24:09.583+0000] {dag.py:3089} INFO - Sync 1 DAGs
[2024-07-21T21:24:09.596+0000] {logging_mixin.py:188} INFO - [2024-07-21T21:24:09.595+0000] {dag.py:3947} INFO - Setting next_dagrun for execute_databricks_workflow to 2024-07-20 00:00:00+00:00, run_after=2024-07-21 00:00:00+00:00
[2024-07-21T21:24:09.609+0000] {processor.py:183} INFO - Processing /opt/airflow/dags/rotina_principal.py took 0.388 seconds
[2024-07-21T21:24:39.737+0000] {processor.py:161} INFO - Started process (PID=93) to work on /opt/airflow/dags/rotina_principal.py
[2024-07-21T21:24:39.738+0000] {processor.py:830} INFO - Processing file /opt/airflow/dags/rotina_principal.py for tasks to queue
[2024-07-21T21:24:39.739+0000] {logging_mixin.py:188} INFO - [2024-07-21T21:24:39.739+0000] {dagbag.py:545} INFO - Filling up the DagBag from /opt/airflow/dags/rotina_principal.py
[2024-07-21T21:24:40.122+0000] {processor.py:840} INFO - DAG(s) 'execute_databricks_workflow' retrieved from /opt/airflow/dags/rotina_principal.py
[2024-07-21T21:24:40.139+0000] {logging_mixin.py:188} INFO - [2024-07-21T21:24:40.138+0000] {dag.py:3089} INFO - Sync 1 DAGs
[2024-07-21T21:24:40.152+0000] {logging_mixin.py:188} INFO - [2024-07-21T21:24:40.152+0000] {dag.py:3947} INFO - Setting next_dagrun for execute_databricks_workflow to 2024-07-20 00:00:00+00:00, run_after=2024-07-21 00:00:00+00:00
[2024-07-21T21:24:40.163+0000] {processor.py:183} INFO - Processing /opt/airflow/dags/rotina_principal.py took 0.430 seconds
[2024-07-21T21:25:10.300+0000] {processor.py:161} INFO - Started process (PID=101) to work on /opt/airflow/dags/rotina_principal.py
[2024-07-21T21:25:10.301+0000] {processor.py:830} INFO - Processing file /opt/airflow/dags/rotina_principal.py for tasks to queue
[2024-07-21T21:25:10.302+0000] {logging_mixin.py:188} INFO - [2024-07-21T21:25:10.302+0000] {dagbag.py:545} INFO - Filling up the DagBag from /opt/airflow/dags/rotina_principal.py
[2024-07-21T21:25:10.696+0000] {processor.py:840} INFO - DAG(s) 'execute_databricks_workflow' retrieved from /opt/airflow/dags/rotina_principal.py
[2024-07-21T21:25:10.712+0000] {logging_mixin.py:188} INFO - [2024-07-21T21:25:10.712+0000] {dag.py:3089} INFO - Sync 1 DAGs
[2024-07-21T21:25:10.726+0000] {logging_mixin.py:188} INFO - [2024-07-21T21:25:10.726+0000] {dag.py:3947} INFO - Setting next_dagrun for execute_databricks_workflow to 2024-07-21 00:00:00+00:00, run_after=2024-07-22 00:00:00+00:00
[2024-07-21T21:25:10.737+0000] {processor.py:183} INFO - Processing /opt/airflow/dags/rotina_principal.py took 0.441 seconds
[2024-07-21T21:25:40.878+0000] {processor.py:161} INFO - Started process (PID=109) to work on /opt/airflow/dags/rotina_principal.py
[2024-07-21T21:25:40.878+0000] {processor.py:830} INFO - Processing file /opt/airflow/dags/rotina_principal.py for tasks to queue
[2024-07-21T21:25:40.879+0000] {logging_mixin.py:188} INFO - [2024-07-21T21:25:40.879+0000] {dagbag.py:545} INFO - Filling up the DagBag from /opt/airflow/dags/rotina_principal.py
[2024-07-21T21:25:41.253+0000] {processor.py:840} INFO - DAG(s) 'execute_databricks_workflow' retrieved from /opt/airflow/dags/rotina_principal.py
[2024-07-21T21:25:41.269+0000] {logging_mixin.py:188} INFO - [2024-07-21T21:25:41.268+0000] {dag.py:3089} INFO - Sync 1 DAGs
[2024-07-21T21:25:41.281+0000] {logging_mixin.py:188} INFO - [2024-07-21T21:25:41.281+0000] {dag.py:3947} INFO - Setting next_dagrun for execute_databricks_workflow to 2024-07-21 00:00:00+00:00, run_after=2024-07-22 00:00:00+00:00
[2024-07-21T21:25:41.295+0000] {processor.py:183} INFO - Processing /opt/airflow/dags/rotina_principal.py took 0.421 seconds
[2024-07-21T21:26:11.432+0000] {processor.py:161} INFO - Started process (PID=117) to work on /opt/airflow/dags/rotina_principal.py
[2024-07-21T21:26:11.432+0000] {processor.py:830} INFO - Processing file /opt/airflow/dags/rotina_principal.py for tasks to queue
[2024-07-21T21:26:11.433+0000] {logging_mixin.py:188} INFO - [2024-07-21T21:26:11.433+0000] {dagbag.py:545} INFO - Filling up the DagBag from /opt/airflow/dags/rotina_principal.py
[2024-07-21T21:26:11.805+0000] {processor.py:840} INFO - DAG(s) 'execute_databricks_workflow' retrieved from /opt/airflow/dags/rotina_principal.py
[2024-07-21T21:26:11.820+0000] {logging_mixin.py:188} INFO - [2024-07-21T21:26:11.820+0000] {dag.py:3089} INFO - Sync 1 DAGs
[2024-07-21T21:26:11.834+0000] {logging_mixin.py:188} INFO - [2024-07-21T21:26:11.833+0000] {dag.py:3947} INFO - Setting next_dagrun for execute_databricks_workflow to 2024-07-21 00:00:00+00:00, run_after=2024-07-22 00:00:00+00:00
[2024-07-21T21:26:11.847+0000] {processor.py:183} INFO - Processing /opt/airflow/dags/rotina_principal.py took 0.419 seconds
[2024-07-21T21:26:41.977+0000] {processor.py:161} INFO - Started process (PID=125) to work on /opt/airflow/dags/rotina_principal.py
[2024-07-21T21:26:41.978+0000] {processor.py:830} INFO - Processing file /opt/airflow/dags/rotina_principal.py for tasks to queue
[2024-07-21T21:26:41.979+0000] {logging_mixin.py:188} INFO - [2024-07-21T21:26:41.979+0000] {dagbag.py:545} INFO - Filling up the DagBag from /opt/airflow/dags/rotina_principal.py
[2024-07-21T21:26:42.361+0000] {processor.py:840} INFO - DAG(s) 'execute_databricks_workflow' retrieved from /opt/airflow/dags/rotina_principal.py
[2024-07-21T21:26:42.378+0000] {logging_mixin.py:188} INFO - [2024-07-21T21:26:42.377+0000] {dag.py:3089} INFO - Sync 1 DAGs
[2024-07-21T21:26:42.393+0000] {logging_mixin.py:188} INFO - [2024-07-21T21:26:42.392+0000] {dag.py:3947} INFO - Setting next_dagrun for execute_databricks_workflow to 2024-07-21 00:00:00+00:00, run_after=2024-07-22 00:00:00+00:00
[2024-07-21T21:26:42.406+0000] {processor.py:183} INFO - Processing /opt/airflow/dags/rotina_principal.py took 0.433 seconds
[2024-07-21T21:27:12.547+0000] {processor.py:161} INFO - Started process (PID=133) to work on /opt/airflow/dags/rotina_principal.py
[2024-07-21T21:27:12.547+0000] {processor.py:830} INFO - Processing file /opt/airflow/dags/rotina_principal.py for tasks to queue
[2024-07-21T21:27:12.549+0000] {logging_mixin.py:188} INFO - [2024-07-21T21:27:12.548+0000] {dagbag.py:545} INFO - Filling up the DagBag from /opt/airflow/dags/rotina_principal.py
[2024-07-21T21:27:12.922+0000] {processor.py:840} INFO - DAG(s) 'execute_databricks_workflow' retrieved from /opt/airflow/dags/rotina_principal.py
[2024-07-21T21:27:12.939+0000] {logging_mixin.py:188} INFO - [2024-07-21T21:27:12.938+0000] {dag.py:3089} INFO - Sync 1 DAGs
[2024-07-21T21:27:12.951+0000] {logging_mixin.py:188} INFO - [2024-07-21T21:27:12.951+0000] {dag.py:3947} INFO - Setting next_dagrun for execute_databricks_workflow to 2024-07-21 00:00:00+00:00, run_after=2024-07-22 00:00:00+00:00
[2024-07-21T21:27:12.964+0000] {processor.py:183} INFO - Processing /opt/airflow/dags/rotina_principal.py took 0.421 seconds
[2024-07-21T21:27:43.102+0000] {processor.py:161} INFO - Started process (PID=141) to work on /opt/airflow/dags/rotina_principal.py
[2024-07-21T21:27:43.103+0000] {processor.py:830} INFO - Processing file /opt/airflow/dags/rotina_principal.py for tasks to queue
[2024-07-21T21:27:43.104+0000] {logging_mixin.py:188} INFO - [2024-07-21T21:27:43.104+0000] {dagbag.py:545} INFO - Filling up the DagBag from /opt/airflow/dags/rotina_principal.py
[2024-07-21T21:27:43.486+0000] {processor.py:840} INFO - DAG(s) 'execute_databricks_workflow' retrieved from /opt/airflow/dags/rotina_principal.py
[2024-07-21T21:27:43.502+0000] {logging_mixin.py:188} INFO - [2024-07-21T21:27:43.501+0000] {dag.py:3089} INFO - Sync 1 DAGs
[2024-07-21T21:27:43.514+0000] {logging_mixin.py:188} INFO - [2024-07-21T21:27:43.514+0000] {dag.py:3947} INFO - Setting next_dagrun for execute_databricks_workflow to 2024-07-21 00:00:00+00:00, run_after=2024-07-22 00:00:00+00:00
[2024-07-21T21:27:43.528+0000] {processor.py:183} INFO - Processing /opt/airflow/dags/rotina_principal.py took 0.429 seconds
[2024-07-21T21:28:13.663+0000] {processor.py:161} INFO - Started process (PID=149) to work on /opt/airflow/dags/rotina_principal.py
[2024-07-21T21:28:13.664+0000] {processor.py:830} INFO - Processing file /opt/airflow/dags/rotina_principal.py for tasks to queue
[2024-07-21T21:28:13.665+0000] {logging_mixin.py:188} INFO - [2024-07-21T21:28:13.665+0000] {dagbag.py:545} INFO - Filling up the DagBag from /opt/airflow/dags/rotina_principal.py
[2024-07-21T21:28:14.031+0000] {processor.py:840} INFO - DAG(s) 'execute_databricks_workflow' retrieved from /opt/airflow/dags/rotina_principal.py
[2024-07-21T21:28:14.047+0000] {logging_mixin.py:188} INFO - [2024-07-21T21:28:14.047+0000] {dag.py:3089} INFO - Sync 1 DAGs
[2024-07-21T21:28:14.060+0000] {logging_mixin.py:188} INFO - [2024-07-21T21:28:14.060+0000] {dag.py:3947} INFO - Setting next_dagrun for execute_databricks_workflow to 2024-07-21 00:00:00+00:00, run_after=2024-07-22 00:00:00+00:00
[2024-07-21T21:28:14.085+0000] {processor.py:183} INFO - Processing /opt/airflow/dags/rotina_principal.py took 0.426 seconds
[2024-07-21T21:28:44.225+0000] {processor.py:161} INFO - Started process (PID=157) to work on /opt/airflow/dags/rotina_principal.py
[2024-07-21T21:28:44.226+0000] {processor.py:830} INFO - Processing file /opt/airflow/dags/rotina_principal.py for tasks to queue
[2024-07-21T21:28:44.227+0000] {logging_mixin.py:188} INFO - [2024-07-21T21:28:44.227+0000] {dagbag.py:545} INFO - Filling up the DagBag from /opt/airflow/dags/rotina_principal.py
[2024-07-21T21:28:44.602+0000] {processor.py:840} INFO - DAG(s) 'execute_databricks_workflow' retrieved from /opt/airflow/dags/rotina_principal.py
[2024-07-21T21:28:44.617+0000] {logging_mixin.py:188} INFO - [2024-07-21T21:28:44.617+0000] {dag.py:3089} INFO - Sync 1 DAGs
[2024-07-21T21:28:44.631+0000] {logging_mixin.py:188} INFO - [2024-07-21T21:28:44.631+0000] {dag.py:3947} INFO - Setting next_dagrun for execute_databricks_workflow to 2024-07-21 00:00:00+00:00, run_after=2024-07-22 00:00:00+00:00
[2024-07-21T21:28:44.657+0000] {processor.py:183} INFO - Processing /opt/airflow/dags/rotina_principal.py took 0.435 seconds
[2024-07-21T21:29:14.794+0000] {processor.py:161} INFO - Started process (PID=165) to work on /opt/airflow/dags/rotina_principal.py
[2024-07-21T21:29:14.795+0000] {processor.py:830} INFO - Processing file /opt/airflow/dags/rotina_principal.py for tasks to queue
[2024-07-21T21:29:14.796+0000] {logging_mixin.py:188} INFO - [2024-07-21T21:29:14.796+0000] {dagbag.py:545} INFO - Filling up the DagBag from /opt/airflow/dags/rotina_principal.py
[2024-07-21T21:29:15.166+0000] {processor.py:840} INFO - DAG(s) 'execute_databricks_workflow' retrieved from /opt/airflow/dags/rotina_principal.py
[2024-07-21T21:29:15.183+0000] {logging_mixin.py:188} INFO - [2024-07-21T21:29:15.183+0000] {dag.py:3089} INFO - Sync 1 DAGs
[2024-07-21T21:29:15.196+0000] {logging_mixin.py:188} INFO - [2024-07-21T21:29:15.195+0000] {dag.py:3947} INFO - Setting next_dagrun for execute_databricks_workflow to 2024-07-21 00:00:00+00:00, run_after=2024-07-22 00:00:00+00:00
[2024-07-21T21:29:15.208+0000] {processor.py:183} INFO - Processing /opt/airflow/dags/rotina_principal.py took 0.418 seconds
[2024-07-21T21:29:45.338+0000] {processor.py:161} INFO - Started process (PID=173) to work on /opt/airflow/dags/rotina_principal.py
[2024-07-21T21:29:45.339+0000] {processor.py:830} INFO - Processing file /opt/airflow/dags/rotina_principal.py for tasks to queue
[2024-07-21T21:29:45.340+0000] {logging_mixin.py:188} INFO - [2024-07-21T21:29:45.340+0000] {dagbag.py:545} INFO - Filling up the DagBag from /opt/airflow/dags/rotina_principal.py
[2024-07-21T21:29:45.731+0000] {processor.py:840} INFO - DAG(s) 'execute_databricks_workflow' retrieved from /opt/airflow/dags/rotina_principal.py
[2024-07-21T21:29:45.747+0000] {logging_mixin.py:188} INFO - [2024-07-21T21:29:45.746+0000] {dag.py:3089} INFO - Sync 1 DAGs
[2024-07-21T21:29:45.759+0000] {logging_mixin.py:188} INFO - [2024-07-21T21:29:45.759+0000] {dag.py:3947} INFO - Setting next_dagrun for execute_databricks_workflow to 2024-07-21 00:00:00+00:00, run_after=2024-07-22 00:00:00+00:00
[2024-07-21T21:29:45.771+0000] {processor.py:183} INFO - Processing /opt/airflow/dags/rotina_principal.py took 0.437 seconds
[2024-07-21T21:30:15.913+0000] {processor.py:161} INFO - Started process (PID=181) to work on /opt/airflow/dags/rotina_principal.py
[2024-07-21T21:30:15.913+0000] {processor.py:830} INFO - Processing file /opt/airflow/dags/rotina_principal.py for tasks to queue
[2024-07-21T21:30:15.915+0000] {logging_mixin.py:188} INFO - [2024-07-21T21:30:15.914+0000] {dagbag.py:545} INFO - Filling up the DagBag from /opt/airflow/dags/rotina_principal.py
[2024-07-21T21:30:16.299+0000] {processor.py:840} INFO - DAG(s) 'execute_databricks_workflow' retrieved from /opt/airflow/dags/rotina_principal.py
[2024-07-21T21:30:16.314+0000] {logging_mixin.py:188} INFO - [2024-07-21T21:30:16.314+0000] {dag.py:3089} INFO - Sync 1 DAGs
[2024-07-21T21:30:16.327+0000] {logging_mixin.py:188} INFO - [2024-07-21T21:30:16.327+0000] {dag.py:3947} INFO - Setting next_dagrun for execute_databricks_workflow to 2024-07-21 00:00:00+00:00, run_after=2024-07-22 00:00:00+00:00
[2024-07-21T21:30:16.339+0000] {processor.py:183} INFO - Processing /opt/airflow/dags/rotina_principal.py took 0.430 seconds
[2024-07-21T21:30:46.473+0000] {processor.py:161} INFO - Started process (PID=189) to work on /opt/airflow/dags/rotina_principal.py
[2024-07-21T21:30:46.473+0000] {processor.py:830} INFO - Processing file /opt/airflow/dags/rotina_principal.py for tasks to queue
[2024-07-21T21:30:46.474+0000] {logging_mixin.py:188} INFO - [2024-07-21T21:30:46.474+0000] {dagbag.py:545} INFO - Filling up the DagBag from /opt/airflow/dags/rotina_principal.py
[2024-07-21T21:30:46.851+0000] {processor.py:840} INFO - DAG(s) 'execute_databricks_workflow' retrieved from /opt/airflow/dags/rotina_principal.py
[2024-07-21T21:30:46.867+0000] {logging_mixin.py:188} INFO - [2024-07-21T21:30:46.866+0000] {dag.py:3089} INFO - Sync 1 DAGs
[2024-07-21T21:30:46.881+0000] {logging_mixin.py:188} INFO - [2024-07-21T21:30:46.881+0000] {dag.py:3947} INFO - Setting next_dagrun for execute_databricks_workflow to 2024-07-21 00:00:00+00:00, run_after=2024-07-22 00:00:00+00:00
[2024-07-21T21:30:46.892+0000] {processor.py:183} INFO - Processing /opt/airflow/dags/rotina_principal.py took 0.423 seconds
[2024-07-21T21:31:17.029+0000] {processor.py:161} INFO - Started process (PID=197) to work on /opt/airflow/dags/rotina_principal.py
[2024-07-21T21:31:17.029+0000] {processor.py:830} INFO - Processing file /opt/airflow/dags/rotina_principal.py for tasks to queue
[2024-07-21T21:31:17.031+0000] {logging_mixin.py:188} INFO - [2024-07-21T21:31:17.030+0000] {dagbag.py:545} INFO - Filling up the DagBag from /opt/airflow/dags/rotina_principal.py
[2024-07-21T21:31:17.399+0000] {processor.py:840} INFO - DAG(s) 'execute_databricks_workflow' retrieved from /opt/airflow/dags/rotina_principal.py
[2024-07-21T21:31:17.420+0000] {logging_mixin.py:188} INFO - [2024-07-21T21:31:17.419+0000] {dag.py:3089} INFO - Sync 1 DAGs
[2024-07-21T21:31:17.434+0000] {logging_mixin.py:188} INFO - [2024-07-21T21:31:17.434+0000] {dag.py:3947} INFO - Setting next_dagrun for execute_databricks_workflow to 2024-07-21 00:00:00+00:00, run_after=2024-07-22 00:00:00+00:00
[2024-07-21T21:31:17.446+0000] {processor.py:183} INFO - Processing /opt/airflow/dags/rotina_principal.py took 0.422 seconds
[2024-07-21T21:31:47.583+0000] {processor.py:161} INFO - Started process (PID=205) to work on /opt/airflow/dags/rotina_principal.py
[2024-07-21T21:31:47.584+0000] {processor.py:830} INFO - Processing file /opt/airflow/dags/rotina_principal.py for tasks to queue
[2024-07-21T21:31:47.585+0000] {logging_mixin.py:188} INFO - [2024-07-21T21:31:47.584+0000] {dagbag.py:545} INFO - Filling up the DagBag from /opt/airflow/dags/rotina_principal.py
[2024-07-21T21:31:47.952+0000] {processor.py:840} INFO - DAG(s) 'execute_databricks_workflow' retrieved from /opt/airflow/dags/rotina_principal.py
[2024-07-21T21:31:47.968+0000] {logging_mixin.py:188} INFO - [2024-07-21T21:31:47.967+0000] {dag.py:3089} INFO - Sync 1 DAGs
[2024-07-21T21:31:47.980+0000] {logging_mixin.py:188} INFO - [2024-07-21T21:31:47.980+0000] {dag.py:3947} INFO - Setting next_dagrun for execute_databricks_workflow to 2024-07-21 00:00:00+00:00, run_after=2024-07-22 00:00:00+00:00
[2024-07-21T21:31:47.993+0000] {processor.py:183} INFO - Processing /opt/airflow/dags/rotina_principal.py took 0.413 seconds
[2024-07-21T21:32:18.164+0000] {processor.py:161} INFO - Started process (PID=213) to work on /opt/airflow/dags/rotina_principal.py
[2024-07-21T21:32:18.164+0000] {processor.py:830} INFO - Processing file /opt/airflow/dags/rotina_principal.py for tasks to queue
[2024-07-21T21:32:18.166+0000] {logging_mixin.py:188} INFO - [2024-07-21T21:32:18.165+0000] {dagbag.py:545} INFO - Filling up the DagBag from /opt/airflow/dags/rotina_principal.py
[2024-07-21T21:32:18.536+0000] {processor.py:840} INFO - DAG(s) 'execute_databricks_workflow' retrieved from /opt/airflow/dags/rotina_principal.py
[2024-07-21T21:32:18.552+0000] {logging_mixin.py:188} INFO - [2024-07-21T21:32:18.551+0000] {dag.py:3089} INFO - Sync 1 DAGs
[2024-07-21T21:32:18.564+0000] {logging_mixin.py:188} INFO - [2024-07-21T21:32:18.564+0000] {dag.py:3947} INFO - Setting next_dagrun for execute_databricks_workflow to 2024-07-21 00:00:00+00:00, run_after=2024-07-22 00:00:00+00:00
[2024-07-21T21:32:18.589+0000] {processor.py:183} INFO - Processing /opt/airflow/dags/rotina_principal.py took 0.429 seconds
[2024-07-21T21:32:48.722+0000] {processor.py:161} INFO - Started process (PID=221) to work on /opt/airflow/dags/rotina_principal.py
[2024-07-21T21:32:48.723+0000] {processor.py:830} INFO - Processing file /opt/airflow/dags/rotina_principal.py for tasks to queue
[2024-07-21T21:32:48.724+0000] {logging_mixin.py:188} INFO - [2024-07-21T21:32:48.724+0000] {dagbag.py:545} INFO - Filling up the DagBag from /opt/airflow/dags/rotina_principal.py
[2024-07-21T21:32:49.094+0000] {processor.py:840} INFO - DAG(s) 'execute_databricks_workflow' retrieved from /opt/airflow/dags/rotina_principal.py
[2024-07-21T21:32:49.110+0000] {logging_mixin.py:188} INFO - [2024-07-21T21:32:49.110+0000] {dag.py:3089} INFO - Sync 1 DAGs
[2024-07-21T21:32:49.125+0000] {logging_mixin.py:188} INFO - [2024-07-21T21:32:49.125+0000] {dag.py:3947} INFO - Setting next_dagrun for execute_databricks_workflow to 2024-07-21 00:00:00+00:00, run_after=2024-07-22 00:00:00+00:00
[2024-07-21T21:32:49.138+0000] {processor.py:183} INFO - Processing /opt/airflow/dags/rotina_principal.py took 0.420 seconds
[2024-07-21T21:33:19.275+0000] {processor.py:161} INFO - Started process (PID=229) to work on /opt/airflow/dags/rotina_principal.py
[2024-07-21T21:33:19.275+0000] {processor.py:830} INFO - Processing file /opt/airflow/dags/rotina_principal.py for tasks to queue
[2024-07-21T21:33:19.277+0000] {logging_mixin.py:188} INFO - [2024-07-21T21:33:19.276+0000] {dagbag.py:545} INFO - Filling up the DagBag from /opt/airflow/dags/rotina_principal.py
[2024-07-21T21:33:19.654+0000] {processor.py:840} INFO - DAG(s) 'execute_databricks_workflow' retrieved from /opt/airflow/dags/rotina_principal.py
[2024-07-21T21:33:19.670+0000] {logging_mixin.py:188} INFO - [2024-07-21T21:33:19.670+0000] {dag.py:3089} INFO - Sync 1 DAGs
[2024-07-21T21:33:19.684+0000] {logging_mixin.py:188} INFO - [2024-07-21T21:33:19.684+0000] {dag.py:3947} INFO - Setting next_dagrun for execute_databricks_workflow to 2024-07-21 00:00:00+00:00, run_after=2024-07-22 00:00:00+00:00
[2024-07-21T21:33:19.710+0000] {processor.py:183} INFO - Processing /opt/airflow/dags/rotina_principal.py took 0.439 seconds
[2024-07-21T21:33:49.847+0000] {processor.py:161} INFO - Started process (PID=237) to work on /opt/airflow/dags/rotina_principal.py
[2024-07-21T21:33:49.848+0000] {processor.py:830} INFO - Processing file /opt/airflow/dags/rotina_principal.py for tasks to queue
[2024-07-21T21:33:49.849+0000] {logging_mixin.py:188} INFO - [2024-07-21T21:33:49.849+0000] {dagbag.py:545} INFO - Filling up the DagBag from /opt/airflow/dags/rotina_principal.py
[2024-07-21T21:33:50.226+0000] {processor.py:840} INFO - DAG(s) 'execute_databricks_workflow' retrieved from /opt/airflow/dags/rotina_principal.py
[2024-07-21T21:33:50.243+0000] {logging_mixin.py:188} INFO - [2024-07-21T21:33:50.242+0000] {dag.py:3089} INFO - Sync 1 DAGs
[2024-07-21T21:33:50.256+0000] {logging_mixin.py:188} INFO - [2024-07-21T21:33:50.256+0000] {dag.py:3947} INFO - Setting next_dagrun for execute_databricks_workflow to 2024-07-21 00:00:00+00:00, run_after=2024-07-22 00:00:00+00:00
[2024-07-21T21:33:50.280+0000] {processor.py:183} INFO - Processing /opt/airflow/dags/rotina_principal.py took 0.437 seconds
[2024-07-21T21:34:20.419+0000] {processor.py:161} INFO - Started process (PID=245) to work on /opt/airflow/dags/rotina_principal.py
[2024-07-21T21:34:20.420+0000] {processor.py:830} INFO - Processing file /opt/airflow/dags/rotina_principal.py for tasks to queue
[2024-07-21T21:34:20.421+0000] {logging_mixin.py:188} INFO - [2024-07-21T21:34:20.420+0000] {dagbag.py:545} INFO - Filling up the DagBag from /opt/airflow/dags/rotina_principal.py
[2024-07-21T21:34:20.779+0000] {processor.py:840} INFO - DAG(s) 'execute_databricks_workflow' retrieved from /opt/airflow/dags/rotina_principal.py
[2024-07-21T21:34:20.794+0000] {logging_mixin.py:188} INFO - [2024-07-21T21:34:20.794+0000] {dag.py:3089} INFO - Sync 1 DAGs
[2024-07-21T21:34:20.807+0000] {logging_mixin.py:188} INFO - [2024-07-21T21:34:20.807+0000] {dag.py:3947} INFO - Setting next_dagrun for execute_databricks_workflow to 2024-07-21 00:00:00+00:00, run_after=2024-07-22 00:00:00+00:00
[2024-07-21T21:34:20.834+0000] {processor.py:183} INFO - Processing /opt/airflow/dags/rotina_principal.py took 0.418 seconds
[2024-07-21T21:34:50.962+0000] {processor.py:161} INFO - Started process (PID=253) to work on /opt/airflow/dags/rotina_principal.py
[2024-07-21T21:34:50.963+0000] {processor.py:830} INFO - Processing file /opt/airflow/dags/rotina_principal.py for tasks to queue
[2024-07-21T21:34:50.964+0000] {logging_mixin.py:188} INFO - [2024-07-21T21:34:50.964+0000] {dagbag.py:545} INFO - Filling up the DagBag from /opt/airflow/dags/rotina_principal.py
[2024-07-21T21:34:51.373+0000] {processor.py:840} INFO - DAG(s) 'execute_databricks_workflow' retrieved from /opt/airflow/dags/rotina_principal.py
[2024-07-21T21:34:51.391+0000] {logging_mixin.py:188} INFO - [2024-07-21T21:34:51.391+0000] {dag.py:3089} INFO - Sync 1 DAGs
[2024-07-21T21:34:51.408+0000] {logging_mixin.py:188} INFO - [2024-07-21T21:34:51.408+0000] {dag.py:3947} INFO - Setting next_dagrun for execute_databricks_workflow to 2024-07-21 00:00:00+00:00, run_after=2024-07-22 00:00:00+00:00
[2024-07-21T21:34:51.423+0000] {processor.py:183} INFO - Processing /opt/airflow/dags/rotina_principal.py took 0.465 seconds
[2024-07-21T21:35:21.565+0000] {processor.py:161} INFO - Started process (PID=261) to work on /opt/airflow/dags/rotina_principal.py
[2024-07-21T21:35:21.565+0000] {processor.py:830} INFO - Processing file /opt/airflow/dags/rotina_principal.py for tasks to queue
[2024-07-21T21:35:21.566+0000] {logging_mixin.py:188} INFO - [2024-07-21T21:35:21.566+0000] {dagbag.py:545} INFO - Filling up the DagBag from /opt/airflow/dags/rotina_principal.py
[2024-07-21T21:35:21.956+0000] {processor.py:840} INFO - DAG(s) 'execute_databricks_workflow' retrieved from /opt/airflow/dags/rotina_principal.py
[2024-07-21T21:35:21.972+0000] {logging_mixin.py:188} INFO - [2024-07-21T21:35:21.972+0000] {dag.py:3089} INFO - Sync 1 DAGs
[2024-07-21T21:35:21.986+0000] {logging_mixin.py:188} INFO - [2024-07-21T21:35:21.986+0000] {dag.py:3947} INFO - Setting next_dagrun for execute_databricks_workflow to 2024-07-21 00:00:00+00:00, run_after=2024-07-22 00:00:00+00:00
[2024-07-21T21:35:22.011+0000] {processor.py:183} INFO - Processing /opt/airflow/dags/rotina_principal.py took 0.450 seconds
